[2024-10-15T16:15:45.104+0000] {processor.py:186} INFO - Started process (PID=82) to work on /home/airflow/.local/lib/python3.12/site-packages/airflow/example_dags/example_trigger_target_dag.py
[2024-10-15T16:15:45.105+0000] {processor.py:914} INFO - Processing file /home/airflow/.local/lib/python3.12/site-packages/airflow/example_dags/example_trigger_target_dag.py for tasks to queue
[2024-10-15T16:15:45.106+0000] {logging_mixin.py:190} INFO - [2024-10-15T16:15:45.106+0000] {dagbag.py:588} INFO - Filling up the DagBag from /home/airflow/.local/lib/python3.12/site-packages/airflow/example_dags/example_trigger_target_dag.py
[2024-10-15T16:15:45.112+0000] {processor.py:925} INFO - DAG(s) 'example_trigger_target_dag' retrieved from /home/airflow/.local/lib/python3.12/site-packages/airflow/example_dags/example_trigger_target_dag.py
[2024-10-15T16:15:45.201+0000] {logging_mixin.py:190} INFO - [2024-10-15T16:15:45.200+0000] {override.py:1900} INFO - Created Permission View: can read on DAG:example_trigger_target_dag
[2024-10-15T16:15:45.211+0000] {logging_mixin.py:190} INFO - [2024-10-15T16:15:45.210+0000] {override.py:1900} INFO - Created Permission View: can delete on DAG:example_trigger_target_dag
[2024-10-15T16:15:45.217+0000] {logging_mixin.py:190} INFO - [2024-10-15T16:15:45.216+0000] {override.py:1900} INFO - Created Permission View: can edit on DAG:example_trigger_target_dag
[2024-10-15T16:15:45.223+0000] {logging_mixin.py:190} INFO - [2024-10-15T16:15:45.223+0000] {override.py:1900} INFO - Created Permission View: can read on DAG Run:example_trigger_target_dag
[2024-10-15T16:15:45.229+0000] {logging_mixin.py:190} INFO - [2024-10-15T16:15:45.229+0000] {override.py:1900} INFO - Created Permission View: can create on DAG Run:example_trigger_target_dag
[2024-10-15T16:15:45.234+0000] {logging_mixin.py:190} INFO - [2024-10-15T16:15:45.234+0000] {override.py:1900} INFO - Created Permission View: menu access on DAG Run:example_trigger_target_dag
[2024-10-15T16:15:45.240+0000] {logging_mixin.py:190} INFO - [2024-10-15T16:15:45.240+0000] {override.py:1900} INFO - Created Permission View: can delete on DAG Run:example_trigger_target_dag
[2024-10-15T16:15:45.240+0000] {logging_mixin.py:190} INFO - [2024-10-15T16:15:45.240+0000] {dag.py:3239} INFO - Sync 1 DAGs
[2024-10-15T16:15:45.250+0000] {logging_mixin.py:190} INFO - [2024-10-15T16:15:45.250+0000] {dag.py:3262} INFO - Creating ORM DAG for example_trigger_target_dag
[2024-10-15T16:15:45.250+0000] {logging_mixin.py:190} INFO - [2024-10-15T16:15:45.250+0000] {dag.py:4180} INFO - Setting next_dagrun for example_trigger_target_dag to None, run_after=None
[2024-10-15T16:15:45.261+0000] {processor.py:208} INFO - Processing /home/airflow/.local/lib/python3.12/site-packages/airflow/example_dags/example_trigger_target_dag.py took 0.161 seconds
[2024-10-15T16:16:15.470+0000] {processor.py:186} INFO - Started process (PID=144) to work on /home/airflow/.local/lib/python3.12/site-packages/airflow/example_dags/example_trigger_target_dag.py
[2024-10-15T16:16:15.470+0000] {processor.py:914} INFO - Processing file /home/airflow/.local/lib/python3.12/site-packages/airflow/example_dags/example_trigger_target_dag.py for tasks to queue
[2024-10-15T16:16:15.472+0000] {logging_mixin.py:190} INFO - [2024-10-15T16:16:15.472+0000] {dagbag.py:588} INFO - Filling up the DagBag from /home/airflow/.local/lib/python3.12/site-packages/airflow/example_dags/example_trigger_target_dag.py
[2024-10-15T16:16:15.477+0000] {processor.py:925} INFO - DAG(s) 'example_trigger_target_dag' retrieved from /home/airflow/.local/lib/python3.12/site-packages/airflow/example_dags/example_trigger_target_dag.py
[2024-10-15T16:16:15.489+0000] {logging_mixin.py:190} INFO - [2024-10-15T16:16:15.488+0000] {dag.py:3239} INFO - Sync 1 DAGs
[2024-10-15T16:16:15.497+0000] {logging_mixin.py:190} INFO - [2024-10-15T16:16:15.497+0000] {dag.py:4180} INFO - Setting next_dagrun for example_trigger_target_dag to None, run_after=None
[2024-10-15T16:16:15.513+0000] {processor.py:208} INFO - Processing /home/airflow/.local/lib/python3.12/site-packages/airflow/example_dags/example_trigger_target_dag.py took 0.047 seconds
[2024-10-15T16:16:46.191+0000] {processor.py:186} INFO - Started process (PID=206) to work on /home/airflow/.local/lib/python3.12/site-packages/airflow/example_dags/example_trigger_target_dag.py
[2024-10-15T16:16:46.192+0000] {processor.py:914} INFO - Processing file /home/airflow/.local/lib/python3.12/site-packages/airflow/example_dags/example_trigger_target_dag.py for tasks to queue
[2024-10-15T16:16:46.194+0000] {logging_mixin.py:190} INFO - [2024-10-15T16:16:46.193+0000] {dagbag.py:588} INFO - Filling up the DagBag from /home/airflow/.local/lib/python3.12/site-packages/airflow/example_dags/example_trigger_target_dag.py
[2024-10-15T16:16:46.202+0000] {processor.py:925} INFO - DAG(s) 'example_trigger_target_dag' retrieved from /home/airflow/.local/lib/python3.12/site-packages/airflow/example_dags/example_trigger_target_dag.py
[2024-10-15T16:16:46.217+0000] {logging_mixin.py:190} INFO - [2024-10-15T16:16:46.217+0000] {dag.py:3239} INFO - Sync 1 DAGs
[2024-10-15T16:16:46.227+0000] {logging_mixin.py:190} INFO - [2024-10-15T16:16:46.227+0000] {dag.py:4180} INFO - Setting next_dagrun for example_trigger_target_dag to None, run_after=None
[2024-10-15T16:16:46.245+0000] {processor.py:208} INFO - Processing /home/airflow/.local/lib/python3.12/site-packages/airflow/example_dags/example_trigger_target_dag.py took 0.057 seconds
[2024-10-15T16:17:16.949+0000] {processor.py:186} INFO - Started process (PID=274) to work on /home/airflow/.local/lib/python3.12/site-packages/airflow/example_dags/example_trigger_target_dag.py
[2024-10-15T16:17:16.949+0000] {processor.py:914} INFO - Processing file /home/airflow/.local/lib/python3.12/site-packages/airflow/example_dags/example_trigger_target_dag.py for tasks to queue
[2024-10-15T16:17:16.951+0000] {logging_mixin.py:190} INFO - [2024-10-15T16:17:16.951+0000] {dagbag.py:588} INFO - Filling up the DagBag from /home/airflow/.local/lib/python3.12/site-packages/airflow/example_dags/example_trigger_target_dag.py
[2024-10-15T16:17:16.956+0000] {processor.py:925} INFO - DAG(s) 'example_trigger_target_dag' retrieved from /home/airflow/.local/lib/python3.12/site-packages/airflow/example_dags/example_trigger_target_dag.py
[2024-10-15T16:17:16.973+0000] {logging_mixin.py:190} INFO - [2024-10-15T16:17:16.973+0000] {dag.py:3239} INFO - Sync 1 DAGs
[2024-10-15T16:17:16.987+0000] {logging_mixin.py:190} INFO - [2024-10-15T16:17:16.986+0000] {dag.py:4180} INFO - Setting next_dagrun for example_trigger_target_dag to None, run_after=None
[2024-10-15T16:17:17.010+0000] {processor.py:208} INFO - Processing /home/airflow/.local/lib/python3.12/site-packages/airflow/example_dags/example_trigger_target_dag.py took 0.066 seconds
[2024-10-15T16:17:47.849+0000] {processor.py:186} INFO - Started process (PID=336) to work on /home/airflow/.local/lib/python3.12/site-packages/airflow/example_dags/example_trigger_target_dag.py
[2024-10-15T16:17:47.849+0000] {processor.py:914} INFO - Processing file /home/airflow/.local/lib/python3.12/site-packages/airflow/example_dags/example_trigger_target_dag.py for tasks to queue
[2024-10-15T16:17:47.851+0000] {logging_mixin.py:190} INFO - [2024-10-15T16:17:47.851+0000] {dagbag.py:588} INFO - Filling up the DagBag from /home/airflow/.local/lib/python3.12/site-packages/airflow/example_dags/example_trigger_target_dag.py
[2024-10-15T16:17:47.856+0000] {processor.py:925} INFO - DAG(s) 'example_trigger_target_dag' retrieved from /home/airflow/.local/lib/python3.12/site-packages/airflow/example_dags/example_trigger_target_dag.py
[2024-10-15T16:17:47.869+0000] {logging_mixin.py:190} INFO - [2024-10-15T16:17:47.869+0000] {dag.py:3239} INFO - Sync 1 DAGs
[2024-10-15T16:17:47.878+0000] {logging_mixin.py:190} INFO - [2024-10-15T16:17:47.878+0000] {dag.py:4180} INFO - Setting next_dagrun for example_trigger_target_dag to None, run_after=None
[2024-10-15T16:17:47.894+0000] {processor.py:208} INFO - Processing /home/airflow/.local/lib/python3.12/site-packages/airflow/example_dags/example_trigger_target_dag.py took 0.049 seconds
[2024-10-15T16:18:18.689+0000] {processor.py:186} INFO - Started process (PID=398) to work on /home/airflow/.local/lib/python3.12/site-packages/airflow/example_dags/example_trigger_target_dag.py
[2024-10-15T16:18:18.690+0000] {processor.py:914} INFO - Processing file /home/airflow/.local/lib/python3.12/site-packages/airflow/example_dags/example_trigger_target_dag.py for tasks to queue
[2024-10-15T16:18:18.692+0000] {logging_mixin.py:190} INFO - [2024-10-15T16:18:18.692+0000] {dagbag.py:588} INFO - Filling up the DagBag from /home/airflow/.local/lib/python3.12/site-packages/airflow/example_dags/example_trigger_target_dag.py
[2024-10-15T16:18:18.697+0000] {processor.py:925} INFO - DAG(s) 'example_trigger_target_dag' retrieved from /home/airflow/.local/lib/python3.12/site-packages/airflow/example_dags/example_trigger_target_dag.py
[2024-10-15T16:18:18.719+0000] {logging_mixin.py:190} INFO - [2024-10-15T16:18:18.719+0000] {dag.py:3239} INFO - Sync 1 DAGs
[2024-10-15T16:18:18.737+0000] {logging_mixin.py:190} INFO - [2024-10-15T16:18:18.736+0000] {dag.py:4180} INFO - Setting next_dagrun for example_trigger_target_dag to None, run_after=None
[2024-10-15T16:18:18.755+0000] {processor.py:208} INFO - Processing /home/airflow/.local/lib/python3.12/site-packages/airflow/example_dags/example_trigger_target_dag.py took 0.070 seconds
[2024-10-15T16:18:49.027+0000] {processor.py:186} INFO - Started process (PID=460) to work on /home/airflow/.local/lib/python3.12/site-packages/airflow/example_dags/example_trigger_target_dag.py
[2024-10-15T16:18:49.028+0000] {processor.py:914} INFO - Processing file /home/airflow/.local/lib/python3.12/site-packages/airflow/example_dags/example_trigger_target_dag.py for tasks to queue
[2024-10-15T16:18:49.030+0000] {logging_mixin.py:190} INFO - [2024-10-15T16:18:49.029+0000] {dagbag.py:588} INFO - Filling up the DagBag from /home/airflow/.local/lib/python3.12/site-packages/airflow/example_dags/example_trigger_target_dag.py
[2024-10-15T16:18:49.035+0000] {processor.py:925} INFO - DAG(s) 'example_trigger_target_dag' retrieved from /home/airflow/.local/lib/python3.12/site-packages/airflow/example_dags/example_trigger_target_dag.py
[2024-10-15T16:18:49.048+0000] {logging_mixin.py:190} INFO - [2024-10-15T16:18:49.048+0000] {dag.py:3239} INFO - Sync 1 DAGs
[2024-10-15T16:18:49.057+0000] {logging_mixin.py:190} INFO - [2024-10-15T16:18:49.057+0000] {dag.py:4180} INFO - Setting next_dagrun for example_trigger_target_dag to None, run_after=None
[2024-10-15T16:18:49.069+0000] {processor.py:208} INFO - Processing /home/airflow/.local/lib/python3.12/site-packages/airflow/example_dags/example_trigger_target_dag.py took 0.047 seconds
[2024-10-15T16:19:20.075+0000] {processor.py:186} INFO - Started process (PID=522) to work on /home/airflow/.local/lib/python3.12/site-packages/airflow/example_dags/example_trigger_target_dag.py
[2024-10-15T16:19:20.075+0000] {processor.py:914} INFO - Processing file /home/airflow/.local/lib/python3.12/site-packages/airflow/example_dags/example_trigger_target_dag.py for tasks to queue
[2024-10-15T16:19:20.077+0000] {logging_mixin.py:190} INFO - [2024-10-15T16:19:20.077+0000] {dagbag.py:588} INFO - Filling up the DagBag from /home/airflow/.local/lib/python3.12/site-packages/airflow/example_dags/example_trigger_target_dag.py
[2024-10-15T16:19:20.083+0000] {processor.py:925} INFO - DAG(s) 'example_trigger_target_dag' retrieved from /home/airflow/.local/lib/python3.12/site-packages/airflow/example_dags/example_trigger_target_dag.py
[2024-10-15T16:19:20.096+0000] {logging_mixin.py:190} INFO - [2024-10-15T16:19:20.096+0000] {dag.py:3239} INFO - Sync 1 DAGs
[2024-10-15T16:19:20.107+0000] {logging_mixin.py:190} INFO - [2024-10-15T16:19:20.106+0000] {dag.py:4180} INFO - Setting next_dagrun for example_trigger_target_dag to None, run_after=None
[2024-10-15T16:19:20.121+0000] {processor.py:208} INFO - Processing /home/airflow/.local/lib/python3.12/site-packages/airflow/example_dags/example_trigger_target_dag.py took 0.051 seconds
[2024-10-15T16:19:50.965+0000] {processor.py:186} INFO - Started process (PID=584) to work on /home/airflow/.local/lib/python3.12/site-packages/airflow/example_dags/example_trigger_target_dag.py
[2024-10-15T16:19:50.966+0000] {processor.py:914} INFO - Processing file /home/airflow/.local/lib/python3.12/site-packages/airflow/example_dags/example_trigger_target_dag.py for tasks to queue
[2024-10-15T16:19:50.968+0000] {logging_mixin.py:190} INFO - [2024-10-15T16:19:50.967+0000] {dagbag.py:588} INFO - Filling up the DagBag from /home/airflow/.local/lib/python3.12/site-packages/airflow/example_dags/example_trigger_target_dag.py
[2024-10-15T16:19:50.976+0000] {processor.py:925} INFO - DAG(s) 'example_trigger_target_dag' retrieved from /home/airflow/.local/lib/python3.12/site-packages/airflow/example_dags/example_trigger_target_dag.py
[2024-10-15T16:19:50.996+0000] {logging_mixin.py:190} INFO - [2024-10-15T16:19:50.996+0000] {dag.py:3239} INFO - Sync 1 DAGs
[2024-10-15T16:19:51.007+0000] {logging_mixin.py:190} INFO - [2024-10-15T16:19:51.007+0000] {dag.py:4180} INFO - Setting next_dagrun for example_trigger_target_dag to None, run_after=None
[2024-10-15T16:19:51.025+0000] {processor.py:208} INFO - Processing /home/airflow/.local/lib/python3.12/site-packages/airflow/example_dags/example_trigger_target_dag.py took 0.065 seconds
[2024-10-15T16:20:22.102+0000] {processor.py:186} INFO - Started process (PID=646) to work on /home/airflow/.local/lib/python3.12/site-packages/airflow/example_dags/example_trigger_target_dag.py
[2024-10-15T16:20:22.103+0000] {processor.py:914} INFO - Processing file /home/airflow/.local/lib/python3.12/site-packages/airflow/example_dags/example_trigger_target_dag.py for tasks to queue
[2024-10-15T16:20:22.104+0000] {logging_mixin.py:190} INFO - [2024-10-15T16:20:22.104+0000] {dagbag.py:588} INFO - Filling up the DagBag from /home/airflow/.local/lib/python3.12/site-packages/airflow/example_dags/example_trigger_target_dag.py
[2024-10-15T16:20:22.110+0000] {processor.py:925} INFO - DAG(s) 'example_trigger_target_dag' retrieved from /home/airflow/.local/lib/python3.12/site-packages/airflow/example_dags/example_trigger_target_dag.py
[2024-10-15T16:20:22.124+0000] {logging_mixin.py:190} INFO - [2024-10-15T16:20:22.123+0000] {dag.py:3239} INFO - Sync 1 DAGs
[2024-10-15T16:20:22.134+0000] {logging_mixin.py:190} INFO - [2024-10-15T16:20:22.134+0000] {dag.py:4180} INFO - Setting next_dagrun for example_trigger_target_dag to None, run_after=None
[2024-10-15T16:20:22.149+0000] {processor.py:208} INFO - Processing /home/airflow/.local/lib/python3.12/site-packages/airflow/example_dags/example_trigger_target_dag.py took 0.051 seconds
[2024-10-15T16:20:52.964+0000] {processor.py:186} INFO - Started process (PID=708) to work on /home/airflow/.local/lib/python3.12/site-packages/airflow/example_dags/example_trigger_target_dag.py
[2024-10-15T16:20:52.964+0000] {processor.py:914} INFO - Processing file /home/airflow/.local/lib/python3.12/site-packages/airflow/example_dags/example_trigger_target_dag.py for tasks to queue
[2024-10-15T16:20:52.966+0000] {logging_mixin.py:190} INFO - [2024-10-15T16:20:52.966+0000] {dagbag.py:588} INFO - Filling up the DagBag from /home/airflow/.local/lib/python3.12/site-packages/airflow/example_dags/example_trigger_target_dag.py
[2024-10-15T16:20:52.972+0000] {processor.py:925} INFO - DAG(s) 'example_trigger_target_dag' retrieved from /home/airflow/.local/lib/python3.12/site-packages/airflow/example_dags/example_trigger_target_dag.py
[2024-10-15T16:20:52.988+0000] {logging_mixin.py:190} INFO - [2024-10-15T16:20:52.988+0000] {dag.py:3239} INFO - Sync 1 DAGs
[2024-10-15T16:20:53.000+0000] {logging_mixin.py:190} INFO - [2024-10-15T16:20:53.000+0000] {dag.py:4180} INFO - Setting next_dagrun for example_trigger_target_dag to None, run_after=None
[2024-10-15T16:20:53.015+0000] {processor.py:208} INFO - Processing /home/airflow/.local/lib/python3.12/site-packages/airflow/example_dags/example_trigger_target_dag.py took 0.056 seconds
[2024-10-15T16:21:23.960+0000] {processor.py:186} INFO - Started process (PID=770) to work on /home/airflow/.local/lib/python3.12/site-packages/airflow/example_dags/example_trigger_target_dag.py
[2024-10-15T16:21:23.961+0000] {processor.py:914} INFO - Processing file /home/airflow/.local/lib/python3.12/site-packages/airflow/example_dags/example_trigger_target_dag.py for tasks to queue
[2024-10-15T16:21:23.963+0000] {logging_mixin.py:190} INFO - [2024-10-15T16:21:23.963+0000] {dagbag.py:588} INFO - Filling up the DagBag from /home/airflow/.local/lib/python3.12/site-packages/airflow/example_dags/example_trigger_target_dag.py
[2024-10-15T16:21:23.968+0000] {processor.py:925} INFO - DAG(s) 'example_trigger_target_dag' retrieved from /home/airflow/.local/lib/python3.12/site-packages/airflow/example_dags/example_trigger_target_dag.py
[2024-10-15T16:21:23.984+0000] {logging_mixin.py:190} INFO - [2024-10-15T16:21:23.983+0000] {dag.py:3239} INFO - Sync 1 DAGs
[2024-10-15T16:21:23.998+0000] {logging_mixin.py:190} INFO - [2024-10-15T16:21:23.998+0000] {dag.py:4180} INFO - Setting next_dagrun for example_trigger_target_dag to None, run_after=None
[2024-10-15T16:21:24.014+0000] {processor.py:208} INFO - Processing /home/airflow/.local/lib/python3.12/site-packages/airflow/example_dags/example_trigger_target_dag.py took 0.059 seconds
[2024-10-15T16:21:54.907+0000] {processor.py:186} INFO - Started process (PID=832) to work on /home/airflow/.local/lib/python3.12/site-packages/airflow/example_dags/example_trigger_target_dag.py
[2024-10-15T16:21:54.908+0000] {processor.py:914} INFO - Processing file /home/airflow/.local/lib/python3.12/site-packages/airflow/example_dags/example_trigger_target_dag.py for tasks to queue
[2024-10-15T16:21:54.910+0000] {logging_mixin.py:190} INFO - [2024-10-15T16:21:54.910+0000] {dagbag.py:588} INFO - Filling up the DagBag from /home/airflow/.local/lib/python3.12/site-packages/airflow/example_dags/example_trigger_target_dag.py
[2024-10-15T16:21:54.918+0000] {processor.py:925} INFO - DAG(s) 'example_trigger_target_dag' retrieved from /home/airflow/.local/lib/python3.12/site-packages/airflow/example_dags/example_trigger_target_dag.py
[2024-10-15T16:21:54.935+0000] {logging_mixin.py:190} INFO - [2024-10-15T16:21:54.935+0000] {dag.py:3239} INFO - Sync 1 DAGs
[2024-10-15T16:21:54.949+0000] {logging_mixin.py:190} INFO - [2024-10-15T16:21:54.949+0000] {dag.py:4180} INFO - Setting next_dagrun for example_trigger_target_dag to None, run_after=None
[2024-10-15T16:21:54.967+0000] {processor.py:208} INFO - Processing /home/airflow/.local/lib/python3.12/site-packages/airflow/example_dags/example_trigger_target_dag.py took 0.064 seconds
[2024-10-15T16:22:25.214+0000] {processor.py:186} INFO - Started process (PID=894) to work on /home/airflow/.local/lib/python3.12/site-packages/airflow/example_dags/example_trigger_target_dag.py
[2024-10-15T16:22:25.215+0000] {processor.py:914} INFO - Processing file /home/airflow/.local/lib/python3.12/site-packages/airflow/example_dags/example_trigger_target_dag.py for tasks to queue
[2024-10-15T16:22:25.217+0000] {logging_mixin.py:190} INFO - [2024-10-15T16:22:25.217+0000] {dagbag.py:588} INFO - Filling up the DagBag from /home/airflow/.local/lib/python3.12/site-packages/airflow/example_dags/example_trigger_target_dag.py
[2024-10-15T16:22:25.222+0000] {processor.py:925} INFO - DAG(s) 'example_trigger_target_dag' retrieved from /home/airflow/.local/lib/python3.12/site-packages/airflow/example_dags/example_trigger_target_dag.py
[2024-10-15T16:22:25.236+0000] {logging_mixin.py:190} INFO - [2024-10-15T16:22:25.236+0000] {dag.py:3239} INFO - Sync 1 DAGs
[2024-10-15T16:22:25.248+0000] {logging_mixin.py:190} INFO - [2024-10-15T16:22:25.247+0000] {dag.py:4180} INFO - Setting next_dagrun for example_trigger_target_dag to None, run_after=None
[2024-10-15T16:22:25.262+0000] {processor.py:208} INFO - Processing /home/airflow/.local/lib/python3.12/site-packages/airflow/example_dags/example_trigger_target_dag.py took 0.052 seconds
[2024-10-15T16:22:56.211+0000] {processor.py:186} INFO - Started process (PID=956) to work on /home/airflow/.local/lib/python3.12/site-packages/airflow/example_dags/example_trigger_target_dag.py
[2024-10-15T16:22:56.211+0000] {processor.py:914} INFO - Processing file /home/airflow/.local/lib/python3.12/site-packages/airflow/example_dags/example_trigger_target_dag.py for tasks to queue
[2024-10-15T16:22:56.213+0000] {logging_mixin.py:190} INFO - [2024-10-15T16:22:56.213+0000] {dagbag.py:588} INFO - Filling up the DagBag from /home/airflow/.local/lib/python3.12/site-packages/airflow/example_dags/example_trigger_target_dag.py
[2024-10-15T16:22:56.219+0000] {processor.py:925} INFO - DAG(s) 'example_trigger_target_dag' retrieved from /home/airflow/.local/lib/python3.12/site-packages/airflow/example_dags/example_trigger_target_dag.py
[2024-10-15T16:22:56.234+0000] {logging_mixin.py:190} INFO - [2024-10-15T16:22:56.234+0000] {dag.py:3239} INFO - Sync 1 DAGs
[2024-10-15T16:22:56.244+0000] {logging_mixin.py:190} INFO - [2024-10-15T16:22:56.244+0000] {dag.py:4180} INFO - Setting next_dagrun for example_trigger_target_dag to None, run_after=None
[2024-10-15T16:22:56.261+0000] {processor.py:208} INFO - Processing /home/airflow/.local/lib/python3.12/site-packages/airflow/example_dags/example_trigger_target_dag.py took 0.055 seconds
[2024-10-15T16:23:27.329+0000] {processor.py:186} INFO - Started process (PID=1018) to work on /home/airflow/.local/lib/python3.12/site-packages/airflow/example_dags/example_trigger_target_dag.py
[2024-10-15T16:23:27.330+0000] {processor.py:914} INFO - Processing file /home/airflow/.local/lib/python3.12/site-packages/airflow/example_dags/example_trigger_target_dag.py for tasks to queue
[2024-10-15T16:23:27.332+0000] {logging_mixin.py:190} INFO - [2024-10-15T16:23:27.331+0000] {dagbag.py:588} INFO - Filling up the DagBag from /home/airflow/.local/lib/python3.12/site-packages/airflow/example_dags/example_trigger_target_dag.py
[2024-10-15T16:23:27.337+0000] {processor.py:925} INFO - DAG(s) 'example_trigger_target_dag' retrieved from /home/airflow/.local/lib/python3.12/site-packages/airflow/example_dags/example_trigger_target_dag.py
[2024-10-15T16:23:27.352+0000] {logging_mixin.py:190} INFO - [2024-10-15T16:23:27.352+0000] {dag.py:3239} INFO - Sync 1 DAGs
[2024-10-15T16:23:27.363+0000] {logging_mixin.py:190} INFO - [2024-10-15T16:23:27.363+0000] {dag.py:4180} INFO - Setting next_dagrun for example_trigger_target_dag to None, run_after=None
[2024-10-15T16:23:27.380+0000] {processor.py:208} INFO - Processing /home/airflow/.local/lib/python3.12/site-packages/airflow/example_dags/example_trigger_target_dag.py took 0.055 seconds
[2024-10-15T16:23:57.407+0000] {processor.py:186} INFO - Started process (PID=1080) to work on /home/airflow/.local/lib/python3.12/site-packages/airflow/example_dags/example_trigger_target_dag.py
[2024-10-15T16:23:57.408+0000] {processor.py:914} INFO - Processing file /home/airflow/.local/lib/python3.12/site-packages/airflow/example_dags/example_trigger_target_dag.py for tasks to queue
[2024-10-15T16:23:57.409+0000] {logging_mixin.py:190} INFO - [2024-10-15T16:23:57.409+0000] {dagbag.py:588} INFO - Filling up the DagBag from /home/airflow/.local/lib/python3.12/site-packages/airflow/example_dags/example_trigger_target_dag.py
[2024-10-15T16:23:57.415+0000] {processor.py:925} INFO - DAG(s) 'example_trigger_target_dag' retrieved from /home/airflow/.local/lib/python3.12/site-packages/airflow/example_dags/example_trigger_target_dag.py
[2024-10-15T16:23:57.429+0000] {logging_mixin.py:190} INFO - [2024-10-15T16:23:57.429+0000] {dag.py:3239} INFO - Sync 1 DAGs
[2024-10-15T16:23:57.443+0000] {logging_mixin.py:190} INFO - [2024-10-15T16:23:57.443+0000] {dag.py:4180} INFO - Setting next_dagrun for example_trigger_target_dag to None, run_after=None
[2024-10-15T16:23:57.459+0000] {processor.py:208} INFO - Processing /home/airflow/.local/lib/python3.12/site-packages/airflow/example_dags/example_trigger_target_dag.py took 0.057 seconds
[2024-10-15T16:24:27.651+0000] {processor.py:186} INFO - Started process (PID=1142) to work on /home/airflow/.local/lib/python3.12/site-packages/airflow/example_dags/example_trigger_target_dag.py
[2024-10-15T16:24:27.652+0000] {processor.py:914} INFO - Processing file /home/airflow/.local/lib/python3.12/site-packages/airflow/example_dags/example_trigger_target_dag.py for tasks to queue
[2024-10-15T16:24:27.653+0000] {logging_mixin.py:190} INFO - [2024-10-15T16:24:27.653+0000] {dagbag.py:588} INFO - Filling up the DagBag from /home/airflow/.local/lib/python3.12/site-packages/airflow/example_dags/example_trigger_target_dag.py
[2024-10-15T16:24:27.659+0000] {processor.py:925} INFO - DAG(s) 'example_trigger_target_dag' retrieved from /home/airflow/.local/lib/python3.12/site-packages/airflow/example_dags/example_trigger_target_dag.py
[2024-10-15T16:24:27.671+0000] {logging_mixin.py:190} INFO - [2024-10-15T16:24:27.671+0000] {dag.py:3239} INFO - Sync 1 DAGs
[2024-10-15T16:24:27.681+0000] {logging_mixin.py:190} INFO - [2024-10-15T16:24:27.681+0000] {dag.py:4180} INFO - Setting next_dagrun for example_trigger_target_dag to None, run_after=None
[2024-10-15T16:24:27.694+0000] {processor.py:208} INFO - Processing /home/airflow/.local/lib/python3.12/site-packages/airflow/example_dags/example_trigger_target_dag.py took 0.047 seconds
[2024-10-15T16:24:58.502+0000] {processor.py:186} INFO - Started process (PID=1204) to work on /home/airflow/.local/lib/python3.12/site-packages/airflow/example_dags/example_trigger_target_dag.py
[2024-10-15T16:24:58.503+0000] {processor.py:914} INFO - Processing file /home/airflow/.local/lib/python3.12/site-packages/airflow/example_dags/example_trigger_target_dag.py for tasks to queue
[2024-10-15T16:24:58.504+0000] {logging_mixin.py:190} INFO - [2024-10-15T16:24:58.504+0000] {dagbag.py:588} INFO - Filling up the DagBag from /home/airflow/.local/lib/python3.12/site-packages/airflow/example_dags/example_trigger_target_dag.py
[2024-10-15T16:24:58.510+0000] {processor.py:925} INFO - DAG(s) 'example_trigger_target_dag' retrieved from /home/airflow/.local/lib/python3.12/site-packages/airflow/example_dags/example_trigger_target_dag.py
[2024-10-15T16:24:58.522+0000] {logging_mixin.py:190} INFO - [2024-10-15T16:24:58.522+0000] {dag.py:3239} INFO - Sync 1 DAGs
[2024-10-15T16:24:58.531+0000] {logging_mixin.py:190} INFO - [2024-10-15T16:24:58.531+0000] {dag.py:4180} INFO - Setting next_dagrun for example_trigger_target_dag to None, run_after=None
[2024-10-15T16:24:58.543+0000] {processor.py:208} INFO - Processing /home/airflow/.local/lib/python3.12/site-packages/airflow/example_dags/example_trigger_target_dag.py took 0.045 seconds
[2024-10-15T16:25:29.132+0000] {processor.py:186} INFO - Started process (PID=1266) to work on /home/airflow/.local/lib/python3.12/site-packages/airflow/example_dags/example_trigger_target_dag.py
[2024-10-15T16:25:29.133+0000] {processor.py:914} INFO - Processing file /home/airflow/.local/lib/python3.12/site-packages/airflow/example_dags/example_trigger_target_dag.py for tasks to queue
[2024-10-15T16:25:29.135+0000] {logging_mixin.py:190} INFO - [2024-10-15T16:25:29.135+0000] {dagbag.py:588} INFO - Filling up the DagBag from /home/airflow/.local/lib/python3.12/site-packages/airflow/example_dags/example_trigger_target_dag.py
[2024-10-15T16:25:29.141+0000] {processor.py:925} INFO - DAG(s) 'example_trigger_target_dag' retrieved from /home/airflow/.local/lib/python3.12/site-packages/airflow/example_dags/example_trigger_target_dag.py
[2024-10-15T16:25:29.155+0000] {logging_mixin.py:190} INFO - [2024-10-15T16:25:29.155+0000] {dag.py:3239} INFO - Sync 1 DAGs
[2024-10-15T16:25:29.166+0000] {logging_mixin.py:190} INFO - [2024-10-15T16:25:29.166+0000] {dag.py:4180} INFO - Setting next_dagrun for example_trigger_target_dag to None, run_after=None
[2024-10-15T16:25:29.180+0000] {processor.py:208} INFO - Processing /home/airflow/.local/lib/python3.12/site-packages/airflow/example_dags/example_trigger_target_dag.py took 0.053 seconds
[2024-10-15T16:25:59.995+0000] {processor.py:186} INFO - Started process (PID=1328) to work on /home/airflow/.local/lib/python3.12/site-packages/airflow/example_dags/example_trigger_target_dag.py
[2024-10-15T16:25:59.996+0000] {processor.py:914} INFO - Processing file /home/airflow/.local/lib/python3.12/site-packages/airflow/example_dags/example_trigger_target_dag.py for tasks to queue
[2024-10-15T16:25:59.997+0000] {logging_mixin.py:190} INFO - [2024-10-15T16:25:59.997+0000] {dagbag.py:588} INFO - Filling up the DagBag from /home/airflow/.local/lib/python3.12/site-packages/airflow/example_dags/example_trigger_target_dag.py
[2024-10-15T16:26:00.002+0000] {processor.py:925} INFO - DAG(s) 'example_trigger_target_dag' retrieved from /home/airflow/.local/lib/python3.12/site-packages/airflow/example_dags/example_trigger_target_dag.py
[2024-10-15T16:26:00.016+0000] {logging_mixin.py:190} INFO - [2024-10-15T16:26:00.016+0000] {dag.py:3239} INFO - Sync 1 DAGs
[2024-10-15T16:26:00.027+0000] {logging_mixin.py:190} INFO - [2024-10-15T16:26:00.027+0000] {dag.py:4180} INFO - Setting next_dagrun for example_trigger_target_dag to None, run_after=None
[2024-10-15T16:26:00.039+0000] {processor.py:208} INFO - Processing /home/airflow/.local/lib/python3.12/site-packages/airflow/example_dags/example_trigger_target_dag.py took 0.048 seconds
[2024-10-15T16:26:30.634+0000] {processor.py:186} INFO - Started process (PID=1390) to work on /home/airflow/.local/lib/python3.12/site-packages/airflow/example_dags/example_trigger_target_dag.py
[2024-10-15T16:26:30.635+0000] {processor.py:914} INFO - Processing file /home/airflow/.local/lib/python3.12/site-packages/airflow/example_dags/example_trigger_target_dag.py for tasks to queue
[2024-10-15T16:26:30.636+0000] {logging_mixin.py:190} INFO - [2024-10-15T16:26:30.636+0000] {dagbag.py:588} INFO - Filling up the DagBag from /home/airflow/.local/lib/python3.12/site-packages/airflow/example_dags/example_trigger_target_dag.py
[2024-10-15T16:26:30.641+0000] {processor.py:925} INFO - DAG(s) 'example_trigger_target_dag' retrieved from /home/airflow/.local/lib/python3.12/site-packages/airflow/example_dags/example_trigger_target_dag.py
[2024-10-15T16:26:30.654+0000] {logging_mixin.py:190} INFO - [2024-10-15T16:26:30.654+0000] {dag.py:3239} INFO - Sync 1 DAGs
[2024-10-15T16:26:30.664+0000] {logging_mixin.py:190} INFO - [2024-10-15T16:26:30.664+0000] {dag.py:4180} INFO - Setting next_dagrun for example_trigger_target_dag to None, run_after=None
[2024-10-15T16:26:30.683+0000] {processor.py:208} INFO - Processing /home/airflow/.local/lib/python3.12/site-packages/airflow/example_dags/example_trigger_target_dag.py took 0.053 seconds
[2024-10-15T16:27:01.692+0000] {processor.py:186} INFO - Started process (PID=1452) to work on /home/airflow/.local/lib/python3.12/site-packages/airflow/example_dags/example_trigger_target_dag.py
[2024-10-15T16:27:01.693+0000] {processor.py:914} INFO - Processing file /home/airflow/.local/lib/python3.12/site-packages/airflow/example_dags/example_trigger_target_dag.py for tasks to queue
[2024-10-15T16:27:01.695+0000] {logging_mixin.py:190} INFO - [2024-10-15T16:27:01.694+0000] {dagbag.py:588} INFO - Filling up the DagBag from /home/airflow/.local/lib/python3.12/site-packages/airflow/example_dags/example_trigger_target_dag.py
[2024-10-15T16:27:01.701+0000] {processor.py:925} INFO - DAG(s) 'example_trigger_target_dag' retrieved from /home/airflow/.local/lib/python3.12/site-packages/airflow/example_dags/example_trigger_target_dag.py
[2024-10-15T16:27:01.716+0000] {logging_mixin.py:190} INFO - [2024-10-15T16:27:01.716+0000] {dag.py:3239} INFO - Sync 1 DAGs
[2024-10-15T16:27:01.727+0000] {logging_mixin.py:190} INFO - [2024-10-15T16:27:01.727+0000] {dag.py:4180} INFO - Setting next_dagrun for example_trigger_target_dag to None, run_after=None
[2024-10-15T16:27:01.741+0000] {processor.py:208} INFO - Processing /home/airflow/.local/lib/python3.12/site-packages/airflow/example_dags/example_trigger_target_dag.py took 0.053 seconds
[2024-10-15T16:27:32.037+0000] {processor.py:186} INFO - Started process (PID=1514) to work on /home/airflow/.local/lib/python3.12/site-packages/airflow/example_dags/example_trigger_target_dag.py
[2024-10-15T16:27:32.038+0000] {processor.py:914} INFO - Processing file /home/airflow/.local/lib/python3.12/site-packages/airflow/example_dags/example_trigger_target_dag.py for tasks to queue
[2024-10-15T16:27:32.040+0000] {logging_mixin.py:190} INFO - [2024-10-15T16:27:32.040+0000] {dagbag.py:588} INFO - Filling up the DagBag from /home/airflow/.local/lib/python3.12/site-packages/airflow/example_dags/example_trigger_target_dag.py
[2024-10-15T16:27:32.048+0000] {processor.py:925} INFO - DAG(s) 'example_trigger_target_dag' retrieved from /home/airflow/.local/lib/python3.12/site-packages/airflow/example_dags/example_trigger_target_dag.py
[2024-10-15T16:27:32.063+0000] {logging_mixin.py:190} INFO - [2024-10-15T16:27:32.063+0000] {dag.py:3239} INFO - Sync 1 DAGs
[2024-10-15T16:27:32.077+0000] {logging_mixin.py:190} INFO - [2024-10-15T16:27:32.077+0000] {dag.py:4180} INFO - Setting next_dagrun for example_trigger_target_dag to None, run_after=None
[2024-10-15T16:27:32.096+0000] {processor.py:208} INFO - Processing /home/airflow/.local/lib/python3.12/site-packages/airflow/example_dags/example_trigger_target_dag.py took 0.063 seconds
[2024-10-15T16:28:02.182+0000] {processor.py:186} INFO - Started process (PID=1576) to work on /home/airflow/.local/lib/python3.12/site-packages/airflow/example_dags/example_trigger_target_dag.py
[2024-10-15T16:28:02.182+0000] {processor.py:914} INFO - Processing file /home/airflow/.local/lib/python3.12/site-packages/airflow/example_dags/example_trigger_target_dag.py for tasks to queue
[2024-10-15T16:28:02.184+0000] {logging_mixin.py:190} INFO - [2024-10-15T16:28:02.184+0000] {dagbag.py:588} INFO - Filling up the DagBag from /home/airflow/.local/lib/python3.12/site-packages/airflow/example_dags/example_trigger_target_dag.py
[2024-10-15T16:28:02.191+0000] {processor.py:925} INFO - DAG(s) 'example_trigger_target_dag' retrieved from /home/airflow/.local/lib/python3.12/site-packages/airflow/example_dags/example_trigger_target_dag.py
[2024-10-15T16:28:02.205+0000] {logging_mixin.py:190} INFO - [2024-10-15T16:28:02.205+0000] {dag.py:3239} INFO - Sync 1 DAGs
[2024-10-15T16:28:02.218+0000] {logging_mixin.py:190} INFO - [2024-10-15T16:28:02.218+0000] {dag.py:4180} INFO - Setting next_dagrun for example_trigger_target_dag to None, run_after=None
[2024-10-15T16:28:02.265+0000] {processor.py:208} INFO - Processing /home/airflow/.local/lib/python3.12/site-packages/airflow/example_dags/example_trigger_target_dag.py took 0.088 seconds
[2024-10-15T16:28:32.836+0000] {processor.py:186} INFO - Started process (PID=1638) to work on /home/airflow/.local/lib/python3.12/site-packages/airflow/example_dags/example_trigger_target_dag.py
[2024-10-15T16:28:32.837+0000] {processor.py:914} INFO - Processing file /home/airflow/.local/lib/python3.12/site-packages/airflow/example_dags/example_trigger_target_dag.py for tasks to queue
[2024-10-15T16:28:32.839+0000] {logging_mixin.py:190} INFO - [2024-10-15T16:28:32.839+0000] {dagbag.py:588} INFO - Filling up the DagBag from /home/airflow/.local/lib/python3.12/site-packages/airflow/example_dags/example_trigger_target_dag.py
[2024-10-15T16:28:32.844+0000] {processor.py:925} INFO - DAG(s) 'example_trigger_target_dag' retrieved from /home/airflow/.local/lib/python3.12/site-packages/airflow/example_dags/example_trigger_target_dag.py
[2024-10-15T16:28:32.858+0000] {logging_mixin.py:190} INFO - [2024-10-15T16:28:32.858+0000] {dag.py:3239} INFO - Sync 1 DAGs
[2024-10-15T16:28:32.871+0000] {logging_mixin.py:190} INFO - [2024-10-15T16:28:32.871+0000] {dag.py:4180} INFO - Setting next_dagrun for example_trigger_target_dag to None, run_after=None
[2024-10-15T16:28:32.889+0000] {processor.py:208} INFO - Processing /home/airflow/.local/lib/python3.12/site-packages/airflow/example_dags/example_trigger_target_dag.py took 0.057 seconds
[2024-10-15T16:29:03.944+0000] {processor.py:186} INFO - Started process (PID=1700) to work on /home/airflow/.local/lib/python3.12/site-packages/airflow/example_dags/example_trigger_target_dag.py
[2024-10-15T16:29:03.945+0000] {processor.py:914} INFO - Processing file /home/airflow/.local/lib/python3.12/site-packages/airflow/example_dags/example_trigger_target_dag.py for tasks to queue
[2024-10-15T16:29:03.947+0000] {logging_mixin.py:190} INFO - [2024-10-15T16:29:03.947+0000] {dagbag.py:588} INFO - Filling up the DagBag from /home/airflow/.local/lib/python3.12/site-packages/airflow/example_dags/example_trigger_target_dag.py
[2024-10-15T16:29:03.953+0000] {processor.py:925} INFO - DAG(s) 'example_trigger_target_dag' retrieved from /home/airflow/.local/lib/python3.12/site-packages/airflow/example_dags/example_trigger_target_dag.py
[2024-10-15T16:29:03.972+0000] {logging_mixin.py:190} INFO - [2024-10-15T16:29:03.972+0000] {dag.py:3239} INFO - Sync 1 DAGs
[2024-10-15T16:29:03.985+0000] {logging_mixin.py:190} INFO - [2024-10-15T16:29:03.984+0000] {dag.py:4180} INFO - Setting next_dagrun for example_trigger_target_dag to None, run_after=None
[2024-10-15T16:29:03.999+0000] {processor.py:208} INFO - Processing /home/airflow/.local/lib/python3.12/site-packages/airflow/example_dags/example_trigger_target_dag.py took 0.059 seconds
[2024-10-15T16:29:34.191+0000] {processor.py:186} INFO - Started process (PID=1762) to work on /home/airflow/.local/lib/python3.12/site-packages/airflow/example_dags/example_trigger_target_dag.py
[2024-10-15T16:29:34.192+0000] {processor.py:914} INFO - Processing file /home/airflow/.local/lib/python3.12/site-packages/airflow/example_dags/example_trigger_target_dag.py for tasks to queue
[2024-10-15T16:29:34.194+0000] {logging_mixin.py:190} INFO - [2024-10-15T16:29:34.194+0000] {dagbag.py:588} INFO - Filling up the DagBag from /home/airflow/.local/lib/python3.12/site-packages/airflow/example_dags/example_trigger_target_dag.py
[2024-10-15T16:29:34.199+0000] {processor.py:925} INFO - DAG(s) 'example_trigger_target_dag' retrieved from /home/airflow/.local/lib/python3.12/site-packages/airflow/example_dags/example_trigger_target_dag.py
[2024-10-15T16:29:34.213+0000] {logging_mixin.py:190} INFO - [2024-10-15T16:29:34.213+0000] {dag.py:3239} INFO - Sync 1 DAGs
[2024-10-15T16:29:34.223+0000] {logging_mixin.py:190} INFO - [2024-10-15T16:29:34.223+0000] {dag.py:4180} INFO - Setting next_dagrun for example_trigger_target_dag to None, run_after=None
[2024-10-15T16:29:34.241+0000] {processor.py:208} INFO - Processing /home/airflow/.local/lib/python3.12/site-packages/airflow/example_dags/example_trigger_target_dag.py took 0.054 seconds
