[2024-10-15T16:15:43.706+0000] {processor.py:186} INFO - Started process (PID=67) to work on /home/airflow/.local/lib/python3.12/site-packages/airflow/example_dags/example_latest_only.py
[2024-10-15T16:15:43.707+0000] {processor.py:914} INFO - Processing file /home/airflow/.local/lib/python3.12/site-packages/airflow/example_dags/example_latest_only.py for tasks to queue
[2024-10-15T16:15:43.708+0000] {logging_mixin.py:190} INFO - [2024-10-15T16:15:43.708+0000] {dagbag.py:588} INFO - Filling up the DagBag from /home/airflow/.local/lib/python3.12/site-packages/airflow/example_dags/example_latest_only.py
[2024-10-15T16:15:43.714+0000] {processor.py:925} INFO - DAG(s) 'latest_only' retrieved from /home/airflow/.local/lib/python3.12/site-packages/airflow/example_dags/example_latest_only.py
[2024-10-15T16:15:43.798+0000] {logging_mixin.py:190} INFO - [2024-10-15T16:15:43.797+0000] {override.py:1900} INFO - Created Permission View: can read on DAG:latest_only
[2024-10-15T16:15:43.805+0000] {logging_mixin.py:190} INFO - [2024-10-15T16:15:43.805+0000] {override.py:1900} INFO - Created Permission View: can delete on DAG:latest_only
[2024-10-15T16:15:43.810+0000] {logging_mixin.py:190} INFO - [2024-10-15T16:15:43.810+0000] {override.py:1900} INFO - Created Permission View: can edit on DAG:latest_only
[2024-10-15T16:15:43.817+0000] {logging_mixin.py:190} INFO - [2024-10-15T16:15:43.816+0000] {override.py:1900} INFO - Created Permission View: can read on DAG Run:latest_only
[2024-10-15T16:15:43.822+0000] {logging_mixin.py:190} INFO - [2024-10-15T16:15:43.822+0000] {override.py:1900} INFO - Created Permission View: can create on DAG Run:latest_only
[2024-10-15T16:15:43.827+0000] {logging_mixin.py:190} INFO - [2024-10-15T16:15:43.827+0000] {override.py:1900} INFO - Created Permission View: menu access on DAG Run:latest_only
[2024-10-15T16:15:43.832+0000] {logging_mixin.py:190} INFO - [2024-10-15T16:15:43.832+0000] {override.py:1900} INFO - Created Permission View: can delete on DAG Run:latest_only
[2024-10-15T16:15:43.833+0000] {logging_mixin.py:190} INFO - [2024-10-15T16:15:43.832+0000] {dag.py:3239} INFO - Sync 1 DAGs
[2024-10-15T16:15:43.841+0000] {logging_mixin.py:190} INFO - [2024-10-15T16:15:43.841+0000] {dag.py:3262} INFO - Creating ORM DAG for latest_only
[2024-10-15T16:15:43.848+0000] {logging_mixin.py:190} INFO - [2024-10-15T16:15:43.848+0000] {dag.py:4180} INFO - Setting next_dagrun for latest_only to 2024-10-15 12:00:00+00:00, run_after=2024-10-15 16:00:00+00:00
[2024-10-15T16:15:43.862+0000] {processor.py:208} INFO - Processing /home/airflow/.local/lib/python3.12/site-packages/airflow/example_dags/example_latest_only.py took 0.160 seconds
[2024-10-15T16:16:14.687+0000] {processor.py:186} INFO - Started process (PID=129) to work on /home/airflow/.local/lib/python3.12/site-packages/airflow/example_dags/example_latest_only.py
[2024-10-15T16:16:14.688+0000] {processor.py:914} INFO - Processing file /home/airflow/.local/lib/python3.12/site-packages/airflow/example_dags/example_latest_only.py for tasks to queue
[2024-10-15T16:16:14.689+0000] {logging_mixin.py:190} INFO - [2024-10-15T16:16:14.689+0000] {dagbag.py:588} INFO - Filling up the DagBag from /home/airflow/.local/lib/python3.12/site-packages/airflow/example_dags/example_latest_only.py
[2024-10-15T16:16:14.694+0000] {processor.py:925} INFO - DAG(s) 'latest_only' retrieved from /home/airflow/.local/lib/python3.12/site-packages/airflow/example_dags/example_latest_only.py
[2024-10-15T16:16:14.707+0000] {logging_mixin.py:190} INFO - [2024-10-15T16:16:14.707+0000] {dag.py:3239} INFO - Sync 1 DAGs
[2024-10-15T16:16:14.722+0000] {logging_mixin.py:190} INFO - [2024-10-15T16:16:14.722+0000] {dag.py:4180} INFO - Setting next_dagrun for latest_only to 2024-10-15 12:00:00+00:00, run_after=2024-10-15 16:00:00+00:00
[2024-10-15T16:16:14.738+0000] {processor.py:208} INFO - Processing /home/airflow/.local/lib/python3.12/site-packages/airflow/example_dags/example_latest_only.py took 0.055 seconds
[2024-10-15T16:16:45.568+0000] {processor.py:186} INFO - Started process (PID=191) to work on /home/airflow/.local/lib/python3.12/site-packages/airflow/example_dags/example_latest_only.py
[2024-10-15T16:16:45.569+0000] {processor.py:914} INFO - Processing file /home/airflow/.local/lib/python3.12/site-packages/airflow/example_dags/example_latest_only.py for tasks to queue
[2024-10-15T16:16:45.571+0000] {logging_mixin.py:190} INFO - [2024-10-15T16:16:45.571+0000] {dagbag.py:588} INFO - Filling up the DagBag from /home/airflow/.local/lib/python3.12/site-packages/airflow/example_dags/example_latest_only.py
[2024-10-15T16:16:45.576+0000] {processor.py:925} INFO - DAG(s) 'latest_only' retrieved from /home/airflow/.local/lib/python3.12/site-packages/airflow/example_dags/example_latest_only.py
[2024-10-15T16:16:45.589+0000] {logging_mixin.py:190} INFO - [2024-10-15T16:16:45.589+0000] {dag.py:3239} INFO - Sync 1 DAGs
[2024-10-15T16:16:45.604+0000] {logging_mixin.py:190} INFO - [2024-10-15T16:16:45.604+0000] {dag.py:4180} INFO - Setting next_dagrun for latest_only to 2024-10-15 12:00:00+00:00, run_after=2024-10-15 16:00:00+00:00
[2024-10-15T16:16:45.620+0000] {processor.py:208} INFO - Processing /home/airflow/.local/lib/python3.12/site-packages/airflow/example_dags/example_latest_only.py took 0.056 seconds
[2024-10-15T16:17:16.232+0000] {processor.py:186} INFO - Started process (PID=253) to work on /home/airflow/.local/lib/python3.12/site-packages/airflow/example_dags/example_latest_only.py
[2024-10-15T16:17:16.233+0000] {processor.py:914} INFO - Processing file /home/airflow/.local/lib/python3.12/site-packages/airflow/example_dags/example_latest_only.py for tasks to queue
[2024-10-15T16:17:16.235+0000] {logging_mixin.py:190} INFO - [2024-10-15T16:17:16.235+0000] {dagbag.py:588} INFO - Filling up the DagBag from /home/airflow/.local/lib/python3.12/site-packages/airflow/example_dags/example_latest_only.py
[2024-10-15T16:17:16.240+0000] {processor.py:925} INFO - DAG(s) 'latest_only' retrieved from /home/airflow/.local/lib/python3.12/site-packages/airflow/example_dags/example_latest_only.py
[2024-10-15T16:17:16.255+0000] {logging_mixin.py:190} INFO - [2024-10-15T16:17:16.255+0000] {dag.py:3239} INFO - Sync 1 DAGs
[2024-10-15T16:17:16.270+0000] {logging_mixin.py:190} INFO - [2024-10-15T16:17:16.270+0000] {dag.py:4180} INFO - Setting next_dagrun for latest_only to 2024-10-15 12:00:00+00:00, run_after=2024-10-15 16:00:00+00:00
[2024-10-15T16:17:16.287+0000] {processor.py:208} INFO - Processing /home/airflow/.local/lib/python3.12/site-packages/airflow/example_dags/example_latest_only.py took 0.059 seconds
[2024-10-15T16:17:47.186+0000] {processor.py:186} INFO - Started process (PID=321) to work on /home/airflow/.local/lib/python3.12/site-packages/airflow/example_dags/example_latest_only.py
[2024-10-15T16:17:47.186+0000] {processor.py:914} INFO - Processing file /home/airflow/.local/lib/python3.12/site-packages/airflow/example_dags/example_latest_only.py for tasks to queue
[2024-10-15T16:17:47.188+0000] {logging_mixin.py:190} INFO - [2024-10-15T16:17:47.188+0000] {dagbag.py:588} INFO - Filling up the DagBag from /home/airflow/.local/lib/python3.12/site-packages/airflow/example_dags/example_latest_only.py
[2024-10-15T16:17:47.193+0000] {processor.py:925} INFO - DAG(s) 'latest_only' retrieved from /home/airflow/.local/lib/python3.12/site-packages/airflow/example_dags/example_latest_only.py
[2024-10-15T16:17:47.207+0000] {logging_mixin.py:190} INFO - [2024-10-15T16:17:47.207+0000] {dag.py:3239} INFO - Sync 1 DAGs
[2024-10-15T16:17:47.223+0000] {logging_mixin.py:190} INFO - [2024-10-15T16:17:47.223+0000] {dag.py:4180} INFO - Setting next_dagrun for latest_only to 2024-10-15 12:00:00+00:00, run_after=2024-10-15 16:00:00+00:00
[2024-10-15T16:17:47.239+0000] {processor.py:208} INFO - Processing /home/airflow/.local/lib/python3.12/site-packages/airflow/example_dags/example_latest_only.py took 0.058 seconds
[2024-10-15T16:18:17.987+0000] {processor.py:186} INFO - Started process (PID=383) to work on /home/airflow/.local/lib/python3.12/site-packages/airflow/example_dags/example_latest_only.py
[2024-10-15T16:18:17.988+0000] {processor.py:914} INFO - Processing file /home/airflow/.local/lib/python3.12/site-packages/airflow/example_dags/example_latest_only.py for tasks to queue
[2024-10-15T16:18:17.990+0000] {logging_mixin.py:190} INFO - [2024-10-15T16:18:17.990+0000] {dagbag.py:588} INFO - Filling up the DagBag from /home/airflow/.local/lib/python3.12/site-packages/airflow/example_dags/example_latest_only.py
[2024-10-15T16:18:17.995+0000] {processor.py:925} INFO - DAG(s) 'latest_only' retrieved from /home/airflow/.local/lib/python3.12/site-packages/airflow/example_dags/example_latest_only.py
[2024-10-15T16:18:18.008+0000] {logging_mixin.py:190} INFO - [2024-10-15T16:18:18.008+0000] {dag.py:3239} INFO - Sync 1 DAGs
[2024-10-15T16:18:18.027+0000] {logging_mixin.py:190} INFO - [2024-10-15T16:18:18.027+0000] {dag.py:4180} INFO - Setting next_dagrun for latest_only to 2024-10-15 12:00:00+00:00, run_after=2024-10-15 16:00:00+00:00
[2024-10-15T16:18:18.045+0000] {processor.py:208} INFO - Processing /home/airflow/.local/lib/python3.12/site-packages/airflow/example_dags/example_latest_only.py took 0.062 seconds
[2024-10-15T16:18:48.198+0000] {processor.py:186} INFO - Started process (PID=445) to work on /home/airflow/.local/lib/python3.12/site-packages/airflow/example_dags/example_latest_only.py
[2024-10-15T16:18:48.199+0000] {processor.py:914} INFO - Processing file /home/airflow/.local/lib/python3.12/site-packages/airflow/example_dags/example_latest_only.py for tasks to queue
[2024-10-15T16:18:48.201+0000] {logging_mixin.py:190} INFO - [2024-10-15T16:18:48.200+0000] {dagbag.py:588} INFO - Filling up the DagBag from /home/airflow/.local/lib/python3.12/site-packages/airflow/example_dags/example_latest_only.py
[2024-10-15T16:18:48.207+0000] {processor.py:925} INFO - DAG(s) 'latest_only' retrieved from /home/airflow/.local/lib/python3.12/site-packages/airflow/example_dags/example_latest_only.py
[2024-10-15T16:18:48.220+0000] {logging_mixin.py:190} INFO - [2024-10-15T16:18:48.220+0000] {dag.py:3239} INFO - Sync 1 DAGs
[2024-10-15T16:18:48.236+0000] {logging_mixin.py:190} INFO - [2024-10-15T16:18:48.236+0000] {dag.py:4180} INFO - Setting next_dagrun for latest_only to 2024-10-15 12:00:00+00:00, run_after=2024-10-15 16:00:00+00:00
[2024-10-15T16:18:48.250+0000] {processor.py:208} INFO - Processing /home/airflow/.local/lib/python3.12/site-packages/airflow/example_dags/example_latest_only.py took 0.057 seconds
[2024-10-15T16:19:19.240+0000] {processor.py:186} INFO - Started process (PID=507) to work on /home/airflow/.local/lib/python3.12/site-packages/airflow/example_dags/example_latest_only.py
[2024-10-15T16:19:19.240+0000] {processor.py:914} INFO - Processing file /home/airflow/.local/lib/python3.12/site-packages/airflow/example_dags/example_latest_only.py for tasks to queue
[2024-10-15T16:19:19.243+0000] {logging_mixin.py:190} INFO - [2024-10-15T16:19:19.242+0000] {dagbag.py:588} INFO - Filling up the DagBag from /home/airflow/.local/lib/python3.12/site-packages/airflow/example_dags/example_latest_only.py
[2024-10-15T16:19:19.248+0000] {processor.py:925} INFO - DAG(s) 'latest_only' retrieved from /home/airflow/.local/lib/python3.12/site-packages/airflow/example_dags/example_latest_only.py
[2024-10-15T16:19:19.262+0000] {logging_mixin.py:190} INFO - [2024-10-15T16:19:19.262+0000] {dag.py:3239} INFO - Sync 1 DAGs
[2024-10-15T16:19:19.280+0000] {logging_mixin.py:190} INFO - [2024-10-15T16:19:19.280+0000] {dag.py:4180} INFO - Setting next_dagrun for latest_only to 2024-10-15 12:00:00+00:00, run_after=2024-10-15 16:00:00+00:00
[2024-10-15T16:19:19.295+0000] {processor.py:208} INFO - Processing /home/airflow/.local/lib/python3.12/site-packages/airflow/example_dags/example_latest_only.py took 0.061 seconds
[2024-10-15T16:19:50.209+0000] {processor.py:186} INFO - Started process (PID=569) to work on /home/airflow/.local/lib/python3.12/site-packages/airflow/example_dags/example_latest_only.py
[2024-10-15T16:19:50.210+0000] {processor.py:914} INFO - Processing file /home/airflow/.local/lib/python3.12/site-packages/airflow/example_dags/example_latest_only.py for tasks to queue
[2024-10-15T16:19:50.213+0000] {logging_mixin.py:190} INFO - [2024-10-15T16:19:50.212+0000] {dagbag.py:588} INFO - Filling up the DagBag from /home/airflow/.local/lib/python3.12/site-packages/airflow/example_dags/example_latest_only.py
[2024-10-15T16:19:50.218+0000] {processor.py:925} INFO - DAG(s) 'latest_only' retrieved from /home/airflow/.local/lib/python3.12/site-packages/airflow/example_dags/example_latest_only.py
[2024-10-15T16:19:50.233+0000] {logging_mixin.py:190} INFO - [2024-10-15T16:19:50.233+0000] {dag.py:3239} INFO - Sync 1 DAGs
[2024-10-15T16:19:50.261+0000] {logging_mixin.py:190} INFO - [2024-10-15T16:19:50.261+0000] {dag.py:4180} INFO - Setting next_dagrun for latest_only to 2024-10-15 12:00:00+00:00, run_after=2024-10-15 16:00:00+00:00
[2024-10-15T16:19:50.278+0000] {processor.py:208} INFO - Processing /home/airflow/.local/lib/python3.12/site-packages/airflow/example_dags/example_latest_only.py took 0.073 seconds
[2024-10-15T16:20:21.269+0000] {processor.py:186} INFO - Started process (PID=631) to work on /home/airflow/.local/lib/python3.12/site-packages/airflow/example_dags/example_latest_only.py
[2024-10-15T16:20:21.269+0000] {processor.py:914} INFO - Processing file /home/airflow/.local/lib/python3.12/site-packages/airflow/example_dags/example_latest_only.py for tasks to queue
[2024-10-15T16:20:21.271+0000] {logging_mixin.py:190} INFO - [2024-10-15T16:20:21.271+0000] {dagbag.py:588} INFO - Filling up the DagBag from /home/airflow/.local/lib/python3.12/site-packages/airflow/example_dags/example_latest_only.py
[2024-10-15T16:20:21.277+0000] {processor.py:925} INFO - DAG(s) 'latest_only' retrieved from /home/airflow/.local/lib/python3.12/site-packages/airflow/example_dags/example_latest_only.py
[2024-10-15T16:20:21.294+0000] {logging_mixin.py:190} INFO - [2024-10-15T16:20:21.294+0000] {dag.py:3239} INFO - Sync 1 DAGs
[2024-10-15T16:20:21.313+0000] {logging_mixin.py:190} INFO - [2024-10-15T16:20:21.313+0000] {dag.py:4180} INFO - Setting next_dagrun for latest_only to 2024-10-15 12:00:00+00:00, run_after=2024-10-15 16:00:00+00:00
[2024-10-15T16:20:21.329+0000] {processor.py:208} INFO - Processing /home/airflow/.local/lib/python3.12/site-packages/airflow/example_dags/example_latest_only.py took 0.065 seconds
[2024-10-15T16:20:52.292+0000] {processor.py:186} INFO - Started process (PID=693) to work on /home/airflow/.local/lib/python3.12/site-packages/airflow/example_dags/example_latest_only.py
[2024-10-15T16:20:52.293+0000] {processor.py:914} INFO - Processing file /home/airflow/.local/lib/python3.12/site-packages/airflow/example_dags/example_latest_only.py for tasks to queue
[2024-10-15T16:20:52.295+0000] {logging_mixin.py:190} INFO - [2024-10-15T16:20:52.295+0000] {dagbag.py:588} INFO - Filling up the DagBag from /home/airflow/.local/lib/python3.12/site-packages/airflow/example_dags/example_latest_only.py
[2024-10-15T16:20:52.301+0000] {processor.py:925} INFO - DAG(s) 'latest_only' retrieved from /home/airflow/.local/lib/python3.12/site-packages/airflow/example_dags/example_latest_only.py
[2024-10-15T16:20:52.316+0000] {logging_mixin.py:190} INFO - [2024-10-15T16:20:52.316+0000] {dag.py:3239} INFO - Sync 1 DAGs
[2024-10-15T16:20:52.334+0000] {logging_mixin.py:190} INFO - [2024-10-15T16:20:52.334+0000] {dag.py:4180} INFO - Setting next_dagrun for latest_only to 2024-10-15 12:00:00+00:00, run_after=2024-10-15 16:00:00+00:00
[2024-10-15T16:20:52.347+0000] {processor.py:208} INFO - Processing /home/airflow/.local/lib/python3.12/site-packages/airflow/example_dags/example_latest_only.py took 0.060 seconds
[2024-10-15T16:21:23.126+0000] {processor.py:186} INFO - Started process (PID=755) to work on /home/airflow/.local/lib/python3.12/site-packages/airflow/example_dags/example_latest_only.py
[2024-10-15T16:21:23.127+0000] {processor.py:914} INFO - Processing file /home/airflow/.local/lib/python3.12/site-packages/airflow/example_dags/example_latest_only.py for tasks to queue
[2024-10-15T16:21:23.129+0000] {logging_mixin.py:190} INFO - [2024-10-15T16:21:23.128+0000] {dagbag.py:588} INFO - Filling up the DagBag from /home/airflow/.local/lib/python3.12/site-packages/airflow/example_dags/example_latest_only.py
[2024-10-15T16:21:23.134+0000] {processor.py:925} INFO - DAG(s) 'latest_only' retrieved from /home/airflow/.local/lib/python3.12/site-packages/airflow/example_dags/example_latest_only.py
[2024-10-15T16:21:23.151+0000] {logging_mixin.py:190} INFO - [2024-10-15T16:21:23.150+0000] {dag.py:3239} INFO - Sync 1 DAGs
[2024-10-15T16:21:23.174+0000] {logging_mixin.py:190} INFO - [2024-10-15T16:21:23.173+0000] {dag.py:4180} INFO - Setting next_dagrun for latest_only to 2024-10-15 12:00:00+00:00, run_after=2024-10-15 16:00:00+00:00
[2024-10-15T16:21:23.192+0000] {processor.py:208} INFO - Processing /home/airflow/.local/lib/python3.12/site-packages/airflow/example_dags/example_latest_only.py took 0.071 seconds
[2024-10-15T16:21:54.091+0000] {processor.py:186} INFO - Started process (PID=817) to work on /home/airflow/.local/lib/python3.12/site-packages/airflow/example_dags/example_latest_only.py
[2024-10-15T16:21:54.092+0000] {processor.py:914} INFO - Processing file /home/airflow/.local/lib/python3.12/site-packages/airflow/example_dags/example_latest_only.py for tasks to queue
[2024-10-15T16:21:54.094+0000] {logging_mixin.py:190} INFO - [2024-10-15T16:21:54.093+0000] {dagbag.py:588} INFO - Filling up the DagBag from /home/airflow/.local/lib/python3.12/site-packages/airflow/example_dags/example_latest_only.py
[2024-10-15T16:21:54.100+0000] {processor.py:925} INFO - DAG(s) 'latest_only' retrieved from /home/airflow/.local/lib/python3.12/site-packages/airflow/example_dags/example_latest_only.py
[2024-10-15T16:21:54.115+0000] {logging_mixin.py:190} INFO - [2024-10-15T16:21:54.115+0000] {dag.py:3239} INFO - Sync 1 DAGs
[2024-10-15T16:21:54.135+0000] {logging_mixin.py:190} INFO - [2024-10-15T16:21:54.135+0000] {dag.py:4180} INFO - Setting next_dagrun for latest_only to 2024-10-15 12:00:00+00:00, run_after=2024-10-15 16:00:00+00:00
[2024-10-15T16:21:54.151+0000] {processor.py:208} INFO - Processing /home/airflow/.local/lib/python3.12/site-packages/airflow/example_dags/example_latest_only.py took 0.065 seconds
[2024-10-15T16:22:24.444+0000] {processor.py:186} INFO - Started process (PID=879) to work on /home/airflow/.local/lib/python3.12/site-packages/airflow/example_dags/example_latest_only.py
[2024-10-15T16:22:24.445+0000] {processor.py:914} INFO - Processing file /home/airflow/.local/lib/python3.12/site-packages/airflow/example_dags/example_latest_only.py for tasks to queue
[2024-10-15T16:22:24.446+0000] {logging_mixin.py:190} INFO - [2024-10-15T16:22:24.446+0000] {dagbag.py:588} INFO - Filling up the DagBag from /home/airflow/.local/lib/python3.12/site-packages/airflow/example_dags/example_latest_only.py
[2024-10-15T16:22:24.451+0000] {processor.py:925} INFO - DAG(s) 'latest_only' retrieved from /home/airflow/.local/lib/python3.12/site-packages/airflow/example_dags/example_latest_only.py
[2024-10-15T16:22:24.465+0000] {logging_mixin.py:190} INFO - [2024-10-15T16:22:24.465+0000] {dag.py:3239} INFO - Sync 1 DAGs
[2024-10-15T16:22:24.483+0000] {logging_mixin.py:190} INFO - [2024-10-15T16:22:24.482+0000] {dag.py:4180} INFO - Setting next_dagrun for latest_only to 2024-10-15 12:00:00+00:00, run_after=2024-10-15 16:00:00+00:00
[2024-10-15T16:22:24.497+0000] {processor.py:208} INFO - Processing /home/airflow/.local/lib/python3.12/site-packages/airflow/example_dags/example_latest_only.py took 0.057 seconds
[2024-10-15T16:22:55.440+0000] {processor.py:186} INFO - Started process (PID=941) to work on /home/airflow/.local/lib/python3.12/site-packages/airflow/example_dags/example_latest_only.py
[2024-10-15T16:22:55.441+0000] {processor.py:914} INFO - Processing file /home/airflow/.local/lib/python3.12/site-packages/airflow/example_dags/example_latest_only.py for tasks to queue
[2024-10-15T16:22:55.443+0000] {logging_mixin.py:190} INFO - [2024-10-15T16:22:55.443+0000] {dagbag.py:588} INFO - Filling up the DagBag from /home/airflow/.local/lib/python3.12/site-packages/airflow/example_dags/example_latest_only.py
[2024-10-15T16:22:55.449+0000] {processor.py:925} INFO - DAG(s) 'latest_only' retrieved from /home/airflow/.local/lib/python3.12/site-packages/airflow/example_dags/example_latest_only.py
[2024-10-15T16:22:55.465+0000] {logging_mixin.py:190} INFO - [2024-10-15T16:22:55.465+0000] {dag.py:3239} INFO - Sync 1 DAGs
[2024-10-15T16:22:55.483+0000] {logging_mixin.py:190} INFO - [2024-10-15T16:22:55.482+0000] {dag.py:4180} INFO - Setting next_dagrun for latest_only to 2024-10-15 12:00:00+00:00, run_after=2024-10-15 16:00:00+00:00
[2024-10-15T16:22:55.501+0000] {processor.py:208} INFO - Processing /home/airflow/.local/lib/python3.12/site-packages/airflow/example_dags/example_latest_only.py took 0.065 seconds
[2024-10-15T16:23:26.331+0000] {processor.py:186} INFO - Started process (PID=1003) to work on /home/airflow/.local/lib/python3.12/site-packages/airflow/example_dags/example_latest_only.py
[2024-10-15T16:23:26.331+0000] {processor.py:914} INFO - Processing file /home/airflow/.local/lib/python3.12/site-packages/airflow/example_dags/example_latest_only.py for tasks to queue
[2024-10-15T16:23:26.333+0000] {logging_mixin.py:190} INFO - [2024-10-15T16:23:26.333+0000] {dagbag.py:588} INFO - Filling up the DagBag from /home/airflow/.local/lib/python3.12/site-packages/airflow/example_dags/example_latest_only.py
[2024-10-15T16:23:26.341+0000] {processor.py:925} INFO - DAG(s) 'latest_only' retrieved from /home/airflow/.local/lib/python3.12/site-packages/airflow/example_dags/example_latest_only.py
[2024-10-15T16:23:26.356+0000] {logging_mixin.py:190} INFO - [2024-10-15T16:23:26.355+0000] {dag.py:3239} INFO - Sync 1 DAGs
[2024-10-15T16:23:26.377+0000] {logging_mixin.py:190} INFO - [2024-10-15T16:23:26.377+0000] {dag.py:4180} INFO - Setting next_dagrun for latest_only to 2024-10-15 12:00:00+00:00, run_after=2024-10-15 16:00:00+00:00
[2024-10-15T16:23:26.400+0000] {processor.py:208} INFO - Processing /home/airflow/.local/lib/python3.12/site-packages/airflow/example_dags/example_latest_only.py took 0.074 seconds
[2024-10-15T16:23:56.631+0000] {processor.py:186} INFO - Started process (PID=1065) to work on /home/airflow/.local/lib/python3.12/site-packages/airflow/example_dags/example_latest_only.py
[2024-10-15T16:23:56.631+0000] {processor.py:914} INFO - Processing file /home/airflow/.local/lib/python3.12/site-packages/airflow/example_dags/example_latest_only.py for tasks to queue
[2024-10-15T16:23:56.633+0000] {logging_mixin.py:190} INFO - [2024-10-15T16:23:56.633+0000] {dagbag.py:588} INFO - Filling up the DagBag from /home/airflow/.local/lib/python3.12/site-packages/airflow/example_dags/example_latest_only.py
[2024-10-15T16:23:56.641+0000] {processor.py:925} INFO - DAG(s) 'latest_only' retrieved from /home/airflow/.local/lib/python3.12/site-packages/airflow/example_dags/example_latest_only.py
[2024-10-15T16:23:56.658+0000] {logging_mixin.py:190} INFO - [2024-10-15T16:23:56.658+0000] {dag.py:3239} INFO - Sync 1 DAGs
[2024-10-15T16:23:56.682+0000] {logging_mixin.py:190} INFO - [2024-10-15T16:23:56.682+0000] {dag.py:4180} INFO - Setting next_dagrun for latest_only to 2024-10-15 12:00:00+00:00, run_after=2024-10-15 16:00:00+00:00
[2024-10-15T16:23:56.708+0000] {processor.py:208} INFO - Processing /home/airflow/.local/lib/python3.12/site-packages/airflow/example_dags/example_latest_only.py took 0.082 seconds
[2024-10-15T16:24:26.983+0000] {processor.py:186} INFO - Started process (PID=1127) to work on /home/airflow/.local/lib/python3.12/site-packages/airflow/example_dags/example_latest_only.py
[2024-10-15T16:24:26.983+0000] {processor.py:914} INFO - Processing file /home/airflow/.local/lib/python3.12/site-packages/airflow/example_dags/example_latest_only.py for tasks to queue
[2024-10-15T16:24:26.985+0000] {logging_mixin.py:190} INFO - [2024-10-15T16:24:26.984+0000] {dagbag.py:588} INFO - Filling up the DagBag from /home/airflow/.local/lib/python3.12/site-packages/airflow/example_dags/example_latest_only.py
[2024-10-15T16:24:26.990+0000] {processor.py:925} INFO - DAG(s) 'latest_only' retrieved from /home/airflow/.local/lib/python3.12/site-packages/airflow/example_dags/example_latest_only.py
[2024-10-15T16:24:27.003+0000] {logging_mixin.py:190} INFO - [2024-10-15T16:24:27.003+0000] {dag.py:3239} INFO - Sync 1 DAGs
[2024-10-15T16:24:27.020+0000] {logging_mixin.py:190} INFO - [2024-10-15T16:24:27.020+0000] {dag.py:4180} INFO - Setting next_dagrun for latest_only to 2024-10-15 12:00:00+00:00, run_after=2024-10-15 16:00:00+00:00
[2024-10-15T16:24:27.033+0000] {processor.py:208} INFO - Processing /home/airflow/.local/lib/python3.12/site-packages/airflow/example_dags/example_latest_only.py took 0.054 seconds
[2024-10-15T16:24:57.738+0000] {processor.py:186} INFO - Started process (PID=1189) to work on /home/airflow/.local/lib/python3.12/site-packages/airflow/example_dags/example_latest_only.py
[2024-10-15T16:24:57.739+0000] {processor.py:914} INFO - Processing file /home/airflow/.local/lib/python3.12/site-packages/airflow/example_dags/example_latest_only.py for tasks to queue
[2024-10-15T16:24:57.741+0000] {logging_mixin.py:190} INFO - [2024-10-15T16:24:57.741+0000] {dagbag.py:588} INFO - Filling up the DagBag from /home/airflow/.local/lib/python3.12/site-packages/airflow/example_dags/example_latest_only.py
[2024-10-15T16:24:57.748+0000] {processor.py:925} INFO - DAG(s) 'latest_only' retrieved from /home/airflow/.local/lib/python3.12/site-packages/airflow/example_dags/example_latest_only.py
[2024-10-15T16:24:57.765+0000] {logging_mixin.py:190} INFO - [2024-10-15T16:24:57.764+0000] {dag.py:3239} INFO - Sync 1 DAGs
[2024-10-15T16:24:57.783+0000] {logging_mixin.py:190} INFO - [2024-10-15T16:24:57.783+0000] {dag.py:4180} INFO - Setting next_dagrun for latest_only to 2024-10-15 12:00:00+00:00, run_after=2024-10-15 16:00:00+00:00
[2024-10-15T16:24:57.796+0000] {processor.py:208} INFO - Processing /home/airflow/.local/lib/python3.12/site-packages/airflow/example_dags/example_latest_only.py took 0.063 seconds
[2024-10-15T16:25:28.405+0000] {processor.py:186} INFO - Started process (PID=1251) to work on /home/airflow/.local/lib/python3.12/site-packages/airflow/example_dags/example_latest_only.py
[2024-10-15T16:25:28.405+0000] {processor.py:914} INFO - Processing file /home/airflow/.local/lib/python3.12/site-packages/airflow/example_dags/example_latest_only.py for tasks to queue
[2024-10-15T16:25:28.407+0000] {logging_mixin.py:190} INFO - [2024-10-15T16:25:28.407+0000] {dagbag.py:588} INFO - Filling up the DagBag from /home/airflow/.local/lib/python3.12/site-packages/airflow/example_dags/example_latest_only.py
[2024-10-15T16:25:28.412+0000] {processor.py:925} INFO - DAG(s) 'latest_only' retrieved from /home/airflow/.local/lib/python3.12/site-packages/airflow/example_dags/example_latest_only.py
[2024-10-15T16:25:28.426+0000] {logging_mixin.py:190} INFO - [2024-10-15T16:25:28.425+0000] {dag.py:3239} INFO - Sync 1 DAGs
[2024-10-15T16:25:28.441+0000] {logging_mixin.py:190} INFO - [2024-10-15T16:25:28.441+0000] {dag.py:4180} INFO - Setting next_dagrun for latest_only to 2024-10-15 12:00:00+00:00, run_after=2024-10-15 16:00:00+00:00
[2024-10-15T16:25:28.453+0000] {processor.py:208} INFO - Processing /home/airflow/.local/lib/python3.12/site-packages/airflow/example_dags/example_latest_only.py took 0.052 seconds
[2024-10-15T16:25:59.178+0000] {processor.py:186} INFO - Started process (PID=1313) to work on /home/airflow/.local/lib/python3.12/site-packages/airflow/example_dags/example_latest_only.py
[2024-10-15T16:25:59.179+0000] {processor.py:914} INFO - Processing file /home/airflow/.local/lib/python3.12/site-packages/airflow/example_dags/example_latest_only.py for tasks to queue
[2024-10-15T16:25:59.180+0000] {logging_mixin.py:190} INFO - [2024-10-15T16:25:59.180+0000] {dagbag.py:588} INFO - Filling up the DagBag from /home/airflow/.local/lib/python3.12/site-packages/airflow/example_dags/example_latest_only.py
[2024-10-15T16:25:59.186+0000] {processor.py:925} INFO - DAG(s) 'latest_only' retrieved from /home/airflow/.local/lib/python3.12/site-packages/airflow/example_dags/example_latest_only.py
[2024-10-15T16:25:59.200+0000] {logging_mixin.py:190} INFO - [2024-10-15T16:25:59.199+0000] {dag.py:3239} INFO - Sync 1 DAGs
[2024-10-15T16:25:59.216+0000] {logging_mixin.py:190} INFO - [2024-10-15T16:25:59.216+0000] {dag.py:4180} INFO - Setting next_dagrun for latest_only to 2024-10-15 12:00:00+00:00, run_after=2024-10-15 16:00:00+00:00
[2024-10-15T16:25:59.231+0000] {processor.py:208} INFO - Processing /home/airflow/.local/lib/python3.12/site-packages/airflow/example_dags/example_latest_only.py took 0.057 seconds
[2024-10-15T16:26:29.889+0000] {processor.py:186} INFO - Started process (PID=1375) to work on /home/airflow/.local/lib/python3.12/site-packages/airflow/example_dags/example_latest_only.py
[2024-10-15T16:26:29.890+0000] {processor.py:914} INFO - Processing file /home/airflow/.local/lib/python3.12/site-packages/airflow/example_dags/example_latest_only.py for tasks to queue
[2024-10-15T16:26:29.892+0000] {logging_mixin.py:190} INFO - [2024-10-15T16:26:29.891+0000] {dagbag.py:588} INFO - Filling up the DagBag from /home/airflow/.local/lib/python3.12/site-packages/airflow/example_dags/example_latest_only.py
[2024-10-15T16:26:29.897+0000] {processor.py:925} INFO - DAG(s) 'latest_only' retrieved from /home/airflow/.local/lib/python3.12/site-packages/airflow/example_dags/example_latest_only.py
[2024-10-15T16:26:29.911+0000] {logging_mixin.py:190} INFO - [2024-10-15T16:26:29.911+0000] {dag.py:3239} INFO - Sync 1 DAGs
[2024-10-15T16:26:29.928+0000] {logging_mixin.py:190} INFO - [2024-10-15T16:26:29.928+0000] {dag.py:4180} INFO - Setting next_dagrun for latest_only to 2024-10-15 12:00:00+00:00, run_after=2024-10-15 16:00:00+00:00
[2024-10-15T16:26:29.943+0000] {processor.py:208} INFO - Processing /home/airflow/.local/lib/python3.12/site-packages/airflow/example_dags/example_latest_only.py took 0.057 seconds
[2024-10-15T16:27:00.850+0000] {processor.py:186} INFO - Started process (PID=1437) to work on /home/airflow/.local/lib/python3.12/site-packages/airflow/example_dags/example_latest_only.py
[2024-10-15T16:27:00.851+0000] {processor.py:914} INFO - Processing file /home/airflow/.local/lib/python3.12/site-packages/airflow/example_dags/example_latest_only.py for tasks to queue
[2024-10-15T16:27:00.853+0000] {logging_mixin.py:190} INFO - [2024-10-15T16:27:00.853+0000] {dagbag.py:588} INFO - Filling up the DagBag from /home/airflow/.local/lib/python3.12/site-packages/airflow/example_dags/example_latest_only.py
[2024-10-15T16:27:00.859+0000] {processor.py:925} INFO - DAG(s) 'latest_only' retrieved from /home/airflow/.local/lib/python3.12/site-packages/airflow/example_dags/example_latest_only.py
[2024-10-15T16:27:00.874+0000] {logging_mixin.py:190} INFO - [2024-10-15T16:27:00.874+0000] {dag.py:3239} INFO - Sync 1 DAGs
[2024-10-15T16:27:00.892+0000] {logging_mixin.py:190} INFO - [2024-10-15T16:27:00.892+0000] {dag.py:4180} INFO - Setting next_dagrun for latest_only to 2024-10-15 12:00:00+00:00, run_after=2024-10-15 16:00:00+00:00
[2024-10-15T16:27:00.908+0000] {processor.py:208} INFO - Processing /home/airflow/.local/lib/python3.12/site-packages/airflow/example_dags/example_latest_only.py took 0.064 seconds
[2024-10-15T16:27:31.078+0000] {processor.py:186} INFO - Started process (PID=1498) to work on /home/airflow/.local/lib/python3.12/site-packages/airflow/example_dags/example_latest_only.py
[2024-10-15T16:27:31.079+0000] {processor.py:914} INFO - Processing file /home/airflow/.local/lib/python3.12/site-packages/airflow/example_dags/example_latest_only.py for tasks to queue
[2024-10-15T16:27:31.081+0000] {logging_mixin.py:190} INFO - [2024-10-15T16:27:31.081+0000] {dagbag.py:588} INFO - Filling up the DagBag from /home/airflow/.local/lib/python3.12/site-packages/airflow/example_dags/example_latest_only.py
[2024-10-15T16:27:31.086+0000] {processor.py:925} INFO - DAG(s) 'latest_only' retrieved from /home/airflow/.local/lib/python3.12/site-packages/airflow/example_dags/example_latest_only.py
[2024-10-15T16:27:31.099+0000] {logging_mixin.py:190} INFO - [2024-10-15T16:27:31.099+0000] {dag.py:3239} INFO - Sync 1 DAGs
[2024-10-15T16:27:31.116+0000] {logging_mixin.py:190} INFO - [2024-10-15T16:27:31.116+0000] {dag.py:4180} INFO - Setting next_dagrun for latest_only to 2024-10-15 12:00:00+00:00, run_after=2024-10-15 16:00:00+00:00
[2024-10-15T16:27:31.136+0000] {processor.py:208} INFO - Processing /home/airflow/.local/lib/python3.12/site-packages/airflow/example_dags/example_latest_only.py took 0.063 seconds
[2024-10-15T16:28:01.447+0000] {processor.py:186} INFO - Started process (PID=1561) to work on /home/airflow/.local/lib/python3.12/site-packages/airflow/example_dags/example_latest_only.py
[2024-10-15T16:28:01.448+0000] {processor.py:914} INFO - Processing file /home/airflow/.local/lib/python3.12/site-packages/airflow/example_dags/example_latest_only.py for tasks to queue
[2024-10-15T16:28:01.450+0000] {logging_mixin.py:190} INFO - [2024-10-15T16:28:01.449+0000] {dagbag.py:588} INFO - Filling up the DagBag from /home/airflow/.local/lib/python3.12/site-packages/airflow/example_dags/example_latest_only.py
[2024-10-15T16:28:01.454+0000] {processor.py:925} INFO - DAG(s) 'latest_only' retrieved from /home/airflow/.local/lib/python3.12/site-packages/airflow/example_dags/example_latest_only.py
[2024-10-15T16:28:01.469+0000] {logging_mixin.py:190} INFO - [2024-10-15T16:28:01.468+0000] {dag.py:3239} INFO - Sync 1 DAGs
[2024-10-15T16:28:01.487+0000] {logging_mixin.py:190} INFO - [2024-10-15T16:28:01.487+0000] {dag.py:4180} INFO - Setting next_dagrun for latest_only to 2024-10-15 12:00:00+00:00, run_after=2024-10-15 16:00:00+00:00
[2024-10-15T16:28:01.499+0000] {processor.py:208} INFO - Processing /home/airflow/.local/lib/python3.12/site-packages/airflow/example_dags/example_latest_only.py took 0.057 seconds
[2024-10-15T16:28:31.838+0000] {processor.py:186} INFO - Started process (PID=1623) to work on /home/airflow/.local/lib/python3.12/site-packages/airflow/example_dags/example_latest_only.py
[2024-10-15T16:28:31.839+0000] {processor.py:914} INFO - Processing file /home/airflow/.local/lib/python3.12/site-packages/airflow/example_dags/example_latest_only.py for tasks to queue
[2024-10-15T16:28:31.842+0000] {logging_mixin.py:190} INFO - [2024-10-15T16:28:31.841+0000] {dagbag.py:588} INFO - Filling up the DagBag from /home/airflow/.local/lib/python3.12/site-packages/airflow/example_dags/example_latest_only.py
[2024-10-15T16:28:31.847+0000] {processor.py:925} INFO - DAG(s) 'latest_only' retrieved from /home/airflow/.local/lib/python3.12/site-packages/airflow/example_dags/example_latest_only.py
[2024-10-15T16:28:31.861+0000] {logging_mixin.py:190} INFO - [2024-10-15T16:28:31.861+0000] {dag.py:3239} INFO - Sync 1 DAGs
[2024-10-15T16:28:31.879+0000] {logging_mixin.py:190} INFO - [2024-10-15T16:28:31.878+0000] {dag.py:4180} INFO - Setting next_dagrun for latest_only to 2024-10-15 12:00:00+00:00, run_after=2024-10-15 16:00:00+00:00
[2024-10-15T16:28:31.892+0000] {processor.py:208} INFO - Processing /home/airflow/.local/lib/python3.12/site-packages/airflow/example_dags/example_latest_only.py took 0.059 seconds
[2024-10-15T16:29:02.040+0000] {processor.py:186} INFO - Started process (PID=1684) to work on /home/airflow/.local/lib/python3.12/site-packages/airflow/example_dags/example_latest_only.py
[2024-10-15T16:29:02.041+0000] {processor.py:914} INFO - Processing file /home/airflow/.local/lib/python3.12/site-packages/airflow/example_dags/example_latest_only.py for tasks to queue
[2024-10-15T16:29:02.043+0000] {logging_mixin.py:190} INFO - [2024-10-15T16:29:02.043+0000] {dagbag.py:588} INFO - Filling up the DagBag from /home/airflow/.local/lib/python3.12/site-packages/airflow/example_dags/example_latest_only.py
[2024-10-15T16:29:02.049+0000] {processor.py:925} INFO - DAG(s) 'latest_only' retrieved from /home/airflow/.local/lib/python3.12/site-packages/airflow/example_dags/example_latest_only.py
[2024-10-15T16:29:02.065+0000] {logging_mixin.py:190} INFO - [2024-10-15T16:29:02.064+0000] {dag.py:3239} INFO - Sync 1 DAGs
[2024-10-15T16:29:02.083+0000] {logging_mixin.py:190} INFO - [2024-10-15T16:29:02.083+0000] {dag.py:4180} INFO - Setting next_dagrun for latest_only to 2024-10-15 12:00:00+00:00, run_after=2024-10-15 16:00:00+00:00
[2024-10-15T16:29:02.101+0000] {processor.py:208} INFO - Processing /home/airflow/.local/lib/python3.12/site-packages/airflow/example_dags/example_latest_only.py took 0.065 seconds
[2024-10-15T16:29:32.149+0000] {processor.py:186} INFO - Started process (PID=1746) to work on /home/airflow/.local/lib/python3.12/site-packages/airflow/example_dags/example_latest_only.py
[2024-10-15T16:29:32.150+0000] {processor.py:914} INFO - Processing file /home/airflow/.local/lib/python3.12/site-packages/airflow/example_dags/example_latest_only.py for tasks to queue
[2024-10-15T16:29:32.151+0000] {logging_mixin.py:190} INFO - [2024-10-15T16:29:32.151+0000] {dagbag.py:588} INFO - Filling up the DagBag from /home/airflow/.local/lib/python3.12/site-packages/airflow/example_dags/example_latest_only.py
[2024-10-15T16:29:32.156+0000] {processor.py:925} INFO - DAG(s) 'latest_only' retrieved from /home/airflow/.local/lib/python3.12/site-packages/airflow/example_dags/example_latest_only.py
[2024-10-15T16:29:32.169+0000] {logging_mixin.py:190} INFO - [2024-10-15T16:29:32.169+0000] {dag.py:3239} INFO - Sync 1 DAGs
[2024-10-15T16:29:32.190+0000] {logging_mixin.py:190} INFO - [2024-10-15T16:29:32.190+0000] {dag.py:4180} INFO - Setting next_dagrun for latest_only to 2024-10-15 12:00:00+00:00, run_after=2024-10-15 16:00:00+00:00
[2024-10-15T16:29:32.213+0000] {processor.py:208} INFO - Processing /home/airflow/.local/lib/python3.12/site-packages/airflow/example_dags/example_latest_only.py took 0.068 seconds
