[2024-10-15T16:15:43.888+0000] {processor.py:186} INFO - Started process (PID=69) to work on /home/airflow/.local/lib/python3.12/site-packages/airflow/example_dags/example_sla_dag.py
[2024-10-15T16:15:43.889+0000] {processor.py:914} INFO - Processing file /home/airflow/.local/lib/python3.12/site-packages/airflow/example_dags/example_sla_dag.py for tasks to queue
[2024-10-15T16:15:43.891+0000] {logging_mixin.py:190} INFO - [2024-10-15T16:15:43.891+0000] {dagbag.py:588} INFO - Filling up the DagBag from /home/airflow/.local/lib/python3.12/site-packages/airflow/example_dags/example_sla_dag.py
[2024-10-15T16:15:43.898+0000] {processor.py:925} INFO - DAG(s) 'example_sla_dag' retrieved from /home/airflow/.local/lib/python3.12/site-packages/airflow/example_dags/example_sla_dag.py
[2024-10-15T16:15:43.971+0000] {logging_mixin.py:190} INFO - [2024-10-15T16:15:43.970+0000] {override.py:1900} INFO - Created Permission View: can read on DAG:example_sla_dag
[2024-10-15T16:15:43.979+0000] {logging_mixin.py:190} INFO - [2024-10-15T16:15:43.979+0000] {override.py:1900} INFO - Created Permission View: can delete on DAG:example_sla_dag
[2024-10-15T16:15:43.985+0000] {logging_mixin.py:190} INFO - [2024-10-15T16:15:43.985+0000] {override.py:1900} INFO - Created Permission View: can edit on DAG:example_sla_dag
[2024-10-15T16:15:43.992+0000] {logging_mixin.py:190} INFO - [2024-10-15T16:15:43.992+0000] {override.py:1900} INFO - Created Permission View: can read on DAG Run:example_sla_dag
[2024-10-15T16:15:43.998+0000] {logging_mixin.py:190} INFO - [2024-10-15T16:15:43.998+0000] {override.py:1900} INFO - Created Permission View: can create on DAG Run:example_sla_dag
[2024-10-15T16:15:44.004+0000] {logging_mixin.py:190} INFO - [2024-10-15T16:15:44.004+0000] {override.py:1900} INFO - Created Permission View: menu access on DAG Run:example_sla_dag
[2024-10-15T16:15:44.010+0000] {logging_mixin.py:190} INFO - [2024-10-15T16:15:44.010+0000] {override.py:1900} INFO - Created Permission View: can delete on DAG Run:example_sla_dag
[2024-10-15T16:15:44.011+0000] {logging_mixin.py:190} INFO - [2024-10-15T16:15:44.011+0000] {dag.py:3239} INFO - Sync 1 DAGs
[2024-10-15T16:15:44.021+0000] {logging_mixin.py:190} INFO - [2024-10-15T16:15:44.021+0000] {dag.py:3262} INFO - Creating ORM DAG for example_sla_dag
[2024-10-15T16:15:44.031+0000] {logging_mixin.py:190} INFO - [2024-10-15T16:15:44.031+0000] {dag.py:4180} INFO - Setting next_dagrun for example_sla_dag to 2024-10-15 16:12:00+00:00, run_after=2024-10-15 16:14:00+00:00
[2024-10-15T16:15:44.045+0000] {processor.py:208} INFO - Processing /home/airflow/.local/lib/python3.12/site-packages/airflow/example_dags/example_sla_dag.py took 0.161 seconds
[2024-10-15T16:16:14.762+0000] {processor.py:186} INFO - Started process (PID=131) to work on /home/airflow/.local/lib/python3.12/site-packages/airflow/example_dags/example_sla_dag.py
[2024-10-15T16:16:14.762+0000] {processor.py:914} INFO - Processing file /home/airflow/.local/lib/python3.12/site-packages/airflow/example_dags/example_sla_dag.py for tasks to queue
[2024-10-15T16:16:14.764+0000] {logging_mixin.py:190} INFO - [2024-10-15T16:16:14.764+0000] {dagbag.py:588} INFO - Filling up the DagBag from /home/airflow/.local/lib/python3.12/site-packages/airflow/example_dags/example_sla_dag.py
[2024-10-15T16:16:14.770+0000] {processor.py:925} INFO - DAG(s) 'example_sla_dag' retrieved from /home/airflow/.local/lib/python3.12/site-packages/airflow/example_dags/example_sla_dag.py
[2024-10-15T16:16:14.783+0000] {logging_mixin.py:190} INFO - [2024-10-15T16:16:14.783+0000] {dag.py:3239} INFO - Sync 1 DAGs
[2024-10-15T16:16:14.801+0000] {logging_mixin.py:190} INFO - [2024-10-15T16:16:14.801+0000] {dag.py:4180} INFO - Setting next_dagrun for example_sla_dag to 2024-10-15 16:14:00+00:00, run_after=2024-10-15 16:16:00+00:00
[2024-10-15T16:16:14.817+0000] {processor.py:208} INFO - Processing /home/airflow/.local/lib/python3.12/site-packages/airflow/example_dags/example_sla_dag.py took 0.059 seconds
[2024-10-15T16:16:45.645+0000] {processor.py:186} INFO - Started process (PID=193) to work on /home/airflow/.local/lib/python3.12/site-packages/airflow/example_dags/example_sla_dag.py
[2024-10-15T16:16:45.646+0000] {processor.py:914} INFO - Processing file /home/airflow/.local/lib/python3.12/site-packages/airflow/example_dags/example_sla_dag.py for tasks to queue
[2024-10-15T16:16:45.648+0000] {logging_mixin.py:190} INFO - [2024-10-15T16:16:45.647+0000] {dagbag.py:588} INFO - Filling up the DagBag from /home/airflow/.local/lib/python3.12/site-packages/airflow/example_dags/example_sla_dag.py
[2024-10-15T16:16:45.657+0000] {processor.py:925} INFO - DAG(s) 'example_sla_dag' retrieved from /home/airflow/.local/lib/python3.12/site-packages/airflow/example_dags/example_sla_dag.py
[2024-10-15T16:16:45.673+0000] {logging_mixin.py:190} INFO - [2024-10-15T16:16:45.672+0000] {dag.py:3239} INFO - Sync 1 DAGs
[2024-10-15T16:16:45.697+0000] {logging_mixin.py:190} INFO - [2024-10-15T16:16:45.697+0000] {dag.py:4180} INFO - Setting next_dagrun for example_sla_dag to 2024-10-15 16:14:00+00:00, run_after=2024-10-15 16:16:00+00:00
[2024-10-15T16:16:45.716+0000] {processor.py:208} INFO - Processing /home/airflow/.local/lib/python3.12/site-packages/airflow/example_dags/example_sla_dag.py took 0.077 seconds
[2024-10-15T16:17:16.384+0000] {processor.py:186} INFO - Started process (PID=261) to work on /home/airflow/.local/lib/python3.12/site-packages/airflow/example_dags/example_sla_dag.py
[2024-10-15T16:17:16.385+0000] {processor.py:914} INFO - Processing file /home/airflow/.local/lib/python3.12/site-packages/airflow/example_dags/example_sla_dag.py for tasks to queue
[2024-10-15T16:17:16.387+0000] {logging_mixin.py:190} INFO - [2024-10-15T16:17:16.386+0000] {dagbag.py:588} INFO - Filling up the DagBag from /home/airflow/.local/lib/python3.12/site-packages/airflow/example_dags/example_sla_dag.py
[2024-10-15T16:17:16.394+0000] {processor.py:925} INFO - DAG(s) 'example_sla_dag' retrieved from /home/airflow/.local/lib/python3.12/site-packages/airflow/example_dags/example_sla_dag.py
[2024-10-15T16:17:16.408+0000] {logging_mixin.py:190} INFO - [2024-10-15T16:17:16.408+0000] {dag.py:3239} INFO - Sync 1 DAGs
[2024-10-15T16:17:16.429+0000] {logging_mixin.py:190} INFO - [2024-10-15T16:17:16.429+0000] {dag.py:4180} INFO - Setting next_dagrun for example_sla_dag to 2024-10-15 16:14:00+00:00, run_after=2024-10-15 16:16:00+00:00
[2024-10-15T16:17:16.448+0000] {processor.py:208} INFO - Processing /home/airflow/.local/lib/python3.12/site-packages/airflow/example_dags/example_sla_dag.py took 0.068 seconds
[2024-10-15T16:17:47.265+0000] {processor.py:186} INFO - Started process (PID=323) to work on /home/airflow/.local/lib/python3.12/site-packages/airflow/example_dags/example_sla_dag.py
[2024-10-15T16:17:47.265+0000] {processor.py:914} INFO - Processing file /home/airflow/.local/lib/python3.12/site-packages/airflow/example_dags/example_sla_dag.py for tasks to queue
[2024-10-15T16:17:47.267+0000] {logging_mixin.py:190} INFO - [2024-10-15T16:17:47.267+0000] {dagbag.py:588} INFO - Filling up the DagBag from /home/airflow/.local/lib/python3.12/site-packages/airflow/example_dags/example_sla_dag.py
[2024-10-15T16:17:47.274+0000] {processor.py:925} INFO - DAG(s) 'example_sla_dag' retrieved from /home/airflow/.local/lib/python3.12/site-packages/airflow/example_dags/example_sla_dag.py
[2024-10-15T16:17:47.287+0000] {logging_mixin.py:190} INFO - [2024-10-15T16:17:47.287+0000] {dag.py:3239} INFO - Sync 1 DAGs
[2024-10-15T16:17:47.304+0000] {logging_mixin.py:190} INFO - [2024-10-15T16:17:47.304+0000] {dag.py:4180} INFO - Setting next_dagrun for example_sla_dag to 2024-10-15 16:14:00+00:00, run_after=2024-10-15 16:16:00+00:00
[2024-10-15T16:17:47.318+0000] {processor.py:208} INFO - Processing /home/airflow/.local/lib/python3.12/site-packages/airflow/example_dags/example_sla_dag.py took 0.058 seconds
[2024-10-15T16:18:18.070+0000] {processor.py:186} INFO - Started process (PID=385) to work on /home/airflow/.local/lib/python3.12/site-packages/airflow/example_dags/example_sla_dag.py
[2024-10-15T16:18:18.071+0000] {processor.py:914} INFO - Processing file /home/airflow/.local/lib/python3.12/site-packages/airflow/example_dags/example_sla_dag.py for tasks to queue
[2024-10-15T16:18:18.073+0000] {logging_mixin.py:190} INFO - [2024-10-15T16:18:18.073+0000] {dagbag.py:588} INFO - Filling up the DagBag from /home/airflow/.local/lib/python3.12/site-packages/airflow/example_dags/example_sla_dag.py
[2024-10-15T16:18:18.082+0000] {processor.py:925} INFO - DAG(s) 'example_sla_dag' retrieved from /home/airflow/.local/lib/python3.12/site-packages/airflow/example_dags/example_sla_dag.py
[2024-10-15T16:18:18.096+0000] {logging_mixin.py:190} INFO - [2024-10-15T16:18:18.096+0000] {dag.py:3239} INFO - Sync 1 DAGs
[2024-10-15T16:18:18.117+0000] {logging_mixin.py:190} INFO - [2024-10-15T16:18:18.116+0000] {dag.py:4180} INFO - Setting next_dagrun for example_sla_dag to 2024-10-15 16:16:00+00:00, run_after=2024-10-15 16:18:00+00:00
[2024-10-15T16:18:18.135+0000] {processor.py:208} INFO - Processing /home/airflow/.local/lib/python3.12/site-packages/airflow/example_dags/example_sla_dag.py took 0.069 seconds
[2024-10-15T16:18:48.345+0000] {processor.py:186} INFO - Started process (PID=447) to work on /home/airflow/.local/lib/python3.12/site-packages/airflow/example_dags/example_sla_dag.py
[2024-10-15T16:18:48.346+0000] {processor.py:914} INFO - Processing file /home/airflow/.local/lib/python3.12/site-packages/airflow/example_dags/example_sla_dag.py for tasks to queue
[2024-10-15T16:18:48.347+0000] {logging_mixin.py:190} INFO - [2024-10-15T16:18:48.347+0000] {dagbag.py:588} INFO - Filling up the DagBag from /home/airflow/.local/lib/python3.12/site-packages/airflow/example_dags/example_sla_dag.py
[2024-10-15T16:18:48.355+0000] {processor.py:925} INFO - DAG(s) 'example_sla_dag' retrieved from /home/airflow/.local/lib/python3.12/site-packages/airflow/example_dags/example_sla_dag.py
[2024-10-15T16:18:48.368+0000] {logging_mixin.py:190} INFO - [2024-10-15T16:18:48.368+0000] {dag.py:3239} INFO - Sync 1 DAGs
[2024-10-15T16:18:48.387+0000] {logging_mixin.py:190} INFO - [2024-10-15T16:18:48.386+0000] {dag.py:4180} INFO - Setting next_dagrun for example_sla_dag to 2024-10-15 16:16:00+00:00, run_after=2024-10-15 16:18:00+00:00
[2024-10-15T16:18:48.401+0000] {processor.py:208} INFO - Processing /home/airflow/.local/lib/python3.12/site-packages/airflow/example_dags/example_sla_dag.py took 0.060 seconds
[2024-10-15T16:19:19.326+0000] {processor.py:186} INFO - Started process (PID=509) to work on /home/airflow/.local/lib/python3.12/site-packages/airflow/example_dags/example_sla_dag.py
[2024-10-15T16:19:19.327+0000] {processor.py:914} INFO - Processing file /home/airflow/.local/lib/python3.12/site-packages/airflow/example_dags/example_sla_dag.py for tasks to queue
[2024-10-15T16:19:19.328+0000] {logging_mixin.py:190} INFO - [2024-10-15T16:19:19.328+0000] {dagbag.py:588} INFO - Filling up the DagBag from /home/airflow/.local/lib/python3.12/site-packages/airflow/example_dags/example_sla_dag.py
[2024-10-15T16:19:19.336+0000] {processor.py:925} INFO - DAG(s) 'example_sla_dag' retrieved from /home/airflow/.local/lib/python3.12/site-packages/airflow/example_dags/example_sla_dag.py
[2024-10-15T16:19:19.350+0000] {logging_mixin.py:190} INFO - [2024-10-15T16:19:19.350+0000] {dag.py:3239} INFO - Sync 1 DAGs
[2024-10-15T16:19:19.381+0000] {logging_mixin.py:190} INFO - [2024-10-15T16:19:19.381+0000] {dag.py:4180} INFO - Setting next_dagrun for example_sla_dag to 2024-10-15 16:16:00+00:00, run_after=2024-10-15 16:18:00+00:00
[2024-10-15T16:19:19.396+0000] {processor.py:208} INFO - Processing /home/airflow/.local/lib/python3.12/site-packages/airflow/example_dags/example_sla_dag.py took 0.074 seconds
[2024-10-15T16:19:50.308+0000] {processor.py:186} INFO - Started process (PID=571) to work on /home/airflow/.local/lib/python3.12/site-packages/airflow/example_dags/example_sla_dag.py
[2024-10-15T16:19:50.308+0000] {processor.py:914} INFO - Processing file /home/airflow/.local/lib/python3.12/site-packages/airflow/example_dags/example_sla_dag.py for tasks to queue
[2024-10-15T16:19:50.310+0000] {logging_mixin.py:190} INFO - [2024-10-15T16:19:50.310+0000] {dagbag.py:588} INFO - Filling up the DagBag from /home/airflow/.local/lib/python3.12/site-packages/airflow/example_dags/example_sla_dag.py
[2024-10-15T16:19:50.321+0000] {processor.py:925} INFO - DAG(s) 'example_sla_dag' retrieved from /home/airflow/.local/lib/python3.12/site-packages/airflow/example_dags/example_sla_dag.py
[2024-10-15T16:19:50.336+0000] {logging_mixin.py:190} INFO - [2024-10-15T16:19:50.336+0000] {dag.py:3239} INFO - Sync 1 DAGs
[2024-10-15T16:19:50.356+0000] {logging_mixin.py:190} INFO - [2024-10-15T16:19:50.355+0000] {dag.py:4180} INFO - Setting next_dagrun for example_sla_dag to 2024-10-15 16:16:00+00:00, run_after=2024-10-15 16:18:00+00:00
[2024-10-15T16:19:50.375+0000] {processor.py:208} INFO - Processing /home/airflow/.local/lib/python3.12/site-packages/airflow/example_dags/example_sla_dag.py took 0.073 seconds
[2024-10-15T16:20:21.362+0000] {processor.py:186} INFO - Started process (PID=633) to work on /home/airflow/.local/lib/python3.12/site-packages/airflow/example_dags/example_sla_dag.py
[2024-10-15T16:20:21.362+0000] {processor.py:914} INFO - Processing file /home/airflow/.local/lib/python3.12/site-packages/airflow/example_dags/example_sla_dag.py for tasks to queue
[2024-10-15T16:20:21.364+0000] {logging_mixin.py:190} INFO - [2024-10-15T16:20:21.364+0000] {dagbag.py:588} INFO - Filling up the DagBag from /home/airflow/.local/lib/python3.12/site-packages/airflow/example_dags/example_sla_dag.py
[2024-10-15T16:20:21.372+0000] {processor.py:925} INFO - DAG(s) 'example_sla_dag' retrieved from /home/airflow/.local/lib/python3.12/site-packages/airflow/example_dags/example_sla_dag.py
[2024-10-15T16:20:21.386+0000] {logging_mixin.py:190} INFO - [2024-10-15T16:20:21.385+0000] {dag.py:3239} INFO - Sync 1 DAGs
[2024-10-15T16:20:21.405+0000] {logging_mixin.py:190} INFO - [2024-10-15T16:20:21.405+0000] {dag.py:4180} INFO - Setting next_dagrun for example_sla_dag to 2024-10-15 16:18:00+00:00, run_after=2024-10-15 16:20:00+00:00
[2024-10-15T16:20:21.419+0000] {processor.py:208} INFO - Processing /home/airflow/.local/lib/python3.12/site-packages/airflow/example_dags/example_sla_dag.py took 0.063 seconds
[2024-10-15T16:20:52.380+0000] {processor.py:186} INFO - Started process (PID=695) to work on /home/airflow/.local/lib/python3.12/site-packages/airflow/example_dags/example_sla_dag.py
[2024-10-15T16:20:52.380+0000] {processor.py:914} INFO - Processing file /home/airflow/.local/lib/python3.12/site-packages/airflow/example_dags/example_sla_dag.py for tasks to queue
[2024-10-15T16:20:52.383+0000] {logging_mixin.py:190} INFO - [2024-10-15T16:20:52.383+0000] {dagbag.py:588} INFO - Filling up the DagBag from /home/airflow/.local/lib/python3.12/site-packages/airflow/example_dags/example_sla_dag.py
[2024-10-15T16:20:52.391+0000] {processor.py:925} INFO - DAG(s) 'example_sla_dag' retrieved from /home/airflow/.local/lib/python3.12/site-packages/airflow/example_dags/example_sla_dag.py
[2024-10-15T16:20:52.406+0000] {logging_mixin.py:190} INFO - [2024-10-15T16:20:52.406+0000] {dag.py:3239} INFO - Sync 1 DAGs
[2024-10-15T16:20:52.427+0000] {logging_mixin.py:190} INFO - [2024-10-15T16:20:52.427+0000] {dag.py:4180} INFO - Setting next_dagrun for example_sla_dag to 2024-10-15 16:18:00+00:00, run_after=2024-10-15 16:20:00+00:00
[2024-10-15T16:20:52.441+0000] {processor.py:208} INFO - Processing /home/airflow/.local/lib/python3.12/site-packages/airflow/example_dags/example_sla_dag.py took 0.065 seconds
[2024-10-15T16:21:23.307+0000] {processor.py:186} INFO - Started process (PID=757) to work on /home/airflow/.local/lib/python3.12/site-packages/airflow/example_dags/example_sla_dag.py
[2024-10-15T16:21:23.308+0000] {processor.py:914} INFO - Processing file /home/airflow/.local/lib/python3.12/site-packages/airflow/example_dags/example_sla_dag.py for tasks to queue
[2024-10-15T16:21:23.310+0000] {logging_mixin.py:190} INFO - [2024-10-15T16:21:23.310+0000] {dagbag.py:588} INFO - Filling up the DagBag from /home/airflow/.local/lib/python3.12/site-packages/airflow/example_dags/example_sla_dag.py
[2024-10-15T16:21:23.318+0000] {processor.py:925} INFO - DAG(s) 'example_sla_dag' retrieved from /home/airflow/.local/lib/python3.12/site-packages/airflow/example_dags/example_sla_dag.py
[2024-10-15T16:21:23.336+0000] {logging_mixin.py:190} INFO - [2024-10-15T16:21:23.336+0000] {dag.py:3239} INFO - Sync 1 DAGs
[2024-10-15T16:21:23.362+0000] {logging_mixin.py:190} INFO - [2024-10-15T16:21:23.362+0000] {dag.py:4180} INFO - Setting next_dagrun for example_sla_dag to 2024-10-15 16:18:00+00:00, run_after=2024-10-15 16:20:00+00:00
[2024-10-15T16:21:23.380+0000] {processor.py:208} INFO - Processing /home/airflow/.local/lib/python3.12/site-packages/airflow/example_dags/example_sla_dag.py took 0.077 seconds
[2024-10-15T16:21:54.289+0000] {processor.py:186} INFO - Started process (PID=819) to work on /home/airflow/.local/lib/python3.12/site-packages/airflow/example_dags/example_sla_dag.py
[2024-10-15T16:21:54.290+0000] {processor.py:914} INFO - Processing file /home/airflow/.local/lib/python3.12/site-packages/airflow/example_dags/example_sla_dag.py for tasks to queue
[2024-10-15T16:21:54.292+0000] {logging_mixin.py:190} INFO - [2024-10-15T16:21:54.291+0000] {dagbag.py:588} INFO - Filling up the DagBag from /home/airflow/.local/lib/python3.12/site-packages/airflow/example_dags/example_sla_dag.py
[2024-10-15T16:21:54.300+0000] {processor.py:925} INFO - DAG(s) 'example_sla_dag' retrieved from /home/airflow/.local/lib/python3.12/site-packages/airflow/example_dags/example_sla_dag.py
[2024-10-15T16:21:54.319+0000] {logging_mixin.py:190} INFO - [2024-10-15T16:21:54.319+0000] {dag.py:3239} INFO - Sync 1 DAGs
[2024-10-15T16:21:54.344+0000] {logging_mixin.py:190} INFO - [2024-10-15T16:21:54.344+0000] {dag.py:4180} INFO - Setting next_dagrun for example_sla_dag to 2024-10-15 16:18:00+00:00, run_after=2024-10-15 16:20:00+00:00
[2024-10-15T16:21:54.358+0000] {processor.py:208} INFO - Processing /home/airflow/.local/lib/python3.12/site-packages/airflow/example_dags/example_sla_dag.py took 0.074 seconds
[2024-10-15T16:22:24.533+0000] {processor.py:186} INFO - Started process (PID=881) to work on /home/airflow/.local/lib/python3.12/site-packages/airflow/example_dags/example_sla_dag.py
[2024-10-15T16:22:24.533+0000] {processor.py:914} INFO - Processing file /home/airflow/.local/lib/python3.12/site-packages/airflow/example_dags/example_sla_dag.py for tasks to queue
[2024-10-15T16:22:24.535+0000] {logging_mixin.py:190} INFO - [2024-10-15T16:22:24.535+0000] {dagbag.py:588} INFO - Filling up the DagBag from /home/airflow/.local/lib/python3.12/site-packages/airflow/example_dags/example_sla_dag.py
[2024-10-15T16:22:24.543+0000] {processor.py:925} INFO - DAG(s) 'example_sla_dag' retrieved from /home/airflow/.local/lib/python3.12/site-packages/airflow/example_dags/example_sla_dag.py
[2024-10-15T16:22:24.556+0000] {logging_mixin.py:190} INFO - [2024-10-15T16:22:24.556+0000] {dag.py:3239} INFO - Sync 1 DAGs
[2024-10-15T16:22:24.576+0000] {logging_mixin.py:190} INFO - [2024-10-15T16:22:24.576+0000] {dag.py:4180} INFO - Setting next_dagrun for example_sla_dag to 2024-10-15 16:20:00+00:00, run_after=2024-10-15 16:22:00+00:00
[2024-10-15T16:22:24.589+0000] {processor.py:208} INFO - Processing /home/airflow/.local/lib/python3.12/site-packages/airflow/example_dags/example_sla_dag.py took 0.061 seconds
[2024-10-15T16:22:55.619+0000] {processor.py:186} INFO - Started process (PID=943) to work on /home/airflow/.local/lib/python3.12/site-packages/airflow/example_dags/example_sla_dag.py
[2024-10-15T16:22:55.620+0000] {processor.py:914} INFO - Processing file /home/airflow/.local/lib/python3.12/site-packages/airflow/example_dags/example_sla_dag.py for tasks to queue
[2024-10-15T16:22:55.622+0000] {logging_mixin.py:190} INFO - [2024-10-15T16:22:55.621+0000] {dagbag.py:588} INFO - Filling up the DagBag from /home/airflow/.local/lib/python3.12/site-packages/airflow/example_dags/example_sla_dag.py
[2024-10-15T16:22:55.631+0000] {processor.py:925} INFO - DAG(s) 'example_sla_dag' retrieved from /home/airflow/.local/lib/python3.12/site-packages/airflow/example_dags/example_sla_dag.py
[2024-10-15T16:22:55.645+0000] {logging_mixin.py:190} INFO - [2024-10-15T16:22:55.644+0000] {dag.py:3239} INFO - Sync 1 DAGs
[2024-10-15T16:22:55.664+0000] {logging_mixin.py:190} INFO - [2024-10-15T16:22:55.664+0000] {dag.py:4180} INFO - Setting next_dagrun for example_sla_dag to 2024-10-15 16:20:00+00:00, run_after=2024-10-15 16:22:00+00:00
[2024-10-15T16:22:55.688+0000] {processor.py:208} INFO - Processing /home/airflow/.local/lib/python3.12/site-packages/airflow/example_dags/example_sla_dag.py took 0.073 seconds
[2024-10-15T16:23:26.517+0000] {processor.py:186} INFO - Started process (PID=1005) to work on /home/airflow/.local/lib/python3.12/site-packages/airflow/example_dags/example_sla_dag.py
[2024-10-15T16:23:26.518+0000] {processor.py:914} INFO - Processing file /home/airflow/.local/lib/python3.12/site-packages/airflow/example_dags/example_sla_dag.py for tasks to queue
[2024-10-15T16:23:26.520+0000] {logging_mixin.py:190} INFO - [2024-10-15T16:23:26.520+0000] {dagbag.py:588} INFO - Filling up the DagBag from /home/airflow/.local/lib/python3.12/site-packages/airflow/example_dags/example_sla_dag.py
[2024-10-15T16:23:26.528+0000] {processor.py:925} INFO - DAG(s) 'example_sla_dag' retrieved from /home/airflow/.local/lib/python3.12/site-packages/airflow/example_dags/example_sla_dag.py
[2024-10-15T16:23:26.544+0000] {logging_mixin.py:190} INFO - [2024-10-15T16:23:26.544+0000] {dag.py:3239} INFO - Sync 1 DAGs
[2024-10-15T16:23:26.564+0000] {logging_mixin.py:190} INFO - [2024-10-15T16:23:26.564+0000] {dag.py:4180} INFO - Setting next_dagrun for example_sla_dag to 2024-10-15 16:20:00+00:00, run_after=2024-10-15 16:22:00+00:00
[2024-10-15T16:23:26.579+0000] {processor.py:208} INFO - Processing /home/airflow/.local/lib/python3.12/site-packages/airflow/example_dags/example_sla_dag.py took 0.068 seconds
[2024-10-15T16:23:56.845+0000] {processor.py:186} INFO - Started process (PID=1067) to work on /home/airflow/.local/lib/python3.12/site-packages/airflow/example_dags/example_sla_dag.py
[2024-10-15T16:23:56.845+0000] {processor.py:914} INFO - Processing file /home/airflow/.local/lib/python3.12/site-packages/airflow/example_dags/example_sla_dag.py for tasks to queue
[2024-10-15T16:23:56.848+0000] {logging_mixin.py:190} INFO - [2024-10-15T16:23:56.847+0000] {dagbag.py:588} INFO - Filling up the DagBag from /home/airflow/.local/lib/python3.12/site-packages/airflow/example_dags/example_sla_dag.py
[2024-10-15T16:23:56.855+0000] {processor.py:925} INFO - DAG(s) 'example_sla_dag' retrieved from /home/airflow/.local/lib/python3.12/site-packages/airflow/example_dags/example_sla_dag.py
[2024-10-15T16:23:56.869+0000] {logging_mixin.py:190} INFO - [2024-10-15T16:23:56.869+0000] {dag.py:3239} INFO - Sync 1 DAGs
[2024-10-15T16:23:56.891+0000] {logging_mixin.py:190} INFO - [2024-10-15T16:23:56.891+0000] {dag.py:4180} INFO - Setting next_dagrun for example_sla_dag to 2024-10-15 16:20:00+00:00, run_after=2024-10-15 16:22:00+00:00
[2024-10-15T16:23:56.906+0000] {processor.py:208} INFO - Processing /home/airflow/.local/lib/python3.12/site-packages/airflow/example_dags/example_sla_dag.py took 0.067 seconds
[2024-10-15T16:24:27.133+0000] {processor.py:186} INFO - Started process (PID=1129) to work on /home/airflow/.local/lib/python3.12/site-packages/airflow/example_dags/example_sla_dag.py
[2024-10-15T16:24:27.134+0000] {processor.py:914} INFO - Processing file /home/airflow/.local/lib/python3.12/site-packages/airflow/example_dags/example_sla_dag.py for tasks to queue
[2024-10-15T16:24:27.137+0000] {logging_mixin.py:190} INFO - [2024-10-15T16:24:27.136+0000] {dagbag.py:588} INFO - Filling up the DagBag from /home/airflow/.local/lib/python3.12/site-packages/airflow/example_dags/example_sla_dag.py
[2024-10-15T16:24:27.144+0000] {processor.py:925} INFO - DAG(s) 'example_sla_dag' retrieved from /home/airflow/.local/lib/python3.12/site-packages/airflow/example_dags/example_sla_dag.py
[2024-10-15T16:24:27.158+0000] {logging_mixin.py:190} INFO - [2024-10-15T16:24:27.158+0000] {dag.py:3239} INFO - Sync 1 DAGs
[2024-10-15T16:24:27.177+0000] {logging_mixin.py:190} INFO - [2024-10-15T16:24:27.177+0000] {dag.py:4180} INFO - Setting next_dagrun for example_sla_dag to 2024-10-15 16:22:00+00:00, run_after=2024-10-15 16:24:00+00:00
[2024-10-15T16:24:27.191+0000] {processor.py:208} INFO - Processing /home/airflow/.local/lib/python3.12/site-packages/airflow/example_dags/example_sla_dag.py took 0.062 seconds
[2024-10-15T16:24:57.895+0000] {processor.py:186} INFO - Started process (PID=1191) to work on /home/airflow/.local/lib/python3.12/site-packages/airflow/example_dags/example_sla_dag.py
[2024-10-15T16:24:57.895+0000] {processor.py:914} INFO - Processing file /home/airflow/.local/lib/python3.12/site-packages/airflow/example_dags/example_sla_dag.py for tasks to queue
[2024-10-15T16:24:57.897+0000] {logging_mixin.py:190} INFO - [2024-10-15T16:24:57.897+0000] {dagbag.py:588} INFO - Filling up the DagBag from /home/airflow/.local/lib/python3.12/site-packages/airflow/example_dags/example_sla_dag.py
[2024-10-15T16:24:57.904+0000] {processor.py:925} INFO - DAG(s) 'example_sla_dag' retrieved from /home/airflow/.local/lib/python3.12/site-packages/airflow/example_dags/example_sla_dag.py
[2024-10-15T16:24:57.919+0000] {logging_mixin.py:190} INFO - [2024-10-15T16:24:57.919+0000] {dag.py:3239} INFO - Sync 1 DAGs
[2024-10-15T16:24:57.940+0000] {logging_mixin.py:190} INFO - [2024-10-15T16:24:57.940+0000] {dag.py:4180} INFO - Setting next_dagrun for example_sla_dag to 2024-10-15 16:22:00+00:00, run_after=2024-10-15 16:24:00+00:00
[2024-10-15T16:24:57.952+0000] {processor.py:208} INFO - Processing /home/airflow/.local/lib/python3.12/site-packages/airflow/example_dags/example_sla_dag.py took 0.061 seconds
[2024-10-15T16:25:28.547+0000] {processor.py:186} INFO - Started process (PID=1253) to work on /home/airflow/.local/lib/python3.12/site-packages/airflow/example_dags/example_sla_dag.py
[2024-10-15T16:25:28.548+0000] {processor.py:914} INFO - Processing file /home/airflow/.local/lib/python3.12/site-packages/airflow/example_dags/example_sla_dag.py for tasks to queue
[2024-10-15T16:25:28.549+0000] {logging_mixin.py:190} INFO - [2024-10-15T16:25:28.549+0000] {dagbag.py:588} INFO - Filling up the DagBag from /home/airflow/.local/lib/python3.12/site-packages/airflow/example_dags/example_sla_dag.py
[2024-10-15T16:25:28.556+0000] {processor.py:925} INFO - DAG(s) 'example_sla_dag' retrieved from /home/airflow/.local/lib/python3.12/site-packages/airflow/example_dags/example_sla_dag.py
[2024-10-15T16:25:28.571+0000] {logging_mixin.py:190} INFO - [2024-10-15T16:25:28.570+0000] {dag.py:3239} INFO - Sync 1 DAGs
[2024-10-15T16:25:28.588+0000] {logging_mixin.py:190} INFO - [2024-10-15T16:25:28.588+0000] {dag.py:4180} INFO - Setting next_dagrun for example_sla_dag to 2024-10-15 16:22:00+00:00, run_after=2024-10-15 16:24:00+00:00
[2024-10-15T16:25:28.600+0000] {processor.py:208} INFO - Processing /home/airflow/.local/lib/python3.12/site-packages/airflow/example_dags/example_sla_dag.py took 0.058 seconds
[2024-10-15T16:25:59.330+0000] {processor.py:186} INFO - Started process (PID=1315) to work on /home/airflow/.local/lib/python3.12/site-packages/airflow/example_dags/example_sla_dag.py
[2024-10-15T16:25:59.331+0000] {processor.py:914} INFO - Processing file /home/airflow/.local/lib/python3.12/site-packages/airflow/example_dags/example_sla_dag.py for tasks to queue
[2024-10-15T16:25:59.332+0000] {logging_mixin.py:190} INFO - [2024-10-15T16:25:59.332+0000] {dagbag.py:588} INFO - Filling up the DagBag from /home/airflow/.local/lib/python3.12/site-packages/airflow/example_dags/example_sla_dag.py
[2024-10-15T16:25:59.339+0000] {processor.py:925} INFO - DAG(s) 'example_sla_dag' retrieved from /home/airflow/.local/lib/python3.12/site-packages/airflow/example_dags/example_sla_dag.py
[2024-10-15T16:25:59.352+0000] {logging_mixin.py:190} INFO - [2024-10-15T16:25:59.352+0000] {dag.py:3239} INFO - Sync 1 DAGs
[2024-10-15T16:25:59.372+0000] {logging_mixin.py:190} INFO - [2024-10-15T16:25:59.371+0000] {dag.py:4180} INFO - Setting next_dagrun for example_sla_dag to 2024-10-15 16:22:00+00:00, run_after=2024-10-15 16:24:00+00:00
[2024-10-15T16:25:59.389+0000] {processor.py:208} INFO - Processing /home/airflow/.local/lib/python3.12/site-packages/airflow/example_dags/example_sla_dag.py took 0.063 seconds
[2024-10-15T16:26:30.037+0000] {processor.py:186} INFO - Started process (PID=1377) to work on /home/airflow/.local/lib/python3.12/site-packages/airflow/example_dags/example_sla_dag.py
[2024-10-15T16:26:30.038+0000] {processor.py:914} INFO - Processing file /home/airflow/.local/lib/python3.12/site-packages/airflow/example_dags/example_sla_dag.py for tasks to queue
[2024-10-15T16:26:30.040+0000] {logging_mixin.py:190} INFO - [2024-10-15T16:26:30.039+0000] {dagbag.py:588} INFO - Filling up the DagBag from /home/airflow/.local/lib/python3.12/site-packages/airflow/example_dags/example_sla_dag.py
[2024-10-15T16:26:30.047+0000] {processor.py:925} INFO - DAG(s) 'example_sla_dag' retrieved from /home/airflow/.local/lib/python3.12/site-packages/airflow/example_dags/example_sla_dag.py
[2024-10-15T16:26:30.060+0000] {logging_mixin.py:190} INFO - [2024-10-15T16:26:30.059+0000] {dag.py:3239} INFO - Sync 1 DAGs
[2024-10-15T16:26:30.080+0000] {logging_mixin.py:190} INFO - [2024-10-15T16:26:30.080+0000] {dag.py:4180} INFO - Setting next_dagrun for example_sla_dag to 2024-10-15 16:24:00+00:00, run_after=2024-10-15 16:26:00+00:00
[2024-10-15T16:26:30.094+0000] {processor.py:208} INFO - Processing /home/airflow/.local/lib/python3.12/site-packages/airflow/example_dags/example_sla_dag.py took 0.061 seconds
[2024-10-15T16:27:01.009+0000] {processor.py:186} INFO - Started process (PID=1439) to work on /home/airflow/.local/lib/python3.12/site-packages/airflow/example_dags/example_sla_dag.py
[2024-10-15T16:27:01.010+0000] {processor.py:914} INFO - Processing file /home/airflow/.local/lib/python3.12/site-packages/airflow/example_dags/example_sla_dag.py for tasks to queue
[2024-10-15T16:27:01.012+0000] {logging_mixin.py:190} INFO - [2024-10-15T16:27:01.011+0000] {dagbag.py:588} INFO - Filling up the DagBag from /home/airflow/.local/lib/python3.12/site-packages/airflow/example_dags/example_sla_dag.py
[2024-10-15T16:27:01.020+0000] {processor.py:925} INFO - DAG(s) 'example_sla_dag' retrieved from /home/airflow/.local/lib/python3.12/site-packages/airflow/example_dags/example_sla_dag.py
[2024-10-15T16:27:01.034+0000] {logging_mixin.py:190} INFO - [2024-10-15T16:27:01.034+0000] {dag.py:3239} INFO - Sync 1 DAGs
[2024-10-15T16:27:01.052+0000] {logging_mixin.py:190} INFO - [2024-10-15T16:27:01.052+0000] {dag.py:4180} INFO - Setting next_dagrun for example_sla_dag to 2024-10-15 16:24:00+00:00, run_after=2024-10-15 16:26:00+00:00
[2024-10-15T16:27:01.065+0000] {processor.py:208} INFO - Processing /home/airflow/.local/lib/python3.12/site-packages/airflow/example_dags/example_sla_dag.py took 0.060 seconds
[2024-10-15T16:27:31.402+0000] {processor.py:186} INFO - Started process (PID=1501) to work on /home/airflow/.local/lib/python3.12/site-packages/airflow/example_dags/example_sla_dag.py
[2024-10-15T16:27:31.403+0000] {processor.py:914} INFO - Processing file /home/airflow/.local/lib/python3.12/site-packages/airflow/example_dags/example_sla_dag.py for tasks to queue
[2024-10-15T16:27:31.405+0000] {logging_mixin.py:190} INFO - [2024-10-15T16:27:31.404+0000] {dagbag.py:588} INFO - Filling up the DagBag from /home/airflow/.local/lib/python3.12/site-packages/airflow/example_dags/example_sla_dag.py
[2024-10-15T16:27:31.412+0000] {processor.py:925} INFO - DAG(s) 'example_sla_dag' retrieved from /home/airflow/.local/lib/python3.12/site-packages/airflow/example_dags/example_sla_dag.py
[2024-10-15T16:27:31.426+0000] {logging_mixin.py:190} INFO - [2024-10-15T16:27:31.426+0000] {dag.py:3239} INFO - Sync 1 DAGs
[2024-10-15T16:27:31.446+0000] {logging_mixin.py:190} INFO - [2024-10-15T16:27:31.446+0000] {dag.py:4180} INFO - Setting next_dagrun for example_sla_dag to 2024-10-15 16:24:00+00:00, run_after=2024-10-15 16:26:00+00:00
[2024-10-15T16:27:31.466+0000] {processor.py:208} INFO - Processing /home/airflow/.local/lib/python3.12/site-packages/airflow/example_dags/example_sla_dag.py took 0.069 seconds
[2024-10-15T16:28:01.593+0000] {processor.py:186} INFO - Started process (PID=1563) to work on /home/airflow/.local/lib/python3.12/site-packages/airflow/example_dags/example_sla_dag.py
[2024-10-15T16:28:01.594+0000] {processor.py:914} INFO - Processing file /home/airflow/.local/lib/python3.12/site-packages/airflow/example_dags/example_sla_dag.py for tasks to queue
[2024-10-15T16:28:01.595+0000] {logging_mixin.py:190} INFO - [2024-10-15T16:28:01.595+0000] {dagbag.py:588} INFO - Filling up the DagBag from /home/airflow/.local/lib/python3.12/site-packages/airflow/example_dags/example_sla_dag.py
[2024-10-15T16:28:01.602+0000] {processor.py:925} INFO - DAG(s) 'example_sla_dag' retrieved from /home/airflow/.local/lib/python3.12/site-packages/airflow/example_dags/example_sla_dag.py
[2024-10-15T16:28:01.615+0000] {logging_mixin.py:190} INFO - [2024-10-15T16:28:01.615+0000] {dag.py:3239} INFO - Sync 1 DAGs
[2024-10-15T16:28:01.633+0000] {logging_mixin.py:190} INFO - [2024-10-15T16:28:01.633+0000] {dag.py:4180} INFO - Setting next_dagrun for example_sla_dag to 2024-10-15 16:26:00+00:00, run_after=2024-10-15 16:28:00+00:00
[2024-10-15T16:28:01.648+0000] {processor.py:208} INFO - Processing /home/airflow/.local/lib/python3.12/site-packages/airflow/example_dags/example_sla_dag.py took 0.059 seconds
[2024-10-15T16:28:32.035+0000] {processor.py:186} INFO - Started process (PID=1625) to work on /home/airflow/.local/lib/python3.12/site-packages/airflow/example_dags/example_sla_dag.py
[2024-10-15T16:28:32.035+0000] {processor.py:914} INFO - Processing file /home/airflow/.local/lib/python3.12/site-packages/airflow/example_dags/example_sla_dag.py for tasks to queue
[2024-10-15T16:28:32.037+0000] {logging_mixin.py:190} INFO - [2024-10-15T16:28:32.037+0000] {dagbag.py:588} INFO - Filling up the DagBag from /home/airflow/.local/lib/python3.12/site-packages/airflow/example_dags/example_sla_dag.py
[2024-10-15T16:28:32.046+0000] {processor.py:925} INFO - DAG(s) 'example_sla_dag' retrieved from /home/airflow/.local/lib/python3.12/site-packages/airflow/example_dags/example_sla_dag.py
[2024-10-15T16:28:32.063+0000] {logging_mixin.py:190} INFO - [2024-10-15T16:28:32.063+0000] {dag.py:3239} INFO - Sync 1 DAGs
[2024-10-15T16:28:32.084+0000] {logging_mixin.py:190} INFO - [2024-10-15T16:28:32.083+0000] {dag.py:4180} INFO - Setting next_dagrun for example_sla_dag to 2024-10-15 16:26:00+00:00, run_after=2024-10-15 16:28:00+00:00
[2024-10-15T16:28:32.166+0000] {processor.py:208} INFO - Processing /home/airflow/.local/lib/python3.12/site-packages/airflow/example_dags/example_sla_dag.py took 0.136 seconds
[2024-10-15T16:29:03.134+0000] {processor.py:186} INFO - Started process (PID=1687) to work on /home/airflow/.local/lib/python3.12/site-packages/airflow/example_dags/example_sla_dag.py
[2024-10-15T16:29:03.135+0000] {processor.py:914} INFO - Processing file /home/airflow/.local/lib/python3.12/site-packages/airflow/example_dags/example_sla_dag.py for tasks to queue
[2024-10-15T16:29:03.137+0000] {logging_mixin.py:190} INFO - [2024-10-15T16:29:03.136+0000] {dagbag.py:588} INFO - Filling up the DagBag from /home/airflow/.local/lib/python3.12/site-packages/airflow/example_dags/example_sla_dag.py
[2024-10-15T16:29:03.145+0000] {processor.py:925} INFO - DAG(s) 'example_sla_dag' retrieved from /home/airflow/.local/lib/python3.12/site-packages/airflow/example_dags/example_sla_dag.py
[2024-10-15T16:29:03.161+0000] {logging_mixin.py:190} INFO - [2024-10-15T16:29:03.161+0000] {dag.py:3239} INFO - Sync 1 DAGs
[2024-10-15T16:29:03.180+0000] {logging_mixin.py:190} INFO - [2024-10-15T16:29:03.180+0000] {dag.py:4180} INFO - Setting next_dagrun for example_sla_dag to 2024-10-15 16:26:00+00:00, run_after=2024-10-15 16:28:00+00:00
[2024-10-15T16:29:03.197+0000] {processor.py:208} INFO - Processing /home/airflow/.local/lib/python3.12/site-packages/airflow/example_dags/example_sla_dag.py took 0.067 seconds
[2024-10-15T16:29:33.331+0000] {processor.py:186} INFO - Started process (PID=1748) to work on /home/airflow/.local/lib/python3.12/site-packages/airflow/example_dags/example_sla_dag.py
[2024-10-15T16:29:33.332+0000] {processor.py:914} INFO - Processing file /home/airflow/.local/lib/python3.12/site-packages/airflow/example_dags/example_sla_dag.py for tasks to queue
[2024-10-15T16:29:33.334+0000] {logging_mixin.py:190} INFO - [2024-10-15T16:29:33.334+0000] {dagbag.py:588} INFO - Filling up the DagBag from /home/airflow/.local/lib/python3.12/site-packages/airflow/example_dags/example_sla_dag.py
[2024-10-15T16:29:33.341+0000] {processor.py:925} INFO - DAG(s) 'example_sla_dag' retrieved from /home/airflow/.local/lib/python3.12/site-packages/airflow/example_dags/example_sla_dag.py
[2024-10-15T16:29:33.355+0000] {logging_mixin.py:190} INFO - [2024-10-15T16:29:33.355+0000] {dag.py:3239} INFO - Sync 1 DAGs
[2024-10-15T16:29:33.375+0000] {logging_mixin.py:190} INFO - [2024-10-15T16:29:33.374+0000] {dag.py:4180} INFO - Setting next_dagrun for example_sla_dag to 2024-10-15 16:26:00+00:00, run_after=2024-10-15 16:28:00+00:00
[2024-10-15T16:29:33.392+0000] {processor.py:208} INFO - Processing /home/airflow/.local/lib/python3.12/site-packages/airflow/example_dags/example_sla_dag.py took 0.065 seconds
