[2024-10-15T16:15:44.826+0000] {processor.py:186} INFO - Started process (PID=79) to work on /home/airflow/.local/lib/python3.12/site-packages/airflow/example_dags/example_nested_branch_dag.py
[2024-10-15T16:15:44.827+0000] {processor.py:914} INFO - Processing file /home/airflow/.local/lib/python3.12/site-packages/airflow/example_dags/example_nested_branch_dag.py for tasks to queue
[2024-10-15T16:15:44.829+0000] {logging_mixin.py:190} INFO - [2024-10-15T16:15:44.828+0000] {dagbag.py:588} INFO - Filling up the DagBag from /home/airflow/.local/lib/python3.12/site-packages/airflow/example_dags/example_nested_branch_dag.py
[2024-10-15T16:15:44.838+0000] {processor.py:925} INFO - DAG(s) 'example_nested_branch_dag' retrieved from /home/airflow/.local/lib/python3.12/site-packages/airflow/example_dags/example_nested_branch_dag.py
[2024-10-15T16:15:44.919+0000] {logging_mixin.py:190} INFO - [2024-10-15T16:15:44.918+0000] {override.py:1900} INFO - Created Permission View: can read on DAG:example_nested_branch_dag
[2024-10-15T16:15:44.926+0000] {logging_mixin.py:190} INFO - [2024-10-15T16:15:44.926+0000] {override.py:1900} INFO - Created Permission View: can delete on DAG:example_nested_branch_dag
[2024-10-15T16:15:44.932+0000] {logging_mixin.py:190} INFO - [2024-10-15T16:15:44.932+0000] {override.py:1900} INFO - Created Permission View: can edit on DAG:example_nested_branch_dag
[2024-10-15T16:15:44.938+0000] {logging_mixin.py:190} INFO - [2024-10-15T16:15:44.938+0000] {override.py:1900} INFO - Created Permission View: can read on DAG Run:example_nested_branch_dag
[2024-10-15T16:15:44.944+0000] {logging_mixin.py:190} INFO - [2024-10-15T16:15:44.944+0000] {override.py:1900} INFO - Created Permission View: can create on DAG Run:example_nested_branch_dag
[2024-10-15T16:15:44.952+0000] {logging_mixin.py:190} INFO - [2024-10-15T16:15:44.951+0000] {override.py:1900} INFO - Created Permission View: menu access on DAG Run:example_nested_branch_dag
[2024-10-15T16:15:44.957+0000] {logging_mixin.py:190} INFO - [2024-10-15T16:15:44.956+0000] {override.py:1900} INFO - Created Permission View: can delete on DAG Run:example_nested_branch_dag
[2024-10-15T16:15:44.957+0000] {logging_mixin.py:190} INFO - [2024-10-15T16:15:44.957+0000] {dag.py:3239} INFO - Sync 1 DAGs
[2024-10-15T16:15:44.968+0000] {logging_mixin.py:190} INFO - [2024-10-15T16:15:44.968+0000] {dag.py:3262} INFO - Creating ORM DAG for example_nested_branch_dag
[2024-10-15T16:15:44.978+0000] {logging_mixin.py:190} INFO - [2024-10-15T16:15:44.978+0000] {dag.py:4180} INFO - Setting next_dagrun for example_nested_branch_dag to 2024-10-14 00:00:00+00:00, run_after=2024-10-15 00:00:00+00:00
[2024-10-15T16:15:44.990+0000] {processor.py:208} INFO - Processing /home/airflow/.local/lib/python3.12/site-packages/airflow/example_dags/example_nested_branch_dag.py took 0.168 seconds
[2024-10-15T16:16:15.306+0000] {processor.py:186} INFO - Started process (PID=141) to work on /home/airflow/.local/lib/python3.12/site-packages/airflow/example_dags/example_nested_branch_dag.py
[2024-10-15T16:16:15.307+0000] {processor.py:914} INFO - Processing file /home/airflow/.local/lib/python3.12/site-packages/airflow/example_dags/example_nested_branch_dag.py for tasks to queue
[2024-10-15T16:16:15.309+0000] {logging_mixin.py:190} INFO - [2024-10-15T16:16:15.309+0000] {dagbag.py:588} INFO - Filling up the DagBag from /home/airflow/.local/lib/python3.12/site-packages/airflow/example_dags/example_nested_branch_dag.py
[2024-10-15T16:16:15.318+0000] {processor.py:925} INFO - DAG(s) 'example_nested_branch_dag' retrieved from /home/airflow/.local/lib/python3.12/site-packages/airflow/example_dags/example_nested_branch_dag.py
[2024-10-15T16:16:15.336+0000] {logging_mixin.py:190} INFO - [2024-10-15T16:16:15.336+0000] {dag.py:3239} INFO - Sync 1 DAGs
[2024-10-15T16:16:15.352+0000] {logging_mixin.py:190} INFO - [2024-10-15T16:16:15.352+0000] {dag.py:4180} INFO - Setting next_dagrun for example_nested_branch_dag to 2024-10-14 00:00:00+00:00, run_after=2024-10-15 00:00:00+00:00
[2024-10-15T16:16:15.371+0000] {processor.py:208} INFO - Processing /home/airflow/.local/lib/python3.12/site-packages/airflow/example_dags/example_nested_branch_dag.py took 0.072 seconds
[2024-10-15T16:16:46.084+0000] {processor.py:186} INFO - Started process (PID=203) to work on /home/airflow/.local/lib/python3.12/site-packages/airflow/example_dags/example_nested_branch_dag.py
[2024-10-15T16:16:46.085+0000] {processor.py:914} INFO - Processing file /home/airflow/.local/lib/python3.12/site-packages/airflow/example_dags/example_nested_branch_dag.py for tasks to queue
[2024-10-15T16:16:46.086+0000] {logging_mixin.py:190} INFO - [2024-10-15T16:16:46.086+0000] {dagbag.py:588} INFO - Filling up the DagBag from /home/airflow/.local/lib/python3.12/site-packages/airflow/example_dags/example_nested_branch_dag.py
[2024-10-15T16:16:46.094+0000] {processor.py:925} INFO - DAG(s) 'example_nested_branch_dag' retrieved from /home/airflow/.local/lib/python3.12/site-packages/airflow/example_dags/example_nested_branch_dag.py
[2024-10-15T16:16:46.108+0000] {logging_mixin.py:190} INFO - [2024-10-15T16:16:46.108+0000] {dag.py:3239} INFO - Sync 1 DAGs
[2024-10-15T16:16:46.124+0000] {logging_mixin.py:190} INFO - [2024-10-15T16:16:46.124+0000] {dag.py:4180} INFO - Setting next_dagrun for example_nested_branch_dag to 2024-10-14 00:00:00+00:00, run_after=2024-10-15 00:00:00+00:00
[2024-10-15T16:16:46.139+0000] {processor.py:208} INFO - Processing /home/airflow/.local/lib/python3.12/site-packages/airflow/example_dags/example_nested_branch_dag.py took 0.059 seconds
[2024-10-15T16:17:16.824+0000] {processor.py:186} INFO - Started process (PID=271) to work on /home/airflow/.local/lib/python3.12/site-packages/airflow/example_dags/example_nested_branch_dag.py
[2024-10-15T16:17:16.825+0000] {processor.py:914} INFO - Processing file /home/airflow/.local/lib/python3.12/site-packages/airflow/example_dags/example_nested_branch_dag.py for tasks to queue
[2024-10-15T16:17:16.826+0000] {logging_mixin.py:190} INFO - [2024-10-15T16:17:16.826+0000] {dagbag.py:588} INFO - Filling up the DagBag from /home/airflow/.local/lib/python3.12/site-packages/airflow/example_dags/example_nested_branch_dag.py
[2024-10-15T16:17:16.834+0000] {processor.py:925} INFO - DAG(s) 'example_nested_branch_dag' retrieved from /home/airflow/.local/lib/python3.12/site-packages/airflow/example_dags/example_nested_branch_dag.py
[2024-10-15T16:17:16.848+0000] {logging_mixin.py:190} INFO - [2024-10-15T16:17:16.847+0000] {dag.py:3239} INFO - Sync 1 DAGs
[2024-10-15T16:17:16.866+0000] {logging_mixin.py:190} INFO - [2024-10-15T16:17:16.866+0000] {dag.py:4180} INFO - Setting next_dagrun for example_nested_branch_dag to 2024-10-14 00:00:00+00:00, run_after=2024-10-15 00:00:00+00:00
[2024-10-15T16:17:16.884+0000] {processor.py:208} INFO - Processing /home/airflow/.local/lib/python3.12/site-packages/airflow/example_dags/example_nested_branch_dag.py took 0.064 seconds
[2024-10-15T16:17:47.756+0000] {processor.py:186} INFO - Started process (PID=333) to work on /home/airflow/.local/lib/python3.12/site-packages/airflow/example_dags/example_nested_branch_dag.py
[2024-10-15T16:17:47.757+0000] {processor.py:914} INFO - Processing file /home/airflow/.local/lib/python3.12/site-packages/airflow/example_dags/example_nested_branch_dag.py for tasks to queue
[2024-10-15T16:17:47.759+0000] {logging_mixin.py:190} INFO - [2024-10-15T16:17:47.759+0000] {dagbag.py:588} INFO - Filling up the DagBag from /home/airflow/.local/lib/python3.12/site-packages/airflow/example_dags/example_nested_branch_dag.py
[2024-10-15T16:17:47.767+0000] {processor.py:925} INFO - DAG(s) 'example_nested_branch_dag' retrieved from /home/airflow/.local/lib/python3.12/site-packages/airflow/example_dags/example_nested_branch_dag.py
[2024-10-15T16:17:47.781+0000] {logging_mixin.py:190} INFO - [2024-10-15T16:17:47.780+0000] {dag.py:3239} INFO - Sync 1 DAGs
[2024-10-15T16:17:47.799+0000] {logging_mixin.py:190} INFO - [2024-10-15T16:17:47.799+0000] {dag.py:4180} INFO - Setting next_dagrun for example_nested_branch_dag to 2024-10-14 00:00:00+00:00, run_after=2024-10-15 00:00:00+00:00
[2024-10-15T16:17:47.815+0000] {processor.py:208} INFO - Processing /home/airflow/.local/lib/python3.12/site-packages/airflow/example_dags/example_nested_branch_dag.py took 0.064 seconds
[2024-10-15T16:18:18.580+0000] {processor.py:186} INFO - Started process (PID=395) to work on /home/airflow/.local/lib/python3.12/site-packages/airflow/example_dags/example_nested_branch_dag.py
[2024-10-15T16:18:18.581+0000] {processor.py:914} INFO - Processing file /home/airflow/.local/lib/python3.12/site-packages/airflow/example_dags/example_nested_branch_dag.py for tasks to queue
[2024-10-15T16:18:18.583+0000] {logging_mixin.py:190} INFO - [2024-10-15T16:18:18.582+0000] {dagbag.py:588} INFO - Filling up the DagBag from /home/airflow/.local/lib/python3.12/site-packages/airflow/example_dags/example_nested_branch_dag.py
[2024-10-15T16:18:18.592+0000] {processor.py:925} INFO - DAG(s) 'example_nested_branch_dag' retrieved from /home/airflow/.local/lib/python3.12/site-packages/airflow/example_dags/example_nested_branch_dag.py
[2024-10-15T16:18:18.608+0000] {logging_mixin.py:190} INFO - [2024-10-15T16:18:18.608+0000] {dag.py:3239} INFO - Sync 1 DAGs
[2024-10-15T16:18:18.629+0000] {logging_mixin.py:190} INFO - [2024-10-15T16:18:18.628+0000] {dag.py:4180} INFO - Setting next_dagrun for example_nested_branch_dag to 2024-10-14 00:00:00+00:00, run_after=2024-10-15 00:00:00+00:00
[2024-10-15T16:18:18.643+0000] {processor.py:208} INFO - Processing /home/airflow/.local/lib/python3.12/site-packages/airflow/example_dags/example_nested_branch_dag.py took 0.068 seconds
[2024-10-15T16:18:48.860+0000] {processor.py:186} INFO - Started process (PID=457) to work on /home/airflow/.local/lib/python3.12/site-packages/airflow/example_dags/example_nested_branch_dag.py
[2024-10-15T16:18:48.860+0000] {processor.py:914} INFO - Processing file /home/airflow/.local/lib/python3.12/site-packages/airflow/example_dags/example_nested_branch_dag.py for tasks to queue
[2024-10-15T16:18:48.863+0000] {logging_mixin.py:190} INFO - [2024-10-15T16:18:48.862+0000] {dagbag.py:588} INFO - Filling up the DagBag from /home/airflow/.local/lib/python3.12/site-packages/airflow/example_dags/example_nested_branch_dag.py
[2024-10-15T16:18:48.874+0000] {processor.py:925} INFO - DAG(s) 'example_nested_branch_dag' retrieved from /home/airflow/.local/lib/python3.12/site-packages/airflow/example_dags/example_nested_branch_dag.py
[2024-10-15T16:18:48.888+0000] {logging_mixin.py:190} INFO - [2024-10-15T16:18:48.888+0000] {dag.py:3239} INFO - Sync 1 DAGs
[2024-10-15T16:18:48.904+0000] {logging_mixin.py:190} INFO - [2024-10-15T16:18:48.904+0000] {dag.py:4180} INFO - Setting next_dagrun for example_nested_branch_dag to 2024-10-14 00:00:00+00:00, run_after=2024-10-15 00:00:00+00:00
[2024-10-15T16:18:48.915+0000] {processor.py:208} INFO - Processing /home/airflow/.local/lib/python3.12/site-packages/airflow/example_dags/example_nested_branch_dag.py took 0.060 seconds
[2024-10-15T16:19:19.918+0000] {processor.py:186} INFO - Started process (PID=519) to work on /home/airflow/.local/lib/python3.12/site-packages/airflow/example_dags/example_nested_branch_dag.py
[2024-10-15T16:19:19.918+0000] {processor.py:914} INFO - Processing file /home/airflow/.local/lib/python3.12/site-packages/airflow/example_dags/example_nested_branch_dag.py for tasks to queue
[2024-10-15T16:19:19.920+0000] {logging_mixin.py:190} INFO - [2024-10-15T16:19:19.920+0000] {dagbag.py:588} INFO - Filling up the DagBag from /home/airflow/.local/lib/python3.12/site-packages/airflow/example_dags/example_nested_branch_dag.py
[2024-10-15T16:19:19.928+0000] {processor.py:925} INFO - DAG(s) 'example_nested_branch_dag' retrieved from /home/airflow/.local/lib/python3.12/site-packages/airflow/example_dags/example_nested_branch_dag.py
[2024-10-15T16:19:19.944+0000] {logging_mixin.py:190} INFO - [2024-10-15T16:19:19.944+0000] {dag.py:3239} INFO - Sync 1 DAGs
[2024-10-15T16:19:19.962+0000] {logging_mixin.py:190} INFO - [2024-10-15T16:19:19.962+0000] {dag.py:4180} INFO - Setting next_dagrun for example_nested_branch_dag to 2024-10-14 00:00:00+00:00, run_after=2024-10-15 00:00:00+00:00
[2024-10-15T16:19:19.975+0000] {processor.py:208} INFO - Processing /home/airflow/.local/lib/python3.12/site-packages/airflow/example_dags/example_nested_branch_dag.py took 0.061 seconds
[2024-10-15T16:19:50.830+0000] {processor.py:186} INFO - Started process (PID=581) to work on /home/airflow/.local/lib/python3.12/site-packages/airflow/example_dags/example_nested_branch_dag.py
[2024-10-15T16:19:50.831+0000] {processor.py:914} INFO - Processing file /home/airflow/.local/lib/python3.12/site-packages/airflow/example_dags/example_nested_branch_dag.py for tasks to queue
[2024-10-15T16:19:50.833+0000] {logging_mixin.py:190} INFO - [2024-10-15T16:19:50.833+0000] {dagbag.py:588} INFO - Filling up the DagBag from /home/airflow/.local/lib/python3.12/site-packages/airflow/example_dags/example_nested_branch_dag.py
[2024-10-15T16:19:50.843+0000] {processor.py:925} INFO - DAG(s) 'example_nested_branch_dag' retrieved from /home/airflow/.local/lib/python3.12/site-packages/airflow/example_dags/example_nested_branch_dag.py
[2024-10-15T16:19:50.859+0000] {logging_mixin.py:190} INFO - [2024-10-15T16:19:50.859+0000] {dag.py:3239} INFO - Sync 1 DAGs
[2024-10-15T16:19:50.887+0000] {logging_mixin.py:190} INFO - [2024-10-15T16:19:50.887+0000] {dag.py:4180} INFO - Setting next_dagrun for example_nested_branch_dag to 2024-10-14 00:00:00+00:00, run_after=2024-10-15 00:00:00+00:00
[2024-10-15T16:19:50.902+0000] {processor.py:208} INFO - Processing /home/airflow/.local/lib/python3.12/site-packages/airflow/example_dags/example_nested_branch_dag.py took 0.077 seconds
[2024-10-15T16:20:21.915+0000] {processor.py:186} INFO - Started process (PID=643) to work on /home/airflow/.local/lib/python3.12/site-packages/airflow/example_dags/example_nested_branch_dag.py
[2024-10-15T16:20:21.915+0000] {processor.py:914} INFO - Processing file /home/airflow/.local/lib/python3.12/site-packages/airflow/example_dags/example_nested_branch_dag.py for tasks to queue
[2024-10-15T16:20:21.917+0000] {logging_mixin.py:190} INFO - [2024-10-15T16:20:21.917+0000] {dagbag.py:588} INFO - Filling up the DagBag from /home/airflow/.local/lib/python3.12/site-packages/airflow/example_dags/example_nested_branch_dag.py
[2024-10-15T16:20:21.927+0000] {processor.py:925} INFO - DAG(s) 'example_nested_branch_dag' retrieved from /home/airflow/.local/lib/python3.12/site-packages/airflow/example_dags/example_nested_branch_dag.py
[2024-10-15T16:20:21.945+0000] {logging_mixin.py:190} INFO - [2024-10-15T16:20:21.945+0000] {dag.py:3239} INFO - Sync 1 DAGs
[2024-10-15T16:20:21.969+0000] {logging_mixin.py:190} INFO - [2024-10-15T16:20:21.969+0000] {dag.py:4180} INFO - Setting next_dagrun for example_nested_branch_dag to 2024-10-14 00:00:00+00:00, run_after=2024-10-15 00:00:00+00:00
[2024-10-15T16:20:21.985+0000] {processor.py:208} INFO - Processing /home/airflow/.local/lib/python3.12/site-packages/airflow/example_dags/example_nested_branch_dag.py took 0.076 seconds
[2024-10-15T16:20:52.836+0000] {processor.py:186} INFO - Started process (PID=705) to work on /home/airflow/.local/lib/python3.12/site-packages/airflow/example_dags/example_nested_branch_dag.py
[2024-10-15T16:20:52.836+0000] {processor.py:914} INFO - Processing file /home/airflow/.local/lib/python3.12/site-packages/airflow/example_dags/example_nested_branch_dag.py for tasks to queue
[2024-10-15T16:20:52.838+0000] {logging_mixin.py:190} INFO - [2024-10-15T16:20:52.838+0000] {dagbag.py:588} INFO - Filling up the DagBag from /home/airflow/.local/lib/python3.12/site-packages/airflow/example_dags/example_nested_branch_dag.py
[2024-10-15T16:20:52.847+0000] {processor.py:925} INFO - DAG(s) 'example_nested_branch_dag' retrieved from /home/airflow/.local/lib/python3.12/site-packages/airflow/example_dags/example_nested_branch_dag.py
[2024-10-15T16:20:52.864+0000] {logging_mixin.py:190} INFO - [2024-10-15T16:20:52.864+0000] {dag.py:3239} INFO - Sync 1 DAGs
[2024-10-15T16:20:52.884+0000] {logging_mixin.py:190} INFO - [2024-10-15T16:20:52.884+0000] {dag.py:4180} INFO - Setting next_dagrun for example_nested_branch_dag to 2024-10-14 00:00:00+00:00, run_after=2024-10-15 00:00:00+00:00
[2024-10-15T16:20:52.900+0000] {processor.py:208} INFO - Processing /home/airflow/.local/lib/python3.12/site-packages/airflow/example_dags/example_nested_branch_dag.py took 0.070 seconds
[2024-10-15T16:21:23.818+0000] {processor.py:186} INFO - Started process (PID=767) to work on /home/airflow/.local/lib/python3.12/site-packages/airflow/example_dags/example_nested_branch_dag.py
[2024-10-15T16:21:23.819+0000] {processor.py:914} INFO - Processing file /home/airflow/.local/lib/python3.12/site-packages/airflow/example_dags/example_nested_branch_dag.py for tasks to queue
[2024-10-15T16:21:23.821+0000] {logging_mixin.py:190} INFO - [2024-10-15T16:21:23.821+0000] {dagbag.py:588} INFO - Filling up the DagBag from /home/airflow/.local/lib/python3.12/site-packages/airflow/example_dags/example_nested_branch_dag.py
[2024-10-15T16:21:23.829+0000] {processor.py:925} INFO - DAG(s) 'example_nested_branch_dag' retrieved from /home/airflow/.local/lib/python3.12/site-packages/airflow/example_dags/example_nested_branch_dag.py
[2024-10-15T16:21:23.847+0000] {logging_mixin.py:190} INFO - [2024-10-15T16:21:23.847+0000] {dag.py:3239} INFO - Sync 1 DAGs
[2024-10-15T16:21:23.869+0000] {logging_mixin.py:190} INFO - [2024-10-15T16:21:23.869+0000] {dag.py:4180} INFO - Setting next_dagrun for example_nested_branch_dag to 2024-10-14 00:00:00+00:00, run_after=2024-10-15 00:00:00+00:00
[2024-10-15T16:21:23.885+0000] {processor.py:208} INFO - Processing /home/airflow/.local/lib/python3.12/site-packages/airflow/example_dags/example_nested_branch_dag.py took 0.073 seconds
[2024-10-15T16:21:54.790+0000] {processor.py:186} INFO - Started process (PID=829) to work on /home/airflow/.local/lib/python3.12/site-packages/airflow/example_dags/example_nested_branch_dag.py
[2024-10-15T16:21:54.791+0000] {processor.py:914} INFO - Processing file /home/airflow/.local/lib/python3.12/site-packages/airflow/example_dags/example_nested_branch_dag.py for tasks to queue
[2024-10-15T16:21:54.793+0000] {logging_mixin.py:190} INFO - [2024-10-15T16:21:54.793+0000] {dagbag.py:588} INFO - Filling up the DagBag from /home/airflow/.local/lib/python3.12/site-packages/airflow/example_dags/example_nested_branch_dag.py
[2024-10-15T16:21:54.802+0000] {processor.py:925} INFO - DAG(s) 'example_nested_branch_dag' retrieved from /home/airflow/.local/lib/python3.12/site-packages/airflow/example_dags/example_nested_branch_dag.py
[2024-10-15T16:21:54.818+0000] {logging_mixin.py:190} INFO - [2024-10-15T16:21:54.818+0000] {dag.py:3239} INFO - Sync 1 DAGs
[2024-10-15T16:21:54.838+0000] {logging_mixin.py:190} INFO - [2024-10-15T16:21:54.838+0000] {dag.py:4180} INFO - Setting next_dagrun for example_nested_branch_dag to 2024-10-14 00:00:00+00:00, run_after=2024-10-15 00:00:00+00:00
[2024-10-15T16:21:54.852+0000] {processor.py:208} INFO - Processing /home/airflow/.local/lib/python3.12/site-packages/airflow/example_dags/example_nested_branch_dag.py took 0.067 seconds
[2024-10-15T16:22:25.094+0000] {processor.py:186} INFO - Started process (PID=891) to work on /home/airflow/.local/lib/python3.12/site-packages/airflow/example_dags/example_nested_branch_dag.py
[2024-10-15T16:22:25.095+0000] {processor.py:914} INFO - Processing file /home/airflow/.local/lib/python3.12/site-packages/airflow/example_dags/example_nested_branch_dag.py for tasks to queue
[2024-10-15T16:22:25.096+0000] {logging_mixin.py:190} INFO - [2024-10-15T16:22:25.096+0000] {dagbag.py:588} INFO - Filling up the DagBag from /home/airflow/.local/lib/python3.12/site-packages/airflow/example_dags/example_nested_branch_dag.py
[2024-10-15T16:22:25.104+0000] {processor.py:925} INFO - DAG(s) 'example_nested_branch_dag' retrieved from /home/airflow/.local/lib/python3.12/site-packages/airflow/example_dags/example_nested_branch_dag.py
[2024-10-15T16:22:25.128+0000] {logging_mixin.py:190} INFO - [2024-10-15T16:22:25.127+0000] {dag.py:3239} INFO - Sync 1 DAGs
[2024-10-15T16:22:25.146+0000] {logging_mixin.py:190} INFO - [2024-10-15T16:22:25.146+0000] {dag.py:4180} INFO - Setting next_dagrun for example_nested_branch_dag to 2024-10-14 00:00:00+00:00, run_after=2024-10-15 00:00:00+00:00
[2024-10-15T16:22:25.159+0000] {processor.py:208} INFO - Processing /home/airflow/.local/lib/python3.12/site-packages/airflow/example_dags/example_nested_branch_dag.py took 0.069 seconds
[2024-10-15T16:22:56.086+0000] {processor.py:186} INFO - Started process (PID=953) to work on /home/airflow/.local/lib/python3.12/site-packages/airflow/example_dags/example_nested_branch_dag.py
[2024-10-15T16:22:56.086+0000] {processor.py:914} INFO - Processing file /home/airflow/.local/lib/python3.12/site-packages/airflow/example_dags/example_nested_branch_dag.py for tasks to queue
[2024-10-15T16:22:56.088+0000] {logging_mixin.py:190} INFO - [2024-10-15T16:22:56.088+0000] {dagbag.py:588} INFO - Filling up the DagBag from /home/airflow/.local/lib/python3.12/site-packages/airflow/example_dags/example_nested_branch_dag.py
[2024-10-15T16:22:56.099+0000] {processor.py:925} INFO - DAG(s) 'example_nested_branch_dag' retrieved from /home/airflow/.local/lib/python3.12/site-packages/airflow/example_dags/example_nested_branch_dag.py
[2024-10-15T16:22:56.116+0000] {logging_mixin.py:190} INFO - [2024-10-15T16:22:56.115+0000] {dag.py:3239} INFO - Sync 1 DAGs
[2024-10-15T16:22:56.133+0000] {logging_mixin.py:190} INFO - [2024-10-15T16:22:56.133+0000] {dag.py:4180} INFO - Setting next_dagrun for example_nested_branch_dag to 2024-10-14 00:00:00+00:00, run_after=2024-10-15 00:00:00+00:00
[2024-10-15T16:22:56.149+0000] {processor.py:208} INFO - Processing /home/airflow/.local/lib/python3.12/site-packages/airflow/example_dags/example_nested_branch_dag.py took 0.068 seconds
[2024-10-15T16:23:27.148+0000] {processor.py:186} INFO - Started process (PID=1015) to work on /home/airflow/.local/lib/python3.12/site-packages/airflow/example_dags/example_nested_branch_dag.py
[2024-10-15T16:23:27.149+0000] {processor.py:914} INFO - Processing file /home/airflow/.local/lib/python3.12/site-packages/airflow/example_dags/example_nested_branch_dag.py for tasks to queue
[2024-10-15T16:23:27.151+0000] {logging_mixin.py:190} INFO - [2024-10-15T16:23:27.151+0000] {dagbag.py:588} INFO - Filling up the DagBag from /home/airflow/.local/lib/python3.12/site-packages/airflow/example_dags/example_nested_branch_dag.py
[2024-10-15T16:23:27.160+0000] {processor.py:925} INFO - DAG(s) 'example_nested_branch_dag' retrieved from /home/airflow/.local/lib/python3.12/site-packages/airflow/example_dags/example_nested_branch_dag.py
[2024-10-15T16:23:27.177+0000] {logging_mixin.py:190} INFO - [2024-10-15T16:23:27.176+0000] {dag.py:3239} INFO - Sync 1 DAGs
[2024-10-15T16:23:27.197+0000] {logging_mixin.py:190} INFO - [2024-10-15T16:23:27.197+0000] {dag.py:4180} INFO - Setting next_dagrun for example_nested_branch_dag to 2024-10-14 00:00:00+00:00, run_after=2024-10-15 00:00:00+00:00
[2024-10-15T16:23:27.211+0000] {processor.py:208} INFO - Processing /home/airflow/.local/lib/python3.12/site-packages/airflow/example_dags/example_nested_branch_dag.py took 0.067 seconds
[2024-10-15T16:23:57.294+0000] {processor.py:186} INFO - Started process (PID=1077) to work on /home/airflow/.local/lib/python3.12/site-packages/airflow/example_dags/example_nested_branch_dag.py
[2024-10-15T16:23:57.295+0000] {processor.py:914} INFO - Processing file /home/airflow/.local/lib/python3.12/site-packages/airflow/example_dags/example_nested_branch_dag.py for tasks to queue
[2024-10-15T16:23:57.297+0000] {logging_mixin.py:190} INFO - [2024-10-15T16:23:57.296+0000] {dagbag.py:588} INFO - Filling up the DagBag from /home/airflow/.local/lib/python3.12/site-packages/airflow/example_dags/example_nested_branch_dag.py
[2024-10-15T16:23:57.310+0000] {processor.py:925} INFO - DAG(s) 'example_nested_branch_dag' retrieved from /home/airflow/.local/lib/python3.12/site-packages/airflow/example_dags/example_nested_branch_dag.py
[2024-10-15T16:23:57.326+0000] {logging_mixin.py:190} INFO - [2024-10-15T16:23:57.326+0000] {dag.py:3239} INFO - Sync 1 DAGs
[2024-10-15T16:23:57.345+0000] {logging_mixin.py:190} INFO - [2024-10-15T16:23:57.344+0000] {dag.py:4180} INFO - Setting next_dagrun for example_nested_branch_dag to 2024-10-14 00:00:00+00:00, run_after=2024-10-15 00:00:00+00:00
[2024-10-15T16:23:57.359+0000] {processor.py:208} INFO - Processing /home/airflow/.local/lib/python3.12/site-packages/airflow/example_dags/example_nested_branch_dag.py took 0.069 seconds
[2024-10-15T16:24:27.555+0000] {processor.py:186} INFO - Started process (PID=1139) to work on /home/airflow/.local/lib/python3.12/site-packages/airflow/example_dags/example_nested_branch_dag.py
[2024-10-15T16:24:27.556+0000] {processor.py:914} INFO - Processing file /home/airflow/.local/lib/python3.12/site-packages/airflow/example_dags/example_nested_branch_dag.py for tasks to queue
[2024-10-15T16:24:27.557+0000] {logging_mixin.py:190} INFO - [2024-10-15T16:24:27.557+0000] {dagbag.py:588} INFO - Filling up the DagBag from /home/airflow/.local/lib/python3.12/site-packages/airflow/example_dags/example_nested_branch_dag.py
[2024-10-15T16:24:27.566+0000] {processor.py:925} INFO - DAG(s) 'example_nested_branch_dag' retrieved from /home/airflow/.local/lib/python3.12/site-packages/airflow/example_dags/example_nested_branch_dag.py
[2024-10-15T16:24:27.581+0000] {logging_mixin.py:190} INFO - [2024-10-15T16:24:27.580+0000] {dag.py:3239} INFO - Sync 1 DAGs
[2024-10-15T16:24:27.597+0000] {logging_mixin.py:190} INFO - [2024-10-15T16:24:27.597+0000] {dag.py:4180} INFO - Setting next_dagrun for example_nested_branch_dag to 2024-10-14 00:00:00+00:00, run_after=2024-10-15 00:00:00+00:00
[2024-10-15T16:24:27.609+0000] {processor.py:208} INFO - Processing /home/airflow/.local/lib/python3.12/site-packages/airflow/example_dags/example_nested_branch_dag.py took 0.059 seconds
[2024-10-15T16:24:58.415+0000] {processor.py:186} INFO - Started process (PID=1201) to work on /home/airflow/.local/lib/python3.12/site-packages/airflow/example_dags/example_nested_branch_dag.py
[2024-10-15T16:24:58.416+0000] {processor.py:914} INFO - Processing file /home/airflow/.local/lib/python3.12/site-packages/airflow/example_dags/example_nested_branch_dag.py for tasks to queue
[2024-10-15T16:24:58.417+0000] {logging_mixin.py:190} INFO - [2024-10-15T16:24:58.417+0000] {dagbag.py:588} INFO - Filling up the DagBag from /home/airflow/.local/lib/python3.12/site-packages/airflow/example_dags/example_nested_branch_dag.py
[2024-10-15T16:24:58.426+0000] {processor.py:925} INFO - DAG(s) 'example_nested_branch_dag' retrieved from /home/airflow/.local/lib/python3.12/site-packages/airflow/example_dags/example_nested_branch_dag.py
[2024-10-15T16:24:58.440+0000] {logging_mixin.py:190} INFO - [2024-10-15T16:24:58.440+0000] {dag.py:3239} INFO - Sync 1 DAGs
[2024-10-15T16:24:58.456+0000] {logging_mixin.py:190} INFO - [2024-10-15T16:24:58.456+0000] {dag.py:4180} INFO - Setting next_dagrun for example_nested_branch_dag to 2024-10-14 00:00:00+00:00, run_after=2024-10-15 00:00:00+00:00
[2024-10-15T16:24:58.469+0000] {processor.py:208} INFO - Processing /home/airflow/.local/lib/python3.12/site-packages/airflow/example_dags/example_nested_branch_dag.py took 0.058 seconds
[2024-10-15T16:25:29.029+0000] {processor.py:186} INFO - Started process (PID=1263) to work on /home/airflow/.local/lib/python3.12/site-packages/airflow/example_dags/example_nested_branch_dag.py
[2024-10-15T16:25:29.030+0000] {processor.py:914} INFO - Processing file /home/airflow/.local/lib/python3.12/site-packages/airflow/example_dags/example_nested_branch_dag.py for tasks to queue
[2024-10-15T16:25:29.032+0000] {logging_mixin.py:190} INFO - [2024-10-15T16:25:29.031+0000] {dagbag.py:588} INFO - Filling up the DagBag from /home/airflow/.local/lib/python3.12/site-packages/airflow/example_dags/example_nested_branch_dag.py
[2024-10-15T16:25:29.040+0000] {processor.py:925} INFO - DAG(s) 'example_nested_branch_dag' retrieved from /home/airflow/.local/lib/python3.12/site-packages/airflow/example_dags/example_nested_branch_dag.py
[2024-10-15T16:25:29.055+0000] {logging_mixin.py:190} INFO - [2024-10-15T16:25:29.055+0000] {dag.py:3239} INFO - Sync 1 DAGs
[2024-10-15T16:25:29.072+0000] {logging_mixin.py:190} INFO - [2024-10-15T16:25:29.071+0000] {dag.py:4180} INFO - Setting next_dagrun for example_nested_branch_dag to 2024-10-14 00:00:00+00:00, run_after=2024-10-15 00:00:00+00:00
[2024-10-15T16:25:29.083+0000] {processor.py:208} INFO - Processing /home/airflow/.local/lib/python3.12/site-packages/airflow/example_dags/example_nested_branch_dag.py took 0.058 seconds
[2024-10-15T16:25:59.845+0000] {processor.py:186} INFO - Started process (PID=1325) to work on /home/airflow/.local/lib/python3.12/site-packages/airflow/example_dags/example_nested_branch_dag.py
[2024-10-15T16:25:59.846+0000] {processor.py:914} INFO - Processing file /home/airflow/.local/lib/python3.12/site-packages/airflow/example_dags/example_nested_branch_dag.py for tasks to queue
[2024-10-15T16:25:59.847+0000] {logging_mixin.py:190} INFO - [2024-10-15T16:25:59.847+0000] {dagbag.py:588} INFO - Filling up the DagBag from /home/airflow/.local/lib/python3.12/site-packages/airflow/example_dags/example_nested_branch_dag.py
[2024-10-15T16:25:59.855+0000] {processor.py:925} INFO - DAG(s) 'example_nested_branch_dag' retrieved from /home/airflow/.local/lib/python3.12/site-packages/airflow/example_dags/example_nested_branch_dag.py
[2024-10-15T16:25:59.868+0000] {logging_mixin.py:190} INFO - [2024-10-15T16:25:59.868+0000] {dag.py:3239} INFO - Sync 1 DAGs
[2024-10-15T16:25:59.882+0000] {logging_mixin.py:190} INFO - [2024-10-15T16:25:59.882+0000] {dag.py:4180} INFO - Setting next_dagrun for example_nested_branch_dag to 2024-10-14 00:00:00+00:00, run_after=2024-10-15 00:00:00+00:00
[2024-10-15T16:25:59.893+0000] {processor.py:208} INFO - Processing /home/airflow/.local/lib/python3.12/site-packages/airflow/example_dags/example_nested_branch_dag.py took 0.052 seconds
[2024-10-15T16:26:30.534+0000] {processor.py:186} INFO - Started process (PID=1387) to work on /home/airflow/.local/lib/python3.12/site-packages/airflow/example_dags/example_nested_branch_dag.py
[2024-10-15T16:26:30.535+0000] {processor.py:914} INFO - Processing file /home/airflow/.local/lib/python3.12/site-packages/airflow/example_dags/example_nested_branch_dag.py for tasks to queue
[2024-10-15T16:26:30.537+0000] {logging_mixin.py:190} INFO - [2024-10-15T16:26:30.537+0000] {dagbag.py:588} INFO - Filling up the DagBag from /home/airflow/.local/lib/python3.12/site-packages/airflow/example_dags/example_nested_branch_dag.py
[2024-10-15T16:26:30.546+0000] {processor.py:925} INFO - DAG(s) 'example_nested_branch_dag' retrieved from /home/airflow/.local/lib/python3.12/site-packages/airflow/example_dags/example_nested_branch_dag.py
[2024-10-15T16:26:30.560+0000] {logging_mixin.py:190} INFO - [2024-10-15T16:26:30.560+0000] {dag.py:3239} INFO - Sync 1 DAGs
[2024-10-15T16:26:30.576+0000] {logging_mixin.py:190} INFO - [2024-10-15T16:26:30.576+0000] {dag.py:4180} INFO - Setting next_dagrun for example_nested_branch_dag to 2024-10-14 00:00:00+00:00, run_after=2024-10-15 00:00:00+00:00
[2024-10-15T16:26:30.591+0000] {processor.py:208} INFO - Processing /home/airflow/.local/lib/python3.12/site-packages/airflow/example_dags/example_nested_branch_dag.py took 0.061 seconds
[2024-10-15T16:27:01.529+0000] {processor.py:186} INFO - Started process (PID=1449) to work on /home/airflow/.local/lib/python3.12/site-packages/airflow/example_dags/example_nested_branch_dag.py
[2024-10-15T16:27:01.529+0000] {processor.py:914} INFO - Processing file /home/airflow/.local/lib/python3.12/site-packages/airflow/example_dags/example_nested_branch_dag.py for tasks to queue
[2024-10-15T16:27:01.531+0000] {logging_mixin.py:190} INFO - [2024-10-15T16:27:01.531+0000] {dagbag.py:588} INFO - Filling up the DagBag from /home/airflow/.local/lib/python3.12/site-packages/airflow/example_dags/example_nested_branch_dag.py
[2024-10-15T16:27:01.540+0000] {processor.py:925} INFO - DAG(s) 'example_nested_branch_dag' retrieved from /home/airflow/.local/lib/python3.12/site-packages/airflow/example_dags/example_nested_branch_dag.py
[2024-10-15T16:27:01.554+0000] {logging_mixin.py:190} INFO - [2024-10-15T16:27:01.554+0000] {dag.py:3239} INFO - Sync 1 DAGs
[2024-10-15T16:27:01.570+0000] {logging_mixin.py:190} INFO - [2024-10-15T16:27:01.570+0000] {dag.py:4180} INFO - Setting next_dagrun for example_nested_branch_dag to 2024-10-14 00:00:00+00:00, run_after=2024-10-15 00:00:00+00:00
[2024-10-15T16:27:01.584+0000] {processor.py:208} INFO - Processing /home/airflow/.local/lib/python3.12/site-packages/airflow/example_dags/example_nested_branch_dag.py took 0.059 seconds
[2024-10-15T16:27:31.932+0000] {processor.py:186} INFO - Started process (PID=1511) to work on /home/airflow/.local/lib/python3.12/site-packages/airflow/example_dags/example_nested_branch_dag.py
[2024-10-15T16:27:31.934+0000] {processor.py:914} INFO - Processing file /home/airflow/.local/lib/python3.12/site-packages/airflow/example_dags/example_nested_branch_dag.py for tasks to queue
[2024-10-15T16:27:31.936+0000] {logging_mixin.py:190} INFO - [2024-10-15T16:27:31.935+0000] {dagbag.py:588} INFO - Filling up the DagBag from /home/airflow/.local/lib/python3.12/site-packages/airflow/example_dags/example_nested_branch_dag.py
[2024-10-15T16:27:31.945+0000] {processor.py:925} INFO - DAG(s) 'example_nested_branch_dag' retrieved from /home/airflow/.local/lib/python3.12/site-packages/airflow/example_dags/example_nested_branch_dag.py
[2024-10-15T16:27:31.961+0000] {logging_mixin.py:190} INFO - [2024-10-15T16:27:31.960+0000] {dag.py:3239} INFO - Sync 1 DAGs
[2024-10-15T16:27:31.981+0000] {logging_mixin.py:190} INFO - [2024-10-15T16:27:31.981+0000] {dag.py:4180} INFO - Setting next_dagrun for example_nested_branch_dag to 2024-10-14 00:00:00+00:00, run_after=2024-10-15 00:00:00+00:00
[2024-10-15T16:27:32.000+0000] {processor.py:208} INFO - Processing /home/airflow/.local/lib/python3.12/site-packages/airflow/example_dags/example_nested_branch_dag.py took 0.072 seconds
[2024-10-15T16:28:02.080+0000] {processor.py:186} INFO - Started process (PID=1573) to work on /home/airflow/.local/lib/python3.12/site-packages/airflow/example_dags/example_nested_branch_dag.py
[2024-10-15T16:28:02.081+0000] {processor.py:914} INFO - Processing file /home/airflow/.local/lib/python3.12/site-packages/airflow/example_dags/example_nested_branch_dag.py for tasks to queue
[2024-10-15T16:28:02.083+0000] {logging_mixin.py:190} INFO - [2024-10-15T16:28:02.082+0000] {dagbag.py:588} INFO - Filling up the DagBag from /home/airflow/.local/lib/python3.12/site-packages/airflow/example_dags/example_nested_branch_dag.py
[2024-10-15T16:28:02.091+0000] {processor.py:925} INFO - DAG(s) 'example_nested_branch_dag' retrieved from /home/airflow/.local/lib/python3.12/site-packages/airflow/example_dags/example_nested_branch_dag.py
[2024-10-15T16:28:02.106+0000] {logging_mixin.py:190} INFO - [2024-10-15T16:28:02.106+0000] {dag.py:3239} INFO - Sync 1 DAGs
[2024-10-15T16:28:02.123+0000] {logging_mixin.py:190} INFO - [2024-10-15T16:28:02.123+0000] {dag.py:4180} INFO - Setting next_dagrun for example_nested_branch_dag to 2024-10-14 00:00:00+00:00, run_after=2024-10-15 00:00:00+00:00
[2024-10-15T16:28:02.138+0000] {processor.py:208} INFO - Processing /home/airflow/.local/lib/python3.12/site-packages/airflow/example_dags/example_nested_branch_dag.py took 0.064 seconds
[2024-10-15T16:28:32.708+0000] {processor.py:186} INFO - Started process (PID=1635) to work on /home/airflow/.local/lib/python3.12/site-packages/airflow/example_dags/example_nested_branch_dag.py
[2024-10-15T16:28:32.709+0000] {processor.py:914} INFO - Processing file /home/airflow/.local/lib/python3.12/site-packages/airflow/example_dags/example_nested_branch_dag.py for tasks to queue
[2024-10-15T16:28:32.711+0000] {logging_mixin.py:190} INFO - [2024-10-15T16:28:32.711+0000] {dagbag.py:588} INFO - Filling up the DagBag from /home/airflow/.local/lib/python3.12/site-packages/airflow/example_dags/example_nested_branch_dag.py
[2024-10-15T16:28:32.723+0000] {processor.py:925} INFO - DAG(s) 'example_nested_branch_dag' retrieved from /home/airflow/.local/lib/python3.12/site-packages/airflow/example_dags/example_nested_branch_dag.py
[2024-10-15T16:28:32.740+0000] {logging_mixin.py:190} INFO - [2024-10-15T16:28:32.739+0000] {dag.py:3239} INFO - Sync 1 DAGs
[2024-10-15T16:28:32.757+0000] {logging_mixin.py:190} INFO - [2024-10-15T16:28:32.757+0000] {dag.py:4180} INFO - Setting next_dagrun for example_nested_branch_dag to 2024-10-14 00:00:00+00:00, run_after=2024-10-15 00:00:00+00:00
[2024-10-15T16:28:32.775+0000] {processor.py:208} INFO - Processing /home/airflow/.local/lib/python3.12/site-packages/airflow/example_dags/example_nested_branch_dag.py took 0.071 seconds
[2024-10-15T16:29:03.782+0000] {processor.py:186} INFO - Started process (PID=1697) to work on /home/airflow/.local/lib/python3.12/site-packages/airflow/example_dags/example_nested_branch_dag.py
[2024-10-15T16:29:03.782+0000] {processor.py:914} INFO - Processing file /home/airflow/.local/lib/python3.12/site-packages/airflow/example_dags/example_nested_branch_dag.py for tasks to queue
[2024-10-15T16:29:03.784+0000] {logging_mixin.py:190} INFO - [2024-10-15T16:29:03.784+0000] {dagbag.py:588} INFO - Filling up the DagBag from /home/airflow/.local/lib/python3.12/site-packages/airflow/example_dags/example_nested_branch_dag.py
[2024-10-15T16:29:03.792+0000] {processor.py:925} INFO - DAG(s) 'example_nested_branch_dag' retrieved from /home/airflow/.local/lib/python3.12/site-packages/airflow/example_dags/example_nested_branch_dag.py
[2024-10-15T16:29:03.808+0000] {logging_mixin.py:190} INFO - [2024-10-15T16:29:03.807+0000] {dag.py:3239} INFO - Sync 1 DAGs
[2024-10-15T16:29:03.825+0000] {logging_mixin.py:190} INFO - [2024-10-15T16:29:03.825+0000] {dag.py:4180} INFO - Setting next_dagrun for example_nested_branch_dag to 2024-10-14 00:00:00+00:00, run_after=2024-10-15 00:00:00+00:00
[2024-10-15T16:29:03.839+0000] {processor.py:208} INFO - Processing /home/airflow/.local/lib/python3.12/site-packages/airflow/example_dags/example_nested_branch_dag.py took 0.061 seconds
[2024-10-15T16:29:34.004+0000] {processor.py:186} INFO - Started process (PID=1759) to work on /home/airflow/.local/lib/python3.12/site-packages/airflow/example_dags/example_nested_branch_dag.py
[2024-10-15T16:29:34.005+0000] {processor.py:914} INFO - Processing file /home/airflow/.local/lib/python3.12/site-packages/airflow/example_dags/example_nested_branch_dag.py for tasks to queue
[2024-10-15T16:29:34.007+0000] {logging_mixin.py:190} INFO - [2024-10-15T16:29:34.007+0000] {dagbag.py:588} INFO - Filling up the DagBag from /home/airflow/.local/lib/python3.12/site-packages/airflow/example_dags/example_nested_branch_dag.py
[2024-10-15T16:29:34.018+0000] {processor.py:925} INFO - DAG(s) 'example_nested_branch_dag' retrieved from /home/airflow/.local/lib/python3.12/site-packages/airflow/example_dags/example_nested_branch_dag.py
[2024-10-15T16:29:34.034+0000] {logging_mixin.py:190} INFO - [2024-10-15T16:29:34.033+0000] {dag.py:3239} INFO - Sync 1 DAGs
[2024-10-15T16:29:34.052+0000] {logging_mixin.py:190} INFO - [2024-10-15T16:29:34.052+0000] {dag.py:4180} INFO - Setting next_dagrun for example_nested_branch_dag to 2024-10-14 00:00:00+00:00, run_after=2024-10-15 00:00:00+00:00
[2024-10-15T16:29:34.072+0000] {processor.py:208} INFO - Processing /home/airflow/.local/lib/python3.12/site-packages/airflow/example_dags/example_nested_branch_dag.py took 0.073 seconds
