[2024-10-15T16:15:43.187+0000] {processor.py:186} INFO - Started process (PID=62) to work on /home/airflow/.local/lib/python3.12/site-packages/airflow/example_dags/example_branch_labels.py
[2024-10-15T16:15:43.187+0000] {processor.py:914} INFO - Processing file /home/airflow/.local/lib/python3.12/site-packages/airflow/example_dags/example_branch_labels.py for tasks to queue
[2024-10-15T16:15:43.189+0000] {logging_mixin.py:190} INFO - [2024-10-15T16:15:43.189+0000] {dagbag.py:588} INFO - Filling up the DagBag from /home/airflow/.local/lib/python3.12/site-packages/airflow/example_dags/example_branch_labels.py
[2024-10-15T16:15:43.196+0000] {processor.py:925} INFO - DAG(s) 'example_branch_labels' retrieved from /home/airflow/.local/lib/python3.12/site-packages/airflow/example_dags/example_branch_labels.py
[2024-10-15T16:15:43.272+0000] {logging_mixin.py:190} INFO - [2024-10-15T16:15:43.271+0000] {override.py:1900} INFO - Created Permission View: can read on DAG:example_branch_labels
[2024-10-15T16:15:43.280+0000] {logging_mixin.py:190} INFO - [2024-10-15T16:15:43.280+0000] {override.py:1900} INFO - Created Permission View: can delete on DAG:example_branch_labels
[2024-10-15T16:15:43.285+0000] {logging_mixin.py:190} INFO - [2024-10-15T16:15:43.284+0000] {override.py:1900} INFO - Created Permission View: can edit on DAG:example_branch_labels
[2024-10-15T16:15:43.290+0000] {logging_mixin.py:190} INFO - [2024-10-15T16:15:43.290+0000] {override.py:1900} INFO - Created Permission View: can read on DAG Run:example_branch_labels
[2024-10-15T16:15:43.295+0000] {logging_mixin.py:190} INFO - [2024-10-15T16:15:43.294+0000] {override.py:1900} INFO - Created Permission View: can create on DAG Run:example_branch_labels
[2024-10-15T16:15:43.299+0000] {logging_mixin.py:190} INFO - [2024-10-15T16:15:43.299+0000] {override.py:1900} INFO - Created Permission View: menu access on DAG Run:example_branch_labels
[2024-10-15T16:15:43.304+0000] {logging_mixin.py:190} INFO - [2024-10-15T16:15:43.304+0000] {override.py:1900} INFO - Created Permission View: can delete on DAG Run:example_branch_labels
[2024-10-15T16:15:43.304+0000] {logging_mixin.py:190} INFO - [2024-10-15T16:15:43.304+0000] {dag.py:3239} INFO - Sync 1 DAGs
[2024-10-15T16:15:43.314+0000] {logging_mixin.py:190} INFO - [2024-10-15T16:15:43.314+0000] {dag.py:3262} INFO - Creating ORM DAG for example_branch_labels
[2024-10-15T16:15:43.322+0000] {logging_mixin.py:190} INFO - [2024-10-15T16:15:43.322+0000] {dag.py:4180} INFO - Setting next_dagrun for example_branch_labels to 2024-10-14 00:00:00+00:00, run_after=2024-10-15 00:00:00+00:00
[2024-10-15T16:15:43.333+0000] {processor.py:208} INFO - Processing /home/airflow/.local/lib/python3.12/site-packages/airflow/example_dags/example_branch_labels.py took 0.151 seconds
[2024-10-15T16:16:13.387+0000] {processor.py:186} INFO - Started process (PID=123) to work on /home/airflow/.local/lib/python3.12/site-packages/airflow/example_dags/example_branch_labels.py
[2024-10-15T16:16:13.388+0000] {processor.py:914} INFO - Processing file /home/airflow/.local/lib/python3.12/site-packages/airflow/example_dags/example_branch_labels.py for tasks to queue
[2024-10-15T16:16:13.389+0000] {logging_mixin.py:190} INFO - [2024-10-15T16:16:13.389+0000] {dagbag.py:588} INFO - Filling up the DagBag from /home/airflow/.local/lib/python3.12/site-packages/airflow/example_dags/example_branch_labels.py
[2024-10-15T16:16:13.395+0000] {processor.py:925} INFO - DAG(s) 'example_branch_labels' retrieved from /home/airflow/.local/lib/python3.12/site-packages/airflow/example_dags/example_branch_labels.py
[2024-10-15T16:16:13.408+0000] {logging_mixin.py:190} INFO - [2024-10-15T16:16:13.408+0000] {dag.py:3239} INFO - Sync 1 DAGs
[2024-10-15T16:16:13.422+0000] {logging_mixin.py:190} INFO - [2024-10-15T16:16:13.422+0000] {dag.py:4180} INFO - Setting next_dagrun for example_branch_labels to 2024-10-14 00:00:00+00:00, run_after=2024-10-15 00:00:00+00:00
[2024-10-15T16:16:13.437+0000] {processor.py:208} INFO - Processing /home/airflow/.local/lib/python3.12/site-packages/airflow/example_dags/example_branch_labels.py took 0.054 seconds
[2024-10-15T16:16:44.297+0000] {processor.py:186} INFO - Started process (PID=185) to work on /home/airflow/.local/lib/python3.12/site-packages/airflow/example_dags/example_branch_labels.py
[2024-10-15T16:16:44.298+0000] {processor.py:914} INFO - Processing file /home/airflow/.local/lib/python3.12/site-packages/airflow/example_dags/example_branch_labels.py for tasks to queue
[2024-10-15T16:16:44.299+0000] {logging_mixin.py:190} INFO - [2024-10-15T16:16:44.299+0000] {dagbag.py:588} INFO - Filling up the DagBag from /home/airflow/.local/lib/python3.12/site-packages/airflow/example_dags/example_branch_labels.py
[2024-10-15T16:16:44.306+0000] {processor.py:925} INFO - DAG(s) 'example_branch_labels' retrieved from /home/airflow/.local/lib/python3.12/site-packages/airflow/example_dags/example_branch_labels.py
[2024-10-15T16:16:44.318+0000] {logging_mixin.py:190} INFO - [2024-10-15T16:16:44.318+0000] {dag.py:3239} INFO - Sync 1 DAGs
[2024-10-15T16:16:44.334+0000] {logging_mixin.py:190} INFO - [2024-10-15T16:16:44.334+0000] {dag.py:4180} INFO - Setting next_dagrun for example_branch_labels to 2024-10-14 00:00:00+00:00, run_after=2024-10-15 00:00:00+00:00
[2024-10-15T16:16:44.350+0000] {processor.py:208} INFO - Processing /home/airflow/.local/lib/python3.12/site-packages/airflow/example_dags/example_branch_labels.py took 0.057 seconds
[2024-10-15T16:17:14.942+0000] {processor.py:186} INFO - Started process (PID=247) to work on /home/airflow/.local/lib/python3.12/site-packages/airflow/example_dags/example_branch_labels.py
[2024-10-15T16:17:14.943+0000] {processor.py:914} INFO - Processing file /home/airflow/.local/lib/python3.12/site-packages/airflow/example_dags/example_branch_labels.py for tasks to queue
[2024-10-15T16:17:14.945+0000] {logging_mixin.py:190} INFO - [2024-10-15T16:17:14.944+0000] {dagbag.py:588} INFO - Filling up the DagBag from /home/airflow/.local/lib/python3.12/site-packages/airflow/example_dags/example_branch_labels.py
[2024-10-15T16:17:14.951+0000] {processor.py:925} INFO - DAG(s) 'example_branch_labels' retrieved from /home/airflow/.local/lib/python3.12/site-packages/airflow/example_dags/example_branch_labels.py
[2024-10-15T16:17:14.965+0000] {logging_mixin.py:190} INFO - [2024-10-15T16:17:14.964+0000] {dag.py:3239} INFO - Sync 1 DAGs
[2024-10-15T16:17:14.981+0000] {logging_mixin.py:190} INFO - [2024-10-15T16:17:14.980+0000] {dag.py:4180} INFO - Setting next_dagrun for example_branch_labels to 2024-10-14 00:00:00+00:00, run_after=2024-10-15 00:00:00+00:00
[2024-10-15T16:17:14.996+0000] {processor.py:208} INFO - Processing /home/airflow/.local/lib/python3.12/site-packages/airflow/example_dags/example_branch_labels.py took 0.058 seconds
[2024-10-15T16:17:45.837+0000] {processor.py:186} INFO - Started process (PID=309) to work on /home/airflow/.local/lib/python3.12/site-packages/airflow/example_dags/example_branch_labels.py
[2024-10-15T16:17:45.838+0000] {processor.py:914} INFO - Processing file /home/airflow/.local/lib/python3.12/site-packages/airflow/example_dags/example_branch_labels.py for tasks to queue
[2024-10-15T16:17:45.839+0000] {logging_mixin.py:190} INFO - [2024-10-15T16:17:45.839+0000] {dagbag.py:588} INFO - Filling up the DagBag from /home/airflow/.local/lib/python3.12/site-packages/airflow/example_dags/example_branch_labels.py
[2024-10-15T16:17:45.846+0000] {processor.py:925} INFO - DAG(s) 'example_branch_labels' retrieved from /home/airflow/.local/lib/python3.12/site-packages/airflow/example_dags/example_branch_labels.py
[2024-10-15T16:17:45.859+0000] {logging_mixin.py:190} INFO - [2024-10-15T16:17:45.859+0000] {dag.py:3239} INFO - Sync 1 DAGs
[2024-10-15T16:17:45.875+0000] {logging_mixin.py:190} INFO - [2024-10-15T16:17:45.875+0000] {dag.py:4180} INFO - Setting next_dagrun for example_branch_labels to 2024-10-14 00:00:00+00:00, run_after=2024-10-15 00:00:00+00:00
[2024-10-15T16:17:45.890+0000] {processor.py:208} INFO - Processing /home/airflow/.local/lib/python3.12/site-packages/airflow/example_dags/example_branch_labels.py took 0.056 seconds
[2024-10-15T16:18:16.685+0000] {processor.py:186} INFO - Started process (PID=377) to work on /home/airflow/.local/lib/python3.12/site-packages/airflow/example_dags/example_branch_labels.py
[2024-10-15T16:18:16.686+0000] {processor.py:914} INFO - Processing file /home/airflow/.local/lib/python3.12/site-packages/airflow/example_dags/example_branch_labels.py for tasks to queue
[2024-10-15T16:18:16.688+0000] {logging_mixin.py:190} INFO - [2024-10-15T16:18:16.687+0000] {dagbag.py:588} INFO - Filling up the DagBag from /home/airflow/.local/lib/python3.12/site-packages/airflow/example_dags/example_branch_labels.py
[2024-10-15T16:18:16.694+0000] {processor.py:925} INFO - DAG(s) 'example_branch_labels' retrieved from /home/airflow/.local/lib/python3.12/site-packages/airflow/example_dags/example_branch_labels.py
[2024-10-15T16:18:16.707+0000] {logging_mixin.py:190} INFO - [2024-10-15T16:18:16.707+0000] {dag.py:3239} INFO - Sync 1 DAGs
[2024-10-15T16:18:16.722+0000] {logging_mixin.py:190} INFO - [2024-10-15T16:18:16.722+0000] {dag.py:4180} INFO - Setting next_dagrun for example_branch_labels to 2024-10-14 00:00:00+00:00, run_after=2024-10-15 00:00:00+00:00
[2024-10-15T16:18:16.738+0000] {processor.py:208} INFO - Processing /home/airflow/.local/lib/python3.12/site-packages/airflow/example_dags/example_branch_labels.py took 0.058 seconds
[2024-10-15T16:18:46.886+0000] {processor.py:186} INFO - Started process (PID=439) to work on /home/airflow/.local/lib/python3.12/site-packages/airflow/example_dags/example_branch_labels.py
[2024-10-15T16:18:46.886+0000] {processor.py:914} INFO - Processing file /home/airflow/.local/lib/python3.12/site-packages/airflow/example_dags/example_branch_labels.py for tasks to queue
[2024-10-15T16:18:46.888+0000] {logging_mixin.py:190} INFO - [2024-10-15T16:18:46.888+0000] {dagbag.py:588} INFO - Filling up the DagBag from /home/airflow/.local/lib/python3.12/site-packages/airflow/example_dags/example_branch_labels.py
[2024-10-15T16:18:46.896+0000] {processor.py:925} INFO - DAG(s) 'example_branch_labels' retrieved from /home/airflow/.local/lib/python3.12/site-packages/airflow/example_dags/example_branch_labels.py
[2024-10-15T16:18:46.912+0000] {logging_mixin.py:190} INFO - [2024-10-15T16:18:46.912+0000] {dag.py:3239} INFO - Sync 1 DAGs
[2024-10-15T16:18:46.932+0000] {logging_mixin.py:190} INFO - [2024-10-15T16:18:46.932+0000] {dag.py:4180} INFO - Setting next_dagrun for example_branch_labels to 2024-10-14 00:00:00+00:00, run_after=2024-10-15 00:00:00+00:00
[2024-10-15T16:18:46.945+0000] {processor.py:208} INFO - Processing /home/airflow/.local/lib/python3.12/site-packages/airflow/example_dags/example_branch_labels.py took 0.063 seconds
[2024-10-15T16:19:17.863+0000] {processor.py:186} INFO - Started process (PID=501) to work on /home/airflow/.local/lib/python3.12/site-packages/airflow/example_dags/example_branch_labels.py
[2024-10-15T16:19:17.864+0000] {processor.py:914} INFO - Processing file /home/airflow/.local/lib/python3.12/site-packages/airflow/example_dags/example_branch_labels.py for tasks to queue
[2024-10-15T16:19:17.866+0000] {logging_mixin.py:190} INFO - [2024-10-15T16:19:17.866+0000] {dagbag.py:588} INFO - Filling up the DagBag from /home/airflow/.local/lib/python3.12/site-packages/airflow/example_dags/example_branch_labels.py
[2024-10-15T16:19:17.875+0000] {processor.py:925} INFO - DAG(s) 'example_branch_labels' retrieved from /home/airflow/.local/lib/python3.12/site-packages/airflow/example_dags/example_branch_labels.py
[2024-10-15T16:19:17.888+0000] {logging_mixin.py:190} INFO - [2024-10-15T16:19:17.888+0000] {dag.py:3239} INFO - Sync 1 DAGs
[2024-10-15T16:19:17.905+0000] {logging_mixin.py:190} INFO - [2024-10-15T16:19:17.905+0000] {dag.py:4180} INFO - Setting next_dagrun for example_branch_labels to 2024-10-14 00:00:00+00:00, run_after=2024-10-15 00:00:00+00:00
[2024-10-15T16:19:17.917+0000] {processor.py:208} INFO - Processing /home/airflow/.local/lib/python3.12/site-packages/airflow/example_dags/example_branch_labels.py took 0.058 seconds
[2024-10-15T16:19:48.858+0000] {processor.py:186} INFO - Started process (PID=563) to work on /home/airflow/.local/lib/python3.12/site-packages/airflow/example_dags/example_branch_labels.py
[2024-10-15T16:19:48.858+0000] {processor.py:914} INFO - Processing file /home/airflow/.local/lib/python3.12/site-packages/airflow/example_dags/example_branch_labels.py for tasks to queue
[2024-10-15T16:19:48.860+0000] {logging_mixin.py:190} INFO - [2024-10-15T16:19:48.860+0000] {dagbag.py:588} INFO - Filling up the DagBag from /home/airflow/.local/lib/python3.12/site-packages/airflow/example_dags/example_branch_labels.py
[2024-10-15T16:19:48.869+0000] {processor.py:925} INFO - DAG(s) 'example_branch_labels' retrieved from /home/airflow/.local/lib/python3.12/site-packages/airflow/example_dags/example_branch_labels.py
[2024-10-15T16:19:48.883+0000] {logging_mixin.py:190} INFO - [2024-10-15T16:19:48.883+0000] {dag.py:3239} INFO - Sync 1 DAGs
[2024-10-15T16:19:48.903+0000] {logging_mixin.py:190} INFO - [2024-10-15T16:19:48.903+0000] {dag.py:4180} INFO - Setting next_dagrun for example_branch_labels to 2024-10-14 00:00:00+00:00, run_after=2024-10-15 00:00:00+00:00
[2024-10-15T16:19:48.915+0000] {processor.py:208} INFO - Processing /home/airflow/.local/lib/python3.12/site-packages/airflow/example_dags/example_branch_labels.py took 0.062 seconds
[2024-10-15T16:20:19.909+0000] {processor.py:186} INFO - Started process (PID=625) to work on /home/airflow/.local/lib/python3.12/site-packages/airflow/example_dags/example_branch_labels.py
[2024-10-15T16:20:19.910+0000] {processor.py:914} INFO - Processing file /home/airflow/.local/lib/python3.12/site-packages/airflow/example_dags/example_branch_labels.py for tasks to queue
[2024-10-15T16:20:19.912+0000] {logging_mixin.py:190} INFO - [2024-10-15T16:20:19.912+0000] {dagbag.py:588} INFO - Filling up the DagBag from /home/airflow/.local/lib/python3.12/site-packages/airflow/example_dags/example_branch_labels.py
[2024-10-15T16:20:19.921+0000] {processor.py:925} INFO - DAG(s) 'example_branch_labels' retrieved from /home/airflow/.local/lib/python3.12/site-packages/airflow/example_dags/example_branch_labels.py
[2024-10-15T16:20:19.937+0000] {logging_mixin.py:190} INFO - [2024-10-15T16:20:19.937+0000] {dag.py:3239} INFO - Sync 1 DAGs
[2024-10-15T16:20:19.956+0000] {logging_mixin.py:190} INFO - [2024-10-15T16:20:19.956+0000] {dag.py:4180} INFO - Setting next_dagrun for example_branch_labels to 2024-10-14 00:00:00+00:00, run_after=2024-10-15 00:00:00+00:00
[2024-10-15T16:20:19.972+0000] {processor.py:208} INFO - Processing /home/airflow/.local/lib/python3.12/site-packages/airflow/example_dags/example_branch_labels.py took 0.067 seconds
[2024-10-15T16:20:50.976+0000] {processor.py:186} INFO - Started process (PID=687) to work on /home/airflow/.local/lib/python3.12/site-packages/airflow/example_dags/example_branch_labels.py
[2024-10-15T16:20:50.977+0000] {processor.py:914} INFO - Processing file /home/airflow/.local/lib/python3.12/site-packages/airflow/example_dags/example_branch_labels.py for tasks to queue
[2024-10-15T16:20:50.979+0000] {logging_mixin.py:190} INFO - [2024-10-15T16:20:50.979+0000] {dagbag.py:588} INFO - Filling up the DagBag from /home/airflow/.local/lib/python3.12/site-packages/airflow/example_dags/example_branch_labels.py
[2024-10-15T16:20:50.991+0000] {processor.py:925} INFO - DAG(s) 'example_branch_labels' retrieved from /home/airflow/.local/lib/python3.12/site-packages/airflow/example_dags/example_branch_labels.py
[2024-10-15T16:20:51.007+0000] {logging_mixin.py:190} INFO - [2024-10-15T16:20:51.007+0000] {dag.py:3239} INFO - Sync 1 DAGs
[2024-10-15T16:20:51.031+0000] {logging_mixin.py:190} INFO - [2024-10-15T16:20:51.031+0000] {dag.py:4180} INFO - Setting next_dagrun for example_branch_labels to 2024-10-14 00:00:00+00:00, run_after=2024-10-15 00:00:00+00:00
[2024-10-15T16:20:51.047+0000] {processor.py:208} INFO - Processing /home/airflow/.local/lib/python3.12/site-packages/airflow/example_dags/example_branch_labels.py took 0.076 seconds
[2024-10-15T16:21:21.819+0000] {processor.py:186} INFO - Started process (PID=749) to work on /home/airflow/.local/lib/python3.12/site-packages/airflow/example_dags/example_branch_labels.py
[2024-10-15T16:21:21.820+0000] {processor.py:914} INFO - Processing file /home/airflow/.local/lib/python3.12/site-packages/airflow/example_dags/example_branch_labels.py for tasks to queue
[2024-10-15T16:21:21.822+0000] {logging_mixin.py:190} INFO - [2024-10-15T16:21:21.822+0000] {dagbag.py:588} INFO - Filling up the DagBag from /home/airflow/.local/lib/python3.12/site-packages/airflow/example_dags/example_branch_labels.py
[2024-10-15T16:21:21.830+0000] {processor.py:925} INFO - DAG(s) 'example_branch_labels' retrieved from /home/airflow/.local/lib/python3.12/site-packages/airflow/example_dags/example_branch_labels.py
[2024-10-15T16:21:21.846+0000] {logging_mixin.py:190} INFO - [2024-10-15T16:21:21.846+0000] {dag.py:3239} INFO - Sync 1 DAGs
[2024-10-15T16:21:21.869+0000] {logging_mixin.py:190} INFO - [2024-10-15T16:21:21.868+0000] {dag.py:4180} INFO - Setting next_dagrun for example_branch_labels to 2024-10-14 00:00:00+00:00, run_after=2024-10-15 00:00:00+00:00
[2024-10-15T16:21:21.883+0000] {processor.py:208} INFO - Processing /home/airflow/.local/lib/python3.12/site-packages/airflow/example_dags/example_branch_labels.py took 0.069 seconds
[2024-10-15T16:21:52.775+0000] {processor.py:186} INFO - Started process (PID=811) to work on /home/airflow/.local/lib/python3.12/site-packages/airflow/example_dags/example_branch_labels.py
[2024-10-15T16:21:52.776+0000] {processor.py:914} INFO - Processing file /home/airflow/.local/lib/python3.12/site-packages/airflow/example_dags/example_branch_labels.py for tasks to queue
[2024-10-15T16:21:52.778+0000] {logging_mixin.py:190} INFO - [2024-10-15T16:21:52.777+0000] {dagbag.py:588} INFO - Filling up the DagBag from /home/airflow/.local/lib/python3.12/site-packages/airflow/example_dags/example_branch_labels.py
[2024-10-15T16:21:52.785+0000] {processor.py:925} INFO - DAG(s) 'example_branch_labels' retrieved from /home/airflow/.local/lib/python3.12/site-packages/airflow/example_dags/example_branch_labels.py
[2024-10-15T16:21:52.800+0000] {logging_mixin.py:190} INFO - [2024-10-15T16:21:52.800+0000] {dag.py:3239} INFO - Sync 1 DAGs
[2024-10-15T16:21:52.822+0000] {logging_mixin.py:190} INFO - [2024-10-15T16:21:52.821+0000] {dag.py:4180} INFO - Setting next_dagrun for example_branch_labels to 2024-10-14 00:00:00+00:00, run_after=2024-10-15 00:00:00+00:00
[2024-10-15T16:21:52.835+0000] {processor.py:208} INFO - Processing /home/airflow/.local/lib/python3.12/site-packages/airflow/example_dags/example_branch_labels.py took 0.065 seconds
[2024-10-15T16:22:22.886+0000] {processor.py:186} INFO - Started process (PID=873) to work on /home/airflow/.local/lib/python3.12/site-packages/airflow/example_dags/example_branch_labels.py
[2024-10-15T16:22:22.886+0000] {processor.py:914} INFO - Processing file /home/airflow/.local/lib/python3.12/site-packages/airflow/example_dags/example_branch_labels.py for tasks to queue
[2024-10-15T16:22:22.888+0000] {logging_mixin.py:190} INFO - [2024-10-15T16:22:22.888+0000] {dagbag.py:588} INFO - Filling up the DagBag from /home/airflow/.local/lib/python3.12/site-packages/airflow/example_dags/example_branch_labels.py
[2024-10-15T16:22:22.897+0000] {processor.py:925} INFO - DAG(s) 'example_branch_labels' retrieved from /home/airflow/.local/lib/python3.12/site-packages/airflow/example_dags/example_branch_labels.py
[2024-10-15T16:22:22.913+0000] {logging_mixin.py:190} INFO - [2024-10-15T16:22:22.913+0000] {dag.py:3239} INFO - Sync 1 DAGs
[2024-10-15T16:22:22.938+0000] {logging_mixin.py:190} INFO - [2024-10-15T16:22:22.938+0000] {dag.py:4180} INFO - Setting next_dagrun for example_branch_labels to 2024-10-14 00:00:00+00:00, run_after=2024-10-15 00:00:00+00:00
[2024-10-15T16:22:22.954+0000] {processor.py:208} INFO - Processing /home/airflow/.local/lib/python3.12/site-packages/airflow/example_dags/example_branch_labels.py took 0.072 seconds
[2024-10-15T16:22:53.121+0000] {processor.py:186} INFO - Started process (PID=934) to work on /home/airflow/.local/lib/python3.12/site-packages/airflow/example_dags/example_branch_labels.py
[2024-10-15T16:22:53.122+0000] {processor.py:914} INFO - Processing file /home/airflow/.local/lib/python3.12/site-packages/airflow/example_dags/example_branch_labels.py for tasks to queue
[2024-10-15T16:22:53.124+0000] {logging_mixin.py:190} INFO - [2024-10-15T16:22:53.123+0000] {dagbag.py:588} INFO - Filling up the DagBag from /home/airflow/.local/lib/python3.12/site-packages/airflow/example_dags/example_branch_labels.py
[2024-10-15T16:22:53.131+0000] {processor.py:925} INFO - DAG(s) 'example_branch_labels' retrieved from /home/airflow/.local/lib/python3.12/site-packages/airflow/example_dags/example_branch_labels.py
[2024-10-15T16:22:53.144+0000] {logging_mixin.py:190} INFO - [2024-10-15T16:22:53.144+0000] {dag.py:3239} INFO - Sync 1 DAGs
[2024-10-15T16:22:53.166+0000] {logging_mixin.py:190} INFO - [2024-10-15T16:22:53.166+0000] {dag.py:4180} INFO - Setting next_dagrun for example_branch_labels to 2024-10-14 00:00:00+00:00, run_after=2024-10-15 00:00:00+00:00
[2024-10-15T16:22:53.183+0000] {processor.py:208} INFO - Processing /home/airflow/.local/lib/python3.12/site-packages/airflow/example_dags/example_branch_labels.py took 0.065 seconds
[2024-10-15T16:23:24.157+0000] {processor.py:186} INFO - Started process (PID=997) to work on /home/airflow/.local/lib/python3.12/site-packages/airflow/example_dags/example_branch_labels.py
[2024-10-15T16:23:24.158+0000] {processor.py:914} INFO - Processing file /home/airflow/.local/lib/python3.12/site-packages/airflow/example_dags/example_branch_labels.py for tasks to queue
[2024-10-15T16:23:24.160+0000] {logging_mixin.py:190} INFO - [2024-10-15T16:23:24.160+0000] {dagbag.py:588} INFO - Filling up the DagBag from /home/airflow/.local/lib/python3.12/site-packages/airflow/example_dags/example_branch_labels.py
[2024-10-15T16:23:24.168+0000] {processor.py:925} INFO - DAG(s) 'example_branch_labels' retrieved from /home/airflow/.local/lib/python3.12/site-packages/airflow/example_dags/example_branch_labels.py
[2024-10-15T16:23:24.182+0000] {logging_mixin.py:190} INFO - [2024-10-15T16:23:24.182+0000] {dag.py:3239} INFO - Sync 1 DAGs
[2024-10-15T16:23:24.201+0000] {logging_mixin.py:190} INFO - [2024-10-15T16:23:24.201+0000] {dag.py:4180} INFO - Setting next_dagrun for example_branch_labels to 2024-10-14 00:00:00+00:00, run_after=2024-10-15 00:00:00+00:00
[2024-10-15T16:23:24.217+0000] {processor.py:208} INFO - Processing /home/airflow/.local/lib/python3.12/site-packages/airflow/example_dags/example_branch_labels.py took 0.065 seconds
[2024-10-15T16:23:54.428+0000] {processor.py:186} INFO - Started process (PID=1059) to work on /home/airflow/.local/lib/python3.12/site-packages/airflow/example_dags/example_branch_labels.py
[2024-10-15T16:23:54.429+0000] {processor.py:914} INFO - Processing file /home/airflow/.local/lib/python3.12/site-packages/airflow/example_dags/example_branch_labels.py for tasks to queue
[2024-10-15T16:23:54.431+0000] {logging_mixin.py:190} INFO - [2024-10-15T16:23:54.430+0000] {dagbag.py:588} INFO - Filling up the DagBag from /home/airflow/.local/lib/python3.12/site-packages/airflow/example_dags/example_branch_labels.py
[2024-10-15T16:23:54.437+0000] {processor.py:925} INFO - DAG(s) 'example_branch_labels' retrieved from /home/airflow/.local/lib/python3.12/site-packages/airflow/example_dags/example_branch_labels.py
[2024-10-15T16:23:54.451+0000] {logging_mixin.py:190} INFO - [2024-10-15T16:23:54.451+0000] {dag.py:3239} INFO - Sync 1 DAGs
[2024-10-15T16:23:54.470+0000] {logging_mixin.py:190} INFO - [2024-10-15T16:23:54.470+0000] {dag.py:4180} INFO - Setting next_dagrun for example_branch_labels to 2024-10-14 00:00:00+00:00, run_after=2024-10-15 00:00:00+00:00
[2024-10-15T16:23:54.484+0000] {processor.py:208} INFO - Processing /home/airflow/.local/lib/python3.12/site-packages/airflow/example_dags/example_branch_labels.py took 0.060 seconds
[2024-10-15T16:24:24.744+0000] {processor.py:186} INFO - Started process (PID=1121) to work on /home/airflow/.local/lib/python3.12/site-packages/airflow/example_dags/example_branch_labels.py
[2024-10-15T16:24:24.745+0000] {processor.py:914} INFO - Processing file /home/airflow/.local/lib/python3.12/site-packages/airflow/example_dags/example_branch_labels.py for tasks to queue
[2024-10-15T16:24:24.747+0000] {logging_mixin.py:190} INFO - [2024-10-15T16:24:24.747+0000] {dagbag.py:588} INFO - Filling up the DagBag from /home/airflow/.local/lib/python3.12/site-packages/airflow/example_dags/example_branch_labels.py
[2024-10-15T16:24:24.755+0000] {processor.py:925} INFO - DAG(s) 'example_branch_labels' retrieved from /home/airflow/.local/lib/python3.12/site-packages/airflow/example_dags/example_branch_labels.py
[2024-10-15T16:24:24.769+0000] {logging_mixin.py:190} INFO - [2024-10-15T16:24:24.769+0000] {dag.py:3239} INFO - Sync 1 DAGs
[2024-10-15T16:24:24.788+0000] {logging_mixin.py:190} INFO - [2024-10-15T16:24:24.787+0000] {dag.py:4180} INFO - Setting next_dagrun for example_branch_labels to 2024-10-14 00:00:00+00:00, run_after=2024-10-15 00:00:00+00:00
[2024-10-15T16:24:24.801+0000] {processor.py:208} INFO - Processing /home/airflow/.local/lib/python3.12/site-packages/airflow/example_dags/example_branch_labels.py took 0.061 seconds
[2024-10-15T16:24:55.556+0000] {processor.py:186} INFO - Started process (PID=1183) to work on /home/airflow/.local/lib/python3.12/site-packages/airflow/example_dags/example_branch_labels.py
[2024-10-15T16:24:55.557+0000] {processor.py:914} INFO - Processing file /home/airflow/.local/lib/python3.12/site-packages/airflow/example_dags/example_branch_labels.py for tasks to queue
[2024-10-15T16:24:55.559+0000] {logging_mixin.py:190} INFO - [2024-10-15T16:24:55.558+0000] {dagbag.py:588} INFO - Filling up the DagBag from /home/airflow/.local/lib/python3.12/site-packages/airflow/example_dags/example_branch_labels.py
[2024-10-15T16:24:55.566+0000] {processor.py:925} INFO - DAG(s) 'example_branch_labels' retrieved from /home/airflow/.local/lib/python3.12/site-packages/airflow/example_dags/example_branch_labels.py
[2024-10-15T16:24:55.580+0000] {logging_mixin.py:190} INFO - [2024-10-15T16:24:55.579+0000] {dag.py:3239} INFO - Sync 1 DAGs
[2024-10-15T16:24:55.598+0000] {logging_mixin.py:190} INFO - [2024-10-15T16:24:55.598+0000] {dag.py:4180} INFO - Setting next_dagrun for example_branch_labels to 2024-10-14 00:00:00+00:00, run_after=2024-10-15 00:00:00+00:00
[2024-10-15T16:24:55.609+0000] {processor.py:208} INFO - Processing /home/airflow/.local/lib/python3.12/site-packages/airflow/example_dags/example_branch_labels.py took 0.057 seconds
[2024-10-15T16:25:26.415+0000] {processor.py:186} INFO - Started process (PID=1245) to work on /home/airflow/.local/lib/python3.12/site-packages/airflow/example_dags/example_branch_labels.py
[2024-10-15T16:25:26.415+0000] {processor.py:914} INFO - Processing file /home/airflow/.local/lib/python3.12/site-packages/airflow/example_dags/example_branch_labels.py for tasks to queue
[2024-10-15T16:25:26.417+0000] {logging_mixin.py:190} INFO - [2024-10-15T16:25:26.417+0000] {dagbag.py:588} INFO - Filling up the DagBag from /home/airflow/.local/lib/python3.12/site-packages/airflow/example_dags/example_branch_labels.py
[2024-10-15T16:25:26.424+0000] {processor.py:925} INFO - DAG(s) 'example_branch_labels' retrieved from /home/airflow/.local/lib/python3.12/site-packages/airflow/example_dags/example_branch_labels.py
[2024-10-15T16:25:26.438+0000] {logging_mixin.py:190} INFO - [2024-10-15T16:25:26.438+0000] {dag.py:3239} INFO - Sync 1 DAGs
[2024-10-15T16:25:26.454+0000] {logging_mixin.py:190} INFO - [2024-10-15T16:25:26.454+0000] {dag.py:4180} INFO - Setting next_dagrun for example_branch_labels to 2024-10-14 00:00:00+00:00, run_after=2024-10-15 00:00:00+00:00
[2024-10-15T16:25:26.466+0000] {processor.py:208} INFO - Processing /home/airflow/.local/lib/python3.12/site-packages/airflow/example_dags/example_branch_labels.py took 0.056 seconds
[2024-10-15T16:25:56.882+0000] {processor.py:186} INFO - Started process (PID=1306) to work on /home/airflow/.local/lib/python3.12/site-packages/airflow/example_dags/example_branch_labels.py
[2024-10-15T16:25:56.883+0000] {processor.py:914} INFO - Processing file /home/airflow/.local/lib/python3.12/site-packages/airflow/example_dags/example_branch_labels.py for tasks to queue
[2024-10-15T16:25:56.885+0000] {logging_mixin.py:190} INFO - [2024-10-15T16:25:56.885+0000] {dagbag.py:588} INFO - Filling up the DagBag from /home/airflow/.local/lib/python3.12/site-packages/airflow/example_dags/example_branch_labels.py
[2024-10-15T16:25:56.892+0000] {processor.py:925} INFO - DAG(s) 'example_branch_labels' retrieved from /home/airflow/.local/lib/python3.12/site-packages/airflow/example_dags/example_branch_labels.py
[2024-10-15T16:25:56.907+0000] {logging_mixin.py:190} INFO - [2024-10-15T16:25:56.907+0000] {dag.py:3239} INFO - Sync 1 DAGs
[2024-10-15T16:25:56.924+0000] {logging_mixin.py:190} INFO - [2024-10-15T16:25:56.923+0000] {dag.py:4180} INFO - Setting next_dagrun for example_branch_labels to 2024-10-14 00:00:00+00:00, run_after=2024-10-15 00:00:00+00:00
[2024-10-15T16:25:56.937+0000] {processor.py:208} INFO - Processing /home/airflow/.local/lib/python3.12/site-packages/airflow/example_dags/example_branch_labels.py took 0.060 seconds
[2024-10-15T16:26:27.576+0000] {processor.py:186} INFO - Started process (PID=1368) to work on /home/airflow/.local/lib/python3.12/site-packages/airflow/example_dags/example_branch_labels.py
[2024-10-15T16:26:27.577+0000] {processor.py:914} INFO - Processing file /home/airflow/.local/lib/python3.12/site-packages/airflow/example_dags/example_branch_labels.py for tasks to queue
[2024-10-15T16:26:27.579+0000] {logging_mixin.py:190} INFO - [2024-10-15T16:26:27.578+0000] {dagbag.py:588} INFO - Filling up the DagBag from /home/airflow/.local/lib/python3.12/site-packages/airflow/example_dags/example_branch_labels.py
[2024-10-15T16:26:27.586+0000] {processor.py:925} INFO - DAG(s) 'example_branch_labels' retrieved from /home/airflow/.local/lib/python3.12/site-packages/airflow/example_dags/example_branch_labels.py
[2024-10-15T16:26:27.601+0000] {logging_mixin.py:190} INFO - [2024-10-15T16:26:27.601+0000] {dag.py:3239} INFO - Sync 1 DAGs
[2024-10-15T16:26:27.620+0000] {logging_mixin.py:190} INFO - [2024-10-15T16:26:27.619+0000] {dag.py:4180} INFO - Setting next_dagrun for example_branch_labels to 2024-10-14 00:00:00+00:00, run_after=2024-10-15 00:00:00+00:00
[2024-10-15T16:26:27.638+0000] {processor.py:208} INFO - Processing /home/airflow/.local/lib/python3.12/site-packages/airflow/example_dags/example_branch_labels.py took 0.066 seconds
[2024-10-15T16:26:58.525+0000] {processor.py:186} INFO - Started process (PID=1430) to work on /home/airflow/.local/lib/python3.12/site-packages/airflow/example_dags/example_branch_labels.py
[2024-10-15T16:26:58.526+0000] {processor.py:914} INFO - Processing file /home/airflow/.local/lib/python3.12/site-packages/airflow/example_dags/example_branch_labels.py for tasks to queue
[2024-10-15T16:26:58.528+0000] {logging_mixin.py:190} INFO - [2024-10-15T16:26:58.528+0000] {dagbag.py:588} INFO - Filling up the DagBag from /home/airflow/.local/lib/python3.12/site-packages/airflow/example_dags/example_branch_labels.py
[2024-10-15T16:26:58.534+0000] {processor.py:925} INFO - DAG(s) 'example_branch_labels' retrieved from /home/airflow/.local/lib/python3.12/site-packages/airflow/example_dags/example_branch_labels.py
[2024-10-15T16:26:58.550+0000] {logging_mixin.py:190} INFO - [2024-10-15T16:26:58.549+0000] {dag.py:3239} INFO - Sync 1 DAGs
[2024-10-15T16:26:58.570+0000] {logging_mixin.py:190} INFO - [2024-10-15T16:26:58.570+0000] {dag.py:4180} INFO - Setting next_dagrun for example_branch_labels to 2024-10-14 00:00:00+00:00, run_after=2024-10-15 00:00:00+00:00
[2024-10-15T16:26:58.588+0000] {processor.py:208} INFO - Processing /home/airflow/.local/lib/python3.12/site-packages/airflow/example_dags/example_branch_labels.py took 0.067 seconds
[2024-10-15T16:27:29.578+0000] {processor.py:186} INFO - Started process (PID=1492) to work on /home/airflow/.local/lib/python3.12/site-packages/airflow/example_dags/example_branch_labels.py
[2024-10-15T16:27:29.579+0000] {processor.py:914} INFO - Processing file /home/airflow/.local/lib/python3.12/site-packages/airflow/example_dags/example_branch_labels.py for tasks to queue
[2024-10-15T16:27:29.581+0000] {logging_mixin.py:190} INFO - [2024-10-15T16:27:29.580+0000] {dagbag.py:588} INFO - Filling up the DagBag from /home/airflow/.local/lib/python3.12/site-packages/airflow/example_dags/example_branch_labels.py
[2024-10-15T16:27:29.587+0000] {processor.py:925} INFO - DAG(s) 'example_branch_labels' retrieved from /home/airflow/.local/lib/python3.12/site-packages/airflow/example_dags/example_branch_labels.py
[2024-10-15T16:27:29.600+0000] {logging_mixin.py:190} INFO - [2024-10-15T16:27:29.600+0000] {dag.py:3239} INFO - Sync 1 DAGs
[2024-10-15T16:27:29.615+0000] {logging_mixin.py:190} INFO - [2024-10-15T16:27:29.615+0000] {dag.py:4180} INFO - Setting next_dagrun for example_branch_labels to 2024-10-14 00:00:00+00:00, run_after=2024-10-15 00:00:00+00:00
[2024-10-15T16:27:29.629+0000] {processor.py:208} INFO - Processing /home/airflow/.local/lib/python3.12/site-packages/airflow/example_dags/example_branch_labels.py took 0.055 seconds
[2024-10-15T16:27:59.885+0000] {processor.py:186} INFO - Started process (PID=1554) to work on /home/airflow/.local/lib/python3.12/site-packages/airflow/example_dags/example_branch_labels.py
[2024-10-15T16:27:59.886+0000] {processor.py:914} INFO - Processing file /home/airflow/.local/lib/python3.12/site-packages/airflow/example_dags/example_branch_labels.py for tasks to queue
[2024-10-15T16:27:59.888+0000] {logging_mixin.py:190} INFO - [2024-10-15T16:27:59.887+0000] {dagbag.py:588} INFO - Filling up the DagBag from /home/airflow/.local/lib/python3.12/site-packages/airflow/example_dags/example_branch_labels.py
[2024-10-15T16:27:59.895+0000] {processor.py:925} INFO - DAG(s) 'example_branch_labels' retrieved from /home/airflow/.local/lib/python3.12/site-packages/airflow/example_dags/example_branch_labels.py
[2024-10-15T16:27:59.910+0000] {logging_mixin.py:190} INFO - [2024-10-15T16:27:59.910+0000] {dag.py:3239} INFO - Sync 1 DAGs
[2024-10-15T16:27:59.926+0000] {logging_mixin.py:190} INFO - [2024-10-15T16:27:59.926+0000] {dag.py:4180} INFO - Setting next_dagrun for example_branch_labels to 2024-10-14 00:00:00+00:00, run_after=2024-10-15 00:00:00+00:00
[2024-10-15T16:27:59.939+0000] {processor.py:208} INFO - Processing /home/airflow/.local/lib/python3.12/site-packages/airflow/example_dags/example_branch_labels.py took 0.059 seconds
[2024-10-15T16:28:30.185+0000] {processor.py:186} INFO - Started process (PID=1616) to work on /home/airflow/.local/lib/python3.12/site-packages/airflow/example_dags/example_branch_labels.py
[2024-10-15T16:28:30.185+0000] {processor.py:914} INFO - Processing file /home/airflow/.local/lib/python3.12/site-packages/airflow/example_dags/example_branch_labels.py for tasks to queue
[2024-10-15T16:28:30.187+0000] {logging_mixin.py:190} INFO - [2024-10-15T16:28:30.187+0000] {dagbag.py:588} INFO - Filling up the DagBag from /home/airflow/.local/lib/python3.12/site-packages/airflow/example_dags/example_branch_labels.py
[2024-10-15T16:28:30.194+0000] {processor.py:925} INFO - DAG(s) 'example_branch_labels' retrieved from /home/airflow/.local/lib/python3.12/site-packages/airflow/example_dags/example_branch_labels.py
[2024-10-15T16:28:30.209+0000] {logging_mixin.py:190} INFO - [2024-10-15T16:28:30.209+0000] {dag.py:3239} INFO - Sync 1 DAGs
[2024-10-15T16:28:30.227+0000] {logging_mixin.py:190} INFO - [2024-10-15T16:28:30.227+0000] {dag.py:4180} INFO - Setting next_dagrun for example_branch_labels to 2024-10-14 00:00:00+00:00, run_after=2024-10-15 00:00:00+00:00
[2024-10-15T16:28:30.241+0000] {processor.py:208} INFO - Processing /home/airflow/.local/lib/python3.12/site-packages/airflow/example_dags/example_branch_labels.py took 0.061 seconds
[2024-10-15T16:29:00.777+0000] {processor.py:186} INFO - Started process (PID=1678) to work on /home/airflow/.local/lib/python3.12/site-packages/airflow/example_dags/example_branch_labels.py
[2024-10-15T16:29:00.778+0000] {processor.py:914} INFO - Processing file /home/airflow/.local/lib/python3.12/site-packages/airflow/example_dags/example_branch_labels.py for tasks to queue
[2024-10-15T16:29:00.780+0000] {logging_mixin.py:190} INFO - [2024-10-15T16:29:00.780+0000] {dagbag.py:588} INFO - Filling up the DagBag from /home/airflow/.local/lib/python3.12/site-packages/airflow/example_dags/example_branch_labels.py
[2024-10-15T16:29:00.787+0000] {processor.py:925} INFO - DAG(s) 'example_branch_labels' retrieved from /home/airflow/.local/lib/python3.12/site-packages/airflow/example_dags/example_branch_labels.py
[2024-10-15T16:29:00.801+0000] {logging_mixin.py:190} INFO - [2024-10-15T16:29:00.801+0000] {dag.py:3239} INFO - Sync 1 DAGs
[2024-10-15T16:29:00.818+0000] {logging_mixin.py:190} INFO - [2024-10-15T16:29:00.818+0000] {dag.py:4180} INFO - Setting next_dagrun for example_branch_labels to 2024-10-14 00:00:00+00:00, run_after=2024-10-15 00:00:00+00:00
[2024-10-15T16:29:00.833+0000] {processor.py:208} INFO - Processing /home/airflow/.local/lib/python3.12/site-packages/airflow/example_dags/example_branch_labels.py took 0.060 seconds
[2024-10-15T16:29:30.968+0000] {processor.py:186} INFO - Started process (PID=1740) to work on /home/airflow/.local/lib/python3.12/site-packages/airflow/example_dags/example_branch_labels.py
[2024-10-15T16:29:30.969+0000] {processor.py:914} INFO - Processing file /home/airflow/.local/lib/python3.12/site-packages/airflow/example_dags/example_branch_labels.py for tasks to queue
[2024-10-15T16:29:30.971+0000] {logging_mixin.py:190} INFO - [2024-10-15T16:29:30.971+0000] {dagbag.py:588} INFO - Filling up the DagBag from /home/airflow/.local/lib/python3.12/site-packages/airflow/example_dags/example_branch_labels.py
[2024-10-15T16:29:30.978+0000] {processor.py:925} INFO - DAG(s) 'example_branch_labels' retrieved from /home/airflow/.local/lib/python3.12/site-packages/airflow/example_dags/example_branch_labels.py
[2024-10-15T16:29:30.993+0000] {logging_mixin.py:190} INFO - [2024-10-15T16:29:30.993+0000] {dag.py:3239} INFO - Sync 1 DAGs
[2024-10-15T16:29:31.009+0000] {logging_mixin.py:190} INFO - [2024-10-15T16:29:31.009+0000] {dag.py:4180} INFO - Setting next_dagrun for example_branch_labels to 2024-10-14 00:00:00+00:00, run_after=2024-10-15 00:00:00+00:00
[2024-10-15T16:29:31.027+0000] {processor.py:208} INFO - Processing /home/airflow/.local/lib/python3.12/site-packages/airflow/example_dags/example_branch_labels.py took 0.063 seconds
