[2024-10-15T16:15:44.565+0000] {processor.py:186} INFO - Started process (PID=76) to work on /home/airflow/.local/lib/python3.12/site-packages/airflow/example_dags/example_latest_only_with_trigger.py
[2024-10-15T16:15:44.566+0000] {processor.py:914} INFO - Processing file /home/airflow/.local/lib/python3.12/site-packages/airflow/example_dags/example_latest_only_with_trigger.py for tasks to queue
[2024-10-15T16:15:44.568+0000] {logging_mixin.py:190} INFO - [2024-10-15T16:15:44.568+0000] {dagbag.py:588} INFO - Filling up the DagBag from /home/airflow/.local/lib/python3.12/site-packages/airflow/example_dags/example_latest_only_with_trigger.py
[2024-10-15T16:15:44.574+0000] {processor.py:925} INFO - DAG(s) 'latest_only_with_trigger' retrieved from /home/airflow/.local/lib/python3.12/site-packages/airflow/example_dags/example_latest_only_with_trigger.py
[2024-10-15T16:15:44.658+0000] {logging_mixin.py:190} INFO - [2024-10-15T16:15:44.658+0000] {override.py:1900} INFO - Created Permission View: can read on DAG:latest_only_with_trigger
[2024-10-15T16:15:44.666+0000] {logging_mixin.py:190} INFO - [2024-10-15T16:15:44.666+0000] {override.py:1900} INFO - Created Permission View: can delete on DAG:latest_only_with_trigger
[2024-10-15T16:15:44.673+0000] {logging_mixin.py:190} INFO - [2024-10-15T16:15:44.672+0000] {override.py:1900} INFO - Created Permission View: can edit on DAG:latest_only_with_trigger
[2024-10-15T16:15:44.680+0000] {logging_mixin.py:190} INFO - [2024-10-15T16:15:44.679+0000] {override.py:1900} INFO - Created Permission View: can read on DAG Run:latest_only_with_trigger
[2024-10-15T16:15:44.686+0000] {logging_mixin.py:190} INFO - [2024-10-15T16:15:44.686+0000] {override.py:1900} INFO - Created Permission View: can create on DAG Run:latest_only_with_trigger
[2024-10-15T16:15:44.695+0000] {logging_mixin.py:190} INFO - [2024-10-15T16:15:44.695+0000] {override.py:1900} INFO - Created Permission View: menu access on DAG Run:latest_only_with_trigger
[2024-10-15T16:15:44.700+0000] {logging_mixin.py:190} INFO - [2024-10-15T16:15:44.700+0000] {override.py:1900} INFO - Created Permission View: can delete on DAG Run:latest_only_with_trigger
[2024-10-15T16:15:44.701+0000] {logging_mixin.py:190} INFO - [2024-10-15T16:15:44.701+0000] {dag.py:3239} INFO - Sync 1 DAGs
[2024-10-15T16:15:44.711+0000] {logging_mixin.py:190} INFO - [2024-10-15T16:15:44.711+0000] {dag.py:3262} INFO - Creating ORM DAG for latest_only_with_trigger
[2024-10-15T16:15:44.719+0000] {logging_mixin.py:190} INFO - [2024-10-15T16:15:44.719+0000] {dag.py:4180} INFO - Setting next_dagrun for latest_only_with_trigger to 2024-10-15 12:00:00+00:00, run_after=2024-10-15 16:00:00+00:00
[2024-10-15T16:15:44.731+0000] {processor.py:208} INFO - Processing /home/airflow/.local/lib/python3.12/site-packages/airflow/example_dags/example_latest_only_with_trigger.py took 0.170 seconds
[2024-10-15T16:16:15.080+0000] {processor.py:186} INFO - Started process (PID=138) to work on /home/airflow/.local/lib/python3.12/site-packages/airflow/example_dags/example_latest_only_with_trigger.py
[2024-10-15T16:16:15.081+0000] {processor.py:914} INFO - Processing file /home/airflow/.local/lib/python3.12/site-packages/airflow/example_dags/example_latest_only_with_trigger.py for tasks to queue
[2024-10-15T16:16:15.083+0000] {logging_mixin.py:190} INFO - [2024-10-15T16:16:15.082+0000] {dagbag.py:588} INFO - Filling up the DagBag from /home/airflow/.local/lib/python3.12/site-packages/airflow/example_dags/example_latest_only_with_trigger.py
[2024-10-15T16:16:15.088+0000] {processor.py:925} INFO - DAG(s) 'latest_only_with_trigger' retrieved from /home/airflow/.local/lib/python3.12/site-packages/airflow/example_dags/example_latest_only_with_trigger.py
[2024-10-15T16:16:15.106+0000] {logging_mixin.py:190} INFO - [2024-10-15T16:16:15.106+0000] {dag.py:3239} INFO - Sync 1 DAGs
[2024-10-15T16:16:15.121+0000] {logging_mixin.py:190} INFO - [2024-10-15T16:16:15.121+0000] {dag.py:4180} INFO - Setting next_dagrun for latest_only_with_trigger to 2024-10-15 12:00:00+00:00, run_after=2024-10-15 16:00:00+00:00
[2024-10-15T16:16:15.141+0000] {processor.py:208} INFO - Processing /home/airflow/.local/lib/python3.12/site-packages/airflow/example_dags/example_latest_only_with_trigger.py took 0.065 seconds
[2024-10-15T16:16:45.969+0000] {processor.py:186} INFO - Started process (PID=200) to work on /home/airflow/.local/lib/python3.12/site-packages/airflow/example_dags/example_latest_only_with_trigger.py
[2024-10-15T16:16:45.969+0000] {processor.py:914} INFO - Processing file /home/airflow/.local/lib/python3.12/site-packages/airflow/example_dags/example_latest_only_with_trigger.py for tasks to queue
[2024-10-15T16:16:45.972+0000] {logging_mixin.py:190} INFO - [2024-10-15T16:16:45.971+0000] {dagbag.py:588} INFO - Filling up the DagBag from /home/airflow/.local/lib/python3.12/site-packages/airflow/example_dags/example_latest_only_with_trigger.py
[2024-10-15T16:16:45.977+0000] {processor.py:925} INFO - DAG(s) 'latest_only_with_trigger' retrieved from /home/airflow/.local/lib/python3.12/site-packages/airflow/example_dags/example_latest_only_with_trigger.py
[2024-10-15T16:16:45.990+0000] {logging_mixin.py:190} INFO - [2024-10-15T16:16:45.989+0000] {dag.py:3239} INFO - Sync 1 DAGs
[2024-10-15T16:16:46.006+0000] {logging_mixin.py:190} INFO - [2024-10-15T16:16:46.006+0000] {dag.py:4180} INFO - Setting next_dagrun for latest_only_with_trigger to 2024-10-15 12:00:00+00:00, run_after=2024-10-15 16:00:00+00:00
[2024-10-15T16:16:46.021+0000] {processor.py:208} INFO - Processing /home/airflow/.local/lib/python3.12/site-packages/airflow/example_dags/example_latest_only_with_trigger.py took 0.057 seconds
[2024-10-15T16:17:16.707+0000] {processor.py:186} INFO - Started process (PID=268) to work on /home/airflow/.local/lib/python3.12/site-packages/airflow/example_dags/example_latest_only_with_trigger.py
[2024-10-15T16:17:16.707+0000] {processor.py:914} INFO - Processing file /home/airflow/.local/lib/python3.12/site-packages/airflow/example_dags/example_latest_only_with_trigger.py for tasks to queue
[2024-10-15T16:17:16.709+0000] {logging_mixin.py:190} INFO - [2024-10-15T16:17:16.709+0000] {dagbag.py:588} INFO - Filling up the DagBag from /home/airflow/.local/lib/python3.12/site-packages/airflow/example_dags/example_latest_only_with_trigger.py
[2024-10-15T16:17:16.714+0000] {processor.py:925} INFO - DAG(s) 'latest_only_with_trigger' retrieved from /home/airflow/.local/lib/python3.12/site-packages/airflow/example_dags/example_latest_only_with_trigger.py
[2024-10-15T16:17:16.731+0000] {logging_mixin.py:190} INFO - [2024-10-15T16:17:16.731+0000] {dag.py:3239} INFO - Sync 1 DAGs
[2024-10-15T16:17:16.749+0000] {logging_mixin.py:190} INFO - [2024-10-15T16:17:16.749+0000] {dag.py:4180} INFO - Setting next_dagrun for latest_only_with_trigger to 2024-10-15 12:00:00+00:00, run_after=2024-10-15 16:00:00+00:00
[2024-10-15T16:17:16.767+0000] {processor.py:208} INFO - Processing /home/airflow/.local/lib/python3.12/site-packages/airflow/example_dags/example_latest_only_with_trigger.py took 0.065 seconds
[2024-10-15T16:17:47.598+0000] {processor.py:186} INFO - Started process (PID=330) to work on /home/airflow/.local/lib/python3.12/site-packages/airflow/example_dags/example_latest_only_with_trigger.py
[2024-10-15T16:17:47.599+0000] {processor.py:914} INFO - Processing file /home/airflow/.local/lib/python3.12/site-packages/airflow/example_dags/example_latest_only_with_trigger.py for tasks to queue
[2024-10-15T16:17:47.600+0000] {logging_mixin.py:190} INFO - [2024-10-15T16:17:47.600+0000] {dagbag.py:588} INFO - Filling up the DagBag from /home/airflow/.local/lib/python3.12/site-packages/airflow/example_dags/example_latest_only_with_trigger.py
[2024-10-15T16:17:47.605+0000] {processor.py:925} INFO - DAG(s) 'latest_only_with_trigger' retrieved from /home/airflow/.local/lib/python3.12/site-packages/airflow/example_dags/example_latest_only_with_trigger.py
[2024-10-15T16:17:47.619+0000] {logging_mixin.py:190} INFO - [2024-10-15T16:17:47.619+0000] {dag.py:3239} INFO - Sync 1 DAGs
[2024-10-15T16:17:47.637+0000] {logging_mixin.py:190} INFO - [2024-10-15T16:17:47.636+0000] {dag.py:4180} INFO - Setting next_dagrun for latest_only_with_trigger to 2024-10-15 12:00:00+00:00, run_after=2024-10-15 16:00:00+00:00
[2024-10-15T16:17:47.662+0000] {processor.py:208} INFO - Processing /home/airflow/.local/lib/python3.12/site-packages/airflow/example_dags/example_latest_only_with_trigger.py took 0.068 seconds
[2024-10-15T16:18:18.415+0000] {processor.py:186} INFO - Started process (PID=392) to work on /home/airflow/.local/lib/python3.12/site-packages/airflow/example_dags/example_latest_only_with_trigger.py
[2024-10-15T16:18:18.416+0000] {processor.py:914} INFO - Processing file /home/airflow/.local/lib/python3.12/site-packages/airflow/example_dags/example_latest_only_with_trigger.py for tasks to queue
[2024-10-15T16:18:18.418+0000] {logging_mixin.py:190} INFO - [2024-10-15T16:18:18.418+0000] {dagbag.py:588} INFO - Filling up the DagBag from /home/airflow/.local/lib/python3.12/site-packages/airflow/example_dags/example_latest_only_with_trigger.py
[2024-10-15T16:18:18.424+0000] {processor.py:925} INFO - DAG(s) 'latest_only_with_trigger' retrieved from /home/airflow/.local/lib/python3.12/site-packages/airflow/example_dags/example_latest_only_with_trigger.py
[2024-10-15T16:18:18.441+0000] {logging_mixin.py:190} INFO - [2024-10-15T16:18:18.441+0000] {dag.py:3239} INFO - Sync 1 DAGs
[2024-10-15T16:18:18.468+0000] {logging_mixin.py:190} INFO - [2024-10-15T16:18:18.468+0000] {dag.py:4180} INFO - Setting next_dagrun for latest_only_with_trigger to 2024-10-15 12:00:00+00:00, run_after=2024-10-15 16:00:00+00:00
[2024-10-15T16:18:18.484+0000] {processor.py:208} INFO - Processing /home/airflow/.local/lib/python3.12/site-packages/airflow/example_dags/example_latest_only_with_trigger.py took 0.073 seconds
[2024-10-15T16:18:48.703+0000] {processor.py:186} INFO - Started process (PID=454) to work on /home/airflow/.local/lib/python3.12/site-packages/airflow/example_dags/example_latest_only_with_trigger.py
[2024-10-15T16:18:48.703+0000] {processor.py:914} INFO - Processing file /home/airflow/.local/lib/python3.12/site-packages/airflow/example_dags/example_latest_only_with_trigger.py for tasks to queue
[2024-10-15T16:18:48.705+0000] {logging_mixin.py:190} INFO - [2024-10-15T16:18:48.705+0000] {dagbag.py:588} INFO - Filling up the DagBag from /home/airflow/.local/lib/python3.12/site-packages/airflow/example_dags/example_latest_only_with_trigger.py
[2024-10-15T16:18:48.710+0000] {processor.py:925} INFO - DAG(s) 'latest_only_with_trigger' retrieved from /home/airflow/.local/lib/python3.12/site-packages/airflow/example_dags/example_latest_only_with_trigger.py
[2024-10-15T16:18:48.725+0000] {logging_mixin.py:190} INFO - [2024-10-15T16:18:48.725+0000] {dag.py:3239} INFO - Sync 1 DAGs
[2024-10-15T16:18:48.744+0000] {logging_mixin.py:190} INFO - [2024-10-15T16:18:48.743+0000] {dag.py:4180} INFO - Setting next_dagrun for latest_only_with_trigger to 2024-10-15 12:00:00+00:00, run_after=2024-10-15 16:00:00+00:00
[2024-10-15T16:18:48.757+0000] {processor.py:208} INFO - Processing /home/airflow/.local/lib/python3.12/site-packages/airflow/example_dags/example_latest_only_with_trigger.py took 0.058 seconds
[2024-10-15T16:19:19.689+0000] {processor.py:186} INFO - Started process (PID=516) to work on /home/airflow/.local/lib/python3.12/site-packages/airflow/example_dags/example_latest_only_with_trigger.py
[2024-10-15T16:19:19.690+0000] {processor.py:914} INFO - Processing file /home/airflow/.local/lib/python3.12/site-packages/airflow/example_dags/example_latest_only_with_trigger.py for tasks to queue
[2024-10-15T16:19:19.691+0000] {logging_mixin.py:190} INFO - [2024-10-15T16:19:19.691+0000] {dagbag.py:588} INFO - Filling up the DagBag from /home/airflow/.local/lib/python3.12/site-packages/airflow/example_dags/example_latest_only_with_trigger.py
[2024-10-15T16:19:19.697+0000] {processor.py:925} INFO - DAG(s) 'latest_only_with_trigger' retrieved from /home/airflow/.local/lib/python3.12/site-packages/airflow/example_dags/example_latest_only_with_trigger.py
[2024-10-15T16:19:19.712+0000] {logging_mixin.py:190} INFO - [2024-10-15T16:19:19.711+0000] {dag.py:3239} INFO - Sync 1 DAGs
[2024-10-15T16:19:19.730+0000] {logging_mixin.py:190} INFO - [2024-10-15T16:19:19.730+0000] {dag.py:4180} INFO - Setting next_dagrun for latest_only_with_trigger to 2024-10-15 12:00:00+00:00, run_after=2024-10-15 16:00:00+00:00
[2024-10-15T16:19:19.744+0000] {processor.py:208} INFO - Processing /home/airflow/.local/lib/python3.12/site-packages/airflow/example_dags/example_latest_only_with_trigger.py took 0.059 seconds
[2024-10-15T16:19:50.678+0000] {processor.py:186} INFO - Started process (PID=578) to work on /home/airflow/.local/lib/python3.12/site-packages/airflow/example_dags/example_latest_only_with_trigger.py
[2024-10-15T16:19:50.679+0000] {processor.py:914} INFO - Processing file /home/airflow/.local/lib/python3.12/site-packages/airflow/example_dags/example_latest_only_with_trigger.py for tasks to queue
[2024-10-15T16:19:50.681+0000] {logging_mixin.py:190} INFO - [2024-10-15T16:19:50.680+0000] {dagbag.py:588} INFO - Filling up the DagBag from /home/airflow/.local/lib/python3.12/site-packages/airflow/example_dags/example_latest_only_with_trigger.py
[2024-10-15T16:19:50.686+0000] {processor.py:925} INFO - DAG(s) 'latest_only_with_trigger' retrieved from /home/airflow/.local/lib/python3.12/site-packages/airflow/example_dags/example_latest_only_with_trigger.py
[2024-10-15T16:19:50.703+0000] {logging_mixin.py:190} INFO - [2024-10-15T16:19:50.703+0000] {dag.py:3239} INFO - Sync 1 DAGs
[2024-10-15T16:19:50.724+0000] {logging_mixin.py:190} INFO - [2024-10-15T16:19:50.724+0000] {dag.py:4180} INFO - Setting next_dagrun for latest_only_with_trigger to 2024-10-15 12:00:00+00:00, run_after=2024-10-15 16:00:00+00:00
[2024-10-15T16:19:50.741+0000] {processor.py:208} INFO - Processing /home/airflow/.local/lib/python3.12/site-packages/airflow/example_dags/example_latest_only_with_trigger.py took 0.069 seconds
[2024-10-15T16:20:21.815+0000] {processor.py:186} INFO - Started process (PID=640) to work on /home/airflow/.local/lib/python3.12/site-packages/airflow/example_dags/example_latest_only_with_trigger.py
[2024-10-15T16:20:21.816+0000] {processor.py:914} INFO - Processing file /home/airflow/.local/lib/python3.12/site-packages/airflow/example_dags/example_latest_only_with_trigger.py for tasks to queue
[2024-10-15T16:20:21.819+0000] {logging_mixin.py:190} INFO - [2024-10-15T16:20:21.819+0000] {dagbag.py:588} INFO - Filling up the DagBag from /home/airflow/.local/lib/python3.12/site-packages/airflow/example_dags/example_latest_only_with_trigger.py
[2024-10-15T16:20:21.826+0000] {processor.py:925} INFO - DAG(s) 'latest_only_with_trigger' retrieved from /home/airflow/.local/lib/python3.12/site-packages/airflow/example_dags/example_latest_only_with_trigger.py
[2024-10-15T16:20:21.842+0000] {logging_mixin.py:190} INFO - [2024-10-15T16:20:21.842+0000] {dag.py:3239} INFO - Sync 1 DAGs
[2024-10-15T16:20:21.859+0000] {logging_mixin.py:190} INFO - [2024-10-15T16:20:21.859+0000] {dag.py:4180} INFO - Setting next_dagrun for latest_only_with_trigger to 2024-10-15 12:00:00+00:00, run_after=2024-10-15 16:00:00+00:00
[2024-10-15T16:20:21.872+0000] {processor.py:208} INFO - Processing /home/airflow/.local/lib/python3.12/site-packages/airflow/example_dags/example_latest_only_with_trigger.py took 0.062 seconds
[2024-10-15T16:20:52.700+0000] {processor.py:186} INFO - Started process (PID=702) to work on /home/airflow/.local/lib/python3.12/site-packages/airflow/example_dags/example_latest_only_with_trigger.py
[2024-10-15T16:20:52.701+0000] {processor.py:914} INFO - Processing file /home/airflow/.local/lib/python3.12/site-packages/airflow/example_dags/example_latest_only_with_trigger.py for tasks to queue
[2024-10-15T16:20:52.703+0000] {logging_mixin.py:190} INFO - [2024-10-15T16:20:52.702+0000] {dagbag.py:588} INFO - Filling up the DagBag from /home/airflow/.local/lib/python3.12/site-packages/airflow/example_dags/example_latest_only_with_trigger.py
[2024-10-15T16:20:52.708+0000] {processor.py:925} INFO - DAG(s) 'latest_only_with_trigger' retrieved from /home/airflow/.local/lib/python3.12/site-packages/airflow/example_dags/example_latest_only_with_trigger.py
[2024-10-15T16:20:52.723+0000] {logging_mixin.py:190} INFO - [2024-10-15T16:20:52.722+0000] {dag.py:3239} INFO - Sync 1 DAGs
[2024-10-15T16:20:52.742+0000] {logging_mixin.py:190} INFO - [2024-10-15T16:20:52.742+0000] {dag.py:4180} INFO - Setting next_dagrun for latest_only_with_trigger to 2024-10-15 12:00:00+00:00, run_after=2024-10-15 16:00:00+00:00
[2024-10-15T16:20:52.758+0000] {processor.py:208} INFO - Processing /home/airflow/.local/lib/python3.12/site-packages/airflow/example_dags/example_latest_only_with_trigger.py took 0.063 seconds
[2024-10-15T16:21:23.707+0000] {processor.py:186} INFO - Started process (PID=764) to work on /home/airflow/.local/lib/python3.12/site-packages/airflow/example_dags/example_latest_only_with_trigger.py
[2024-10-15T16:21:23.708+0000] {processor.py:914} INFO - Processing file /home/airflow/.local/lib/python3.12/site-packages/airflow/example_dags/example_latest_only_with_trigger.py for tasks to queue
[2024-10-15T16:21:23.710+0000] {logging_mixin.py:190} INFO - [2024-10-15T16:21:23.710+0000] {dagbag.py:588} INFO - Filling up the DagBag from /home/airflow/.local/lib/python3.12/site-packages/airflow/example_dags/example_latest_only_with_trigger.py
[2024-10-15T16:21:23.716+0000] {processor.py:925} INFO - DAG(s) 'latest_only_with_trigger' retrieved from /home/airflow/.local/lib/python3.12/site-packages/airflow/example_dags/example_latest_only_with_trigger.py
[2024-10-15T16:21:23.731+0000] {logging_mixin.py:190} INFO - [2024-10-15T16:21:23.731+0000] {dag.py:3239} INFO - Sync 1 DAGs
[2024-10-15T16:21:23.750+0000] {logging_mixin.py:190} INFO - [2024-10-15T16:21:23.750+0000] {dag.py:4180} INFO - Setting next_dagrun for latest_only_with_trigger to 2024-10-15 12:00:00+00:00, run_after=2024-10-15 16:00:00+00:00
[2024-10-15T16:21:23.763+0000] {processor.py:208} INFO - Processing /home/airflow/.local/lib/python3.12/site-packages/airflow/example_dags/example_latest_only_with_trigger.py took 0.061 seconds
[2024-10-15T16:21:54.648+0000] {processor.py:186} INFO - Started process (PID=826) to work on /home/airflow/.local/lib/python3.12/site-packages/airflow/example_dags/example_latest_only_with_trigger.py
[2024-10-15T16:21:54.649+0000] {processor.py:914} INFO - Processing file /home/airflow/.local/lib/python3.12/site-packages/airflow/example_dags/example_latest_only_with_trigger.py for tasks to queue
[2024-10-15T16:21:54.651+0000] {logging_mixin.py:190} INFO - [2024-10-15T16:21:54.650+0000] {dagbag.py:588} INFO - Filling up the DagBag from /home/airflow/.local/lib/python3.12/site-packages/airflow/example_dags/example_latest_only_with_trigger.py
[2024-10-15T16:21:54.658+0000] {processor.py:925} INFO - DAG(s) 'latest_only_with_trigger' retrieved from /home/airflow/.local/lib/python3.12/site-packages/airflow/example_dags/example_latest_only_with_trigger.py
[2024-10-15T16:21:54.676+0000] {logging_mixin.py:190} INFO - [2024-10-15T16:21:54.676+0000] {dag.py:3239} INFO - Sync 1 DAGs
[2024-10-15T16:21:54.698+0000] {logging_mixin.py:190} INFO - [2024-10-15T16:21:54.698+0000] {dag.py:4180} INFO - Setting next_dagrun for latest_only_with_trigger to 2024-10-15 12:00:00+00:00, run_after=2024-10-15 16:00:00+00:00
[2024-10-15T16:21:54.713+0000] {processor.py:208} INFO - Processing /home/airflow/.local/lib/python3.12/site-packages/airflow/example_dags/example_latest_only_with_trigger.py took 0.070 seconds
[2024-10-15T16:22:24.962+0000] {processor.py:186} INFO - Started process (PID=888) to work on /home/airflow/.local/lib/python3.12/site-packages/airflow/example_dags/example_latest_only_with_trigger.py
[2024-10-15T16:22:24.962+0000] {processor.py:914} INFO - Processing file /home/airflow/.local/lib/python3.12/site-packages/airflow/example_dags/example_latest_only_with_trigger.py for tasks to queue
[2024-10-15T16:22:24.964+0000] {logging_mixin.py:190} INFO - [2024-10-15T16:22:24.964+0000] {dagbag.py:588} INFO - Filling up the DagBag from /home/airflow/.local/lib/python3.12/site-packages/airflow/example_dags/example_latest_only_with_trigger.py
[2024-10-15T16:22:24.971+0000] {processor.py:925} INFO - DAG(s) 'latest_only_with_trigger' retrieved from /home/airflow/.local/lib/python3.12/site-packages/airflow/example_dags/example_latest_only_with_trigger.py
[2024-10-15T16:22:24.990+0000] {logging_mixin.py:190} INFO - [2024-10-15T16:22:24.990+0000] {dag.py:3239} INFO - Sync 1 DAGs
[2024-10-15T16:22:25.015+0000] {logging_mixin.py:190} INFO - [2024-10-15T16:22:25.015+0000] {dag.py:4180} INFO - Setting next_dagrun for latest_only_with_trigger to 2024-10-15 12:00:00+00:00, run_after=2024-10-15 16:00:00+00:00
[2024-10-15T16:22:25.030+0000] {processor.py:208} INFO - Processing /home/airflow/.local/lib/python3.12/site-packages/airflow/example_dags/example_latest_only_with_trigger.py took 0.074 seconds
[2024-10-15T16:22:55.950+0000] {processor.py:186} INFO - Started process (PID=950) to work on /home/airflow/.local/lib/python3.12/site-packages/airflow/example_dags/example_latest_only_with_trigger.py
[2024-10-15T16:22:55.951+0000] {processor.py:914} INFO - Processing file /home/airflow/.local/lib/python3.12/site-packages/airflow/example_dags/example_latest_only_with_trigger.py for tasks to queue
[2024-10-15T16:22:55.953+0000] {logging_mixin.py:190} INFO - [2024-10-15T16:22:55.952+0000] {dagbag.py:588} INFO - Filling up the DagBag from /home/airflow/.local/lib/python3.12/site-packages/airflow/example_dags/example_latest_only_with_trigger.py
[2024-10-15T16:22:55.960+0000] {processor.py:925} INFO - DAG(s) 'latest_only_with_trigger' retrieved from /home/airflow/.local/lib/python3.12/site-packages/airflow/example_dags/example_latest_only_with_trigger.py
[2024-10-15T16:22:55.975+0000] {logging_mixin.py:190} INFO - [2024-10-15T16:22:55.975+0000] {dag.py:3239} INFO - Sync 1 DAGs
[2024-10-15T16:22:55.993+0000] {logging_mixin.py:190} INFO - [2024-10-15T16:22:55.993+0000] {dag.py:4180} INFO - Setting next_dagrun for latest_only_with_trigger to 2024-10-15 12:00:00+00:00, run_after=2024-10-15 16:00:00+00:00
[2024-10-15T16:22:56.011+0000] {processor.py:208} INFO - Processing /home/airflow/.local/lib/python3.12/site-packages/airflow/example_dags/example_latest_only_with_trigger.py took 0.066 seconds
[2024-10-15T16:23:26.978+0000] {processor.py:186} INFO - Started process (PID=1012) to work on /home/airflow/.local/lib/python3.12/site-packages/airflow/example_dags/example_latest_only_with_trigger.py
[2024-10-15T16:23:26.979+0000] {processor.py:914} INFO - Processing file /home/airflow/.local/lib/python3.12/site-packages/airflow/example_dags/example_latest_only_with_trigger.py for tasks to queue
[2024-10-15T16:23:26.981+0000] {logging_mixin.py:190} INFO - [2024-10-15T16:23:26.981+0000] {dagbag.py:588} INFO - Filling up the DagBag from /home/airflow/.local/lib/python3.12/site-packages/airflow/example_dags/example_latest_only_with_trigger.py
[2024-10-15T16:23:26.987+0000] {processor.py:925} INFO - DAG(s) 'latest_only_with_trigger' retrieved from /home/airflow/.local/lib/python3.12/site-packages/airflow/example_dags/example_latest_only_with_trigger.py
[2024-10-15T16:23:27.008+0000] {logging_mixin.py:190} INFO - [2024-10-15T16:23:27.008+0000] {dag.py:3239} INFO - Sync 1 DAGs
[2024-10-15T16:23:27.027+0000] {logging_mixin.py:190} INFO - [2024-10-15T16:23:27.027+0000] {dag.py:4180} INFO - Setting next_dagrun for latest_only_with_trigger to 2024-10-15 12:00:00+00:00, run_after=2024-10-15 16:00:00+00:00
[2024-10-15T16:23:27.041+0000] {processor.py:208} INFO - Processing /home/airflow/.local/lib/python3.12/site-packages/airflow/example_dags/example_latest_only_with_trigger.py took 0.067 seconds
[2024-10-15T16:23:57.155+0000] {processor.py:186} INFO - Started process (PID=1074) to work on /home/airflow/.local/lib/python3.12/site-packages/airflow/example_dags/example_latest_only_with_trigger.py
[2024-10-15T16:23:57.155+0000] {processor.py:914} INFO - Processing file /home/airflow/.local/lib/python3.12/site-packages/airflow/example_dags/example_latest_only_with_trigger.py for tasks to queue
[2024-10-15T16:23:57.157+0000] {logging_mixin.py:190} INFO - [2024-10-15T16:23:57.157+0000] {dagbag.py:588} INFO - Filling up the DagBag from /home/airflow/.local/lib/python3.12/site-packages/airflow/example_dags/example_latest_only_with_trigger.py
[2024-10-15T16:23:57.163+0000] {processor.py:925} INFO - DAG(s) 'latest_only_with_trigger' retrieved from /home/airflow/.local/lib/python3.12/site-packages/airflow/example_dags/example_latest_only_with_trigger.py
[2024-10-15T16:23:57.177+0000] {logging_mixin.py:190} INFO - [2024-10-15T16:23:57.177+0000] {dag.py:3239} INFO - Sync 1 DAGs
[2024-10-15T16:23:57.201+0000] {logging_mixin.py:190} INFO - [2024-10-15T16:23:57.201+0000] {dag.py:4180} INFO - Setting next_dagrun for latest_only_with_trigger to 2024-10-15 12:00:00+00:00, run_after=2024-10-15 16:00:00+00:00
[2024-10-15T16:23:57.216+0000] {processor.py:208} INFO - Processing /home/airflow/.local/lib/python3.12/site-packages/airflow/example_dags/example_latest_only_with_trigger.py took 0.066 seconds
[2024-10-15T16:24:27.424+0000] {processor.py:186} INFO - Started process (PID=1136) to work on /home/airflow/.local/lib/python3.12/site-packages/airflow/example_dags/example_latest_only_with_trigger.py
[2024-10-15T16:24:27.424+0000] {processor.py:914} INFO - Processing file /home/airflow/.local/lib/python3.12/site-packages/airflow/example_dags/example_latest_only_with_trigger.py for tasks to queue
[2024-10-15T16:24:27.426+0000] {logging_mixin.py:190} INFO - [2024-10-15T16:24:27.426+0000] {dagbag.py:588} INFO - Filling up the DagBag from /home/airflow/.local/lib/python3.12/site-packages/airflow/example_dags/example_latest_only_with_trigger.py
[2024-10-15T16:24:27.431+0000] {processor.py:925} INFO - DAG(s) 'latest_only_with_trigger' retrieved from /home/airflow/.local/lib/python3.12/site-packages/airflow/example_dags/example_latest_only_with_trigger.py
[2024-10-15T16:24:27.445+0000] {logging_mixin.py:190} INFO - [2024-10-15T16:24:27.445+0000] {dag.py:3239} INFO - Sync 1 DAGs
[2024-10-15T16:24:27.462+0000] {logging_mixin.py:190} INFO - [2024-10-15T16:24:27.462+0000] {dag.py:4180} INFO - Setting next_dagrun for latest_only_with_trigger to 2024-10-15 12:00:00+00:00, run_after=2024-10-15 16:00:00+00:00
[2024-10-15T16:24:27.475+0000] {processor.py:208} INFO - Processing /home/airflow/.local/lib/python3.12/site-packages/airflow/example_dags/example_latest_only_with_trigger.py took 0.055 seconds
[2024-10-15T16:24:58.278+0000] {processor.py:186} INFO - Started process (PID=1198) to work on /home/airflow/.local/lib/python3.12/site-packages/airflow/example_dags/example_latest_only_with_trigger.py
[2024-10-15T16:24:58.279+0000] {processor.py:914} INFO - Processing file /home/airflow/.local/lib/python3.12/site-packages/airflow/example_dags/example_latest_only_with_trigger.py for tasks to queue
[2024-10-15T16:24:58.281+0000] {logging_mixin.py:190} INFO - [2024-10-15T16:24:58.281+0000] {dagbag.py:588} INFO - Filling up the DagBag from /home/airflow/.local/lib/python3.12/site-packages/airflow/example_dags/example_latest_only_with_trigger.py
[2024-10-15T16:24:58.286+0000] {processor.py:925} INFO - DAG(s) 'latest_only_with_trigger' retrieved from /home/airflow/.local/lib/python3.12/site-packages/airflow/example_dags/example_latest_only_with_trigger.py
[2024-10-15T16:24:58.299+0000] {logging_mixin.py:190} INFO - [2024-10-15T16:24:58.299+0000] {dag.py:3239} INFO - Sync 1 DAGs
[2024-10-15T16:24:58.315+0000] {logging_mixin.py:190} INFO - [2024-10-15T16:24:58.315+0000] {dag.py:4180} INFO - Setting next_dagrun for latest_only_with_trigger to 2024-10-15 12:00:00+00:00, run_after=2024-10-15 16:00:00+00:00
[2024-10-15T16:24:58.329+0000] {processor.py:208} INFO - Processing /home/airflow/.local/lib/python3.12/site-packages/airflow/example_dags/example_latest_only_with_trigger.py took 0.055 seconds
[2024-10-15T16:25:28.908+0000] {processor.py:186} INFO - Started process (PID=1260) to work on /home/airflow/.local/lib/python3.12/site-packages/airflow/example_dags/example_latest_only_with_trigger.py
[2024-10-15T16:25:28.909+0000] {processor.py:914} INFO - Processing file /home/airflow/.local/lib/python3.12/site-packages/airflow/example_dags/example_latest_only_with_trigger.py for tasks to queue
[2024-10-15T16:25:28.910+0000] {logging_mixin.py:190} INFO - [2024-10-15T16:25:28.910+0000] {dagbag.py:588} INFO - Filling up the DagBag from /home/airflow/.local/lib/python3.12/site-packages/airflow/example_dags/example_latest_only_with_trigger.py
[2024-10-15T16:25:28.916+0000] {processor.py:925} INFO - DAG(s) 'latest_only_with_trigger' retrieved from /home/airflow/.local/lib/python3.12/site-packages/airflow/example_dags/example_latest_only_with_trigger.py
[2024-10-15T16:25:28.930+0000] {logging_mixin.py:190} INFO - [2024-10-15T16:25:28.930+0000] {dag.py:3239} INFO - Sync 1 DAGs
[2024-10-15T16:25:28.947+0000] {logging_mixin.py:190} INFO - [2024-10-15T16:25:28.947+0000] {dag.py:4180} INFO - Setting next_dagrun for latest_only_with_trigger to 2024-10-15 12:00:00+00:00, run_after=2024-10-15 16:00:00+00:00
[2024-10-15T16:25:28.961+0000] {processor.py:208} INFO - Processing /home/airflow/.local/lib/python3.12/site-packages/airflow/example_dags/example_latest_only_with_trigger.py took 0.057 seconds
[2024-10-15T16:25:59.704+0000] {processor.py:186} INFO - Started process (PID=1322) to work on /home/airflow/.local/lib/python3.12/site-packages/airflow/example_dags/example_latest_only_with_trigger.py
[2024-10-15T16:25:59.704+0000] {processor.py:914} INFO - Processing file /home/airflow/.local/lib/python3.12/site-packages/airflow/example_dags/example_latest_only_with_trigger.py for tasks to queue
[2024-10-15T16:25:59.706+0000] {logging_mixin.py:190} INFO - [2024-10-15T16:25:59.706+0000] {dagbag.py:588} INFO - Filling up the DagBag from /home/airflow/.local/lib/python3.12/site-packages/airflow/example_dags/example_latest_only_with_trigger.py
[2024-10-15T16:25:59.711+0000] {processor.py:925} INFO - DAG(s) 'latest_only_with_trigger' retrieved from /home/airflow/.local/lib/python3.12/site-packages/airflow/example_dags/example_latest_only_with_trigger.py
[2024-10-15T16:25:59.725+0000] {logging_mixin.py:190} INFO - [2024-10-15T16:25:59.724+0000] {dag.py:3239} INFO - Sync 1 DAGs
[2024-10-15T16:25:59.740+0000] {logging_mixin.py:190} INFO - [2024-10-15T16:25:59.739+0000] {dag.py:4180} INFO - Setting next_dagrun for latest_only_with_trigger to 2024-10-15 12:00:00+00:00, run_after=2024-10-15 16:00:00+00:00
[2024-10-15T16:25:59.752+0000] {processor.py:208} INFO - Processing /home/airflow/.local/lib/python3.12/site-packages/airflow/example_dags/example_latest_only_with_trigger.py took 0.053 seconds
[2024-10-15T16:26:30.406+0000] {processor.py:186} INFO - Started process (PID=1384) to work on /home/airflow/.local/lib/python3.12/site-packages/airflow/example_dags/example_latest_only_with_trigger.py
[2024-10-15T16:26:30.407+0000] {processor.py:914} INFO - Processing file /home/airflow/.local/lib/python3.12/site-packages/airflow/example_dags/example_latest_only_with_trigger.py for tasks to queue
[2024-10-15T16:26:30.408+0000] {logging_mixin.py:190} INFO - [2024-10-15T16:26:30.408+0000] {dagbag.py:588} INFO - Filling up the DagBag from /home/airflow/.local/lib/python3.12/site-packages/airflow/example_dags/example_latest_only_with_trigger.py
[2024-10-15T16:26:30.413+0000] {processor.py:925} INFO - DAG(s) 'latest_only_with_trigger' retrieved from /home/airflow/.local/lib/python3.12/site-packages/airflow/example_dags/example_latest_only_with_trigger.py
[2024-10-15T16:26:30.427+0000] {logging_mixin.py:190} INFO - [2024-10-15T16:26:30.426+0000] {dag.py:3239} INFO - Sync 1 DAGs
[2024-10-15T16:26:30.444+0000] {logging_mixin.py:190} INFO - [2024-10-15T16:26:30.444+0000] {dag.py:4180} INFO - Setting next_dagrun for latest_only_with_trigger to 2024-10-15 12:00:00+00:00, run_after=2024-10-15 16:00:00+00:00
[2024-10-15T16:26:30.461+0000] {processor.py:208} INFO - Processing /home/airflow/.local/lib/python3.12/site-packages/airflow/example_dags/example_latest_only_with_trigger.py took 0.059 seconds
[2024-10-15T16:27:01.368+0000] {processor.py:186} INFO - Started process (PID=1446) to work on /home/airflow/.local/lib/python3.12/site-packages/airflow/example_dags/example_latest_only_with_trigger.py
[2024-10-15T16:27:01.368+0000] {processor.py:914} INFO - Processing file /home/airflow/.local/lib/python3.12/site-packages/airflow/example_dags/example_latest_only_with_trigger.py for tasks to queue
[2024-10-15T16:27:01.370+0000] {logging_mixin.py:190} INFO - [2024-10-15T16:27:01.370+0000] {dagbag.py:588} INFO - Filling up the DagBag from /home/airflow/.local/lib/python3.12/site-packages/airflow/example_dags/example_latest_only_with_trigger.py
[2024-10-15T16:27:01.376+0000] {processor.py:925} INFO - DAG(s) 'latest_only_with_trigger' retrieved from /home/airflow/.local/lib/python3.12/site-packages/airflow/example_dags/example_latest_only_with_trigger.py
[2024-10-15T16:27:01.392+0000] {logging_mixin.py:190} INFO - [2024-10-15T16:27:01.391+0000] {dag.py:3239} INFO - Sync 1 DAGs
[2024-10-15T16:27:01.411+0000] {logging_mixin.py:190} INFO - [2024-10-15T16:27:01.411+0000] {dag.py:4180} INFO - Setting next_dagrun for latest_only_with_trigger to 2024-10-15 12:00:00+00:00, run_after=2024-10-15 16:00:00+00:00
[2024-10-15T16:27:01.425+0000] {processor.py:208} INFO - Processing /home/airflow/.local/lib/python3.12/site-packages/airflow/example_dags/example_latest_only_with_trigger.py took 0.063 seconds
[2024-10-15T16:27:31.777+0000] {processor.py:186} INFO - Started process (PID=1508) to work on /home/airflow/.local/lib/python3.12/site-packages/airflow/example_dags/example_latest_only_with_trigger.py
[2024-10-15T16:27:31.778+0000] {processor.py:914} INFO - Processing file /home/airflow/.local/lib/python3.12/site-packages/airflow/example_dags/example_latest_only_with_trigger.py for tasks to queue
[2024-10-15T16:27:31.779+0000] {logging_mixin.py:190} INFO - [2024-10-15T16:27:31.779+0000] {dagbag.py:588} INFO - Filling up the DagBag from /home/airflow/.local/lib/python3.12/site-packages/airflow/example_dags/example_latest_only_with_trigger.py
[2024-10-15T16:27:31.785+0000] {processor.py:925} INFO - DAG(s) 'latest_only_with_trigger' retrieved from /home/airflow/.local/lib/python3.12/site-packages/airflow/example_dags/example_latest_only_with_trigger.py
[2024-10-15T16:27:31.802+0000] {logging_mixin.py:190} INFO - [2024-10-15T16:27:31.801+0000] {dag.py:3239} INFO - Sync 1 DAGs
[2024-10-15T16:27:31.818+0000] {logging_mixin.py:190} INFO - [2024-10-15T16:27:31.818+0000] {dag.py:4180} INFO - Setting next_dagrun for latest_only_with_trigger to 2024-10-15 12:00:00+00:00, run_after=2024-10-15 16:00:00+00:00
[2024-10-15T16:27:31.837+0000] {processor.py:208} INFO - Processing /home/airflow/.local/lib/python3.12/site-packages/airflow/example_dags/example_latest_only_with_trigger.py took 0.065 seconds
[2024-10-15T16:28:01.949+0000] {processor.py:186} INFO - Started process (PID=1570) to work on /home/airflow/.local/lib/python3.12/site-packages/airflow/example_dags/example_latest_only_with_trigger.py
[2024-10-15T16:28:01.950+0000] {processor.py:914} INFO - Processing file /home/airflow/.local/lib/python3.12/site-packages/airflow/example_dags/example_latest_only_with_trigger.py for tasks to queue
[2024-10-15T16:28:01.951+0000] {logging_mixin.py:190} INFO - [2024-10-15T16:28:01.951+0000] {dagbag.py:588} INFO - Filling up the DagBag from /home/airflow/.local/lib/python3.12/site-packages/airflow/example_dags/example_latest_only_with_trigger.py
[2024-10-15T16:28:01.956+0000] {processor.py:925} INFO - DAG(s) 'latest_only_with_trigger' retrieved from /home/airflow/.local/lib/python3.12/site-packages/airflow/example_dags/example_latest_only_with_trigger.py
[2024-10-15T16:28:01.969+0000] {logging_mixin.py:190} INFO - [2024-10-15T16:28:01.969+0000] {dag.py:3239} INFO - Sync 1 DAGs
[2024-10-15T16:28:01.986+0000] {logging_mixin.py:190} INFO - [2024-10-15T16:28:01.986+0000] {dag.py:4180} INFO - Setting next_dagrun for latest_only_with_trigger to 2024-10-15 12:00:00+00:00, run_after=2024-10-15 16:00:00+00:00
[2024-10-15T16:28:02.001+0000] {processor.py:208} INFO - Processing /home/airflow/.local/lib/python3.12/site-packages/airflow/example_dags/example_latest_only_with_trigger.py took 0.056 seconds
[2024-10-15T16:28:32.601+0000] {processor.py:186} INFO - Started process (PID=1632) to work on /home/airflow/.local/lib/python3.12/site-packages/airflow/example_dags/example_latest_only_with_trigger.py
[2024-10-15T16:28:32.602+0000] {processor.py:914} INFO - Processing file /home/airflow/.local/lib/python3.12/site-packages/airflow/example_dags/example_latest_only_with_trigger.py for tasks to queue
[2024-10-15T16:28:32.603+0000] {logging_mixin.py:190} INFO - [2024-10-15T16:28:32.603+0000] {dagbag.py:588} INFO - Filling up the DagBag from /home/airflow/.local/lib/python3.12/site-packages/airflow/example_dags/example_latest_only_with_trigger.py
[2024-10-15T16:28:32.609+0000] {processor.py:925} INFO - DAG(s) 'latest_only_with_trigger' retrieved from /home/airflow/.local/lib/python3.12/site-packages/airflow/example_dags/example_latest_only_with_trigger.py
[2024-10-15T16:28:32.624+0000] {logging_mixin.py:190} INFO - [2024-10-15T16:28:32.624+0000] {dag.py:3239} INFO - Sync 1 DAGs
[2024-10-15T16:28:32.642+0000] {logging_mixin.py:190} INFO - [2024-10-15T16:28:32.642+0000] {dag.py:4180} INFO - Setting next_dagrun for latest_only_with_trigger to 2024-10-15 12:00:00+00:00, run_after=2024-10-15 16:00:00+00:00
[2024-10-15T16:28:32.658+0000] {processor.py:208} INFO - Processing /home/airflow/.local/lib/python3.12/site-packages/airflow/example_dags/example_latest_only_with_trigger.py took 0.061 seconds
[2024-10-15T16:29:03.623+0000] {processor.py:186} INFO - Started process (PID=1694) to work on /home/airflow/.local/lib/python3.12/site-packages/airflow/example_dags/example_latest_only_with_trigger.py
[2024-10-15T16:29:03.624+0000] {processor.py:914} INFO - Processing file /home/airflow/.local/lib/python3.12/site-packages/airflow/example_dags/example_latest_only_with_trigger.py for tasks to queue
[2024-10-15T16:29:03.625+0000] {logging_mixin.py:190} INFO - [2024-10-15T16:29:03.625+0000] {dagbag.py:588} INFO - Filling up the DagBag from /home/airflow/.local/lib/python3.12/site-packages/airflow/example_dags/example_latest_only_with_trigger.py
[2024-10-15T16:29:03.630+0000] {processor.py:925} INFO - DAG(s) 'latest_only_with_trigger' retrieved from /home/airflow/.local/lib/python3.12/site-packages/airflow/example_dags/example_latest_only_with_trigger.py
[2024-10-15T16:29:03.644+0000] {logging_mixin.py:190} INFO - [2024-10-15T16:29:03.644+0000] {dag.py:3239} INFO - Sync 1 DAGs
[2024-10-15T16:29:03.661+0000] {logging_mixin.py:190} INFO - [2024-10-15T16:29:03.661+0000] {dag.py:4180} INFO - Setting next_dagrun for latest_only_with_trigger to 2024-10-15 12:00:00+00:00, run_after=2024-10-15 16:00:00+00:00
[2024-10-15T16:29:03.676+0000] {processor.py:208} INFO - Processing /home/airflow/.local/lib/python3.12/site-packages/airflow/example_dags/example_latest_only_with_trigger.py took 0.058 seconds
[2024-10-15T16:29:33.838+0000] {processor.py:186} INFO - Started process (PID=1756) to work on /home/airflow/.local/lib/python3.12/site-packages/airflow/example_dags/example_latest_only_with_trigger.py
[2024-10-15T16:29:33.838+0000] {processor.py:914} INFO - Processing file /home/airflow/.local/lib/python3.12/site-packages/airflow/example_dags/example_latest_only_with_trigger.py for tasks to queue
[2024-10-15T16:29:33.840+0000] {logging_mixin.py:190} INFO - [2024-10-15T16:29:33.840+0000] {dagbag.py:588} INFO - Filling up the DagBag from /home/airflow/.local/lib/python3.12/site-packages/airflow/example_dags/example_latest_only_with_trigger.py
[2024-10-15T16:29:33.845+0000] {processor.py:925} INFO - DAG(s) 'latest_only_with_trigger' retrieved from /home/airflow/.local/lib/python3.12/site-packages/airflow/example_dags/example_latest_only_with_trigger.py
[2024-10-15T16:29:33.859+0000] {logging_mixin.py:190} INFO - [2024-10-15T16:29:33.859+0000] {dag.py:3239} INFO - Sync 1 DAGs
[2024-10-15T16:29:33.875+0000] {logging_mixin.py:190} INFO - [2024-10-15T16:29:33.875+0000] {dag.py:4180} INFO - Setting next_dagrun for latest_only_with_trigger to 2024-10-15 12:00:00+00:00, run_after=2024-10-15 16:00:00+00:00
[2024-10-15T16:29:33.892+0000] {processor.py:208} INFO - Processing /home/airflow/.local/lib/python3.12/site-packages/airflow/example_dags/example_latest_only_with_trigger.py took 0.059 seconds
