[2024-10-15T16:15:43.015+0000] {processor.py:186} INFO - Started process (PID=61) to work on /home/airflow/.local/lib/python3.12/site-packages/airflow/example_dags/example_sensors.py
[2024-10-15T16:15:43.016+0000] {processor.py:914} INFO - Processing file /home/airflow/.local/lib/python3.12/site-packages/airflow/example_dags/example_sensors.py for tasks to queue
[2024-10-15T16:15:43.018+0000] {logging_mixin.py:190} INFO - [2024-10-15T16:15:43.017+0000] {dagbag.py:588} INFO - Filling up the DagBag from /home/airflow/.local/lib/python3.12/site-packages/airflow/example_dags/example_sensors.py
[2024-10-15T16:15:43.026+0000] {processor.py:925} INFO - DAG(s) 'example_sensors' retrieved from /home/airflow/.local/lib/python3.12/site-packages/airflow/example_dags/example_sensors.py
[2024-10-15T16:15:43.108+0000] {logging_mixin.py:190} INFO - [2024-10-15T16:15:43.108+0000] {override.py:1900} INFO - Created Permission View: can read on DAG:example_sensors
[2024-10-15T16:15:43.115+0000] {logging_mixin.py:190} INFO - [2024-10-15T16:15:43.115+0000] {override.py:1900} INFO - Created Permission View: can delete on DAG:example_sensors
[2024-10-15T16:15:43.121+0000] {logging_mixin.py:190} INFO - [2024-10-15T16:15:43.121+0000] {override.py:1900} INFO - Created Permission View: can edit on DAG:example_sensors
[2024-10-15T16:15:43.126+0000] {logging_mixin.py:190} INFO - [2024-10-15T16:15:43.126+0000] {override.py:1900} INFO - Created Permission View: can read on DAG Run:example_sensors
[2024-10-15T16:15:43.131+0000] {logging_mixin.py:190} INFO - [2024-10-15T16:15:43.131+0000] {override.py:1900} INFO - Created Permission View: can create on DAG Run:example_sensors
[2024-10-15T16:15:43.135+0000] {logging_mixin.py:190} INFO - [2024-10-15T16:15:43.135+0000] {override.py:1900} INFO - Created Permission View: menu access on DAG Run:example_sensors
[2024-10-15T16:15:43.140+0000] {logging_mixin.py:190} INFO - [2024-10-15T16:15:43.140+0000] {override.py:1900} INFO - Created Permission View: can delete on DAG Run:example_sensors
[2024-10-15T16:15:43.140+0000] {logging_mixin.py:190} INFO - [2024-10-15T16:15:43.140+0000] {dag.py:3239} INFO - Sync 1 DAGs
[2024-10-15T16:15:43.149+0000] {logging_mixin.py:190} INFO - [2024-10-15T16:15:43.149+0000] {dag.py:3262} INFO - Creating ORM DAG for example_sensors
[2024-10-15T16:15:43.150+0000] {logging_mixin.py:190} INFO - [2024-10-15T16:15:43.149+0000] {dag.py:4180} INFO - Setting next_dagrun for example_sensors to None, run_after=None
[2024-10-15T16:15:43.161+0000] {processor.py:208} INFO - Processing /home/airflow/.local/lib/python3.12/site-packages/airflow/example_dags/example_sensors.py took 0.150 seconds
[2024-10-15T16:16:13.264+0000] {processor.py:186} INFO - Started process (PID=122) to work on /home/airflow/.local/lib/python3.12/site-packages/airflow/example_dags/example_sensors.py
[2024-10-15T16:16:13.265+0000] {processor.py:914} INFO - Processing file /home/airflow/.local/lib/python3.12/site-packages/airflow/example_dags/example_sensors.py for tasks to queue
[2024-10-15T16:16:13.267+0000] {logging_mixin.py:190} INFO - [2024-10-15T16:16:13.267+0000] {dagbag.py:588} INFO - Filling up the DagBag from /home/airflow/.local/lib/python3.12/site-packages/airflow/example_dags/example_sensors.py
[2024-10-15T16:16:13.274+0000] {processor.py:925} INFO - DAG(s) 'example_sensors' retrieved from /home/airflow/.local/lib/python3.12/site-packages/airflow/example_dags/example_sensors.py
[2024-10-15T16:16:13.292+0000] {logging_mixin.py:190} INFO - [2024-10-15T16:16:13.292+0000] {dag.py:3239} INFO - Sync 1 DAGs
[2024-10-15T16:16:13.303+0000] {logging_mixin.py:190} INFO - [2024-10-15T16:16:13.303+0000] {dag.py:4180} INFO - Setting next_dagrun for example_sensors to None, run_after=None
[2024-10-15T16:16:13.322+0000] {processor.py:208} INFO - Processing /home/airflow/.local/lib/python3.12/site-packages/airflow/example_dags/example_sensors.py took 0.062 seconds
[2024-10-15T16:16:44.219+0000] {processor.py:186} INFO - Started process (PID=184) to work on /home/airflow/.local/lib/python3.12/site-packages/airflow/example_dags/example_sensors.py
[2024-10-15T16:16:44.219+0000] {processor.py:914} INFO - Processing file /home/airflow/.local/lib/python3.12/site-packages/airflow/example_dags/example_sensors.py for tasks to queue
[2024-10-15T16:16:44.221+0000] {logging_mixin.py:190} INFO - [2024-10-15T16:16:44.221+0000] {dagbag.py:588} INFO - Filling up the DagBag from /home/airflow/.local/lib/python3.12/site-packages/airflow/example_dags/example_sensors.py
[2024-10-15T16:16:44.228+0000] {processor.py:925} INFO - DAG(s) 'example_sensors' retrieved from /home/airflow/.local/lib/python3.12/site-packages/airflow/example_dags/example_sensors.py
[2024-10-15T16:16:44.247+0000] {logging_mixin.py:190} INFO - [2024-10-15T16:16:44.247+0000] {dag.py:3239} INFO - Sync 1 DAGs
[2024-10-15T16:16:44.257+0000] {logging_mixin.py:190} INFO - [2024-10-15T16:16:44.257+0000] {dag.py:4180} INFO - Setting next_dagrun for example_sensors to None, run_after=None
[2024-10-15T16:16:44.273+0000] {processor.py:208} INFO - Processing /home/airflow/.local/lib/python3.12/site-packages/airflow/example_dags/example_sensors.py took 0.059 seconds
[2024-10-15T16:17:14.916+0000] {processor.py:186} INFO - Started process (PID=246) to work on /home/airflow/.local/lib/python3.12/site-packages/airflow/example_dags/example_sensors.py
[2024-10-15T16:17:14.917+0000] {processor.py:914} INFO - Processing file /home/airflow/.local/lib/python3.12/site-packages/airflow/example_dags/example_sensors.py for tasks to queue
[2024-10-15T16:17:14.918+0000] {logging_mixin.py:190} INFO - [2024-10-15T16:17:14.918+0000] {dagbag.py:588} INFO - Filling up the DagBag from /home/airflow/.local/lib/python3.12/site-packages/airflow/example_dags/example_sensors.py
[2024-10-15T16:17:14.926+0000] {processor.py:925} INFO - DAG(s) 'example_sensors' retrieved from /home/airflow/.local/lib/python3.12/site-packages/airflow/example_dags/example_sensors.py
[2024-10-15T16:17:14.945+0000] {logging_mixin.py:190} INFO - [2024-10-15T16:17:14.944+0000] {dag.py:3239} INFO - Sync 1 DAGs
[2024-10-15T16:17:14.954+0000] {logging_mixin.py:190} INFO - [2024-10-15T16:17:14.954+0000] {dag.py:4180} INFO - Setting next_dagrun for example_sensors to None, run_after=None
[2024-10-15T16:17:14.970+0000] {processor.py:208} INFO - Processing /home/airflow/.local/lib/python3.12/site-packages/airflow/example_dags/example_sensors.py took 0.058 seconds
[2024-10-15T16:17:45.812+0000] {processor.py:186} INFO - Started process (PID=308) to work on /home/airflow/.local/lib/python3.12/site-packages/airflow/example_dags/example_sensors.py
[2024-10-15T16:17:45.813+0000] {processor.py:914} INFO - Processing file /home/airflow/.local/lib/python3.12/site-packages/airflow/example_dags/example_sensors.py for tasks to queue
[2024-10-15T16:17:45.814+0000] {logging_mixin.py:190} INFO - [2024-10-15T16:17:45.814+0000] {dagbag.py:588} INFO - Filling up the DagBag from /home/airflow/.local/lib/python3.12/site-packages/airflow/example_dags/example_sensors.py
[2024-10-15T16:17:45.822+0000] {processor.py:925} INFO - DAG(s) 'example_sensors' retrieved from /home/airflow/.local/lib/python3.12/site-packages/airflow/example_dags/example_sensors.py
[2024-10-15T16:17:45.838+0000] {logging_mixin.py:190} INFO - [2024-10-15T16:17:45.838+0000] {dag.py:3239} INFO - Sync 1 DAGs
[2024-10-15T16:17:45.848+0000] {logging_mixin.py:190} INFO - [2024-10-15T16:17:45.848+0000] {dag.py:4180} INFO - Setting next_dagrun for example_sensors to None, run_after=None
[2024-10-15T16:17:45.864+0000] {processor.py:208} INFO - Processing /home/airflow/.local/lib/python3.12/site-packages/airflow/example_dags/example_sensors.py took 0.056 seconds
[2024-10-15T16:18:16.599+0000] {processor.py:186} INFO - Started process (PID=376) to work on /home/airflow/.local/lib/python3.12/site-packages/airflow/example_dags/example_sensors.py
[2024-10-15T16:18:16.600+0000] {processor.py:914} INFO - Processing file /home/airflow/.local/lib/python3.12/site-packages/airflow/example_dags/example_sensors.py for tasks to queue
[2024-10-15T16:18:16.602+0000] {logging_mixin.py:190} INFO - [2024-10-15T16:18:16.601+0000] {dagbag.py:588} INFO - Filling up the DagBag from /home/airflow/.local/lib/python3.12/site-packages/airflow/example_dags/example_sensors.py
[2024-10-15T16:18:16.609+0000] {processor.py:925} INFO - DAG(s) 'example_sensors' retrieved from /home/airflow/.local/lib/python3.12/site-packages/airflow/example_dags/example_sensors.py
[2024-10-15T16:18:16.628+0000] {logging_mixin.py:190} INFO - [2024-10-15T16:18:16.628+0000] {dag.py:3239} INFO - Sync 1 DAGs
[2024-10-15T16:18:16.641+0000] {logging_mixin.py:190} INFO - [2024-10-15T16:18:16.641+0000] {dag.py:4180} INFO - Setting next_dagrun for example_sensors to None, run_after=None
[2024-10-15T16:18:16.660+0000] {processor.py:208} INFO - Processing /home/airflow/.local/lib/python3.12/site-packages/airflow/example_dags/example_sensors.py took 0.066 seconds
[2024-10-15T16:18:46.814+0000] {processor.py:186} INFO - Started process (PID=438) to work on /home/airflow/.local/lib/python3.12/site-packages/airflow/example_dags/example_sensors.py
[2024-10-15T16:18:46.814+0000] {processor.py:914} INFO - Processing file /home/airflow/.local/lib/python3.12/site-packages/airflow/example_dags/example_sensors.py for tasks to queue
[2024-10-15T16:18:46.816+0000] {logging_mixin.py:190} INFO - [2024-10-15T16:18:46.816+0000] {dagbag.py:588} INFO - Filling up the DagBag from /home/airflow/.local/lib/python3.12/site-packages/airflow/example_dags/example_sensors.py
[2024-10-15T16:18:46.823+0000] {processor.py:925} INFO - DAG(s) 'example_sensors' retrieved from /home/airflow/.local/lib/python3.12/site-packages/airflow/example_dags/example_sensors.py
[2024-10-15T16:18:46.842+0000] {logging_mixin.py:190} INFO - [2024-10-15T16:18:46.842+0000] {dag.py:3239} INFO - Sync 1 DAGs
[2024-10-15T16:18:46.853+0000] {logging_mixin.py:190} INFO - [2024-10-15T16:18:46.853+0000] {dag.py:4180} INFO - Setting next_dagrun for example_sensors to None, run_after=None
[2024-10-15T16:18:46.865+0000] {processor.py:208} INFO - Processing /home/airflow/.local/lib/python3.12/site-packages/airflow/example_dags/example_sensors.py took 0.055 seconds
[2024-10-15T16:19:17.808+0000] {processor.py:186} INFO - Started process (PID=500) to work on /home/airflow/.local/lib/python3.12/site-packages/airflow/example_dags/example_sensors.py
[2024-10-15T16:19:17.809+0000] {processor.py:914} INFO - Processing file /home/airflow/.local/lib/python3.12/site-packages/airflow/example_dags/example_sensors.py for tasks to queue
[2024-10-15T16:19:17.810+0000] {logging_mixin.py:190} INFO - [2024-10-15T16:19:17.810+0000] {dagbag.py:588} INFO - Filling up the DagBag from /home/airflow/.local/lib/python3.12/site-packages/airflow/example_dags/example_sensors.py
[2024-10-15T16:19:17.818+0000] {processor.py:925} INFO - DAG(s) 'example_sensors' retrieved from /home/airflow/.local/lib/python3.12/site-packages/airflow/example_dags/example_sensors.py
[2024-10-15T16:19:17.836+0000] {logging_mixin.py:190} INFO - [2024-10-15T16:19:17.836+0000] {dag.py:3239} INFO - Sync 1 DAGs
[2024-10-15T16:19:17.847+0000] {logging_mixin.py:190} INFO - [2024-10-15T16:19:17.847+0000] {dag.py:4180} INFO - Setting next_dagrun for example_sensors to None, run_after=None
[2024-10-15T16:19:17.860+0000] {processor.py:208} INFO - Processing /home/airflow/.local/lib/python3.12/site-packages/airflow/example_dags/example_sensors.py took 0.056 seconds
[2024-10-15T16:19:48.796+0000] {processor.py:186} INFO - Started process (PID=562) to work on /home/airflow/.local/lib/python3.12/site-packages/airflow/example_dags/example_sensors.py
[2024-10-15T16:19:48.797+0000] {processor.py:914} INFO - Processing file /home/airflow/.local/lib/python3.12/site-packages/airflow/example_dags/example_sensors.py for tasks to queue
[2024-10-15T16:19:48.802+0000] {logging_mixin.py:190} INFO - [2024-10-15T16:19:48.801+0000] {dagbag.py:588} INFO - Filling up the DagBag from /home/airflow/.local/lib/python3.12/site-packages/airflow/example_dags/example_sensors.py
[2024-10-15T16:19:48.810+0000] {processor.py:925} INFO - DAG(s) 'example_sensors' retrieved from /home/airflow/.local/lib/python3.12/site-packages/airflow/example_dags/example_sensors.py
[2024-10-15T16:19:48.829+0000] {logging_mixin.py:190} INFO - [2024-10-15T16:19:48.828+0000] {dag.py:3239} INFO - Sync 1 DAGs
[2024-10-15T16:19:48.842+0000] {logging_mixin.py:190} INFO - [2024-10-15T16:19:48.842+0000] {dag.py:4180} INFO - Setting next_dagrun for example_sensors to None, run_after=None
[2024-10-15T16:19:48.857+0000] {processor.py:208} INFO - Processing /home/airflow/.local/lib/python3.12/site-packages/airflow/example_dags/example_sensors.py took 0.066 seconds
[2024-10-15T16:20:19.851+0000] {processor.py:186} INFO - Started process (PID=624) to work on /home/airflow/.local/lib/python3.12/site-packages/airflow/example_dags/example_sensors.py
[2024-10-15T16:20:19.852+0000] {processor.py:914} INFO - Processing file /home/airflow/.local/lib/python3.12/site-packages/airflow/example_dags/example_sensors.py for tasks to queue
[2024-10-15T16:20:19.854+0000] {logging_mixin.py:190} INFO - [2024-10-15T16:20:19.853+0000] {dagbag.py:588} INFO - Filling up the DagBag from /home/airflow/.local/lib/python3.12/site-packages/airflow/example_dags/example_sensors.py
[2024-10-15T16:20:19.862+0000] {processor.py:925} INFO - DAG(s) 'example_sensors' retrieved from /home/airflow/.local/lib/python3.12/site-packages/airflow/example_dags/example_sensors.py
[2024-10-15T16:20:19.883+0000] {logging_mixin.py:190} INFO - [2024-10-15T16:20:19.883+0000] {dag.py:3239} INFO - Sync 1 DAGs
[2024-10-15T16:20:19.896+0000] {logging_mixin.py:190} INFO - [2024-10-15T16:20:19.896+0000] {dag.py:4180} INFO - Setting next_dagrun for example_sensors to None, run_after=None
[2024-10-15T16:20:19.911+0000] {processor.py:208} INFO - Processing /home/airflow/.local/lib/python3.12/site-packages/airflow/example_dags/example_sensors.py took 0.066 seconds
[2024-10-15T16:20:50.925+0000] {processor.py:186} INFO - Started process (PID=686) to work on /home/airflow/.local/lib/python3.12/site-packages/airflow/example_dags/example_sensors.py
[2024-10-15T16:20:50.926+0000] {processor.py:914} INFO - Processing file /home/airflow/.local/lib/python3.12/site-packages/airflow/example_dags/example_sensors.py for tasks to queue
[2024-10-15T16:20:50.928+0000] {logging_mixin.py:190} INFO - [2024-10-15T16:20:50.928+0000] {dagbag.py:588} INFO - Filling up the DagBag from /home/airflow/.local/lib/python3.12/site-packages/airflow/example_dags/example_sensors.py
[2024-10-15T16:20:50.935+0000] {processor.py:925} INFO - DAG(s) 'example_sensors' retrieved from /home/airflow/.local/lib/python3.12/site-packages/airflow/example_dags/example_sensors.py
[2024-10-15T16:20:50.959+0000] {logging_mixin.py:190} INFO - [2024-10-15T16:20:50.959+0000] {dag.py:3239} INFO - Sync 1 DAGs
[2024-10-15T16:20:50.971+0000] {logging_mixin.py:190} INFO - [2024-10-15T16:20:50.970+0000] {dag.py:4180} INFO - Setting next_dagrun for example_sensors to None, run_after=None
[2024-10-15T16:20:50.987+0000] {processor.py:208} INFO - Processing /home/airflow/.local/lib/python3.12/site-packages/airflow/example_dags/example_sensors.py took 0.066 seconds
[2024-10-15T16:21:21.728+0000] {processor.py:186} INFO - Started process (PID=748) to work on /home/airflow/.local/lib/python3.12/site-packages/airflow/example_dags/example_sensors.py
[2024-10-15T16:21:21.729+0000] {processor.py:914} INFO - Processing file /home/airflow/.local/lib/python3.12/site-packages/airflow/example_dags/example_sensors.py for tasks to queue
[2024-10-15T16:21:21.733+0000] {logging_mixin.py:190} INFO - [2024-10-15T16:21:21.733+0000] {dagbag.py:588} INFO - Filling up the DagBag from /home/airflow/.local/lib/python3.12/site-packages/airflow/example_dags/example_sensors.py
[2024-10-15T16:21:21.748+0000] {processor.py:925} INFO - DAG(s) 'example_sensors' retrieved from /home/airflow/.local/lib/python3.12/site-packages/airflow/example_dags/example_sensors.py
[2024-10-15T16:21:21.767+0000] {logging_mixin.py:190} INFO - [2024-10-15T16:21:21.767+0000] {dag.py:3239} INFO - Sync 1 DAGs
[2024-10-15T16:21:21.778+0000] {logging_mixin.py:190} INFO - [2024-10-15T16:21:21.777+0000] {dag.py:4180} INFO - Setting next_dagrun for example_sensors to None, run_after=None
[2024-10-15T16:21:21.796+0000] {processor.py:208} INFO - Processing /home/airflow/.local/lib/python3.12/site-packages/airflow/example_dags/example_sensors.py took 0.074 seconds
[2024-10-15T16:21:52.693+0000] {processor.py:186} INFO - Started process (PID=810) to work on /home/airflow/.local/lib/python3.12/site-packages/airflow/example_dags/example_sensors.py
[2024-10-15T16:21:52.694+0000] {processor.py:914} INFO - Processing file /home/airflow/.local/lib/python3.12/site-packages/airflow/example_dags/example_sensors.py for tasks to queue
[2024-10-15T16:21:52.696+0000] {logging_mixin.py:190} INFO - [2024-10-15T16:21:52.695+0000] {dagbag.py:588} INFO - Filling up the DagBag from /home/airflow/.local/lib/python3.12/site-packages/airflow/example_dags/example_sensors.py
[2024-10-15T16:21:52.704+0000] {processor.py:925} INFO - DAG(s) 'example_sensors' retrieved from /home/airflow/.local/lib/python3.12/site-packages/airflow/example_dags/example_sensors.py
[2024-10-15T16:21:52.723+0000] {logging_mixin.py:190} INFO - [2024-10-15T16:21:52.723+0000] {dag.py:3239} INFO - Sync 1 DAGs
[2024-10-15T16:21:52.736+0000] {logging_mixin.py:190} INFO - [2024-10-15T16:21:52.736+0000] {dag.py:4180} INFO - Setting next_dagrun for example_sensors to None, run_after=None
[2024-10-15T16:21:52.751+0000] {processor.py:208} INFO - Processing /home/airflow/.local/lib/python3.12/site-packages/airflow/example_dags/example_sensors.py took 0.062 seconds
[2024-10-15T16:22:22.800+0000] {processor.py:186} INFO - Started process (PID=871) to work on /home/airflow/.local/lib/python3.12/site-packages/airflow/example_dags/example_sensors.py
[2024-10-15T16:22:22.801+0000] {processor.py:914} INFO - Processing file /home/airflow/.local/lib/python3.12/site-packages/airflow/example_dags/example_sensors.py for tasks to queue
[2024-10-15T16:22:22.803+0000] {logging_mixin.py:190} INFO - [2024-10-15T16:22:22.802+0000] {dagbag.py:588} INFO - Filling up the DagBag from /home/airflow/.local/lib/python3.12/site-packages/airflow/example_dags/example_sensors.py
[2024-10-15T16:22:22.811+0000] {processor.py:925} INFO - DAG(s) 'example_sensors' retrieved from /home/airflow/.local/lib/python3.12/site-packages/airflow/example_dags/example_sensors.py
[2024-10-15T16:22:22.830+0000] {logging_mixin.py:190} INFO - [2024-10-15T16:22:22.829+0000] {dag.py:3239} INFO - Sync 1 DAGs
[2024-10-15T16:22:22.840+0000] {logging_mixin.py:190} INFO - [2024-10-15T16:22:22.840+0000] {dag.py:4180} INFO - Setting next_dagrun for example_sensors to None, run_after=None
[2024-10-15T16:22:22.856+0000] {processor.py:208} INFO - Processing /home/airflow/.local/lib/python3.12/site-packages/airflow/example_dags/example_sensors.py took 0.062 seconds
[2024-10-15T16:22:53.046+0000] {processor.py:186} INFO - Started process (PID=933) to work on /home/airflow/.local/lib/python3.12/site-packages/airflow/example_dags/example_sensors.py
[2024-10-15T16:22:53.046+0000] {processor.py:914} INFO - Processing file /home/airflow/.local/lib/python3.12/site-packages/airflow/example_dags/example_sensors.py for tasks to queue
[2024-10-15T16:22:53.048+0000] {logging_mixin.py:190} INFO - [2024-10-15T16:22:53.047+0000] {dagbag.py:588} INFO - Filling up the DagBag from /home/airflow/.local/lib/python3.12/site-packages/airflow/example_dags/example_sensors.py
[2024-10-15T16:22:53.055+0000] {processor.py:925} INFO - DAG(s) 'example_sensors' retrieved from /home/airflow/.local/lib/python3.12/site-packages/airflow/example_dags/example_sensors.py
[2024-10-15T16:22:53.073+0000] {logging_mixin.py:190} INFO - [2024-10-15T16:22:53.073+0000] {dag.py:3239} INFO - Sync 1 DAGs
[2024-10-15T16:22:53.083+0000] {logging_mixin.py:190} INFO - [2024-10-15T16:22:53.083+0000] {dag.py:4180} INFO - Setting next_dagrun for example_sensors to None, run_after=None
[2024-10-15T16:22:53.100+0000] {processor.py:208} INFO - Processing /home/airflow/.local/lib/python3.12/site-packages/airflow/example_dags/example_sensors.py took 0.058 seconds
[2024-10-15T16:23:24.088+0000] {processor.py:186} INFO - Started process (PID=996) to work on /home/airflow/.local/lib/python3.12/site-packages/airflow/example_dags/example_sensors.py
[2024-10-15T16:23:24.089+0000] {processor.py:914} INFO - Processing file /home/airflow/.local/lib/python3.12/site-packages/airflow/example_dags/example_sensors.py for tasks to queue
[2024-10-15T16:23:24.091+0000] {logging_mixin.py:190} INFO - [2024-10-15T16:23:24.091+0000] {dagbag.py:588} INFO - Filling up the DagBag from /home/airflow/.local/lib/python3.12/site-packages/airflow/example_dags/example_sensors.py
[2024-10-15T16:23:24.099+0000] {processor.py:925} INFO - DAG(s) 'example_sensors' retrieved from /home/airflow/.local/lib/python3.12/site-packages/airflow/example_dags/example_sensors.py
[2024-10-15T16:23:24.120+0000] {logging_mixin.py:190} INFO - [2024-10-15T16:23:24.120+0000] {dag.py:3239} INFO - Sync 1 DAGs
[2024-10-15T16:23:24.130+0000] {logging_mixin.py:190} INFO - [2024-10-15T16:23:24.130+0000] {dag.py:4180} INFO - Setting next_dagrun for example_sensors to None, run_after=None
[2024-10-15T16:23:24.147+0000] {processor.py:208} INFO - Processing /home/airflow/.local/lib/python3.12/site-packages/airflow/example_dags/example_sensors.py took 0.064 seconds
[2024-10-15T16:23:54.361+0000] {processor.py:186} INFO - Started process (PID=1058) to work on /home/airflow/.local/lib/python3.12/site-packages/airflow/example_dags/example_sensors.py
[2024-10-15T16:23:54.362+0000] {processor.py:914} INFO - Processing file /home/airflow/.local/lib/python3.12/site-packages/airflow/example_dags/example_sensors.py for tasks to queue
[2024-10-15T16:23:54.363+0000] {logging_mixin.py:190} INFO - [2024-10-15T16:23:54.363+0000] {dagbag.py:588} INFO - Filling up the DagBag from /home/airflow/.local/lib/python3.12/site-packages/airflow/example_dags/example_sensors.py
[2024-10-15T16:23:54.371+0000] {processor.py:925} INFO - DAG(s) 'example_sensors' retrieved from /home/airflow/.local/lib/python3.12/site-packages/airflow/example_dags/example_sensors.py
[2024-10-15T16:23:54.389+0000] {logging_mixin.py:190} INFO - [2024-10-15T16:23:54.389+0000] {dag.py:3239} INFO - Sync 1 DAGs
[2024-10-15T16:23:54.400+0000] {logging_mixin.py:190} INFO - [2024-10-15T16:23:54.400+0000] {dag.py:4180} INFO - Setting next_dagrun for example_sensors to None, run_after=None
[2024-10-15T16:23:54.420+0000] {processor.py:208} INFO - Processing /home/airflow/.local/lib/python3.12/site-packages/airflow/example_dags/example_sensors.py took 0.063 seconds
[2024-10-15T16:24:24.660+0000] {processor.py:186} INFO - Started process (PID=1120) to work on /home/airflow/.local/lib/python3.12/site-packages/airflow/example_dags/example_sensors.py
[2024-10-15T16:24:24.661+0000] {processor.py:914} INFO - Processing file /home/airflow/.local/lib/python3.12/site-packages/airflow/example_dags/example_sensors.py for tasks to queue
[2024-10-15T16:24:24.663+0000] {logging_mixin.py:190} INFO - [2024-10-15T16:24:24.662+0000] {dagbag.py:588} INFO - Filling up the DagBag from /home/airflow/.local/lib/python3.12/site-packages/airflow/example_dags/example_sensors.py
[2024-10-15T16:24:24.672+0000] {processor.py:925} INFO - DAG(s) 'example_sensors' retrieved from /home/airflow/.local/lib/python3.12/site-packages/airflow/example_dags/example_sensors.py
[2024-10-15T16:24:24.691+0000] {logging_mixin.py:190} INFO - [2024-10-15T16:24:24.691+0000] {dag.py:3239} INFO - Sync 1 DAGs
[2024-10-15T16:24:24.702+0000] {logging_mixin.py:190} INFO - [2024-10-15T16:24:24.702+0000] {dag.py:4180} INFO - Setting next_dagrun for example_sensors to None, run_after=None
[2024-10-15T16:24:24.720+0000] {processor.py:208} INFO - Processing /home/airflow/.local/lib/python3.12/site-packages/airflow/example_dags/example_sensors.py took 0.064 seconds
[2024-10-15T16:24:55.482+0000] {processor.py:186} INFO - Started process (PID=1182) to work on /home/airflow/.local/lib/python3.12/site-packages/airflow/example_dags/example_sensors.py
[2024-10-15T16:24:55.482+0000] {processor.py:914} INFO - Processing file /home/airflow/.local/lib/python3.12/site-packages/airflow/example_dags/example_sensors.py for tasks to queue
[2024-10-15T16:24:55.484+0000] {logging_mixin.py:190} INFO - [2024-10-15T16:24:55.484+0000] {dagbag.py:588} INFO - Filling up the DagBag from /home/airflow/.local/lib/python3.12/site-packages/airflow/example_dags/example_sensors.py
[2024-10-15T16:24:55.491+0000] {processor.py:925} INFO - DAG(s) 'example_sensors' retrieved from /home/airflow/.local/lib/python3.12/site-packages/airflow/example_dags/example_sensors.py
[2024-10-15T16:24:55.509+0000] {logging_mixin.py:190} INFO - [2024-10-15T16:24:55.509+0000] {dag.py:3239} INFO - Sync 1 DAGs
[2024-10-15T16:24:55.519+0000] {logging_mixin.py:190} INFO - [2024-10-15T16:24:55.519+0000] {dag.py:4180} INFO - Setting next_dagrun for example_sensors to None, run_after=None
[2024-10-15T16:24:55.531+0000] {processor.py:208} INFO - Processing /home/airflow/.local/lib/python3.12/site-packages/airflow/example_dags/example_sensors.py took 0.053 seconds
[2024-10-15T16:25:26.339+0000] {processor.py:186} INFO - Started process (PID=1244) to work on /home/airflow/.local/lib/python3.12/site-packages/airflow/example_dags/example_sensors.py
[2024-10-15T16:25:26.340+0000] {processor.py:914} INFO - Processing file /home/airflow/.local/lib/python3.12/site-packages/airflow/example_dags/example_sensors.py for tasks to queue
[2024-10-15T16:25:26.342+0000] {logging_mixin.py:190} INFO - [2024-10-15T16:25:26.341+0000] {dagbag.py:588} INFO - Filling up the DagBag from /home/airflow/.local/lib/python3.12/site-packages/airflow/example_dags/example_sensors.py
[2024-10-15T16:25:26.351+0000] {processor.py:925} INFO - DAG(s) 'example_sensors' retrieved from /home/airflow/.local/lib/python3.12/site-packages/airflow/example_dags/example_sensors.py
[2024-10-15T16:25:26.370+0000] {logging_mixin.py:190} INFO - [2024-10-15T16:25:26.370+0000] {dag.py:3239} INFO - Sync 1 DAGs
[2024-10-15T16:25:26.380+0000] {logging_mixin.py:190} INFO - [2024-10-15T16:25:26.380+0000] {dag.py:4180} INFO - Setting next_dagrun for example_sensors to None, run_after=None
[2024-10-15T16:25:26.392+0000] {processor.py:208} INFO - Processing /home/airflow/.local/lib/python3.12/site-packages/airflow/example_dags/example_sensors.py took 0.057 seconds
[2024-10-15T16:25:56.796+0000] {processor.py:186} INFO - Started process (PID=1305) to work on /home/airflow/.local/lib/python3.12/site-packages/airflow/example_dags/example_sensors.py
[2024-10-15T16:25:56.796+0000] {processor.py:914} INFO - Processing file /home/airflow/.local/lib/python3.12/site-packages/airflow/example_dags/example_sensors.py for tasks to queue
[2024-10-15T16:25:56.798+0000] {logging_mixin.py:190} INFO - [2024-10-15T16:25:56.798+0000] {dagbag.py:588} INFO - Filling up the DagBag from /home/airflow/.local/lib/python3.12/site-packages/airflow/example_dags/example_sensors.py
[2024-10-15T16:25:56.808+0000] {processor.py:925} INFO - DAG(s) 'example_sensors' retrieved from /home/airflow/.local/lib/python3.12/site-packages/airflow/example_dags/example_sensors.py
[2024-10-15T16:25:56.829+0000] {logging_mixin.py:190} INFO - [2024-10-15T16:25:56.829+0000] {dag.py:3239} INFO - Sync 1 DAGs
[2024-10-15T16:25:56.841+0000] {logging_mixin.py:190} INFO - [2024-10-15T16:25:56.841+0000] {dag.py:4180} INFO - Setting next_dagrun for example_sensors to None, run_after=None
[2024-10-15T16:25:56.857+0000] {processor.py:208} INFO - Processing /home/airflow/.local/lib/python3.12/site-packages/airflow/example_dags/example_sensors.py took 0.065 seconds
[2024-10-15T16:26:27.486+0000] {processor.py:186} INFO - Started process (PID=1367) to work on /home/airflow/.local/lib/python3.12/site-packages/airflow/example_dags/example_sensors.py
[2024-10-15T16:26:27.487+0000] {processor.py:914} INFO - Processing file /home/airflow/.local/lib/python3.12/site-packages/airflow/example_dags/example_sensors.py for tasks to queue
[2024-10-15T16:26:27.489+0000] {logging_mixin.py:190} INFO - [2024-10-15T16:26:27.488+0000] {dagbag.py:588} INFO - Filling up the DagBag from /home/airflow/.local/lib/python3.12/site-packages/airflow/example_dags/example_sensors.py
[2024-10-15T16:26:27.496+0000] {processor.py:925} INFO - DAG(s) 'example_sensors' retrieved from /home/airflow/.local/lib/python3.12/site-packages/airflow/example_dags/example_sensors.py
[2024-10-15T16:26:27.518+0000] {logging_mixin.py:190} INFO - [2024-10-15T16:26:27.518+0000] {dag.py:3239} INFO - Sync 1 DAGs
[2024-10-15T16:26:27.530+0000] {logging_mixin.py:190} INFO - [2024-10-15T16:26:27.530+0000] {dag.py:4180} INFO - Setting next_dagrun for example_sensors to None, run_after=None
[2024-10-15T16:26:27.555+0000] {processor.py:208} INFO - Processing /home/airflow/.local/lib/python3.12/site-packages/airflow/example_dags/example_sensors.py took 0.074 seconds
[2024-10-15T16:26:58.446+0000] {processor.py:186} INFO - Started process (PID=1429) to work on /home/airflow/.local/lib/python3.12/site-packages/airflow/example_dags/example_sensors.py
[2024-10-15T16:26:58.447+0000] {processor.py:914} INFO - Processing file /home/airflow/.local/lib/python3.12/site-packages/airflow/example_dags/example_sensors.py for tasks to queue
[2024-10-15T16:26:58.449+0000] {logging_mixin.py:190} INFO - [2024-10-15T16:26:58.449+0000] {dagbag.py:588} INFO - Filling up the DagBag from /home/airflow/.local/lib/python3.12/site-packages/airflow/example_dags/example_sensors.py
[2024-10-15T16:26:58.457+0000] {processor.py:925} INFO - DAG(s) 'example_sensors' retrieved from /home/airflow/.local/lib/python3.12/site-packages/airflow/example_dags/example_sensors.py
[2024-10-15T16:26:58.475+0000] {logging_mixin.py:190} INFO - [2024-10-15T16:26:58.475+0000] {dag.py:3239} INFO - Sync 1 DAGs
[2024-10-15T16:26:58.486+0000] {logging_mixin.py:190} INFO - [2024-10-15T16:26:58.486+0000] {dag.py:4180} INFO - Setting next_dagrun for example_sensors to None, run_after=None
[2024-10-15T16:26:58.504+0000] {processor.py:208} INFO - Processing /home/airflow/.local/lib/python3.12/site-packages/airflow/example_dags/example_sensors.py took 0.063 seconds
[2024-10-15T16:27:29.503+0000] {processor.py:186} INFO - Started process (PID=1491) to work on /home/airflow/.local/lib/python3.12/site-packages/airflow/example_dags/example_sensors.py
[2024-10-15T16:27:29.503+0000] {processor.py:914} INFO - Processing file /home/airflow/.local/lib/python3.12/site-packages/airflow/example_dags/example_sensors.py for tasks to queue
[2024-10-15T16:27:29.505+0000] {logging_mixin.py:190} INFO - [2024-10-15T16:27:29.505+0000] {dagbag.py:588} INFO - Filling up the DagBag from /home/airflow/.local/lib/python3.12/site-packages/airflow/example_dags/example_sensors.py
[2024-10-15T16:27:29.513+0000] {processor.py:925} INFO - DAG(s) 'example_sensors' retrieved from /home/airflow/.local/lib/python3.12/site-packages/airflow/example_dags/example_sensors.py
[2024-10-15T16:27:29.530+0000] {logging_mixin.py:190} INFO - [2024-10-15T16:27:29.530+0000] {dag.py:3239} INFO - Sync 1 DAGs
[2024-10-15T16:27:29.540+0000] {logging_mixin.py:190} INFO - [2024-10-15T16:27:29.539+0000] {dag.py:4180} INFO - Setting next_dagrun for example_sensors to None, run_after=None
[2024-10-15T16:27:29.559+0000] {processor.py:208} INFO - Processing /home/airflow/.local/lib/python3.12/site-packages/airflow/example_dags/example_sensors.py took 0.060 seconds
[2024-10-15T16:27:59.811+0000] {processor.py:186} INFO - Started process (PID=1553) to work on /home/airflow/.local/lib/python3.12/site-packages/airflow/example_dags/example_sensors.py
[2024-10-15T16:27:59.811+0000] {processor.py:914} INFO - Processing file /home/airflow/.local/lib/python3.12/site-packages/airflow/example_dags/example_sensors.py for tasks to queue
[2024-10-15T16:27:59.813+0000] {logging_mixin.py:190} INFO - [2024-10-15T16:27:59.813+0000] {dagbag.py:588} INFO - Filling up the DagBag from /home/airflow/.local/lib/python3.12/site-packages/airflow/example_dags/example_sensors.py
[2024-10-15T16:27:59.820+0000] {processor.py:925} INFO - DAG(s) 'example_sensors' retrieved from /home/airflow/.local/lib/python3.12/site-packages/airflow/example_dags/example_sensors.py
[2024-10-15T16:27:59.840+0000] {logging_mixin.py:190} INFO - [2024-10-15T16:27:59.839+0000] {dag.py:3239} INFO - Sync 1 DAGs
[2024-10-15T16:27:59.850+0000] {logging_mixin.py:190} INFO - [2024-10-15T16:27:59.849+0000] {dag.py:4180} INFO - Setting next_dagrun for example_sensors to None, run_after=None
[2024-10-15T16:27:59.862+0000] {processor.py:208} INFO - Processing /home/airflow/.local/lib/python3.12/site-packages/airflow/example_dags/example_sensors.py took 0.056 seconds
[2024-10-15T16:28:30.108+0000] {processor.py:186} INFO - Started process (PID=1615) to work on /home/airflow/.local/lib/python3.12/site-packages/airflow/example_dags/example_sensors.py
[2024-10-15T16:28:30.109+0000] {processor.py:914} INFO - Processing file /home/airflow/.local/lib/python3.12/site-packages/airflow/example_dags/example_sensors.py for tasks to queue
[2024-10-15T16:28:30.110+0000] {logging_mixin.py:190} INFO - [2024-10-15T16:28:30.110+0000] {dagbag.py:588} INFO - Filling up the DagBag from /home/airflow/.local/lib/python3.12/site-packages/airflow/example_dags/example_sensors.py
[2024-10-15T16:28:30.119+0000] {processor.py:925} INFO - DAG(s) 'example_sensors' retrieved from /home/airflow/.local/lib/python3.12/site-packages/airflow/example_dags/example_sensors.py
[2024-10-15T16:28:30.137+0000] {logging_mixin.py:190} INFO - [2024-10-15T16:28:30.137+0000] {dag.py:3239} INFO - Sync 1 DAGs
[2024-10-15T16:28:30.148+0000] {logging_mixin.py:190} INFO - [2024-10-15T16:28:30.147+0000] {dag.py:4180} INFO - Setting next_dagrun for example_sensors to None, run_after=None
[2024-10-15T16:28:30.163+0000] {processor.py:208} INFO - Processing /home/airflow/.local/lib/python3.12/site-packages/airflow/example_dags/example_sensors.py took 0.059 seconds
[2024-10-15T16:29:00.706+0000] {processor.py:186} INFO - Started process (PID=1677) to work on /home/airflow/.local/lib/python3.12/site-packages/airflow/example_dags/example_sensors.py
[2024-10-15T16:29:00.707+0000] {processor.py:914} INFO - Processing file /home/airflow/.local/lib/python3.12/site-packages/airflow/example_dags/example_sensors.py for tasks to queue
[2024-10-15T16:29:00.709+0000] {logging_mixin.py:190} INFO - [2024-10-15T16:29:00.709+0000] {dagbag.py:588} INFO - Filling up the DagBag from /home/airflow/.local/lib/python3.12/site-packages/airflow/example_dags/example_sensors.py
[2024-10-15T16:29:00.718+0000] {processor.py:925} INFO - DAG(s) 'example_sensors' retrieved from /home/airflow/.local/lib/python3.12/site-packages/airflow/example_dags/example_sensors.py
[2024-10-15T16:29:00.737+0000] {logging_mixin.py:190} INFO - [2024-10-15T16:29:00.737+0000] {dag.py:3239} INFO - Sync 1 DAGs
[2024-10-15T16:29:00.750+0000] {logging_mixin.py:190} INFO - [2024-10-15T16:29:00.750+0000] {dag.py:4180} INFO - Setting next_dagrun for example_sensors to None, run_after=None
[2024-10-15T16:29:00.768+0000] {processor.py:208} INFO - Processing /home/airflow/.local/lib/python3.12/site-packages/airflow/example_dags/example_sensors.py took 0.067 seconds
[2024-10-15T16:29:30.888+0000] {processor.py:186} INFO - Started process (PID=1739) to work on /home/airflow/.local/lib/python3.12/site-packages/airflow/example_dags/example_sensors.py
[2024-10-15T16:29:30.889+0000] {processor.py:914} INFO - Processing file /home/airflow/.local/lib/python3.12/site-packages/airflow/example_dags/example_sensors.py for tasks to queue
[2024-10-15T16:29:30.890+0000] {logging_mixin.py:190} INFO - [2024-10-15T16:29:30.890+0000] {dagbag.py:588} INFO - Filling up the DagBag from /home/airflow/.local/lib/python3.12/site-packages/airflow/example_dags/example_sensors.py
[2024-10-15T16:29:30.898+0000] {processor.py:925} INFO - DAG(s) 'example_sensors' retrieved from /home/airflow/.local/lib/python3.12/site-packages/airflow/example_dags/example_sensors.py
[2024-10-15T16:29:30.914+0000] {logging_mixin.py:190} INFO - [2024-10-15T16:29:30.914+0000] {dag.py:3239} INFO - Sync 1 DAGs
[2024-10-15T16:29:30.924+0000] {logging_mixin.py:190} INFO - [2024-10-15T16:29:30.924+0000] {dag.py:4180} INFO - Setting next_dagrun for example_sensors to None, run_after=None
[2024-10-15T16:29:30.941+0000] {processor.py:208} INFO - Processing /home/airflow/.local/lib/python3.12/site-packages/airflow/example_dags/example_sensors.py took 0.057 seconds
