[2024-10-15T16:15:44.197+0000] {processor.py:186} INFO - Started process (PID=72) to work on /home/airflow/.local/lib/python3.12/site-packages/airflow/example_dags/example_complex.py
[2024-10-15T16:15:44.198+0000] {processor.py:914} INFO - Processing file /home/airflow/.local/lib/python3.12/site-packages/airflow/example_dags/example_complex.py for tasks to queue
[2024-10-15T16:15:44.200+0000] {logging_mixin.py:190} INFO - [2024-10-15T16:15:44.199+0000] {dagbag.py:588} INFO - Filling up the DagBag from /home/airflow/.local/lib/python3.12/site-packages/airflow/example_dags/example_complex.py
[2024-10-15T16:15:44.208+0000] {processor.py:925} INFO - DAG(s) 'example_complex' retrieved from /home/airflow/.local/lib/python3.12/site-packages/airflow/example_dags/example_complex.py
[2024-10-15T16:15:44.301+0000] {logging_mixin.py:190} INFO - [2024-10-15T16:15:44.301+0000] {override.py:1900} INFO - Created Permission View: can read on DAG:example_complex
[2024-10-15T16:15:44.308+0000] {logging_mixin.py:190} INFO - [2024-10-15T16:15:44.308+0000] {override.py:1900} INFO - Created Permission View: can delete on DAG:example_complex
[2024-10-15T16:15:44.313+0000] {logging_mixin.py:190} INFO - [2024-10-15T16:15:44.313+0000] {override.py:1900} INFO - Created Permission View: can edit on DAG:example_complex
[2024-10-15T16:15:44.320+0000] {logging_mixin.py:190} INFO - [2024-10-15T16:15:44.320+0000] {override.py:1900} INFO - Created Permission View: can read on DAG Run:example_complex
[2024-10-15T16:15:44.326+0000] {logging_mixin.py:190} INFO - [2024-10-15T16:15:44.325+0000] {override.py:1900} INFO - Created Permission View: can create on DAG Run:example_complex
[2024-10-15T16:15:44.331+0000] {logging_mixin.py:190} INFO - [2024-10-15T16:15:44.331+0000] {override.py:1900} INFO - Created Permission View: menu access on DAG Run:example_complex
[2024-10-15T16:15:44.336+0000] {logging_mixin.py:190} INFO - [2024-10-15T16:15:44.336+0000] {override.py:1900} INFO - Created Permission View: can delete on DAG Run:example_complex
[2024-10-15T16:15:44.337+0000] {logging_mixin.py:190} INFO - [2024-10-15T16:15:44.337+0000] {dag.py:3239} INFO - Sync 1 DAGs
[2024-10-15T16:15:44.346+0000] {logging_mixin.py:190} INFO - [2024-10-15T16:15:44.346+0000] {dag.py:3262} INFO - Creating ORM DAG for example_complex
[2024-10-15T16:15:44.347+0000] {logging_mixin.py:190} INFO - [2024-10-15T16:15:44.347+0000] {dag.py:4180} INFO - Setting next_dagrun for example_complex to None, run_after=None
[2024-10-15T16:15:44.364+0000] {processor.py:208} INFO - Processing /home/airflow/.local/lib/python3.12/site-packages/airflow/example_dags/example_complex.py took 0.171 seconds
[2024-10-15T16:16:14.908+0000] {processor.py:186} INFO - Started process (PID=134) to work on /home/airflow/.local/lib/python3.12/site-packages/airflow/example_dags/example_complex.py
[2024-10-15T16:16:14.909+0000] {processor.py:914} INFO - Processing file /home/airflow/.local/lib/python3.12/site-packages/airflow/example_dags/example_complex.py for tasks to queue
[2024-10-15T16:16:14.911+0000] {logging_mixin.py:190} INFO - [2024-10-15T16:16:14.910+0000] {dagbag.py:588} INFO - Filling up the DagBag from /home/airflow/.local/lib/python3.12/site-packages/airflow/example_dags/example_complex.py
[2024-10-15T16:16:14.920+0000] {processor.py:925} INFO - DAG(s) 'example_complex' retrieved from /home/airflow/.local/lib/python3.12/site-packages/airflow/example_dags/example_complex.py
[2024-10-15T16:16:14.940+0000] {logging_mixin.py:190} INFO - [2024-10-15T16:16:14.939+0000] {dag.py:3239} INFO - Sync 1 DAGs
[2024-10-15T16:16:14.949+0000] {logging_mixin.py:190} INFO - [2024-10-15T16:16:14.949+0000] {dag.py:4180} INFO - Setting next_dagrun for example_complex to None, run_after=None
[2024-10-15T16:16:14.964+0000] {processor.py:208} INFO - Processing /home/airflow/.local/lib/python3.12/site-packages/airflow/example_dags/example_complex.py took 0.060 seconds
[2024-10-15T16:16:45.813+0000] {processor.py:186} INFO - Started process (PID=196) to work on /home/airflow/.local/lib/python3.12/site-packages/airflow/example_dags/example_complex.py
[2024-10-15T16:16:45.814+0000] {processor.py:914} INFO - Processing file /home/airflow/.local/lib/python3.12/site-packages/airflow/example_dags/example_complex.py for tasks to queue
[2024-10-15T16:16:45.815+0000] {logging_mixin.py:190} INFO - [2024-10-15T16:16:45.815+0000] {dagbag.py:588} INFO - Filling up the DagBag from /home/airflow/.local/lib/python3.12/site-packages/airflow/example_dags/example_complex.py
[2024-10-15T16:16:45.824+0000] {processor.py:925} INFO - DAG(s) 'example_complex' retrieved from /home/airflow/.local/lib/python3.12/site-packages/airflow/example_dags/example_complex.py
[2024-10-15T16:16:45.847+0000] {logging_mixin.py:190} INFO - [2024-10-15T16:16:45.847+0000] {dag.py:3239} INFO - Sync 1 DAGs
[2024-10-15T16:16:45.858+0000] {logging_mixin.py:190} INFO - [2024-10-15T16:16:45.858+0000] {dag.py:4180} INFO - Setting next_dagrun for example_complex to None, run_after=None
[2024-10-15T16:16:45.875+0000] {processor.py:208} INFO - Processing /home/airflow/.local/lib/python3.12/site-packages/airflow/example_dags/example_complex.py took 0.066 seconds
[2024-10-15T16:17:16.547+0000] {processor.py:186} INFO - Started process (PID=264) to work on /home/airflow/.local/lib/python3.12/site-packages/airflow/example_dags/example_complex.py
[2024-10-15T16:17:16.548+0000] {processor.py:914} INFO - Processing file /home/airflow/.local/lib/python3.12/site-packages/airflow/example_dags/example_complex.py for tasks to queue
[2024-10-15T16:17:16.549+0000] {logging_mixin.py:190} INFO - [2024-10-15T16:17:16.549+0000] {dagbag.py:588} INFO - Filling up the DagBag from /home/airflow/.local/lib/python3.12/site-packages/airflow/example_dags/example_complex.py
[2024-10-15T16:17:16.557+0000] {processor.py:925} INFO - DAG(s) 'example_complex' retrieved from /home/airflow/.local/lib/python3.12/site-packages/airflow/example_dags/example_complex.py
[2024-10-15T16:17:16.579+0000] {logging_mixin.py:190} INFO - [2024-10-15T16:17:16.579+0000] {dag.py:3239} INFO - Sync 1 DAGs
[2024-10-15T16:17:16.589+0000] {logging_mixin.py:190} INFO - [2024-10-15T16:17:16.589+0000] {dag.py:4180} INFO - Setting next_dagrun for example_complex to None, run_after=None
[2024-10-15T16:17:16.606+0000] {processor.py:208} INFO - Processing /home/airflow/.local/lib/python3.12/site-packages/airflow/example_dags/example_complex.py took 0.064 seconds
[2024-10-15T16:17:47.418+0000] {processor.py:186} INFO - Started process (PID=326) to work on /home/airflow/.local/lib/python3.12/site-packages/airflow/example_dags/example_complex.py
[2024-10-15T16:17:47.419+0000] {processor.py:914} INFO - Processing file /home/airflow/.local/lib/python3.12/site-packages/airflow/example_dags/example_complex.py for tasks to queue
[2024-10-15T16:17:47.421+0000] {logging_mixin.py:190} INFO - [2024-10-15T16:17:47.420+0000] {dagbag.py:588} INFO - Filling up the DagBag from /home/airflow/.local/lib/python3.12/site-packages/airflow/example_dags/example_complex.py
[2024-10-15T16:17:47.428+0000] {processor.py:925} INFO - DAG(s) 'example_complex' retrieved from /home/airflow/.local/lib/python3.12/site-packages/airflow/example_dags/example_complex.py
[2024-10-15T16:17:47.449+0000] {logging_mixin.py:190} INFO - [2024-10-15T16:17:47.449+0000] {dag.py:3239} INFO - Sync 1 DAGs
[2024-10-15T16:17:47.458+0000] {logging_mixin.py:190} INFO - [2024-10-15T16:17:47.458+0000] {dag.py:4180} INFO - Setting next_dagrun for example_complex to None, run_after=None
[2024-10-15T16:17:47.475+0000] {processor.py:208} INFO - Processing /home/airflow/.local/lib/python3.12/site-packages/airflow/example_dags/example_complex.py took 0.061 seconds
[2024-10-15T16:18:18.223+0000] {processor.py:186} INFO - Started process (PID=388) to work on /home/airflow/.local/lib/python3.12/site-packages/airflow/example_dags/example_complex.py
[2024-10-15T16:18:18.224+0000] {processor.py:914} INFO - Processing file /home/airflow/.local/lib/python3.12/site-packages/airflow/example_dags/example_complex.py for tasks to queue
[2024-10-15T16:18:18.226+0000] {logging_mixin.py:190} INFO - [2024-10-15T16:18:18.225+0000] {dagbag.py:588} INFO - Filling up the DagBag from /home/airflow/.local/lib/python3.12/site-packages/airflow/example_dags/example_complex.py
[2024-10-15T16:18:18.236+0000] {processor.py:925} INFO - DAG(s) 'example_complex' retrieved from /home/airflow/.local/lib/python3.12/site-packages/airflow/example_dags/example_complex.py
[2024-10-15T16:18:18.263+0000] {logging_mixin.py:190} INFO - [2024-10-15T16:18:18.263+0000] {dag.py:3239} INFO - Sync 1 DAGs
[2024-10-15T16:18:18.279+0000] {logging_mixin.py:190} INFO - [2024-10-15T16:18:18.279+0000] {dag.py:4180} INFO - Setting next_dagrun for example_complex to None, run_after=None
[2024-10-15T16:18:18.295+0000] {processor.py:208} INFO - Processing /home/airflow/.local/lib/python3.12/site-packages/airflow/example_dags/example_complex.py took 0.077 seconds
[2024-10-15T16:18:48.447+0000] {processor.py:186} INFO - Started process (PID=450) to work on /home/airflow/.local/lib/python3.12/site-packages/airflow/example_dags/example_complex.py
[2024-10-15T16:18:48.447+0000] {processor.py:914} INFO - Processing file /home/airflow/.local/lib/python3.12/site-packages/airflow/example_dags/example_complex.py for tasks to queue
[2024-10-15T16:18:48.449+0000] {logging_mixin.py:190} INFO - [2024-10-15T16:18:48.449+0000] {dagbag.py:588} INFO - Filling up the DagBag from /home/airflow/.local/lib/python3.12/site-packages/airflow/example_dags/example_complex.py
[2024-10-15T16:18:48.458+0000] {processor.py:925} INFO - DAG(s) 'example_complex' retrieved from /home/airflow/.local/lib/python3.12/site-packages/airflow/example_dags/example_complex.py
[2024-10-15T16:18:48.481+0000] {logging_mixin.py:190} INFO - [2024-10-15T16:18:48.480+0000] {dag.py:3239} INFO - Sync 1 DAGs
[2024-10-15T16:18:48.492+0000] {logging_mixin.py:190} INFO - [2024-10-15T16:18:48.492+0000] {dag.py:4180} INFO - Setting next_dagrun for example_complex to None, run_after=None
[2024-10-15T16:18:48.507+0000] {processor.py:208} INFO - Processing /home/airflow/.local/lib/python3.12/site-packages/airflow/example_dags/example_complex.py took 0.064 seconds
[2024-10-15T16:19:19.508+0000] {processor.py:186} INFO - Started process (PID=512) to work on /home/airflow/.local/lib/python3.12/site-packages/airflow/example_dags/example_complex.py
[2024-10-15T16:19:19.509+0000] {processor.py:914} INFO - Processing file /home/airflow/.local/lib/python3.12/site-packages/airflow/example_dags/example_complex.py for tasks to queue
[2024-10-15T16:19:19.511+0000] {logging_mixin.py:190} INFO - [2024-10-15T16:19:19.511+0000] {dagbag.py:588} INFO - Filling up the DagBag from /home/airflow/.local/lib/python3.12/site-packages/airflow/example_dags/example_complex.py
[2024-10-15T16:19:19.520+0000] {processor.py:925} INFO - DAG(s) 'example_complex' retrieved from /home/airflow/.local/lib/python3.12/site-packages/airflow/example_dags/example_complex.py
[2024-10-15T16:19:19.545+0000] {logging_mixin.py:190} INFO - [2024-10-15T16:19:19.545+0000] {dag.py:3239} INFO - Sync 1 DAGs
[2024-10-15T16:19:19.555+0000] {logging_mixin.py:190} INFO - [2024-10-15T16:19:19.555+0000] {dag.py:4180} INFO - Setting next_dagrun for example_complex to None, run_after=None
[2024-10-15T16:19:19.569+0000] {processor.py:208} INFO - Processing /home/airflow/.local/lib/python3.12/site-packages/airflow/example_dags/example_complex.py took 0.066 seconds
[2024-10-15T16:19:50.488+0000] {processor.py:186} INFO - Started process (PID=574) to work on /home/airflow/.local/lib/python3.12/site-packages/airflow/example_dags/example_complex.py
[2024-10-15T16:19:50.488+0000] {processor.py:914} INFO - Processing file /home/airflow/.local/lib/python3.12/site-packages/airflow/example_dags/example_complex.py for tasks to queue
[2024-10-15T16:19:50.491+0000] {logging_mixin.py:190} INFO - [2024-10-15T16:19:50.490+0000] {dagbag.py:588} INFO - Filling up the DagBag from /home/airflow/.local/lib/python3.12/site-packages/airflow/example_dags/example_complex.py
[2024-10-15T16:19:50.501+0000] {processor.py:925} INFO - DAG(s) 'example_complex' retrieved from /home/airflow/.local/lib/python3.12/site-packages/airflow/example_dags/example_complex.py
[2024-10-15T16:19:50.530+0000] {logging_mixin.py:190} INFO - [2024-10-15T16:19:50.530+0000] {dag.py:3239} INFO - Sync 1 DAGs
[2024-10-15T16:19:50.544+0000] {logging_mixin.py:190} INFO - [2024-10-15T16:19:50.544+0000] {dag.py:4180} INFO - Setting next_dagrun for example_complex to None, run_after=None
[2024-10-15T16:19:50.560+0000] {processor.py:208} INFO - Processing /home/airflow/.local/lib/python3.12/site-packages/airflow/example_dags/example_complex.py took 0.078 seconds
[2024-10-15T16:20:21.540+0000] {processor.py:186} INFO - Started process (PID=636) to work on /home/airflow/.local/lib/python3.12/site-packages/airflow/example_dags/example_complex.py
[2024-10-15T16:20:21.541+0000] {processor.py:914} INFO - Processing file /home/airflow/.local/lib/python3.12/site-packages/airflow/example_dags/example_complex.py for tasks to queue
[2024-10-15T16:20:21.543+0000] {logging_mixin.py:190} INFO - [2024-10-15T16:20:21.543+0000] {dagbag.py:588} INFO - Filling up the DagBag from /home/airflow/.local/lib/python3.12/site-packages/airflow/example_dags/example_complex.py
[2024-10-15T16:20:21.554+0000] {processor.py:925} INFO - DAG(s) 'example_complex' retrieved from /home/airflow/.local/lib/python3.12/site-packages/airflow/example_dags/example_complex.py
[2024-10-15T16:20:21.579+0000] {logging_mixin.py:190} INFO - [2024-10-15T16:20:21.579+0000] {dag.py:3239} INFO - Sync 1 DAGs
[2024-10-15T16:20:21.591+0000] {logging_mixin.py:190} INFO - [2024-10-15T16:20:21.591+0000] {dag.py:4180} INFO - Setting next_dagrun for example_complex to None, run_after=None
[2024-10-15T16:20:21.608+0000] {processor.py:208} INFO - Processing /home/airflow/.local/lib/python3.12/site-packages/airflow/example_dags/example_complex.py took 0.074 seconds
[2024-10-15T16:20:52.531+0000] {processor.py:186} INFO - Started process (PID=698) to work on /home/airflow/.local/lib/python3.12/site-packages/airflow/example_dags/example_complex.py
[2024-10-15T16:20:52.531+0000] {processor.py:914} INFO - Processing file /home/airflow/.local/lib/python3.12/site-packages/airflow/example_dags/example_complex.py for tasks to queue
[2024-10-15T16:20:52.533+0000] {logging_mixin.py:190} INFO - [2024-10-15T16:20:52.533+0000] {dagbag.py:588} INFO - Filling up the DagBag from /home/airflow/.local/lib/python3.12/site-packages/airflow/example_dags/example_complex.py
[2024-10-15T16:20:52.543+0000] {processor.py:925} INFO - DAG(s) 'example_complex' retrieved from /home/airflow/.local/lib/python3.12/site-packages/airflow/example_dags/example_complex.py
[2024-10-15T16:20:52.567+0000] {logging_mixin.py:190} INFO - [2024-10-15T16:20:52.566+0000] {dag.py:3239} INFO - Sync 1 DAGs
[2024-10-15T16:20:52.580+0000] {logging_mixin.py:190} INFO - [2024-10-15T16:20:52.580+0000] {dag.py:4180} INFO - Setting next_dagrun for example_complex to None, run_after=None
[2024-10-15T16:20:52.594+0000] {processor.py:208} INFO - Processing /home/airflow/.local/lib/python3.12/site-packages/airflow/example_dags/example_complex.py took 0.069 seconds
[2024-10-15T16:21:23.534+0000] {processor.py:186} INFO - Started process (PID=760) to work on /home/airflow/.local/lib/python3.12/site-packages/airflow/example_dags/example_complex.py
[2024-10-15T16:21:23.535+0000] {processor.py:914} INFO - Processing file /home/airflow/.local/lib/python3.12/site-packages/airflow/example_dags/example_complex.py for tasks to queue
[2024-10-15T16:21:23.537+0000] {logging_mixin.py:190} INFO - [2024-10-15T16:21:23.536+0000] {dagbag.py:588} INFO - Filling up the DagBag from /home/airflow/.local/lib/python3.12/site-packages/airflow/example_dags/example_complex.py
[2024-10-15T16:21:23.546+0000] {processor.py:925} INFO - DAG(s) 'example_complex' retrieved from /home/airflow/.local/lib/python3.12/site-packages/airflow/example_dags/example_complex.py
[2024-10-15T16:21:23.572+0000] {logging_mixin.py:190} INFO - [2024-10-15T16:21:23.571+0000] {dag.py:3239} INFO - Sync 1 DAGs
[2024-10-15T16:21:23.584+0000] {logging_mixin.py:190} INFO - [2024-10-15T16:21:23.583+0000] {dag.py:4180} INFO - Setting next_dagrun for example_complex to None, run_after=None
[2024-10-15T16:21:23.598+0000] {processor.py:208} INFO - Processing /home/airflow/.local/lib/python3.12/site-packages/airflow/example_dags/example_complex.py took 0.069 seconds
[2024-10-15T16:21:54.468+0000] {processor.py:186} INFO - Started process (PID=822) to work on /home/airflow/.local/lib/python3.12/site-packages/airflow/example_dags/example_complex.py
[2024-10-15T16:21:54.469+0000] {processor.py:914} INFO - Processing file /home/airflow/.local/lib/python3.12/site-packages/airflow/example_dags/example_complex.py for tasks to queue
[2024-10-15T16:21:54.471+0000] {logging_mixin.py:190} INFO - [2024-10-15T16:21:54.471+0000] {dagbag.py:588} INFO - Filling up the DagBag from /home/airflow/.local/lib/python3.12/site-packages/airflow/example_dags/example_complex.py
[2024-10-15T16:21:54.480+0000] {processor.py:925} INFO - DAG(s) 'example_complex' retrieved from /home/airflow/.local/lib/python3.12/site-packages/airflow/example_dags/example_complex.py
[2024-10-15T16:21:54.510+0000] {logging_mixin.py:190} INFO - [2024-10-15T16:21:54.509+0000] {dag.py:3239} INFO - Sync 1 DAGs
[2024-10-15T16:21:54.520+0000] {logging_mixin.py:190} INFO - [2024-10-15T16:21:54.520+0000] {dag.py:4180} INFO - Setting next_dagrun for example_complex to None, run_after=None
[2024-10-15T16:21:54.536+0000] {processor.py:208} INFO - Processing /home/airflow/.local/lib/python3.12/site-packages/airflow/example_dags/example_complex.py took 0.072 seconds
[2024-10-15T16:22:24.776+0000] {processor.py:186} INFO - Started process (PID=884) to work on /home/airflow/.local/lib/python3.12/site-packages/airflow/example_dags/example_complex.py
[2024-10-15T16:22:24.777+0000] {processor.py:914} INFO - Processing file /home/airflow/.local/lib/python3.12/site-packages/airflow/example_dags/example_complex.py for tasks to queue
[2024-10-15T16:22:24.779+0000] {logging_mixin.py:190} INFO - [2024-10-15T16:22:24.778+0000] {dagbag.py:588} INFO - Filling up the DagBag from /home/airflow/.local/lib/python3.12/site-packages/airflow/example_dags/example_complex.py
[2024-10-15T16:22:24.789+0000] {processor.py:925} INFO - DAG(s) 'example_complex' retrieved from /home/airflow/.local/lib/python3.12/site-packages/airflow/example_dags/example_complex.py
[2024-10-15T16:22:24.816+0000] {logging_mixin.py:190} INFO - [2024-10-15T16:22:24.816+0000] {dag.py:3239} INFO - Sync 1 DAGs
[2024-10-15T16:22:24.831+0000] {logging_mixin.py:190} INFO - [2024-10-15T16:22:24.831+0000] {dag.py:4180} INFO - Setting next_dagrun for example_complex to None, run_after=None
[2024-10-15T16:22:24.847+0000] {processor.py:208} INFO - Processing /home/airflow/.local/lib/python3.12/site-packages/airflow/example_dags/example_complex.py took 0.076 seconds
[2024-10-15T16:22:55.769+0000] {processor.py:186} INFO - Started process (PID=946) to work on /home/airflow/.local/lib/python3.12/site-packages/airflow/example_dags/example_complex.py
[2024-10-15T16:22:55.770+0000] {processor.py:914} INFO - Processing file /home/airflow/.local/lib/python3.12/site-packages/airflow/example_dags/example_complex.py for tasks to queue
[2024-10-15T16:22:55.772+0000] {logging_mixin.py:190} INFO - [2024-10-15T16:22:55.772+0000] {dagbag.py:588} INFO - Filling up the DagBag from /home/airflow/.local/lib/python3.12/site-packages/airflow/example_dags/example_complex.py
[2024-10-15T16:22:55.781+0000] {processor.py:925} INFO - DAG(s) 'example_complex' retrieved from /home/airflow/.local/lib/python3.12/site-packages/airflow/example_dags/example_complex.py
[2024-10-15T16:22:55.810+0000] {logging_mixin.py:190} INFO - [2024-10-15T16:22:55.810+0000] {dag.py:3239} INFO - Sync 1 DAGs
[2024-10-15T16:22:55.825+0000] {logging_mixin.py:190} INFO - [2024-10-15T16:22:55.825+0000] {dag.py:4180} INFO - Setting next_dagrun for example_complex to None, run_after=None
[2024-10-15T16:22:55.842+0000] {processor.py:208} INFO - Processing /home/airflow/.local/lib/python3.12/site-packages/airflow/example_dags/example_complex.py took 0.077 seconds
[2024-10-15T16:23:26.686+0000] {processor.py:186} INFO - Started process (PID=1008) to work on /home/airflow/.local/lib/python3.12/site-packages/airflow/example_dags/example_complex.py
[2024-10-15T16:23:26.687+0000] {processor.py:914} INFO - Processing file /home/airflow/.local/lib/python3.12/site-packages/airflow/example_dags/example_complex.py for tasks to queue
[2024-10-15T16:23:26.689+0000] {logging_mixin.py:190} INFO - [2024-10-15T16:23:26.689+0000] {dagbag.py:588} INFO - Filling up the DagBag from /home/airflow/.local/lib/python3.12/site-packages/airflow/example_dags/example_complex.py
[2024-10-15T16:23:26.699+0000] {processor.py:925} INFO - DAG(s) 'example_complex' retrieved from /home/airflow/.local/lib/python3.12/site-packages/airflow/example_dags/example_complex.py
[2024-10-15T16:23:26.724+0000] {logging_mixin.py:190} INFO - [2024-10-15T16:23:26.724+0000] {dag.py:3239} INFO - Sync 1 DAGs
[2024-10-15T16:23:26.736+0000] {logging_mixin.py:190} INFO - [2024-10-15T16:23:26.735+0000] {dag.py:4180} INFO - Setting next_dagrun for example_complex to None, run_after=None
[2024-10-15T16:23:26.757+0000] {processor.py:208} INFO - Processing /home/airflow/.local/lib/python3.12/site-packages/airflow/example_dags/example_complex.py took 0.075 seconds
[2024-10-15T16:23:56.991+0000] {processor.py:186} INFO - Started process (PID=1070) to work on /home/airflow/.local/lib/python3.12/site-packages/airflow/example_dags/example_complex.py
[2024-10-15T16:23:56.992+0000] {processor.py:914} INFO - Processing file /home/airflow/.local/lib/python3.12/site-packages/airflow/example_dags/example_complex.py for tasks to queue
[2024-10-15T16:23:56.993+0000] {logging_mixin.py:190} INFO - [2024-10-15T16:23:56.993+0000] {dagbag.py:588} INFO - Filling up the DagBag from /home/airflow/.local/lib/python3.12/site-packages/airflow/example_dags/example_complex.py
[2024-10-15T16:23:57.003+0000] {processor.py:925} INFO - DAG(s) 'example_complex' retrieved from /home/airflow/.local/lib/python3.12/site-packages/airflow/example_dags/example_complex.py
[2024-10-15T16:23:57.027+0000] {logging_mixin.py:190} INFO - [2024-10-15T16:23:57.027+0000] {dag.py:3239} INFO - Sync 1 DAGs
[2024-10-15T16:23:57.038+0000] {logging_mixin.py:190} INFO - [2024-10-15T16:23:57.038+0000] {dag.py:4180} INFO - Setting next_dagrun for example_complex to None, run_after=None
[2024-10-15T16:23:57.055+0000] {processor.py:208} INFO - Processing /home/airflow/.local/lib/python3.12/site-packages/airflow/example_dags/example_complex.py took 0.068 seconds
[2024-10-15T16:24:27.278+0000] {processor.py:186} INFO - Started process (PID=1132) to work on /home/airflow/.local/lib/python3.12/site-packages/airflow/example_dags/example_complex.py
[2024-10-15T16:24:27.279+0000] {processor.py:914} INFO - Processing file /home/airflow/.local/lib/python3.12/site-packages/airflow/example_dags/example_complex.py for tasks to queue
[2024-10-15T16:24:27.280+0000] {logging_mixin.py:190} INFO - [2024-10-15T16:24:27.280+0000] {dagbag.py:588} INFO - Filling up the DagBag from /home/airflow/.local/lib/python3.12/site-packages/airflow/example_dags/example_complex.py
[2024-10-15T16:24:27.288+0000] {processor.py:925} INFO - DAG(s) 'example_complex' retrieved from /home/airflow/.local/lib/python3.12/site-packages/airflow/example_dags/example_complex.py
[2024-10-15T16:24:27.310+0000] {logging_mixin.py:190} INFO - [2024-10-15T16:24:27.310+0000] {dag.py:3239} INFO - Sync 1 DAGs
[2024-10-15T16:24:27.320+0000] {logging_mixin.py:190} INFO - [2024-10-15T16:24:27.320+0000] {dag.py:4180} INFO - Setting next_dagrun for example_complex to None, run_after=None
[2024-10-15T16:24:27.332+0000] {processor.py:208} INFO - Processing /home/airflow/.local/lib/python3.12/site-packages/airflow/example_dags/example_complex.py took 0.058 seconds
[2024-10-15T16:24:58.050+0000] {processor.py:186} INFO - Started process (PID=1194) to work on /home/airflow/.local/lib/python3.12/site-packages/airflow/example_dags/example_complex.py
[2024-10-15T16:24:58.050+0000] {processor.py:914} INFO - Processing file /home/airflow/.local/lib/python3.12/site-packages/airflow/example_dags/example_complex.py for tasks to queue
[2024-10-15T16:24:58.052+0000] {logging_mixin.py:190} INFO - [2024-10-15T16:24:58.052+0000] {dagbag.py:588} INFO - Filling up the DagBag from /home/airflow/.local/lib/python3.12/site-packages/airflow/example_dags/example_complex.py
[2024-10-15T16:24:58.061+0000] {processor.py:925} INFO - DAG(s) 'example_complex' retrieved from /home/airflow/.local/lib/python3.12/site-packages/airflow/example_dags/example_complex.py
[2024-10-15T16:24:58.083+0000] {logging_mixin.py:190} INFO - [2024-10-15T16:24:58.082+0000] {dag.py:3239} INFO - Sync 1 DAGs
[2024-10-15T16:24:58.093+0000] {logging_mixin.py:190} INFO - [2024-10-15T16:24:58.093+0000] {dag.py:4180} INFO - Setting next_dagrun for example_complex to None, run_after=None
[2024-10-15T16:24:58.107+0000] {processor.py:208} INFO - Processing /home/airflow/.local/lib/python3.12/site-packages/airflow/example_dags/example_complex.py took 0.061 seconds
[2024-10-15T16:25:28.757+0000] {processor.py:186} INFO - Started process (PID=1256) to work on /home/airflow/.local/lib/python3.12/site-packages/airflow/example_dags/example_complex.py
[2024-10-15T16:25:28.758+0000] {processor.py:914} INFO - Processing file /home/airflow/.local/lib/python3.12/site-packages/airflow/example_dags/example_complex.py for tasks to queue
[2024-10-15T16:25:28.759+0000] {logging_mixin.py:190} INFO - [2024-10-15T16:25:28.759+0000] {dagbag.py:588} INFO - Filling up the DagBag from /home/airflow/.local/lib/python3.12/site-packages/airflow/example_dags/example_complex.py
[2024-10-15T16:25:28.768+0000] {processor.py:925} INFO - DAG(s) 'example_complex' retrieved from /home/airflow/.local/lib/python3.12/site-packages/airflow/example_dags/example_complex.py
[2024-10-15T16:25:28.789+0000] {logging_mixin.py:190} INFO - [2024-10-15T16:25:28.789+0000] {dag.py:3239} INFO - Sync 1 DAGs
[2024-10-15T16:25:28.801+0000] {logging_mixin.py:190} INFO - [2024-10-15T16:25:28.801+0000] {dag.py:4180} INFO - Setting next_dagrun for example_complex to None, run_after=None
[2024-10-15T16:25:28.814+0000] {processor.py:208} INFO - Processing /home/airflow/.local/lib/python3.12/site-packages/airflow/example_dags/example_complex.py took 0.061 seconds
[2024-10-15T16:25:59.556+0000] {processor.py:186} INFO - Started process (PID=1318) to work on /home/airflow/.local/lib/python3.12/site-packages/airflow/example_dags/example_complex.py
[2024-10-15T16:25:59.556+0000] {processor.py:914} INFO - Processing file /home/airflow/.local/lib/python3.12/site-packages/airflow/example_dags/example_complex.py for tasks to queue
[2024-10-15T16:25:59.558+0000] {logging_mixin.py:190} INFO - [2024-10-15T16:25:59.557+0000] {dagbag.py:588} INFO - Filling up the DagBag from /home/airflow/.local/lib/python3.12/site-packages/airflow/example_dags/example_complex.py
[2024-10-15T16:25:59.566+0000] {processor.py:925} INFO - DAG(s) 'example_complex' retrieved from /home/airflow/.local/lib/python3.12/site-packages/airflow/example_dags/example_complex.py
[2024-10-15T16:25:59.588+0000] {logging_mixin.py:190} INFO - [2024-10-15T16:25:59.588+0000] {dag.py:3239} INFO - Sync 1 DAGs
[2024-10-15T16:25:59.599+0000] {logging_mixin.py:190} INFO - [2024-10-15T16:25:59.599+0000] {dag.py:4180} INFO - Setting next_dagrun for example_complex to None, run_after=None
[2024-10-15T16:25:59.612+0000] {processor.py:208} INFO - Processing /home/airflow/.local/lib/python3.12/site-packages/airflow/example_dags/example_complex.py took 0.060 seconds
[2024-10-15T16:26:30.251+0000] {processor.py:186} INFO - Started process (PID=1380) to work on /home/airflow/.local/lib/python3.12/site-packages/airflow/example_dags/example_complex.py
[2024-10-15T16:26:30.252+0000] {processor.py:914} INFO - Processing file /home/airflow/.local/lib/python3.12/site-packages/airflow/example_dags/example_complex.py for tasks to queue
[2024-10-15T16:26:30.254+0000] {logging_mixin.py:190} INFO - [2024-10-15T16:26:30.253+0000] {dagbag.py:588} INFO - Filling up the DagBag from /home/airflow/.local/lib/python3.12/site-packages/airflow/example_dags/example_complex.py
[2024-10-15T16:26:30.262+0000] {processor.py:925} INFO - DAG(s) 'example_complex' retrieved from /home/airflow/.local/lib/python3.12/site-packages/airflow/example_dags/example_complex.py
[2024-10-15T16:26:30.285+0000] {logging_mixin.py:190} INFO - [2024-10-15T16:26:30.285+0000] {dag.py:3239} INFO - Sync 1 DAGs
[2024-10-15T16:26:30.296+0000] {logging_mixin.py:190} INFO - [2024-10-15T16:26:30.296+0000] {dag.py:4180} INFO - Setting next_dagrun for example_complex to None, run_after=None
[2024-10-15T16:26:30.311+0000] {processor.py:208} INFO - Processing /home/airflow/.local/lib/python3.12/site-packages/airflow/example_dags/example_complex.py took 0.064 seconds
[2024-10-15T16:27:01.167+0000] {processor.py:186} INFO - Started process (PID=1442) to work on /home/airflow/.local/lib/python3.12/site-packages/airflow/example_dags/example_complex.py
[2024-10-15T16:27:01.168+0000] {processor.py:914} INFO - Processing file /home/airflow/.local/lib/python3.12/site-packages/airflow/example_dags/example_complex.py for tasks to queue
[2024-10-15T16:27:01.170+0000] {logging_mixin.py:190} INFO - [2024-10-15T16:27:01.170+0000] {dagbag.py:588} INFO - Filling up the DagBag from /home/airflow/.local/lib/python3.12/site-packages/airflow/example_dags/example_complex.py
[2024-10-15T16:27:01.178+0000] {processor.py:925} INFO - DAG(s) 'example_complex' retrieved from /home/airflow/.local/lib/python3.12/site-packages/airflow/example_dags/example_complex.py
[2024-10-15T16:27:01.204+0000] {logging_mixin.py:190} INFO - [2024-10-15T16:27:01.203+0000] {dag.py:3239} INFO - Sync 1 DAGs
[2024-10-15T16:27:01.215+0000] {logging_mixin.py:190} INFO - [2024-10-15T16:27:01.215+0000] {dag.py:4180} INFO - Setting next_dagrun for example_complex to None, run_after=None
[2024-10-15T16:27:01.234+0000] {processor.py:208} INFO - Processing /home/airflow/.local/lib/python3.12/site-packages/airflow/example_dags/example_complex.py took 0.072 seconds
[2024-10-15T16:27:31.581+0000] {processor.py:186} INFO - Started process (PID=1504) to work on /home/airflow/.local/lib/python3.12/site-packages/airflow/example_dags/example_complex.py
[2024-10-15T16:27:31.582+0000] {processor.py:914} INFO - Processing file /home/airflow/.local/lib/python3.12/site-packages/airflow/example_dags/example_complex.py for tasks to queue
[2024-10-15T16:27:31.584+0000] {logging_mixin.py:190} INFO - [2024-10-15T16:27:31.584+0000] {dagbag.py:588} INFO - Filling up the DagBag from /home/airflow/.local/lib/python3.12/site-packages/airflow/example_dags/example_complex.py
[2024-10-15T16:27:31.592+0000] {processor.py:925} INFO - DAG(s) 'example_complex' retrieved from /home/airflow/.local/lib/python3.12/site-packages/airflow/example_dags/example_complex.py
[2024-10-15T16:27:31.615+0000] {logging_mixin.py:190} INFO - [2024-10-15T16:27:31.615+0000] {dag.py:3239} INFO - Sync 1 DAGs
[2024-10-15T16:27:31.627+0000] {logging_mixin.py:190} INFO - [2024-10-15T16:27:31.626+0000] {dag.py:4180} INFO - Setting next_dagrun for example_complex to None, run_after=None
[2024-10-15T16:27:31.643+0000] {processor.py:208} INFO - Processing /home/airflow/.local/lib/python3.12/site-packages/airflow/example_dags/example_complex.py took 0.066 seconds
[2024-10-15T16:28:01.801+0000] {processor.py:186} INFO - Started process (PID=1566) to work on /home/airflow/.local/lib/python3.12/site-packages/airflow/example_dags/example_complex.py
[2024-10-15T16:28:01.802+0000] {processor.py:914} INFO - Processing file /home/airflow/.local/lib/python3.12/site-packages/airflow/example_dags/example_complex.py for tasks to queue
[2024-10-15T16:28:01.804+0000] {logging_mixin.py:190} INFO - [2024-10-15T16:28:01.803+0000] {dagbag.py:588} INFO - Filling up the DagBag from /home/airflow/.local/lib/python3.12/site-packages/airflow/example_dags/example_complex.py
[2024-10-15T16:28:01.812+0000] {processor.py:925} INFO - DAG(s) 'example_complex' retrieved from /home/airflow/.local/lib/python3.12/site-packages/airflow/example_dags/example_complex.py
[2024-10-15T16:28:01.833+0000] {logging_mixin.py:190} INFO - [2024-10-15T16:28:01.833+0000] {dag.py:3239} INFO - Sync 1 DAGs
[2024-10-15T16:28:01.844+0000] {logging_mixin.py:190} INFO - [2024-10-15T16:28:01.844+0000] {dag.py:4180} INFO - Setting next_dagrun for example_complex to None, run_after=None
[2024-10-15T16:28:01.859+0000] {processor.py:208} INFO - Processing /home/airflow/.local/lib/python3.12/site-packages/airflow/example_dags/example_complex.py took 0.061 seconds
[2024-10-15T16:28:32.437+0000] {processor.py:186} INFO - Started process (PID=1628) to work on /home/airflow/.local/lib/python3.12/site-packages/airflow/example_dags/example_complex.py
[2024-10-15T16:28:32.438+0000] {processor.py:914} INFO - Processing file /home/airflow/.local/lib/python3.12/site-packages/airflow/example_dags/example_complex.py for tasks to queue
[2024-10-15T16:28:32.440+0000] {logging_mixin.py:190} INFO - [2024-10-15T16:28:32.440+0000] {dagbag.py:588} INFO - Filling up the DagBag from /home/airflow/.local/lib/python3.12/site-packages/airflow/example_dags/example_complex.py
[2024-10-15T16:28:32.448+0000] {processor.py:925} INFO - DAG(s) 'example_complex' retrieved from /home/airflow/.local/lib/python3.12/site-packages/airflow/example_dags/example_complex.py
[2024-10-15T16:28:32.471+0000] {logging_mixin.py:190} INFO - [2024-10-15T16:28:32.470+0000] {dag.py:3239} INFO - Sync 1 DAGs
[2024-10-15T16:28:32.484+0000] {logging_mixin.py:190} INFO - [2024-10-15T16:28:32.483+0000] {dag.py:4180} INFO - Setting next_dagrun for example_complex to None, run_after=None
[2024-10-15T16:28:32.499+0000] {processor.py:208} INFO - Processing /home/airflow/.local/lib/python3.12/site-packages/airflow/example_dags/example_complex.py took 0.066 seconds
[2024-10-15T16:29:03.375+0000] {processor.py:186} INFO - Started process (PID=1690) to work on /home/airflow/.local/lib/python3.12/site-packages/airflow/example_dags/example_complex.py
[2024-10-15T16:29:03.375+0000] {processor.py:914} INFO - Processing file /home/airflow/.local/lib/python3.12/site-packages/airflow/example_dags/example_complex.py for tasks to queue
[2024-10-15T16:29:03.377+0000] {logging_mixin.py:190} INFO - [2024-10-15T16:29:03.377+0000] {dagbag.py:588} INFO - Filling up the DagBag from /home/airflow/.local/lib/python3.12/site-packages/airflow/example_dags/example_complex.py
[2024-10-15T16:29:03.385+0000] {processor.py:925} INFO - DAG(s) 'example_complex' retrieved from /home/airflow/.local/lib/python3.12/site-packages/airflow/example_dags/example_complex.py
[2024-10-15T16:29:03.408+0000] {logging_mixin.py:190} INFO - [2024-10-15T16:29:03.407+0000] {dag.py:3239} INFO - Sync 1 DAGs
[2024-10-15T16:29:03.420+0000] {logging_mixin.py:190} INFO - [2024-10-15T16:29:03.420+0000] {dag.py:4180} INFO - Setting next_dagrun for example_complex to None, run_after=None
[2024-10-15T16:29:03.436+0000] {processor.py:208} INFO - Processing /home/airflow/.local/lib/python3.12/site-packages/airflow/example_dags/example_complex.py took 0.065 seconds
[2024-10-15T16:29:33.494+0000] {processor.py:186} INFO - Started process (PID=1751) to work on /home/airflow/.local/lib/python3.12/site-packages/airflow/example_dags/example_complex.py
[2024-10-15T16:29:33.495+0000] {processor.py:914} INFO - Processing file /home/airflow/.local/lib/python3.12/site-packages/airflow/example_dags/example_complex.py for tasks to queue
[2024-10-15T16:29:33.497+0000] {logging_mixin.py:190} INFO - [2024-10-15T16:29:33.496+0000] {dagbag.py:588} INFO - Filling up the DagBag from /home/airflow/.local/lib/python3.12/site-packages/airflow/example_dags/example_complex.py
[2024-10-15T16:29:33.505+0000] {processor.py:925} INFO - DAG(s) 'example_complex' retrieved from /home/airflow/.local/lib/python3.12/site-packages/airflow/example_dags/example_complex.py
[2024-10-15T16:29:33.525+0000] {logging_mixin.py:190} INFO - [2024-10-15T16:29:33.525+0000] {dag.py:3239} INFO - Sync 1 DAGs
[2024-10-15T16:29:33.535+0000] {logging_mixin.py:190} INFO - [2024-10-15T16:29:33.535+0000] {dag.py:4180} INFO - Setting next_dagrun for example_complex to None, run_after=None
[2024-10-15T16:29:33.551+0000] {processor.py:208} INFO - Processing /home/airflow/.local/lib/python3.12/site-packages/airflow/example_dags/example_complex.py took 0.061 seconds
