[2024-10-15T16:15:46.401+0000] {processor.py:186} INFO - Started process (PID=100) to work on /home/airflow/.local/lib/python3.12/site-packages/airflow/example_dags/example_branch_python_dop_operator_3.py
[2024-10-15T16:15:46.401+0000] {processor.py:914} INFO - Processing file /home/airflow/.local/lib/python3.12/site-packages/airflow/example_dags/example_branch_python_dop_operator_3.py for tasks to queue
[2024-10-15T16:15:46.403+0000] {logging_mixin.py:190} INFO - [2024-10-15T16:15:46.403+0000] {dagbag.py:588} INFO - Filling up the DagBag from /home/airflow/.local/lib/python3.12/site-packages/airflow/example_dags/example_branch_python_dop_operator_3.py
[2024-10-15T16:15:46.410+0000] {processor.py:925} INFO - DAG(s) 'example_branch_dop_operator_v3' retrieved from /home/airflow/.local/lib/python3.12/site-packages/airflow/example_dags/example_branch_python_dop_operator_3.py
[2024-10-15T16:15:46.484+0000] {logging_mixin.py:190} INFO - [2024-10-15T16:15:46.483+0000] {override.py:1900} INFO - Created Permission View: can read on DAG:example_branch_dop_operator_v3
[2024-10-15T16:15:46.492+0000] {logging_mixin.py:190} INFO - [2024-10-15T16:15:46.492+0000] {override.py:1900} INFO - Created Permission View: can delete on DAG:example_branch_dop_operator_v3
[2024-10-15T16:15:46.497+0000] {logging_mixin.py:190} INFO - [2024-10-15T16:15:46.497+0000] {override.py:1900} INFO - Created Permission View: can edit on DAG:example_branch_dop_operator_v3
[2024-10-15T16:15:46.504+0000] {logging_mixin.py:190} INFO - [2024-10-15T16:15:46.503+0000] {override.py:1900} INFO - Created Permission View: can read on DAG Run:example_branch_dop_operator_v3
[2024-10-15T16:15:46.510+0000] {logging_mixin.py:190} INFO - [2024-10-15T16:15:46.510+0000] {override.py:1900} INFO - Created Permission View: can create on DAG Run:example_branch_dop_operator_v3
[2024-10-15T16:15:46.514+0000] {logging_mixin.py:190} INFO - [2024-10-15T16:15:46.514+0000] {override.py:1900} INFO - Created Permission View: menu access on DAG Run:example_branch_dop_operator_v3
[2024-10-15T16:15:46.519+0000] {logging_mixin.py:190} INFO - [2024-10-15T16:15:46.519+0000] {override.py:1900} INFO - Created Permission View: can delete on DAG Run:example_branch_dop_operator_v3
[2024-10-15T16:15:46.519+0000] {logging_mixin.py:190} INFO - [2024-10-15T16:15:46.519+0000] {dag.py:3239} INFO - Sync 1 DAGs
[2024-10-15T16:15:46.527+0000] {logging_mixin.py:190} INFO - [2024-10-15T16:15:46.527+0000] {dag.py:3262} INFO - Creating ORM DAG for example_branch_dop_operator_v3
[2024-10-15T16:15:46.537+0000] {logging_mixin.py:190} INFO - [2024-10-15T16:15:46.536+0000] {dag.py:4180} INFO - Setting next_dagrun for example_branch_dop_operator_v3 to 2024-10-15 16:14:00+00:00, run_after=2024-10-15 16:15:00+00:00
[2024-10-15T16:15:46.548+0000] {processor.py:208} INFO - Processing /home/airflow/.local/lib/python3.12/site-packages/airflow/example_dags/example_branch_python_dop_operator_3.py took 0.152 seconds
[2024-10-15T16:16:17.102+0000] {processor.py:186} INFO - Started process (PID=162) to work on /home/airflow/.local/lib/python3.12/site-packages/airflow/example_dags/example_branch_python_dop_operator_3.py
[2024-10-15T16:16:17.103+0000] {processor.py:914} INFO - Processing file /home/airflow/.local/lib/python3.12/site-packages/airflow/example_dags/example_branch_python_dop_operator_3.py for tasks to queue
[2024-10-15T16:16:17.104+0000] {logging_mixin.py:190} INFO - [2024-10-15T16:16:17.104+0000] {dagbag.py:588} INFO - Filling up the DagBag from /home/airflow/.local/lib/python3.12/site-packages/airflow/example_dags/example_branch_python_dop_operator_3.py
[2024-10-15T16:16:17.111+0000] {processor.py:925} INFO - DAG(s) 'example_branch_dop_operator_v3' retrieved from /home/airflow/.local/lib/python3.12/site-packages/airflow/example_dags/example_branch_python_dop_operator_3.py
[2024-10-15T16:16:17.125+0000] {logging_mixin.py:190} INFO - [2024-10-15T16:16:17.124+0000] {dag.py:3239} INFO - Sync 1 DAGs
[2024-10-15T16:16:17.144+0000] {logging_mixin.py:190} INFO - [2024-10-15T16:16:17.144+0000] {dag.py:4180} INFO - Setting next_dagrun for example_branch_dop_operator_v3 to 2024-10-15 16:15:00+00:00, run_after=2024-10-15 16:16:00+00:00
[2024-10-15T16:16:17.164+0000] {processor.py:208} INFO - Processing /home/airflow/.local/lib/python3.12/site-packages/airflow/example_dags/example_branch_python_dop_operator_3.py took 0.067 seconds
[2024-10-15T16:16:47.781+0000] {processor.py:186} INFO - Started process (PID=224) to work on /home/airflow/.local/lib/python3.12/site-packages/airflow/example_dags/example_branch_python_dop_operator_3.py
[2024-10-15T16:16:47.783+0000] {processor.py:914} INFO - Processing file /home/airflow/.local/lib/python3.12/site-packages/airflow/example_dags/example_branch_python_dop_operator_3.py for tasks to queue
[2024-10-15T16:16:47.785+0000] {logging_mixin.py:190} INFO - [2024-10-15T16:16:47.785+0000] {dagbag.py:588} INFO - Filling up the DagBag from /home/airflow/.local/lib/python3.12/site-packages/airflow/example_dags/example_branch_python_dop_operator_3.py
[2024-10-15T16:16:47.793+0000] {processor.py:925} INFO - DAG(s) 'example_branch_dop_operator_v3' retrieved from /home/airflow/.local/lib/python3.12/site-packages/airflow/example_dags/example_branch_python_dop_operator_3.py
[2024-10-15T16:16:47.806+0000] {logging_mixin.py:190} INFO - [2024-10-15T16:16:47.806+0000] {dag.py:3239} INFO - Sync 1 DAGs
[2024-10-15T16:16:47.823+0000] {logging_mixin.py:190} INFO - [2024-10-15T16:16:47.823+0000] {dag.py:4180} INFO - Setting next_dagrun for example_branch_dop_operator_v3 to 2024-10-15 16:15:00+00:00, run_after=2024-10-15 16:16:00+00:00
[2024-10-15T16:16:47.841+0000] {processor.py:208} INFO - Processing /home/airflow/.local/lib/python3.12/site-packages/airflow/example_dags/example_branch_python_dop_operator_3.py took 0.064 seconds
[2024-10-15T16:17:18.649+0000] {processor.py:186} INFO - Started process (PID=286) to work on /home/airflow/.local/lib/python3.12/site-packages/airflow/example_dags/example_branch_python_dop_operator_3.py
[2024-10-15T16:17:18.649+0000] {processor.py:914} INFO - Processing file /home/airflow/.local/lib/python3.12/site-packages/airflow/example_dags/example_branch_python_dop_operator_3.py for tasks to queue
[2024-10-15T16:17:18.651+0000] {logging_mixin.py:190} INFO - [2024-10-15T16:17:18.651+0000] {dagbag.py:588} INFO - Filling up the DagBag from /home/airflow/.local/lib/python3.12/site-packages/airflow/example_dags/example_branch_python_dop_operator_3.py
[2024-10-15T16:17:18.659+0000] {processor.py:925} INFO - DAG(s) 'example_branch_dop_operator_v3' retrieved from /home/airflow/.local/lib/python3.12/site-packages/airflow/example_dags/example_branch_python_dop_operator_3.py
[2024-10-15T16:17:18.675+0000] {logging_mixin.py:190} INFO - [2024-10-15T16:17:18.675+0000] {dag.py:3239} INFO - Sync 1 DAGs
[2024-10-15T16:17:18.698+0000] {logging_mixin.py:190} INFO - [2024-10-15T16:17:18.698+0000] {dag.py:4180} INFO - Setting next_dagrun for example_branch_dop_operator_v3 to 2024-10-15 16:16:00+00:00, run_after=2024-10-15 16:17:00+00:00
[2024-10-15T16:17:18.725+0000] {processor.py:208} INFO - Processing /home/airflow/.local/lib/python3.12/site-packages/airflow/example_dags/example_branch_python_dop_operator_3.py took 0.081 seconds
[2024-10-15T16:17:49.474+0000] {processor.py:186} INFO - Started process (PID=348) to work on /home/airflow/.local/lib/python3.12/site-packages/airflow/example_dags/example_branch_python_dop_operator_3.py
[2024-10-15T16:17:49.475+0000] {processor.py:914} INFO - Processing file /home/airflow/.local/lib/python3.12/site-packages/airflow/example_dags/example_branch_python_dop_operator_3.py for tasks to queue
[2024-10-15T16:17:49.476+0000] {logging_mixin.py:190} INFO - [2024-10-15T16:17:49.476+0000] {dagbag.py:588} INFO - Filling up the DagBag from /home/airflow/.local/lib/python3.12/site-packages/airflow/example_dags/example_branch_python_dop_operator_3.py
[2024-10-15T16:17:49.483+0000] {processor.py:925} INFO - DAG(s) 'example_branch_dop_operator_v3' retrieved from /home/airflow/.local/lib/python3.12/site-packages/airflow/example_dags/example_branch_python_dop_operator_3.py
[2024-10-15T16:17:49.497+0000] {logging_mixin.py:190} INFO - [2024-10-15T16:17:49.497+0000] {dag.py:3239} INFO - Sync 1 DAGs
[2024-10-15T16:17:49.515+0000] {logging_mixin.py:190} INFO - [2024-10-15T16:17:49.515+0000] {dag.py:4180} INFO - Setting next_dagrun for example_branch_dop_operator_v3 to 2024-10-15 16:16:00+00:00, run_after=2024-10-15 16:17:00+00:00
[2024-10-15T16:17:49.535+0000] {processor.py:208} INFO - Processing /home/airflow/.local/lib/python3.12/site-packages/airflow/example_dags/example_branch_python_dop_operator_3.py took 0.064 seconds
[2024-10-15T16:18:20.397+0000] {processor.py:186} INFO - Started process (PID=410) to work on /home/airflow/.local/lib/python3.12/site-packages/airflow/example_dags/example_branch_python_dop_operator_3.py
[2024-10-15T16:18:20.398+0000] {processor.py:914} INFO - Processing file /home/airflow/.local/lib/python3.12/site-packages/airflow/example_dags/example_branch_python_dop_operator_3.py for tasks to queue
[2024-10-15T16:18:20.399+0000] {logging_mixin.py:190} INFO - [2024-10-15T16:18:20.399+0000] {dagbag.py:588} INFO - Filling up the DagBag from /home/airflow/.local/lib/python3.12/site-packages/airflow/example_dags/example_branch_python_dop_operator_3.py
[2024-10-15T16:18:20.411+0000] {processor.py:925} INFO - DAG(s) 'example_branch_dop_operator_v3' retrieved from /home/airflow/.local/lib/python3.12/site-packages/airflow/example_dags/example_branch_python_dop_operator_3.py
[2024-10-15T16:18:20.432+0000] {logging_mixin.py:190} INFO - [2024-10-15T16:18:20.431+0000] {dag.py:3239} INFO - Sync 1 DAGs
[2024-10-15T16:18:20.454+0000] {logging_mixin.py:190} INFO - [2024-10-15T16:18:20.454+0000] {dag.py:4180} INFO - Setting next_dagrun for example_branch_dop_operator_v3 to 2024-10-15 16:17:00+00:00, run_after=2024-10-15 16:18:00+00:00
[2024-10-15T16:18:20.473+0000] {processor.py:208} INFO - Processing /home/airflow/.local/lib/python3.12/site-packages/airflow/example_dags/example_branch_python_dop_operator_3.py took 0.080 seconds
[2024-10-15T16:18:50.672+0000] {processor.py:186} INFO - Started process (PID=472) to work on /home/airflow/.local/lib/python3.12/site-packages/airflow/example_dags/example_branch_python_dop_operator_3.py
[2024-10-15T16:18:50.673+0000] {processor.py:914} INFO - Processing file /home/airflow/.local/lib/python3.12/site-packages/airflow/example_dags/example_branch_python_dop_operator_3.py for tasks to queue
[2024-10-15T16:18:50.675+0000] {logging_mixin.py:190} INFO - [2024-10-15T16:18:50.674+0000] {dagbag.py:588} INFO - Filling up the DagBag from /home/airflow/.local/lib/python3.12/site-packages/airflow/example_dags/example_branch_python_dop_operator_3.py
[2024-10-15T16:18:50.683+0000] {processor.py:925} INFO - DAG(s) 'example_branch_dop_operator_v3' retrieved from /home/airflow/.local/lib/python3.12/site-packages/airflow/example_dags/example_branch_python_dop_operator_3.py
[2024-10-15T16:18:50.696+0000] {logging_mixin.py:190} INFO - [2024-10-15T16:18:50.696+0000] {dag.py:3239} INFO - Sync 1 DAGs
[2024-10-15T16:18:50.716+0000] {logging_mixin.py:190} INFO - [2024-10-15T16:18:50.716+0000] {dag.py:4180} INFO - Setting next_dagrun for example_branch_dop_operator_v3 to 2024-10-15 16:17:00+00:00, run_after=2024-10-15 16:18:00+00:00
[2024-10-15T16:18:50.730+0000] {processor.py:208} INFO - Processing /home/airflow/.local/lib/python3.12/site-packages/airflow/example_dags/example_branch_python_dop_operator_3.py took 0.063 seconds
[2024-10-15T16:19:21.664+0000] {processor.py:186} INFO - Started process (PID=534) to work on /home/airflow/.local/lib/python3.12/site-packages/airflow/example_dags/example_branch_python_dop_operator_3.py
[2024-10-15T16:19:21.665+0000] {processor.py:914} INFO - Processing file /home/airflow/.local/lib/python3.12/site-packages/airflow/example_dags/example_branch_python_dop_operator_3.py for tasks to queue
[2024-10-15T16:19:21.667+0000] {logging_mixin.py:190} INFO - [2024-10-15T16:19:21.667+0000] {dagbag.py:588} INFO - Filling up the DagBag from /home/airflow/.local/lib/python3.12/site-packages/airflow/example_dags/example_branch_python_dop_operator_3.py
[2024-10-15T16:19:21.674+0000] {processor.py:925} INFO - DAG(s) 'example_branch_dop_operator_v3' retrieved from /home/airflow/.local/lib/python3.12/site-packages/airflow/example_dags/example_branch_python_dop_operator_3.py
[2024-10-15T16:19:21.689+0000] {logging_mixin.py:190} INFO - [2024-10-15T16:19:21.689+0000] {dag.py:3239} INFO - Sync 1 DAGs
[2024-10-15T16:19:21.707+0000] {logging_mixin.py:190} INFO - [2024-10-15T16:19:21.707+0000] {dag.py:4180} INFO - Setting next_dagrun for example_branch_dop_operator_v3 to 2024-10-15 16:18:00+00:00, run_after=2024-10-15 16:19:00+00:00
[2024-10-15T16:19:21.721+0000] {processor.py:208} INFO - Processing /home/airflow/.local/lib/python3.12/site-packages/airflow/example_dags/example_branch_python_dop_operator_3.py took 0.062 seconds
[2024-10-15T16:19:52.630+0000] {processor.py:186} INFO - Started process (PID=596) to work on /home/airflow/.local/lib/python3.12/site-packages/airflow/example_dags/example_branch_python_dop_operator_3.py
[2024-10-15T16:19:52.631+0000] {processor.py:914} INFO - Processing file /home/airflow/.local/lib/python3.12/site-packages/airflow/example_dags/example_branch_python_dop_operator_3.py for tasks to queue
[2024-10-15T16:19:52.633+0000] {logging_mixin.py:190} INFO - [2024-10-15T16:19:52.633+0000] {dagbag.py:588} INFO - Filling up the DagBag from /home/airflow/.local/lib/python3.12/site-packages/airflow/example_dags/example_branch_python_dop_operator_3.py
[2024-10-15T16:19:52.641+0000] {processor.py:925} INFO - DAG(s) 'example_branch_dop_operator_v3' retrieved from /home/airflow/.local/lib/python3.12/site-packages/airflow/example_dags/example_branch_python_dop_operator_3.py
[2024-10-15T16:19:52.657+0000] {logging_mixin.py:190} INFO - [2024-10-15T16:19:52.657+0000] {dag.py:3239} INFO - Sync 1 DAGs
[2024-10-15T16:19:52.678+0000] {logging_mixin.py:190} INFO - [2024-10-15T16:19:52.678+0000] {dag.py:4180} INFO - Setting next_dagrun for example_branch_dop_operator_v3 to 2024-10-15 16:18:00+00:00, run_after=2024-10-15 16:19:00+00:00
[2024-10-15T16:19:52.700+0000] {processor.py:208} INFO - Processing /home/airflow/.local/lib/python3.12/site-packages/airflow/example_dags/example_branch_python_dop_operator_3.py took 0.074 seconds
[2024-10-15T16:20:23.650+0000] {processor.py:186} INFO - Started process (PID=658) to work on /home/airflow/.local/lib/python3.12/site-packages/airflow/example_dags/example_branch_python_dop_operator_3.py
[2024-10-15T16:20:23.651+0000] {processor.py:914} INFO - Processing file /home/airflow/.local/lib/python3.12/site-packages/airflow/example_dags/example_branch_python_dop_operator_3.py for tasks to queue
[2024-10-15T16:20:23.653+0000] {logging_mixin.py:190} INFO - [2024-10-15T16:20:23.652+0000] {dagbag.py:588} INFO - Filling up the DagBag from /home/airflow/.local/lib/python3.12/site-packages/airflow/example_dags/example_branch_python_dop_operator_3.py
[2024-10-15T16:20:23.659+0000] {processor.py:925} INFO - DAG(s) 'example_branch_dop_operator_v3' retrieved from /home/airflow/.local/lib/python3.12/site-packages/airflow/example_dags/example_branch_python_dop_operator_3.py
[2024-10-15T16:20:23.673+0000] {logging_mixin.py:190} INFO - [2024-10-15T16:20:23.673+0000] {dag.py:3239} INFO - Sync 1 DAGs
[2024-10-15T16:20:23.690+0000] {logging_mixin.py:190} INFO - [2024-10-15T16:20:23.690+0000] {dag.py:4180} INFO - Setting next_dagrun for example_branch_dop_operator_v3 to 2024-10-15 16:19:00+00:00, run_after=2024-10-15 16:20:00+00:00
[2024-10-15T16:20:23.704+0000] {processor.py:208} INFO - Processing /home/airflow/.local/lib/python3.12/site-packages/airflow/example_dags/example_branch_python_dop_operator_3.py took 0.058 seconds
[2024-10-15T16:20:54.543+0000] {processor.py:186} INFO - Started process (PID=720) to work on /home/airflow/.local/lib/python3.12/site-packages/airflow/example_dags/example_branch_python_dop_operator_3.py
[2024-10-15T16:20:54.544+0000] {processor.py:914} INFO - Processing file /home/airflow/.local/lib/python3.12/site-packages/airflow/example_dags/example_branch_python_dop_operator_3.py for tasks to queue
[2024-10-15T16:20:54.546+0000] {logging_mixin.py:190} INFO - [2024-10-15T16:20:54.546+0000] {dagbag.py:588} INFO - Filling up the DagBag from /home/airflow/.local/lib/python3.12/site-packages/airflow/example_dags/example_branch_python_dop_operator_3.py
[2024-10-15T16:20:54.554+0000] {processor.py:925} INFO - DAG(s) 'example_branch_dop_operator_v3' retrieved from /home/airflow/.local/lib/python3.12/site-packages/airflow/example_dags/example_branch_python_dop_operator_3.py
[2024-10-15T16:20:54.570+0000] {logging_mixin.py:190} INFO - [2024-10-15T16:20:54.570+0000] {dag.py:3239} INFO - Sync 1 DAGs
[2024-10-15T16:20:54.589+0000] {logging_mixin.py:190} INFO - [2024-10-15T16:20:54.588+0000] {dag.py:4180} INFO - Setting next_dagrun for example_branch_dop_operator_v3 to 2024-10-15 16:19:00+00:00, run_after=2024-10-15 16:20:00+00:00
[2024-10-15T16:20:54.608+0000] {processor.py:208} INFO - Processing /home/airflow/.local/lib/python3.12/site-packages/airflow/example_dags/example_branch_python_dop_operator_3.py took 0.069 seconds
[2024-10-15T16:21:25.549+0000] {processor.py:186} INFO - Started process (PID=782) to work on /home/airflow/.local/lib/python3.12/site-packages/airflow/example_dags/example_branch_python_dop_operator_3.py
[2024-10-15T16:21:25.550+0000] {processor.py:914} INFO - Processing file /home/airflow/.local/lib/python3.12/site-packages/airflow/example_dags/example_branch_python_dop_operator_3.py for tasks to queue
[2024-10-15T16:21:25.551+0000] {logging_mixin.py:190} INFO - [2024-10-15T16:21:25.551+0000] {dagbag.py:588} INFO - Filling up the DagBag from /home/airflow/.local/lib/python3.12/site-packages/airflow/example_dags/example_branch_python_dop_operator_3.py
[2024-10-15T16:21:25.559+0000] {processor.py:925} INFO - DAG(s) 'example_branch_dop_operator_v3' retrieved from /home/airflow/.local/lib/python3.12/site-packages/airflow/example_dags/example_branch_python_dop_operator_3.py
[2024-10-15T16:21:25.574+0000] {logging_mixin.py:190} INFO - [2024-10-15T16:21:25.574+0000] {dag.py:3239} INFO - Sync 1 DAGs
[2024-10-15T16:21:25.596+0000] {logging_mixin.py:190} INFO - [2024-10-15T16:21:25.595+0000] {dag.py:4180} INFO - Setting next_dagrun for example_branch_dop_operator_v3 to 2024-10-15 16:20:00+00:00, run_after=2024-10-15 16:21:00+00:00
[2024-10-15T16:21:25.614+0000] {processor.py:208} INFO - Processing /home/airflow/.local/lib/python3.12/site-packages/airflow/example_dags/example_branch_python_dop_operator_3.py took 0.070 seconds
[2024-10-15T16:21:56.586+0000] {processor.py:186} INFO - Started process (PID=844) to work on /home/airflow/.local/lib/python3.12/site-packages/airflow/example_dags/example_branch_python_dop_operator_3.py
[2024-10-15T16:21:56.587+0000] {processor.py:914} INFO - Processing file /home/airflow/.local/lib/python3.12/site-packages/airflow/example_dags/example_branch_python_dop_operator_3.py for tasks to queue
[2024-10-15T16:21:56.589+0000] {logging_mixin.py:190} INFO - [2024-10-15T16:21:56.589+0000] {dagbag.py:588} INFO - Filling up the DagBag from /home/airflow/.local/lib/python3.12/site-packages/airflow/example_dags/example_branch_python_dop_operator_3.py
[2024-10-15T16:21:56.596+0000] {processor.py:925} INFO - DAG(s) 'example_branch_dop_operator_v3' retrieved from /home/airflow/.local/lib/python3.12/site-packages/airflow/example_dags/example_branch_python_dop_operator_3.py
[2024-10-15T16:21:56.611+0000] {logging_mixin.py:190} INFO - [2024-10-15T16:21:56.611+0000] {dag.py:3239} INFO - Sync 1 DAGs
[2024-10-15T16:21:56.633+0000] {logging_mixin.py:190} INFO - [2024-10-15T16:21:56.632+0000] {dag.py:4180} INFO - Setting next_dagrun for example_branch_dop_operator_v3 to 2024-10-15 16:20:00+00:00, run_after=2024-10-15 16:21:00+00:00
[2024-10-15T16:21:56.649+0000] {processor.py:208} INFO - Processing /home/airflow/.local/lib/python3.12/site-packages/airflow/example_dags/example_branch_python_dop_operator_3.py took 0.067 seconds
[2024-10-15T16:22:26.882+0000] {processor.py:186} INFO - Started process (PID=906) to work on /home/airflow/.local/lib/python3.12/site-packages/airflow/example_dags/example_branch_python_dop_operator_3.py
[2024-10-15T16:22:26.883+0000] {processor.py:914} INFO - Processing file /home/airflow/.local/lib/python3.12/site-packages/airflow/example_dags/example_branch_python_dop_operator_3.py for tasks to queue
[2024-10-15T16:22:26.885+0000] {logging_mixin.py:190} INFO - [2024-10-15T16:22:26.885+0000] {dagbag.py:588} INFO - Filling up the DagBag from /home/airflow/.local/lib/python3.12/site-packages/airflow/example_dags/example_branch_python_dop_operator_3.py
[2024-10-15T16:22:26.893+0000] {processor.py:925} INFO - DAG(s) 'example_branch_dop_operator_v3' retrieved from /home/airflow/.local/lib/python3.12/site-packages/airflow/example_dags/example_branch_python_dop_operator_3.py
[2024-10-15T16:22:26.907+0000] {logging_mixin.py:190} INFO - [2024-10-15T16:22:26.907+0000] {dag.py:3239} INFO - Sync 1 DAGs
[2024-10-15T16:22:26.925+0000] {logging_mixin.py:190} INFO - [2024-10-15T16:22:26.925+0000] {dag.py:4180} INFO - Setting next_dagrun for example_branch_dop_operator_v3 to 2024-10-15 16:21:00+00:00, run_after=2024-10-15 16:22:00+00:00
[2024-10-15T16:22:26.941+0000] {processor.py:208} INFO - Processing /home/airflow/.local/lib/python3.12/site-packages/airflow/example_dags/example_branch_python_dop_operator_3.py took 0.063 seconds
[2024-10-15T16:22:57.866+0000] {processor.py:186} INFO - Started process (PID=968) to work on /home/airflow/.local/lib/python3.12/site-packages/airflow/example_dags/example_branch_python_dop_operator_3.py
[2024-10-15T16:22:57.867+0000] {processor.py:914} INFO - Processing file /home/airflow/.local/lib/python3.12/site-packages/airflow/example_dags/example_branch_python_dop_operator_3.py for tasks to queue
[2024-10-15T16:22:57.869+0000] {logging_mixin.py:190} INFO - [2024-10-15T16:22:57.868+0000] {dagbag.py:588} INFO - Filling up the DagBag from /home/airflow/.local/lib/python3.12/site-packages/airflow/example_dags/example_branch_python_dop_operator_3.py
[2024-10-15T16:22:57.876+0000] {processor.py:925} INFO - DAG(s) 'example_branch_dop_operator_v3' retrieved from /home/airflow/.local/lib/python3.12/site-packages/airflow/example_dags/example_branch_python_dop_operator_3.py
[2024-10-15T16:22:57.890+0000] {logging_mixin.py:190} INFO - [2024-10-15T16:22:57.890+0000] {dag.py:3239} INFO - Sync 1 DAGs
[2024-10-15T16:22:57.914+0000] {logging_mixin.py:190} INFO - [2024-10-15T16:22:57.914+0000] {dag.py:4180} INFO - Setting next_dagrun for example_branch_dop_operator_v3 to 2024-10-15 16:21:00+00:00, run_after=2024-10-15 16:22:00+00:00
[2024-10-15T16:22:57.931+0000] {processor.py:208} INFO - Processing /home/airflow/.local/lib/python3.12/site-packages/airflow/example_dags/example_branch_python_dop_operator_3.py took 0.069 seconds
[2024-10-15T16:23:28.104+0000] {processor.py:186} INFO - Started process (PID=1030) to work on /home/airflow/.local/lib/python3.12/site-packages/airflow/example_dags/example_branch_python_dop_operator_3.py
[2024-10-15T16:23:28.105+0000] {processor.py:914} INFO - Processing file /home/airflow/.local/lib/python3.12/site-packages/airflow/example_dags/example_branch_python_dop_operator_3.py for tasks to queue
[2024-10-15T16:23:28.107+0000] {logging_mixin.py:190} INFO - [2024-10-15T16:23:28.106+0000] {dagbag.py:588} INFO - Filling up the DagBag from /home/airflow/.local/lib/python3.12/site-packages/airflow/example_dags/example_branch_python_dop_operator_3.py
[2024-10-15T16:23:28.115+0000] {processor.py:925} INFO - DAG(s) 'example_branch_dop_operator_v3' retrieved from /home/airflow/.local/lib/python3.12/site-packages/airflow/example_dags/example_branch_python_dop_operator_3.py
[2024-10-15T16:23:28.130+0000] {logging_mixin.py:190} INFO - [2024-10-15T16:23:28.130+0000] {dag.py:3239} INFO - Sync 1 DAGs
[2024-10-15T16:23:28.153+0000] {logging_mixin.py:190} INFO - [2024-10-15T16:23:28.152+0000] {dag.py:4180} INFO - Setting next_dagrun for example_branch_dop_operator_v3 to 2024-10-15 16:22:00+00:00, run_after=2024-10-15 16:23:00+00:00
[2024-10-15T16:23:28.171+0000] {processor.py:208} INFO - Processing /home/airflow/.local/lib/python3.12/site-packages/airflow/example_dags/example_branch_python_dop_operator_3.py took 0.072 seconds
[2024-10-15T16:23:58.336+0000] {processor.py:186} INFO - Started process (PID=1092) to work on /home/airflow/.local/lib/python3.12/site-packages/airflow/example_dags/example_branch_python_dop_operator_3.py
[2024-10-15T16:23:58.336+0000] {processor.py:914} INFO - Processing file /home/airflow/.local/lib/python3.12/site-packages/airflow/example_dags/example_branch_python_dop_operator_3.py for tasks to queue
[2024-10-15T16:23:58.338+0000] {logging_mixin.py:190} INFO - [2024-10-15T16:23:58.338+0000] {dagbag.py:588} INFO - Filling up the DagBag from /home/airflow/.local/lib/python3.12/site-packages/airflow/example_dags/example_branch_python_dop_operator_3.py
[2024-10-15T16:23:58.345+0000] {processor.py:925} INFO - DAG(s) 'example_branch_dop_operator_v3' retrieved from /home/airflow/.local/lib/python3.12/site-packages/airflow/example_dags/example_branch_python_dop_operator_3.py
[2024-10-15T16:23:58.359+0000] {logging_mixin.py:190} INFO - [2024-10-15T16:23:58.359+0000] {dag.py:3239} INFO - Sync 1 DAGs
[2024-10-15T16:23:58.381+0000] {logging_mixin.py:190} INFO - [2024-10-15T16:23:58.381+0000] {dag.py:4180} INFO - Setting next_dagrun for example_branch_dop_operator_v3 to 2024-10-15 16:22:00+00:00, run_after=2024-10-15 16:23:00+00:00
[2024-10-15T16:23:58.394+0000] {processor.py:208} INFO - Processing /home/airflow/.local/lib/python3.12/site-packages/airflow/example_dags/example_branch_python_dop_operator_3.py took 0.063 seconds
[2024-10-15T16:24:29.302+0000] {processor.py:186} INFO - Started process (PID=1154) to work on /home/airflow/.local/lib/python3.12/site-packages/airflow/example_dags/example_branch_python_dop_operator_3.py
[2024-10-15T16:24:29.303+0000] {processor.py:914} INFO - Processing file /home/airflow/.local/lib/python3.12/site-packages/airflow/example_dags/example_branch_python_dop_operator_3.py for tasks to queue
[2024-10-15T16:24:29.305+0000] {logging_mixin.py:190} INFO - [2024-10-15T16:24:29.305+0000] {dagbag.py:588} INFO - Filling up the DagBag from /home/airflow/.local/lib/python3.12/site-packages/airflow/example_dags/example_branch_python_dop_operator_3.py
[2024-10-15T16:24:29.313+0000] {processor.py:925} INFO - DAG(s) 'example_branch_dop_operator_v3' retrieved from /home/airflow/.local/lib/python3.12/site-packages/airflow/example_dags/example_branch_python_dop_operator_3.py
[2024-10-15T16:24:29.329+0000] {logging_mixin.py:190} INFO - [2024-10-15T16:24:29.328+0000] {dag.py:3239} INFO - Sync 1 DAGs
[2024-10-15T16:24:29.349+0000] {logging_mixin.py:190} INFO - [2024-10-15T16:24:29.349+0000] {dag.py:4180} INFO - Setting next_dagrun for example_branch_dop_operator_v3 to 2024-10-15 16:23:00+00:00, run_after=2024-10-15 16:24:00+00:00
[2024-10-15T16:24:29.364+0000] {processor.py:208} INFO - Processing /home/airflow/.local/lib/python3.12/site-packages/airflow/example_dags/example_branch_python_dop_operator_3.py took 0.070 seconds
[2024-10-15T16:25:00.115+0000] {processor.py:186} INFO - Started process (PID=1216) to work on /home/airflow/.local/lib/python3.12/site-packages/airflow/example_dags/example_branch_python_dop_operator_3.py
[2024-10-15T16:25:00.115+0000] {processor.py:914} INFO - Processing file /home/airflow/.local/lib/python3.12/site-packages/airflow/example_dags/example_branch_python_dop_operator_3.py for tasks to queue
[2024-10-15T16:25:00.117+0000] {logging_mixin.py:190} INFO - [2024-10-15T16:25:00.117+0000] {dagbag.py:588} INFO - Filling up the DagBag from /home/airflow/.local/lib/python3.12/site-packages/airflow/example_dags/example_branch_python_dop_operator_3.py
[2024-10-15T16:25:00.125+0000] {processor.py:925} INFO - DAG(s) 'example_branch_dop_operator_v3' retrieved from /home/airflow/.local/lib/python3.12/site-packages/airflow/example_dags/example_branch_python_dop_operator_3.py
[2024-10-15T16:25:00.140+0000] {logging_mixin.py:190} INFO - [2024-10-15T16:25:00.140+0000] {dag.py:3239} INFO - Sync 1 DAGs
[2024-10-15T16:25:00.161+0000] {logging_mixin.py:190} INFO - [2024-10-15T16:25:00.161+0000] {dag.py:4180} INFO - Setting next_dagrun for example_branch_dop_operator_v3 to 2024-10-15 16:24:00+00:00, run_after=2024-10-15 16:25:00+00:00
[2024-10-15T16:25:00.177+0000] {processor.py:208} INFO - Processing /home/airflow/.local/lib/python3.12/site-packages/airflow/example_dags/example_branch_python_dop_operator_3.py took 0.067 seconds
[2024-10-15T16:25:30.673+0000] {processor.py:186} INFO - Started process (PID=1278) to work on /home/airflow/.local/lib/python3.12/site-packages/airflow/example_dags/example_branch_python_dop_operator_3.py
[2024-10-15T16:25:30.674+0000] {processor.py:914} INFO - Processing file /home/airflow/.local/lib/python3.12/site-packages/airflow/example_dags/example_branch_python_dop_operator_3.py for tasks to queue
[2024-10-15T16:25:30.676+0000] {logging_mixin.py:190} INFO - [2024-10-15T16:25:30.676+0000] {dagbag.py:588} INFO - Filling up the DagBag from /home/airflow/.local/lib/python3.12/site-packages/airflow/example_dags/example_branch_python_dop_operator_3.py
[2024-10-15T16:25:30.689+0000] {processor.py:925} INFO - DAG(s) 'example_branch_dop_operator_v3' retrieved from /home/airflow/.local/lib/python3.12/site-packages/airflow/example_dags/example_branch_python_dop_operator_3.py
[2024-10-15T16:25:30.711+0000] {logging_mixin.py:190} INFO - [2024-10-15T16:25:30.711+0000] {dag.py:3239} INFO - Sync 1 DAGs
[2024-10-15T16:25:30.733+0000] {logging_mixin.py:190} INFO - [2024-10-15T16:25:30.733+0000] {dag.py:4180} INFO - Setting next_dagrun for example_branch_dop_operator_v3 to 2024-10-15 16:24:00+00:00, run_after=2024-10-15 16:25:00+00:00
[2024-10-15T16:25:30.749+0000] {processor.py:208} INFO - Processing /home/airflow/.local/lib/python3.12/site-packages/airflow/example_dags/example_branch_python_dop_operator_3.py took 0.083 seconds
[2024-10-15T16:26:01.551+0000] {processor.py:186} INFO - Started process (PID=1340) to work on /home/airflow/.local/lib/python3.12/site-packages/airflow/example_dags/example_branch_python_dop_operator_3.py
[2024-10-15T16:26:01.552+0000] {processor.py:914} INFO - Processing file /home/airflow/.local/lib/python3.12/site-packages/airflow/example_dags/example_branch_python_dop_operator_3.py for tasks to queue
[2024-10-15T16:26:01.553+0000] {logging_mixin.py:190} INFO - [2024-10-15T16:26:01.553+0000] {dagbag.py:588} INFO - Filling up the DagBag from /home/airflow/.local/lib/python3.12/site-packages/airflow/example_dags/example_branch_python_dop_operator_3.py
[2024-10-15T16:26:01.561+0000] {processor.py:925} INFO - DAG(s) 'example_branch_dop_operator_v3' retrieved from /home/airflow/.local/lib/python3.12/site-packages/airflow/example_dags/example_branch_python_dop_operator_3.py
[2024-10-15T16:26:01.575+0000] {logging_mixin.py:190} INFO - [2024-10-15T16:26:01.575+0000] {dag.py:3239} INFO - Sync 1 DAGs
[2024-10-15T16:26:01.594+0000] {logging_mixin.py:190} INFO - [2024-10-15T16:26:01.594+0000] {dag.py:4180} INFO - Setting next_dagrun for example_branch_dop_operator_v3 to 2024-10-15 16:25:00+00:00, run_after=2024-10-15 16:26:00+00:00
[2024-10-15T16:26:01.610+0000] {processor.py:208} INFO - Processing /home/airflow/.local/lib/python3.12/site-packages/airflow/example_dags/example_branch_python_dop_operator_3.py took 0.063 seconds
[2024-10-15T16:26:32.317+0000] {processor.py:186} INFO - Started process (PID=1402) to work on /home/airflow/.local/lib/python3.12/site-packages/airflow/example_dags/example_branch_python_dop_operator_3.py
[2024-10-15T16:26:32.318+0000] {processor.py:914} INFO - Processing file /home/airflow/.local/lib/python3.12/site-packages/airflow/example_dags/example_branch_python_dop_operator_3.py for tasks to queue
[2024-10-15T16:26:32.319+0000] {logging_mixin.py:190} INFO - [2024-10-15T16:26:32.319+0000] {dagbag.py:588} INFO - Filling up the DagBag from /home/airflow/.local/lib/python3.12/site-packages/airflow/example_dags/example_branch_python_dop_operator_3.py
[2024-10-15T16:26:32.327+0000] {processor.py:925} INFO - DAG(s) 'example_branch_dop_operator_v3' retrieved from /home/airflow/.local/lib/python3.12/site-packages/airflow/example_dags/example_branch_python_dop_operator_3.py
[2024-10-15T16:26:32.342+0000] {logging_mixin.py:190} INFO - [2024-10-15T16:26:32.342+0000] {dag.py:3239} INFO - Sync 1 DAGs
[2024-10-15T16:26:32.361+0000] {logging_mixin.py:190} INFO - [2024-10-15T16:26:32.360+0000] {dag.py:4180} INFO - Setting next_dagrun for example_branch_dop_operator_v3 to 2024-10-15 16:25:00+00:00, run_after=2024-10-15 16:26:00+00:00
[2024-10-15T16:26:32.377+0000] {processor.py:208} INFO - Processing /home/airflow/.local/lib/python3.12/site-packages/airflow/example_dags/example_branch_python_dop_operator_3.py took 0.065 seconds
[2024-10-15T16:27:03.365+0000] {processor.py:186} INFO - Started process (PID=1464) to work on /home/airflow/.local/lib/python3.12/site-packages/airflow/example_dags/example_branch_python_dop_operator_3.py
[2024-10-15T16:27:03.366+0000] {processor.py:914} INFO - Processing file /home/airflow/.local/lib/python3.12/site-packages/airflow/example_dags/example_branch_python_dop_operator_3.py for tasks to queue
[2024-10-15T16:27:03.367+0000] {logging_mixin.py:190} INFO - [2024-10-15T16:27:03.367+0000] {dagbag.py:588} INFO - Filling up the DagBag from /home/airflow/.local/lib/python3.12/site-packages/airflow/example_dags/example_branch_python_dop_operator_3.py
[2024-10-15T16:27:03.374+0000] {processor.py:925} INFO - DAG(s) 'example_branch_dop_operator_v3' retrieved from /home/airflow/.local/lib/python3.12/site-packages/airflow/example_dags/example_branch_python_dop_operator_3.py
[2024-10-15T16:27:03.389+0000] {logging_mixin.py:190} INFO - [2024-10-15T16:27:03.388+0000] {dag.py:3239} INFO - Sync 1 DAGs
[2024-10-15T16:27:03.411+0000] {logging_mixin.py:190} INFO - [2024-10-15T16:27:03.411+0000] {dag.py:4180} INFO - Setting next_dagrun for example_branch_dop_operator_v3 to 2024-10-15 16:26:00+00:00, run_after=2024-10-15 16:27:00+00:00
[2024-10-15T16:27:03.425+0000] {processor.py:208} INFO - Processing /home/airflow/.local/lib/python3.12/site-packages/airflow/example_dags/example_branch_python_dop_operator_3.py took 0.065 seconds
[2024-10-15T16:27:33.830+0000] {processor.py:186} INFO - Started process (PID=1526) to work on /home/airflow/.local/lib/python3.12/site-packages/airflow/example_dags/example_branch_python_dop_operator_3.py
[2024-10-15T16:27:33.831+0000] {processor.py:914} INFO - Processing file /home/airflow/.local/lib/python3.12/site-packages/airflow/example_dags/example_branch_python_dop_operator_3.py for tasks to queue
[2024-10-15T16:27:33.833+0000] {logging_mixin.py:190} INFO - [2024-10-15T16:27:33.833+0000] {dagbag.py:588} INFO - Filling up the DagBag from /home/airflow/.local/lib/python3.12/site-packages/airflow/example_dags/example_branch_python_dop_operator_3.py
[2024-10-15T16:27:33.840+0000] {processor.py:925} INFO - DAG(s) 'example_branch_dop_operator_v3' retrieved from /home/airflow/.local/lib/python3.12/site-packages/airflow/example_dags/example_branch_python_dop_operator_3.py
[2024-10-15T16:27:33.854+0000] {logging_mixin.py:190} INFO - [2024-10-15T16:27:33.854+0000] {dag.py:3239} INFO - Sync 1 DAGs
[2024-10-15T16:27:33.875+0000] {logging_mixin.py:190} INFO - [2024-10-15T16:27:33.875+0000] {dag.py:4180} INFO - Setting next_dagrun for example_branch_dop_operator_v3 to 2024-10-15 16:26:00+00:00, run_after=2024-10-15 16:27:00+00:00
[2024-10-15T16:27:33.894+0000] {processor.py:208} INFO - Processing /home/airflow/.local/lib/python3.12/site-packages/airflow/example_dags/example_branch_python_dop_operator_3.py took 0.070 seconds
[2024-10-15T16:28:04.425+0000] {processor.py:186} INFO - Started process (PID=1588) to work on /home/airflow/.local/lib/python3.12/site-packages/airflow/example_dags/example_branch_python_dop_operator_3.py
[2024-10-15T16:28:04.426+0000] {processor.py:914} INFO - Processing file /home/airflow/.local/lib/python3.12/site-packages/airflow/example_dags/example_branch_python_dop_operator_3.py for tasks to queue
[2024-10-15T16:28:04.429+0000] {logging_mixin.py:190} INFO - [2024-10-15T16:28:04.428+0000] {dagbag.py:588} INFO - Filling up the DagBag from /home/airflow/.local/lib/python3.12/site-packages/airflow/example_dags/example_branch_python_dop_operator_3.py
[2024-10-15T16:28:04.436+0000] {processor.py:925} INFO - DAG(s) 'example_branch_dop_operator_v3' retrieved from /home/airflow/.local/lib/python3.12/site-packages/airflow/example_dags/example_branch_python_dop_operator_3.py
[2024-10-15T16:28:04.450+0000] {logging_mixin.py:190} INFO - [2024-10-15T16:28:04.449+0000] {dag.py:3239} INFO - Sync 1 DAGs
[2024-10-15T16:28:04.470+0000] {logging_mixin.py:190} INFO - [2024-10-15T16:28:04.470+0000] {dag.py:4180} INFO - Setting next_dagrun for example_branch_dop_operator_v3 to 2024-10-15 16:27:00+00:00, run_after=2024-10-15 16:28:00+00:00
[2024-10-15T16:28:04.484+0000] {processor.py:208} INFO - Processing /home/airflow/.local/lib/python3.12/site-packages/airflow/example_dags/example_branch_python_dop_operator_3.py took 0.064 seconds
[2024-10-15T16:28:34.754+0000] {processor.py:186} INFO - Started process (PID=1650) to work on /home/airflow/.local/lib/python3.12/site-packages/airflow/example_dags/example_branch_python_dop_operator_3.py
[2024-10-15T16:28:34.755+0000] {processor.py:914} INFO - Processing file /home/airflow/.local/lib/python3.12/site-packages/airflow/example_dags/example_branch_python_dop_operator_3.py for tasks to queue
[2024-10-15T16:28:34.757+0000] {logging_mixin.py:190} INFO - [2024-10-15T16:28:34.756+0000] {dagbag.py:588} INFO - Filling up the DagBag from /home/airflow/.local/lib/python3.12/site-packages/airflow/example_dags/example_branch_python_dop_operator_3.py
[2024-10-15T16:28:34.763+0000] {processor.py:925} INFO - DAG(s) 'example_branch_dop_operator_v3' retrieved from /home/airflow/.local/lib/python3.12/site-packages/airflow/example_dags/example_branch_python_dop_operator_3.py
[2024-10-15T16:28:34.778+0000] {logging_mixin.py:190} INFO - [2024-10-15T16:28:34.778+0000] {dag.py:3239} INFO - Sync 1 DAGs
[2024-10-15T16:28:34.796+0000] {logging_mixin.py:190} INFO - [2024-10-15T16:28:34.796+0000] {dag.py:4180} INFO - Setting next_dagrun for example_branch_dop_operator_v3 to 2024-10-15 16:27:00+00:00, run_after=2024-10-15 16:28:00+00:00
[2024-10-15T16:28:34.810+0000] {processor.py:208} INFO - Processing /home/airflow/.local/lib/python3.12/site-packages/airflow/example_dags/example_branch_python_dop_operator_3.py took 0.060 seconds
[2024-10-15T16:29:05.604+0000] {processor.py:186} INFO - Started process (PID=1712) to work on /home/airflow/.local/lib/python3.12/site-packages/airflow/example_dags/example_branch_python_dop_operator_3.py
[2024-10-15T16:29:05.605+0000] {processor.py:914} INFO - Processing file /home/airflow/.local/lib/python3.12/site-packages/airflow/example_dags/example_branch_python_dop_operator_3.py for tasks to queue
[2024-10-15T16:29:05.606+0000] {logging_mixin.py:190} INFO - [2024-10-15T16:29:05.606+0000] {dagbag.py:588} INFO - Filling up the DagBag from /home/airflow/.local/lib/python3.12/site-packages/airflow/example_dags/example_branch_python_dop_operator_3.py
[2024-10-15T16:29:05.614+0000] {processor.py:925} INFO - DAG(s) 'example_branch_dop_operator_v3' retrieved from /home/airflow/.local/lib/python3.12/site-packages/airflow/example_dags/example_branch_python_dop_operator_3.py
[2024-10-15T16:29:05.629+0000] {logging_mixin.py:190} INFO - [2024-10-15T16:29:05.629+0000] {dag.py:3239} INFO - Sync 1 DAGs
[2024-10-15T16:29:05.647+0000] {logging_mixin.py:190} INFO - [2024-10-15T16:29:05.647+0000] {dag.py:4180} INFO - Setting next_dagrun for example_branch_dop_operator_v3 to 2024-10-15 16:28:00+00:00, run_after=2024-10-15 16:29:00+00:00
[2024-10-15T16:29:05.659+0000] {processor.py:208} INFO - Processing /home/airflow/.local/lib/python3.12/site-packages/airflow/example_dags/example_branch_python_dop_operator_3.py took 0.060 seconds
[2024-10-15T16:29:35.788+0000] {processor.py:186} INFO - Started process (PID=1774) to work on /home/airflow/.local/lib/python3.12/site-packages/airflow/example_dags/example_branch_python_dop_operator_3.py
[2024-10-15T16:29:35.788+0000] {processor.py:914} INFO - Processing file /home/airflow/.local/lib/python3.12/site-packages/airflow/example_dags/example_branch_python_dop_operator_3.py for tasks to queue
[2024-10-15T16:29:35.790+0000] {logging_mixin.py:190} INFO - [2024-10-15T16:29:35.790+0000] {dagbag.py:588} INFO - Filling up the DagBag from /home/airflow/.local/lib/python3.12/site-packages/airflow/example_dags/example_branch_python_dop_operator_3.py
[2024-10-15T16:29:35.797+0000] {processor.py:925} INFO - DAG(s) 'example_branch_dop_operator_v3' retrieved from /home/airflow/.local/lib/python3.12/site-packages/airflow/example_dags/example_branch_python_dop_operator_3.py
[2024-10-15T16:29:35.812+0000] {logging_mixin.py:190} INFO - [2024-10-15T16:29:35.812+0000] {dag.py:3239} INFO - Sync 1 DAGs
[2024-10-15T16:29:35.831+0000] {logging_mixin.py:190} INFO - [2024-10-15T16:29:35.831+0000] {dag.py:4180} INFO - Setting next_dagrun for example_branch_dop_operator_v3 to 2024-10-15 16:28:00+00:00, run_after=2024-10-15 16:29:00+00:00
[2024-10-15T16:29:35.848+0000] {processor.py:208} INFO - Processing /home/airflow/.local/lib/python3.12/site-packages/airflow/example_dags/example_branch_python_dop_operator_3.py took 0.065 seconds
