[2024-10-15T16:15:44.648+0000] {processor.py:186} INFO - Started process (PID=77) to work on /home/airflow/.local/lib/python3.12/site-packages/airflow/example_dags/example_xcom.py
[2024-10-15T16:15:44.649+0000] {processor.py:914} INFO - Processing file /home/airflow/.local/lib/python3.12/site-packages/airflow/example_dags/example_xcom.py for tasks to queue
[2024-10-15T16:15:44.651+0000] {logging_mixin.py:190} INFO - [2024-10-15T16:15:44.651+0000] {dagbag.py:588} INFO - Filling up the DagBag from /home/airflow/.local/lib/python3.12/site-packages/airflow/example_dags/example_xcom.py
[2024-10-15T16:15:44.660+0000] {processor.py:925} INFO - DAG(s) 'example_xcom' retrieved from /home/airflow/.local/lib/python3.12/site-packages/airflow/example_dags/example_xcom.py
[2024-10-15T16:15:44.740+0000] {logging_mixin.py:190} INFO - [2024-10-15T16:15:44.740+0000] {override.py:1900} INFO - Created Permission View: can read on DAG:example_xcom
[2024-10-15T16:15:44.748+0000] {logging_mixin.py:190} INFO - [2024-10-15T16:15:44.748+0000] {override.py:1900} INFO - Created Permission View: can delete on DAG:example_xcom
[2024-10-15T16:15:44.753+0000] {logging_mixin.py:190} INFO - [2024-10-15T16:15:44.753+0000] {override.py:1900} INFO - Created Permission View: can edit on DAG:example_xcom
[2024-10-15T16:15:44.759+0000] {logging_mixin.py:190} INFO - [2024-10-15T16:15:44.759+0000] {override.py:1900} INFO - Created Permission View: can read on DAG Run:example_xcom
[2024-10-15T16:15:44.764+0000] {logging_mixin.py:190} INFO - [2024-10-15T16:15:44.763+0000] {override.py:1900} INFO - Created Permission View: can create on DAG Run:example_xcom
[2024-10-15T16:15:44.769+0000] {logging_mixin.py:190} INFO - [2024-10-15T16:15:44.769+0000] {override.py:1900} INFO - Created Permission View: menu access on DAG Run:example_xcom
[2024-10-15T16:15:44.774+0000] {logging_mixin.py:190} INFO - [2024-10-15T16:15:44.774+0000] {override.py:1900} INFO - Created Permission View: can delete on DAG Run:example_xcom
[2024-10-15T16:15:44.774+0000] {logging_mixin.py:190} INFO - [2024-10-15T16:15:44.774+0000] {dag.py:3239} INFO - Sync 1 DAGs
[2024-10-15T16:15:44.785+0000] {logging_mixin.py:190} INFO - [2024-10-15T16:15:44.785+0000] {dag.py:3262} INFO - Creating ORM DAG for example_xcom
[2024-10-15T16:15:44.792+0000] {logging_mixin.py:190} INFO - [2024-10-15T16:15:44.792+0000] {dag.py:4180} INFO - Setting next_dagrun for example_xcom to 2021-01-01 00:00:00+00:00, run_after=2021-01-01 00:00:00+00:00
[2024-10-15T16:15:44.804+0000] {processor.py:208} INFO - Processing /home/airflow/.local/lib/python3.12/site-packages/airflow/example_dags/example_xcom.py took 0.160 seconds
[2024-10-15T16:16:15.160+0000] {processor.py:186} INFO - Started process (PID=139) to work on /home/airflow/.local/lib/python3.12/site-packages/airflow/example_dags/example_xcom.py
[2024-10-15T16:16:15.160+0000] {processor.py:914} INFO - Processing file /home/airflow/.local/lib/python3.12/site-packages/airflow/example_dags/example_xcom.py for tasks to queue
[2024-10-15T16:16:15.162+0000] {logging_mixin.py:190} INFO - [2024-10-15T16:16:15.161+0000] {dagbag.py:588} INFO - Filling up the DagBag from /home/airflow/.local/lib/python3.12/site-packages/airflow/example_dags/example_xcom.py
[2024-10-15T16:16:15.168+0000] {processor.py:925} INFO - DAG(s) 'example_xcom' retrieved from /home/airflow/.local/lib/python3.12/site-packages/airflow/example_dags/example_xcom.py
[2024-10-15T16:16:15.182+0000] {logging_mixin.py:190} INFO - [2024-10-15T16:16:15.182+0000] {dag.py:3239} INFO - Sync 1 DAGs
[2024-10-15T16:16:15.197+0000] {logging_mixin.py:190} INFO - [2024-10-15T16:16:15.197+0000] {dag.py:4180} INFO - Setting next_dagrun for example_xcom to 2021-01-01 00:00:00+00:00, run_after=2021-01-01 00:00:00+00:00
[2024-10-15T16:16:15.212+0000] {processor.py:208} INFO - Processing /home/airflow/.local/lib/python3.12/site-packages/airflow/example_dags/example_xcom.py took 0.056 seconds
[2024-10-15T16:16:46.008+0000] {processor.py:186} INFO - Started process (PID=201) to work on /home/airflow/.local/lib/python3.12/site-packages/airflow/example_dags/example_xcom.py
[2024-10-15T16:16:46.009+0000] {processor.py:914} INFO - Processing file /home/airflow/.local/lib/python3.12/site-packages/airflow/example_dags/example_xcom.py for tasks to queue
[2024-10-15T16:16:46.010+0000] {logging_mixin.py:190} INFO - [2024-10-15T16:16:46.010+0000] {dagbag.py:588} INFO - Filling up the DagBag from /home/airflow/.local/lib/python3.12/site-packages/airflow/example_dags/example_xcom.py
[2024-10-15T16:16:46.016+0000] {processor.py:925} INFO - DAG(s) 'example_xcom' retrieved from /home/airflow/.local/lib/python3.12/site-packages/airflow/example_dags/example_xcom.py
[2024-10-15T16:16:46.030+0000] {logging_mixin.py:190} INFO - [2024-10-15T16:16:46.029+0000] {dag.py:3239} INFO - Sync 1 DAGs
[2024-10-15T16:16:46.046+0000] {logging_mixin.py:190} INFO - [2024-10-15T16:16:46.045+0000] {dag.py:4180} INFO - Setting next_dagrun for example_xcom to 2021-01-01 00:00:00+00:00, run_after=2021-01-01 00:00:00+00:00
[2024-10-15T16:16:46.061+0000] {processor.py:208} INFO - Processing /home/airflow/.local/lib/python3.12/site-packages/airflow/example_dags/example_xcom.py took 0.057 seconds
[2024-10-15T16:17:16.736+0000] {processor.py:186} INFO - Started process (PID=269) to work on /home/airflow/.local/lib/python3.12/site-packages/airflow/example_dags/example_xcom.py
[2024-10-15T16:17:16.736+0000] {processor.py:914} INFO - Processing file /home/airflow/.local/lib/python3.12/site-packages/airflow/example_dags/example_xcom.py for tasks to queue
[2024-10-15T16:17:16.738+0000] {logging_mixin.py:190} INFO - [2024-10-15T16:17:16.738+0000] {dagbag.py:588} INFO - Filling up the DagBag from /home/airflow/.local/lib/python3.12/site-packages/airflow/example_dags/example_xcom.py
[2024-10-15T16:17:16.745+0000] {processor.py:925} INFO - DAG(s) 'example_xcom' retrieved from /home/airflow/.local/lib/python3.12/site-packages/airflow/example_dags/example_xcom.py
[2024-10-15T16:17:16.760+0000] {logging_mixin.py:190} INFO - [2024-10-15T16:17:16.760+0000] {dag.py:3239} INFO - Sync 1 DAGs
[2024-10-15T16:17:16.781+0000] {logging_mixin.py:190} INFO - [2024-10-15T16:17:16.781+0000] {dag.py:4180} INFO - Setting next_dagrun for example_xcom to 2021-01-01 00:00:00+00:00, run_after=2021-01-01 00:00:00+00:00
[2024-10-15T16:17:16.801+0000] {processor.py:208} INFO - Processing /home/airflow/.local/lib/python3.12/site-packages/airflow/example_dags/example_xcom.py took 0.069 seconds
[2024-10-15T16:17:47.672+0000] {processor.py:186} INFO - Started process (PID=331) to work on /home/airflow/.local/lib/python3.12/site-packages/airflow/example_dags/example_xcom.py
[2024-10-15T16:17:47.673+0000] {processor.py:914} INFO - Processing file /home/airflow/.local/lib/python3.12/site-packages/airflow/example_dags/example_xcom.py for tasks to queue
[2024-10-15T16:17:47.675+0000] {logging_mixin.py:190} INFO - [2024-10-15T16:17:47.675+0000] {dagbag.py:588} INFO - Filling up the DagBag from /home/airflow/.local/lib/python3.12/site-packages/airflow/example_dags/example_xcom.py
[2024-10-15T16:17:47.682+0000] {processor.py:925} INFO - DAG(s) 'example_xcom' retrieved from /home/airflow/.local/lib/python3.12/site-packages/airflow/example_dags/example_xcom.py
[2024-10-15T16:17:47.696+0000] {logging_mixin.py:190} INFO - [2024-10-15T16:17:47.696+0000] {dag.py:3239} INFO - Sync 1 DAGs
[2024-10-15T16:17:47.711+0000] {logging_mixin.py:190} INFO - [2024-10-15T16:17:47.711+0000] {dag.py:4180} INFO - Setting next_dagrun for example_xcom to 2021-01-01 00:00:00+00:00, run_after=2021-01-01 00:00:00+00:00
[2024-10-15T16:17:47.729+0000] {processor.py:208} INFO - Processing /home/airflow/.local/lib/python3.12/site-packages/airflow/example_dags/example_xcom.py took 0.062 seconds
[2024-10-15T16:18:18.482+0000] {processor.py:186} INFO - Started process (PID=393) to work on /home/airflow/.local/lib/python3.12/site-packages/airflow/example_dags/example_xcom.py
[2024-10-15T16:18:18.483+0000] {processor.py:914} INFO - Processing file /home/airflow/.local/lib/python3.12/site-packages/airflow/example_dags/example_xcom.py for tasks to queue
[2024-10-15T16:18:18.489+0000] {logging_mixin.py:190} INFO - [2024-10-15T16:18:18.489+0000] {dagbag.py:588} INFO - Filling up the DagBag from /home/airflow/.local/lib/python3.12/site-packages/airflow/example_dags/example_xcom.py
[2024-10-15T16:18:18.499+0000] {processor.py:925} INFO - DAG(s) 'example_xcom' retrieved from /home/airflow/.local/lib/python3.12/site-packages/airflow/example_dags/example_xcom.py
[2024-10-15T16:18:18.514+0000] {logging_mixin.py:190} INFO - [2024-10-15T16:18:18.514+0000] {dag.py:3239} INFO - Sync 1 DAGs
[2024-10-15T16:18:18.535+0000] {logging_mixin.py:190} INFO - [2024-10-15T16:18:18.535+0000] {dag.py:4180} INFO - Setting next_dagrun for example_xcom to 2021-01-01 00:00:00+00:00, run_after=2021-01-01 00:00:00+00:00
[2024-10-15T16:18:18.551+0000] {processor.py:208} INFO - Processing /home/airflow/.local/lib/python3.12/site-packages/airflow/example_dags/example_xcom.py took 0.074 seconds
[2024-10-15T16:18:48.704+0000] {processor.py:186} INFO - Started process (PID=455) to work on /home/airflow/.local/lib/python3.12/site-packages/airflow/example_dags/example_xcom.py
[2024-10-15T16:18:48.705+0000] {processor.py:914} INFO - Processing file /home/airflow/.local/lib/python3.12/site-packages/airflow/example_dags/example_xcom.py for tasks to queue
[2024-10-15T16:18:48.707+0000] {logging_mixin.py:190} INFO - [2024-10-15T16:18:48.706+0000] {dagbag.py:588} INFO - Filling up the DagBag from /home/airflow/.local/lib/python3.12/site-packages/airflow/example_dags/example_xcom.py
[2024-10-15T16:18:48.713+0000] {processor.py:925} INFO - DAG(s) 'example_xcom' retrieved from /home/airflow/.local/lib/python3.12/site-packages/airflow/example_dags/example_xcom.py
[2024-10-15T16:18:48.727+0000] {logging_mixin.py:190} INFO - [2024-10-15T16:18:48.727+0000] {dag.py:3239} INFO - Sync 1 DAGs
[2024-10-15T16:18:48.745+0000] {logging_mixin.py:190} INFO - [2024-10-15T16:18:48.745+0000] {dag.py:4180} INFO - Setting next_dagrun for example_xcom to 2021-01-01 00:00:00+00:00, run_after=2021-01-01 00:00:00+00:00
[2024-10-15T16:18:48.758+0000] {processor.py:208} INFO - Processing /home/airflow/.local/lib/python3.12/site-packages/airflow/example_dags/example_xcom.py took 0.058 seconds
[2024-10-15T16:19:19.761+0000] {processor.py:186} INFO - Started process (PID=517) to work on /home/airflow/.local/lib/python3.12/site-packages/airflow/example_dags/example_xcom.py
[2024-10-15T16:19:19.762+0000] {processor.py:914} INFO - Processing file /home/airflow/.local/lib/python3.12/site-packages/airflow/example_dags/example_xcom.py for tasks to queue
[2024-10-15T16:19:19.763+0000] {logging_mixin.py:190} INFO - [2024-10-15T16:19:19.763+0000] {dagbag.py:588} INFO - Filling up the DagBag from /home/airflow/.local/lib/python3.12/site-packages/airflow/example_dags/example_xcom.py
[2024-10-15T16:19:19.769+0000] {processor.py:925} INFO - DAG(s) 'example_xcom' retrieved from /home/airflow/.local/lib/python3.12/site-packages/airflow/example_dags/example_xcom.py
[2024-10-15T16:19:19.783+0000] {logging_mixin.py:190} INFO - [2024-10-15T16:19:19.783+0000] {dag.py:3239} INFO - Sync 1 DAGs
[2024-10-15T16:19:19.801+0000] {logging_mixin.py:190} INFO - [2024-10-15T16:19:19.800+0000] {dag.py:4180} INFO - Setting next_dagrun for example_xcom to 2021-01-01 00:00:00+00:00, run_after=2021-01-01 00:00:00+00:00
[2024-10-15T16:19:19.813+0000] {processor.py:208} INFO - Processing /home/airflow/.local/lib/python3.12/site-packages/airflow/example_dags/example_xcom.py took 0.056 seconds
[2024-10-15T16:19:50.735+0000] {processor.py:186} INFO - Started process (PID=579) to work on /home/airflow/.local/lib/python3.12/site-packages/airflow/example_dags/example_xcom.py
[2024-10-15T16:19:50.736+0000] {processor.py:914} INFO - Processing file /home/airflow/.local/lib/python3.12/site-packages/airflow/example_dags/example_xcom.py for tasks to queue
[2024-10-15T16:19:50.738+0000] {logging_mixin.py:190} INFO - [2024-10-15T16:19:50.737+0000] {dagbag.py:588} INFO - Filling up the DagBag from /home/airflow/.local/lib/python3.12/site-packages/airflow/example_dags/example_xcom.py
[2024-10-15T16:19:50.745+0000] {processor.py:925} INFO - DAG(s) 'example_xcom' retrieved from /home/airflow/.local/lib/python3.12/site-packages/airflow/example_dags/example_xcom.py
[2024-10-15T16:19:50.767+0000] {logging_mixin.py:190} INFO - [2024-10-15T16:19:50.766+0000] {dag.py:3239} INFO - Sync 1 DAGs
[2024-10-15T16:19:50.789+0000] {logging_mixin.py:190} INFO - [2024-10-15T16:19:50.789+0000] {dag.py:4180} INFO - Setting next_dagrun for example_xcom to 2021-01-01 00:00:00+00:00, run_after=2021-01-01 00:00:00+00:00
[2024-10-15T16:19:50.803+0000] {processor.py:208} INFO - Processing /home/airflow/.local/lib/python3.12/site-packages/airflow/example_dags/example_xcom.py took 0.073 seconds
[2024-10-15T16:20:21.837+0000] {processor.py:186} INFO - Started process (PID=641) to work on /home/airflow/.local/lib/python3.12/site-packages/airflow/example_dags/example_xcom.py
[2024-10-15T16:20:21.838+0000] {processor.py:914} INFO - Processing file /home/airflow/.local/lib/python3.12/site-packages/airflow/example_dags/example_xcom.py for tasks to queue
[2024-10-15T16:20:21.840+0000] {logging_mixin.py:190} INFO - [2024-10-15T16:20:21.840+0000] {dagbag.py:588} INFO - Filling up the DagBag from /home/airflow/.local/lib/python3.12/site-packages/airflow/example_dags/example_xcom.py
[2024-10-15T16:20:21.847+0000] {processor.py:925} INFO - DAG(s) 'example_xcom' retrieved from /home/airflow/.local/lib/python3.12/site-packages/airflow/example_dags/example_xcom.py
[2024-10-15T16:20:21.861+0000] {logging_mixin.py:190} INFO - [2024-10-15T16:20:21.861+0000] {dag.py:3239} INFO - Sync 1 DAGs
[2024-10-15T16:20:21.877+0000] {logging_mixin.py:190} INFO - [2024-10-15T16:20:21.877+0000] {dag.py:4180} INFO - Setting next_dagrun for example_xcom to 2021-01-01 00:00:00+00:00, run_after=2021-01-01 00:00:00+00:00
[2024-10-15T16:20:21.890+0000] {processor.py:208} INFO - Processing /home/airflow/.local/lib/python3.12/site-packages/airflow/example_dags/example_xcom.py took 0.057 seconds
[2024-10-15T16:20:52.753+0000] {processor.py:186} INFO - Started process (PID=703) to work on /home/airflow/.local/lib/python3.12/site-packages/airflow/example_dags/example_xcom.py
[2024-10-15T16:20:52.754+0000] {processor.py:914} INFO - Processing file /home/airflow/.local/lib/python3.12/site-packages/airflow/example_dags/example_xcom.py for tasks to queue
[2024-10-15T16:20:52.755+0000] {logging_mixin.py:190} INFO - [2024-10-15T16:20:52.755+0000] {dagbag.py:588} INFO - Filling up the DagBag from /home/airflow/.local/lib/python3.12/site-packages/airflow/example_dags/example_xcom.py
[2024-10-15T16:20:52.762+0000] {processor.py:925} INFO - DAG(s) 'example_xcom' retrieved from /home/airflow/.local/lib/python3.12/site-packages/airflow/example_dags/example_xcom.py
[2024-10-15T16:20:52.779+0000] {logging_mixin.py:190} INFO - [2024-10-15T16:20:52.779+0000] {dag.py:3239} INFO - Sync 1 DAGs
[2024-10-15T16:20:52.795+0000] {logging_mixin.py:190} INFO - [2024-10-15T16:20:52.795+0000] {dag.py:4180} INFO - Setting next_dagrun for example_xcom to 2021-01-01 00:00:00+00:00, run_after=2021-01-01 00:00:00+00:00
[2024-10-15T16:20:52.809+0000] {processor.py:208} INFO - Processing /home/airflow/.local/lib/python3.12/site-packages/airflow/example_dags/example_xcom.py took 0.062 seconds
[2024-10-15T16:21:23.737+0000] {processor.py:186} INFO - Started process (PID=765) to work on /home/airflow/.local/lib/python3.12/site-packages/airflow/example_dags/example_xcom.py
[2024-10-15T16:21:23.738+0000] {processor.py:914} INFO - Processing file /home/airflow/.local/lib/python3.12/site-packages/airflow/example_dags/example_xcom.py for tasks to queue
[2024-10-15T16:21:23.739+0000] {logging_mixin.py:190} INFO - [2024-10-15T16:21:23.739+0000] {dagbag.py:588} INFO - Filling up the DagBag from /home/airflow/.local/lib/python3.12/site-packages/airflow/example_dags/example_xcom.py
[2024-10-15T16:21:23.746+0000] {processor.py:925} INFO - DAG(s) 'example_xcom' retrieved from /home/airflow/.local/lib/python3.12/site-packages/airflow/example_dags/example_xcom.py
[2024-10-15T16:21:23.762+0000] {logging_mixin.py:190} INFO - [2024-10-15T16:21:23.762+0000] {dag.py:3239} INFO - Sync 1 DAGs
[2024-10-15T16:21:23.778+0000] {logging_mixin.py:190} INFO - [2024-10-15T16:21:23.778+0000] {dag.py:4180} INFO - Setting next_dagrun for example_xcom to 2021-01-01 00:00:00+00:00, run_after=2021-01-01 00:00:00+00:00
[2024-10-15T16:21:23.792+0000] {processor.py:208} INFO - Processing /home/airflow/.local/lib/python3.12/site-packages/airflow/example_dags/example_xcom.py took 0.060 seconds
[2024-10-15T16:21:54.678+0000] {processor.py:186} INFO - Started process (PID=827) to work on /home/airflow/.local/lib/python3.12/site-packages/airflow/example_dags/example_xcom.py
[2024-10-15T16:21:54.679+0000] {processor.py:914} INFO - Processing file /home/airflow/.local/lib/python3.12/site-packages/airflow/example_dags/example_xcom.py for tasks to queue
[2024-10-15T16:21:54.682+0000] {logging_mixin.py:190} INFO - [2024-10-15T16:21:54.681+0000] {dagbag.py:588} INFO - Filling up the DagBag from /home/airflow/.local/lib/python3.12/site-packages/airflow/example_dags/example_xcom.py
[2024-10-15T16:21:54.689+0000] {processor.py:925} INFO - DAG(s) 'example_xcom' retrieved from /home/airflow/.local/lib/python3.12/site-packages/airflow/example_dags/example_xcom.py
[2024-10-15T16:21:54.706+0000] {logging_mixin.py:190} INFO - [2024-10-15T16:21:54.706+0000] {dag.py:3239} INFO - Sync 1 DAGs
[2024-10-15T16:21:54.726+0000] {logging_mixin.py:190} INFO - [2024-10-15T16:21:54.726+0000] {dag.py:4180} INFO - Setting next_dagrun for example_xcom to 2021-01-01 00:00:00+00:00, run_after=2021-01-01 00:00:00+00:00
[2024-10-15T16:21:54.765+0000] {processor.py:208} INFO - Processing /home/airflow/.local/lib/python3.12/site-packages/airflow/example_dags/example_xcom.py took 0.092 seconds
[2024-10-15T16:22:24.997+0000] {processor.py:186} INFO - Started process (PID=889) to work on /home/airflow/.local/lib/python3.12/site-packages/airflow/example_dags/example_xcom.py
[2024-10-15T16:22:24.999+0000] {processor.py:914} INFO - Processing file /home/airflow/.local/lib/python3.12/site-packages/airflow/example_dags/example_xcom.py for tasks to queue
[2024-10-15T16:22:25.001+0000] {logging_mixin.py:190} INFO - [2024-10-15T16:22:25.000+0000] {dagbag.py:588} INFO - Filling up the DagBag from /home/airflow/.local/lib/python3.12/site-packages/airflow/example_dags/example_xcom.py
[2024-10-15T16:22:25.008+0000] {processor.py:925} INFO - DAG(s) 'example_xcom' retrieved from /home/airflow/.local/lib/python3.12/site-packages/airflow/example_dags/example_xcom.py
[2024-10-15T16:22:25.026+0000] {logging_mixin.py:190} INFO - [2024-10-15T16:22:25.026+0000] {dag.py:3239} INFO - Sync 1 DAGs
[2024-10-15T16:22:25.051+0000] {logging_mixin.py:190} INFO - [2024-10-15T16:22:25.050+0000] {dag.py:4180} INFO - Setting next_dagrun for example_xcom to 2021-01-01 00:00:00+00:00, run_after=2021-01-01 00:00:00+00:00
[2024-10-15T16:22:25.067+0000] {processor.py:208} INFO - Processing /home/airflow/.local/lib/python3.12/site-packages/airflow/example_dags/example_xcom.py took 0.075 seconds
[2024-10-15T16:22:56.000+0000] {processor.py:186} INFO - Started process (PID=951) to work on /home/airflow/.local/lib/python3.12/site-packages/airflow/example_dags/example_xcom.py
[2024-10-15T16:22:56.001+0000] {processor.py:914} INFO - Processing file /home/airflow/.local/lib/python3.12/site-packages/airflow/example_dags/example_xcom.py for tasks to queue
[2024-10-15T16:22:56.003+0000] {logging_mixin.py:190} INFO - [2024-10-15T16:22:56.003+0000] {dagbag.py:588} INFO - Filling up the DagBag from /home/airflow/.local/lib/python3.12/site-packages/airflow/example_dags/example_xcom.py
[2024-10-15T16:22:56.009+0000] {processor.py:925} INFO - DAG(s) 'example_xcom' retrieved from /home/airflow/.local/lib/python3.12/site-packages/airflow/example_dags/example_xcom.py
[2024-10-15T16:22:56.025+0000] {logging_mixin.py:190} INFO - [2024-10-15T16:22:56.025+0000] {dag.py:3239} INFO - Sync 1 DAGs
[2024-10-15T16:22:56.043+0000] {logging_mixin.py:190} INFO - [2024-10-15T16:22:56.043+0000] {dag.py:4180} INFO - Setting next_dagrun for example_xcom to 2021-01-01 00:00:00+00:00, run_after=2021-01-01 00:00:00+00:00
[2024-10-15T16:22:56.060+0000] {processor.py:208} INFO - Processing /home/airflow/.local/lib/python3.12/site-packages/airflow/example_dags/example_xcom.py took 0.065 seconds
[2024-10-15T16:23:26.982+0000] {processor.py:186} INFO - Started process (PID=1013) to work on /home/airflow/.local/lib/python3.12/site-packages/airflow/example_dags/example_xcom.py
[2024-10-15T16:23:26.983+0000] {processor.py:914} INFO - Processing file /home/airflow/.local/lib/python3.12/site-packages/airflow/example_dags/example_xcom.py for tasks to queue
[2024-10-15T16:23:26.985+0000] {logging_mixin.py:190} INFO - [2024-10-15T16:23:26.985+0000] {dagbag.py:588} INFO - Filling up the DagBag from /home/airflow/.local/lib/python3.12/site-packages/airflow/example_dags/example_xcom.py
[2024-10-15T16:23:26.994+0000] {processor.py:925} INFO - DAG(s) 'example_xcom' retrieved from /home/airflow/.local/lib/python3.12/site-packages/airflow/example_dags/example_xcom.py
[2024-10-15T16:23:27.011+0000] {logging_mixin.py:190} INFO - [2024-10-15T16:23:27.011+0000] {dag.py:3239} INFO - Sync 1 DAGs
[2024-10-15T16:23:27.031+0000] {logging_mixin.py:190} INFO - [2024-10-15T16:23:27.031+0000] {dag.py:4180} INFO - Setting next_dagrun for example_xcom to 2021-01-01 00:00:00+00:00, run_after=2021-01-01 00:00:00+00:00
[2024-10-15T16:23:27.046+0000] {processor.py:208} INFO - Processing /home/airflow/.local/lib/python3.12/site-packages/airflow/example_dags/example_xcom.py took 0.069 seconds
[2024-10-15T16:23:57.212+0000] {processor.py:186} INFO - Started process (PID=1075) to work on /home/airflow/.local/lib/python3.12/site-packages/airflow/example_dags/example_xcom.py
[2024-10-15T16:23:57.213+0000] {processor.py:914} INFO - Processing file /home/airflow/.local/lib/python3.12/site-packages/airflow/example_dags/example_xcom.py for tasks to queue
[2024-10-15T16:23:57.215+0000] {logging_mixin.py:190} INFO - [2024-10-15T16:23:57.214+0000] {dagbag.py:588} INFO - Filling up the DagBag from /home/airflow/.local/lib/python3.12/site-packages/airflow/example_dags/example_xcom.py
[2024-10-15T16:23:57.223+0000] {processor.py:925} INFO - DAG(s) 'example_xcom' retrieved from /home/airflow/.local/lib/python3.12/site-packages/airflow/example_dags/example_xcom.py
[2024-10-15T16:23:57.240+0000] {logging_mixin.py:190} INFO - [2024-10-15T16:23:57.240+0000] {dag.py:3239} INFO - Sync 1 DAGs
[2024-10-15T16:23:57.258+0000] {logging_mixin.py:190} INFO - [2024-10-15T16:23:57.257+0000] {dag.py:4180} INFO - Setting next_dagrun for example_xcom to 2021-01-01 00:00:00+00:00, run_after=2021-01-01 00:00:00+00:00
[2024-10-15T16:23:57.270+0000] {processor.py:208} INFO - Processing /home/airflow/.local/lib/python3.12/site-packages/airflow/example_dags/example_xcom.py took 0.063 seconds
[2024-10-15T16:24:27.472+0000] {processor.py:186} INFO - Started process (PID=1137) to work on /home/airflow/.local/lib/python3.12/site-packages/airflow/example_dags/example_xcom.py
[2024-10-15T16:24:27.473+0000] {processor.py:914} INFO - Processing file /home/airflow/.local/lib/python3.12/site-packages/airflow/example_dags/example_xcom.py for tasks to queue
[2024-10-15T16:24:27.474+0000] {logging_mixin.py:190} INFO - [2024-10-15T16:24:27.474+0000] {dagbag.py:588} INFO - Filling up the DagBag from /home/airflow/.local/lib/python3.12/site-packages/airflow/example_dags/example_xcom.py
[2024-10-15T16:24:27.482+0000] {processor.py:925} INFO - DAG(s) 'example_xcom' retrieved from /home/airflow/.local/lib/python3.12/site-packages/airflow/example_dags/example_xcom.py
[2024-10-15T16:24:27.497+0000] {logging_mixin.py:190} INFO - [2024-10-15T16:24:27.496+0000] {dag.py:3239} INFO - Sync 1 DAGs
[2024-10-15T16:24:27.515+0000] {logging_mixin.py:190} INFO - [2024-10-15T16:24:27.515+0000] {dag.py:4180} INFO - Setting next_dagrun for example_xcom to 2021-01-01 00:00:00+00:00, run_after=2021-01-01 00:00:00+00:00
[2024-10-15T16:24:27.530+0000] {processor.py:208} INFO - Processing /home/airflow/.local/lib/python3.12/site-packages/airflow/example_dags/example_xcom.py took 0.062 seconds
[2024-10-15T16:24:58.337+0000] {processor.py:186} INFO - Started process (PID=1199) to work on /home/airflow/.local/lib/python3.12/site-packages/airflow/example_dags/example_xcom.py
[2024-10-15T16:24:58.338+0000] {processor.py:914} INFO - Processing file /home/airflow/.local/lib/python3.12/site-packages/airflow/example_dags/example_xcom.py for tasks to queue
[2024-10-15T16:24:58.340+0000] {logging_mixin.py:190} INFO - [2024-10-15T16:24:58.340+0000] {dagbag.py:588} INFO - Filling up the DagBag from /home/airflow/.local/lib/python3.12/site-packages/airflow/example_dags/example_xcom.py
[2024-10-15T16:24:58.348+0000] {processor.py:925} INFO - DAG(s) 'example_xcom' retrieved from /home/airflow/.local/lib/python3.12/site-packages/airflow/example_dags/example_xcom.py
[2024-10-15T16:24:58.366+0000] {logging_mixin.py:190} INFO - [2024-10-15T16:24:58.365+0000] {dag.py:3239} INFO - Sync 1 DAGs
[2024-10-15T16:24:58.381+0000] {logging_mixin.py:190} INFO - [2024-10-15T16:24:58.381+0000] {dag.py:4180} INFO - Setting next_dagrun for example_xcom to 2021-01-01 00:00:00+00:00, run_after=2021-01-01 00:00:00+00:00
[2024-10-15T16:24:58.393+0000] {processor.py:208} INFO - Processing /home/airflow/.local/lib/python3.12/site-packages/airflow/example_dags/example_xcom.py took 0.061 seconds
[2024-10-15T16:25:28.955+0000] {processor.py:186} INFO - Started process (PID=1261) to work on /home/airflow/.local/lib/python3.12/site-packages/airflow/example_dags/example_xcom.py
[2024-10-15T16:25:28.956+0000] {processor.py:914} INFO - Processing file /home/airflow/.local/lib/python3.12/site-packages/airflow/example_dags/example_xcom.py for tasks to queue
[2024-10-15T16:25:28.958+0000] {logging_mixin.py:190} INFO - [2024-10-15T16:25:28.957+0000] {dagbag.py:588} INFO - Filling up the DagBag from /home/airflow/.local/lib/python3.12/site-packages/airflow/example_dags/example_xcom.py
[2024-10-15T16:25:28.964+0000] {processor.py:925} INFO - DAG(s) 'example_xcom' retrieved from /home/airflow/.local/lib/python3.12/site-packages/airflow/example_dags/example_xcom.py
[2024-10-15T16:25:28.979+0000] {logging_mixin.py:190} INFO - [2024-10-15T16:25:28.979+0000] {dag.py:3239} INFO - Sync 1 DAGs
[2024-10-15T16:25:28.995+0000] {logging_mixin.py:190} INFO - [2024-10-15T16:25:28.995+0000] {dag.py:4180} INFO - Setting next_dagrun for example_xcom to 2021-01-01 00:00:00+00:00, run_after=2021-01-01 00:00:00+00:00
[2024-10-15T16:25:29.007+0000] {processor.py:208} INFO - Processing /home/airflow/.local/lib/python3.12/site-packages/airflow/example_dags/example_xcom.py took 0.057 seconds
[2024-10-15T16:25:59.769+0000] {processor.py:186} INFO - Started process (PID=1323) to work on /home/airflow/.local/lib/python3.12/site-packages/airflow/example_dags/example_xcom.py
[2024-10-15T16:25:59.770+0000] {processor.py:914} INFO - Processing file /home/airflow/.local/lib/python3.12/site-packages/airflow/example_dags/example_xcom.py for tasks to queue
[2024-10-15T16:25:59.771+0000] {logging_mixin.py:190} INFO - [2024-10-15T16:25:59.771+0000] {dagbag.py:588} INFO - Filling up the DagBag from /home/airflow/.local/lib/python3.12/site-packages/airflow/example_dags/example_xcom.py
[2024-10-15T16:25:59.778+0000] {processor.py:925} INFO - DAG(s) 'example_xcom' retrieved from /home/airflow/.local/lib/python3.12/site-packages/airflow/example_dags/example_xcom.py
[2024-10-15T16:25:59.791+0000] {logging_mixin.py:190} INFO - [2024-10-15T16:25:59.791+0000] {dag.py:3239} INFO - Sync 1 DAGs
[2024-10-15T16:25:59.808+0000] {logging_mixin.py:190} INFO - [2024-10-15T16:25:59.808+0000] {dag.py:4180} INFO - Setting next_dagrun for example_xcom to 2021-01-01 00:00:00+00:00, run_after=2021-01-01 00:00:00+00:00
[2024-10-15T16:25:59.820+0000] {processor.py:208} INFO - Processing /home/airflow/.local/lib/python3.12/site-packages/airflow/example_dags/example_xcom.py took 0.055 seconds
[2024-10-15T16:26:30.455+0000] {processor.py:186} INFO - Started process (PID=1385) to work on /home/airflow/.local/lib/python3.12/site-packages/airflow/example_dags/example_xcom.py
[2024-10-15T16:26:30.456+0000] {processor.py:914} INFO - Processing file /home/airflow/.local/lib/python3.12/site-packages/airflow/example_dags/example_xcom.py for tasks to queue
[2024-10-15T16:26:30.457+0000] {logging_mixin.py:190} INFO - [2024-10-15T16:26:30.457+0000] {dagbag.py:588} INFO - Filling up the DagBag from /home/airflow/.local/lib/python3.12/site-packages/airflow/example_dags/example_xcom.py
[2024-10-15T16:26:30.464+0000] {processor.py:925} INFO - DAG(s) 'example_xcom' retrieved from /home/airflow/.local/lib/python3.12/site-packages/airflow/example_dags/example_xcom.py
[2024-10-15T16:26:30.480+0000] {logging_mixin.py:190} INFO - [2024-10-15T16:26:30.480+0000] {dag.py:3239} INFO - Sync 1 DAGs
[2024-10-15T16:26:30.496+0000] {logging_mixin.py:190} INFO - [2024-10-15T16:26:30.496+0000] {dag.py:4180} INFO - Setting next_dagrun for example_xcom to 2021-01-01 00:00:00+00:00, run_after=2021-01-01 00:00:00+00:00
[2024-10-15T16:26:30.513+0000] {processor.py:208} INFO - Processing /home/airflow/.local/lib/python3.12/site-packages/airflow/example_dags/example_xcom.py took 0.063 seconds
[2024-10-15T16:27:01.452+0000] {processor.py:186} INFO - Started process (PID=1447) to work on /home/airflow/.local/lib/python3.12/site-packages/airflow/example_dags/example_xcom.py
[2024-10-15T16:27:01.453+0000] {processor.py:914} INFO - Processing file /home/airflow/.local/lib/python3.12/site-packages/airflow/example_dags/example_xcom.py for tasks to queue
[2024-10-15T16:27:01.455+0000] {logging_mixin.py:190} INFO - [2024-10-15T16:27:01.455+0000] {dagbag.py:588} INFO - Filling up the DagBag from /home/airflow/.local/lib/python3.12/site-packages/airflow/example_dags/example_xcom.py
[2024-10-15T16:27:01.462+0000] {processor.py:925} INFO - DAG(s) 'example_xcom' retrieved from /home/airflow/.local/lib/python3.12/site-packages/airflow/example_dags/example_xcom.py
[2024-10-15T16:27:01.475+0000] {logging_mixin.py:190} INFO - [2024-10-15T16:27:01.475+0000] {dag.py:3239} INFO - Sync 1 DAGs
[2024-10-15T16:27:01.492+0000] {logging_mixin.py:190} INFO - [2024-10-15T16:27:01.492+0000] {dag.py:4180} INFO - Setting next_dagrun for example_xcom to 2021-01-01 00:00:00+00:00, run_after=2021-01-01 00:00:00+00:00
[2024-10-15T16:27:01.504+0000] {processor.py:208} INFO - Processing /home/airflow/.local/lib/python3.12/site-packages/airflow/example_dags/example_xcom.py took 0.056 seconds
[2024-10-15T16:27:31.845+0000] {processor.py:186} INFO - Started process (PID=1509) to work on /home/airflow/.local/lib/python3.12/site-packages/airflow/example_dags/example_xcom.py
[2024-10-15T16:27:31.846+0000] {processor.py:914} INFO - Processing file /home/airflow/.local/lib/python3.12/site-packages/airflow/example_dags/example_xcom.py for tasks to queue
[2024-10-15T16:27:31.849+0000] {logging_mixin.py:190} INFO - [2024-10-15T16:27:31.848+0000] {dagbag.py:588} INFO - Filling up the DagBag from /home/airflow/.local/lib/python3.12/site-packages/airflow/example_dags/example_xcom.py
[2024-10-15T16:27:31.856+0000] {processor.py:925} INFO - DAG(s) 'example_xcom' retrieved from /home/airflow/.local/lib/python3.12/site-packages/airflow/example_dags/example_xcom.py
[2024-10-15T16:27:31.872+0000] {logging_mixin.py:190} INFO - [2024-10-15T16:27:31.872+0000] {dag.py:3239} INFO - Sync 1 DAGs
[2024-10-15T16:27:31.889+0000] {logging_mixin.py:190} INFO - [2024-10-15T16:27:31.889+0000] {dag.py:4180} INFO - Setting next_dagrun for example_xcom to 2021-01-01 00:00:00+00:00, run_after=2021-01-01 00:00:00+00:00
[2024-10-15T16:27:31.908+0000] {processor.py:208} INFO - Processing /home/airflow/.local/lib/python3.12/site-packages/airflow/example_dags/example_xcom.py took 0.068 seconds
[2024-10-15T16:28:02.000+0000] {processor.py:186} INFO - Started process (PID=1571) to work on /home/airflow/.local/lib/python3.12/site-packages/airflow/example_dags/example_xcom.py
[2024-10-15T16:28:02.001+0000] {processor.py:914} INFO - Processing file /home/airflow/.local/lib/python3.12/site-packages/airflow/example_dags/example_xcom.py for tasks to queue
[2024-10-15T16:28:02.003+0000] {logging_mixin.py:190} INFO - [2024-10-15T16:28:02.002+0000] {dagbag.py:588} INFO - Filling up the DagBag from /home/airflow/.local/lib/python3.12/site-packages/airflow/example_dags/example_xcom.py
[2024-10-15T16:28:02.010+0000] {processor.py:925} INFO - DAG(s) 'example_xcom' retrieved from /home/airflow/.local/lib/python3.12/site-packages/airflow/example_dags/example_xcom.py
[2024-10-15T16:28:02.025+0000] {logging_mixin.py:190} INFO - [2024-10-15T16:28:02.025+0000] {dag.py:3239} INFO - Sync 1 DAGs
[2024-10-15T16:28:02.042+0000] {logging_mixin.py:190} INFO - [2024-10-15T16:28:02.041+0000] {dag.py:4180} INFO - Setting next_dagrun for example_xcom to 2021-01-01 00:00:00+00:00, run_after=2021-01-01 00:00:00+00:00
[2024-10-15T16:28:02.054+0000] {processor.py:208} INFO - Processing /home/airflow/.local/lib/python3.12/site-packages/airflow/example_dags/example_xcom.py took 0.058 seconds
[2024-10-15T16:28:32.626+0000] {processor.py:186} INFO - Started process (PID=1633) to work on /home/airflow/.local/lib/python3.12/site-packages/airflow/example_dags/example_xcom.py
[2024-10-15T16:28:32.627+0000] {processor.py:914} INFO - Processing file /home/airflow/.local/lib/python3.12/site-packages/airflow/example_dags/example_xcom.py for tasks to queue
[2024-10-15T16:28:32.629+0000] {logging_mixin.py:190} INFO - [2024-10-15T16:28:32.629+0000] {dagbag.py:588} INFO - Filling up the DagBag from /home/airflow/.local/lib/python3.12/site-packages/airflow/example_dags/example_xcom.py
[2024-10-15T16:28:32.635+0000] {processor.py:925} INFO - DAG(s) 'example_xcom' retrieved from /home/airflow/.local/lib/python3.12/site-packages/airflow/example_dags/example_xcom.py
[2024-10-15T16:28:32.651+0000] {logging_mixin.py:190} INFO - [2024-10-15T16:28:32.651+0000] {dag.py:3239} INFO - Sync 1 DAGs
[2024-10-15T16:28:32.671+0000] {logging_mixin.py:190} INFO - [2024-10-15T16:28:32.671+0000] {dag.py:4180} INFO - Setting next_dagrun for example_xcom to 2021-01-01 00:00:00+00:00, run_after=2021-01-01 00:00:00+00:00
[2024-10-15T16:28:32.685+0000] {processor.py:208} INFO - Processing /home/airflow/.local/lib/python3.12/site-packages/airflow/example_dags/example_xcom.py took 0.063 seconds
[2024-10-15T16:29:03.700+0000] {processor.py:186} INFO - Started process (PID=1695) to work on /home/airflow/.local/lib/python3.12/site-packages/airflow/example_dags/example_xcom.py
[2024-10-15T16:29:03.701+0000] {processor.py:914} INFO - Processing file /home/airflow/.local/lib/python3.12/site-packages/airflow/example_dags/example_xcom.py for tasks to queue
[2024-10-15T16:29:03.703+0000] {logging_mixin.py:190} INFO - [2024-10-15T16:29:03.703+0000] {dagbag.py:588} INFO - Filling up the DagBag from /home/airflow/.local/lib/python3.12/site-packages/airflow/example_dags/example_xcom.py
[2024-10-15T16:29:03.710+0000] {processor.py:925} INFO - DAG(s) 'example_xcom' retrieved from /home/airflow/.local/lib/python3.12/site-packages/airflow/example_dags/example_xcom.py
[2024-10-15T16:29:03.725+0000] {logging_mixin.py:190} INFO - [2024-10-15T16:29:03.725+0000] {dag.py:3239} INFO - Sync 1 DAGs
[2024-10-15T16:29:03.741+0000] {logging_mixin.py:190} INFO - [2024-10-15T16:29:03.741+0000] {dag.py:4180} INFO - Setting next_dagrun for example_xcom to 2021-01-01 00:00:00+00:00, run_after=2021-01-01 00:00:00+00:00
[2024-10-15T16:29:03.756+0000] {processor.py:208} INFO - Processing /home/airflow/.local/lib/python3.12/site-packages/airflow/example_dags/example_xcom.py took 0.060 seconds
[2024-10-15T16:29:33.915+0000] {processor.py:186} INFO - Started process (PID=1757) to work on /home/airflow/.local/lib/python3.12/site-packages/airflow/example_dags/example_xcom.py
[2024-10-15T16:29:33.916+0000] {processor.py:914} INFO - Processing file /home/airflow/.local/lib/python3.12/site-packages/airflow/example_dags/example_xcom.py for tasks to queue
[2024-10-15T16:29:33.919+0000] {logging_mixin.py:190} INFO - [2024-10-15T16:29:33.918+0000] {dagbag.py:588} INFO - Filling up the DagBag from /home/airflow/.local/lib/python3.12/site-packages/airflow/example_dags/example_xcom.py
[2024-10-15T16:29:33.926+0000] {processor.py:925} INFO - DAG(s) 'example_xcom' retrieved from /home/airflow/.local/lib/python3.12/site-packages/airflow/example_dags/example_xcom.py
[2024-10-15T16:29:33.943+0000] {logging_mixin.py:190} INFO - [2024-10-15T16:29:33.943+0000] {dag.py:3239} INFO - Sync 1 DAGs
[2024-10-15T16:29:33.962+0000] {logging_mixin.py:190} INFO - [2024-10-15T16:29:33.962+0000] {dag.py:4180} INFO - Setting next_dagrun for example_xcom to 2021-01-01 00:00:00+00:00, run_after=2021-01-01 00:00:00+00:00
[2024-10-15T16:29:33.979+0000] {processor.py:208} INFO - Processing /home/airflow/.local/lib/python3.12/site-packages/airflow/example_dags/example_xcom.py took 0.068 seconds
