[2024-10-15T16:15:47.437+0000] {processor.py:186} INFO - Started process (PID=108) to work on /home/airflow/.local/lib/python3.12/site-packages/airflow/example_dags/example_external_task_marker_dag.py
[2024-10-15T16:15:47.438+0000] {processor.py:914} INFO - Processing file /home/airflow/.local/lib/python3.12/site-packages/airflow/example_dags/example_external_task_marker_dag.py for tasks to queue
[2024-10-15T16:15:47.440+0000] {logging_mixin.py:190} INFO - [2024-10-15T16:15:47.440+0000] {dagbag.py:588} INFO - Filling up the DagBag from /home/airflow/.local/lib/python3.12/site-packages/airflow/example_dags/example_external_task_marker_dag.py
[2024-10-15T16:15:47.446+0000] {processor.py:925} INFO - DAG(s) 'example_external_task_marker_parent', 'example_external_task_marker_child' retrieved from /home/airflow/.local/lib/python3.12/site-packages/airflow/example_dags/example_external_task_marker_dag.py
[2024-10-15T16:15:47.513+0000] {logging_mixin.py:190} INFO - [2024-10-15T16:15:47.513+0000] {override.py:1900} INFO - Created Permission View: can read on DAG:example_external_task_marker_parent
[2024-10-15T16:15:47.522+0000] {logging_mixin.py:190} INFO - [2024-10-15T16:15:47.522+0000] {override.py:1900} INFO - Created Permission View: can delete on DAG:example_external_task_marker_parent
[2024-10-15T16:15:47.528+0000] {logging_mixin.py:190} INFO - [2024-10-15T16:15:47.527+0000] {override.py:1900} INFO - Created Permission View: can edit on DAG:example_external_task_marker_parent
[2024-10-15T16:15:47.534+0000] {logging_mixin.py:190} INFO - [2024-10-15T16:15:47.533+0000] {override.py:1900} INFO - Created Permission View: can read on DAG Run:example_external_task_marker_parent
[2024-10-15T16:15:47.539+0000] {logging_mixin.py:190} INFO - [2024-10-15T16:15:47.539+0000] {override.py:1900} INFO - Created Permission View: can create on DAG Run:example_external_task_marker_parent
[2024-10-15T16:15:47.545+0000] {logging_mixin.py:190} INFO - [2024-10-15T16:15:47.545+0000] {override.py:1900} INFO - Created Permission View: menu access on DAG Run:example_external_task_marker_parent
[2024-10-15T16:15:47.550+0000] {logging_mixin.py:190} INFO - [2024-10-15T16:15:47.550+0000] {override.py:1900} INFO - Created Permission View: can delete on DAG Run:example_external_task_marker_parent
[2024-10-15T16:15:47.561+0000] {logging_mixin.py:190} INFO - [2024-10-15T16:15:47.561+0000] {override.py:1900} INFO - Created Permission View: can read on DAG:example_external_task_marker_child
[2024-10-15T16:15:47.566+0000] {logging_mixin.py:190} INFO - [2024-10-15T16:15:47.566+0000] {override.py:1900} INFO - Created Permission View: can delete on DAG:example_external_task_marker_child
[2024-10-15T16:15:47.571+0000] {logging_mixin.py:190} INFO - [2024-10-15T16:15:47.571+0000] {override.py:1900} INFO - Created Permission View: can edit on DAG:example_external_task_marker_child
[2024-10-15T16:15:47.577+0000] {logging_mixin.py:190} INFO - [2024-10-15T16:15:47.577+0000] {override.py:1900} INFO - Created Permission View: can read on DAG Run:example_external_task_marker_child
[2024-10-15T16:15:47.583+0000] {logging_mixin.py:190} INFO - [2024-10-15T16:15:47.583+0000] {override.py:1900} INFO - Created Permission View: can create on DAG Run:example_external_task_marker_child
[2024-10-15T16:15:47.588+0000] {logging_mixin.py:190} INFO - [2024-10-15T16:15:47.588+0000] {override.py:1900} INFO - Created Permission View: menu access on DAG Run:example_external_task_marker_child
[2024-10-15T16:15:47.597+0000] {logging_mixin.py:190} INFO - [2024-10-15T16:15:47.596+0000] {override.py:1900} INFO - Created Permission View: can delete on DAG Run:example_external_task_marker_child
[2024-10-15T16:15:47.597+0000] {logging_mixin.py:190} INFO - [2024-10-15T16:15:47.597+0000] {dag.py:3239} INFO - Sync 2 DAGs
[2024-10-15T16:15:47.607+0000] {logging_mixin.py:190} INFO - [2024-10-15T16:15:47.606+0000] {dag.py:3262} INFO - Creating ORM DAG for example_external_task_marker_parent
[2024-10-15T16:15:47.607+0000] {logging_mixin.py:190} INFO - [2024-10-15T16:15:47.607+0000] {dag.py:3262} INFO - Creating ORM DAG for example_external_task_marker_child
[2024-10-15T16:15:47.608+0000] {logging_mixin.py:190} INFO - [2024-10-15T16:15:47.608+0000] {dag.py:4180} INFO - Setting next_dagrun for example_external_task_marker_child to None, run_after=None
[2024-10-15T16:15:47.608+0000] {logging_mixin.py:190} INFO - [2024-10-15T16:15:47.608+0000] {dag.py:4180} INFO - Setting next_dagrun for example_external_task_marker_parent to None, run_after=None
[2024-10-15T16:15:47.620+0000] {processor.py:208} INFO - Processing /home/airflow/.local/lib/python3.12/site-packages/airflow/example_dags/example_external_task_marker_dag.py took 0.188 seconds
[2024-10-15T16:16:18.560+0000] {processor.py:186} INFO - Started process (PID=170) to work on /home/airflow/.local/lib/python3.12/site-packages/airflow/example_dags/example_external_task_marker_dag.py
[2024-10-15T16:16:18.560+0000] {processor.py:914} INFO - Processing file /home/airflow/.local/lib/python3.12/site-packages/airflow/example_dags/example_external_task_marker_dag.py for tasks to queue
[2024-10-15T16:16:18.562+0000] {logging_mixin.py:190} INFO - [2024-10-15T16:16:18.562+0000] {dagbag.py:588} INFO - Filling up the DagBag from /home/airflow/.local/lib/python3.12/site-packages/airflow/example_dags/example_external_task_marker_dag.py
[2024-10-15T16:16:18.568+0000] {processor.py:925} INFO - DAG(s) 'example_external_task_marker_parent', 'example_external_task_marker_child' retrieved from /home/airflow/.local/lib/python3.12/site-packages/airflow/example_dags/example_external_task_marker_dag.py
[2024-10-15T16:16:18.585+0000] {logging_mixin.py:190} INFO - [2024-10-15T16:16:18.585+0000] {dag.py:3239} INFO - Sync 2 DAGs
[2024-10-15T16:16:18.594+0000] {logging_mixin.py:190} INFO - [2024-10-15T16:16:18.594+0000] {dag.py:4180} INFO - Setting next_dagrun for example_external_task_marker_child to None, run_after=None
[2024-10-15T16:16:18.597+0000] {logging_mixin.py:190} INFO - [2024-10-15T16:16:18.597+0000] {dag.py:4180} INFO - Setting next_dagrun for example_external_task_marker_parent to None, run_after=None
[2024-10-15T16:16:18.608+0000] {processor.py:208} INFO - Processing /home/airflow/.local/lib/python3.12/site-packages/airflow/example_dags/example_external_task_marker_dag.py took 0.052 seconds
[2024-10-15T16:16:49.234+0000] {processor.py:186} INFO - Started process (PID=232) to work on /home/airflow/.local/lib/python3.12/site-packages/airflow/example_dags/example_external_task_marker_dag.py
[2024-10-15T16:16:49.235+0000] {processor.py:914} INFO - Processing file /home/airflow/.local/lib/python3.12/site-packages/airflow/example_dags/example_external_task_marker_dag.py for tasks to queue
[2024-10-15T16:16:49.237+0000] {logging_mixin.py:190} INFO - [2024-10-15T16:16:49.236+0000] {dagbag.py:588} INFO - Filling up the DagBag from /home/airflow/.local/lib/python3.12/site-packages/airflow/example_dags/example_external_task_marker_dag.py
[2024-10-15T16:16:49.243+0000] {processor.py:925} INFO - DAG(s) 'example_external_task_marker_parent', 'example_external_task_marker_child' retrieved from /home/airflow/.local/lib/python3.12/site-packages/airflow/example_dags/example_external_task_marker_dag.py
[2024-10-15T16:16:49.263+0000] {logging_mixin.py:190} INFO - [2024-10-15T16:16:49.262+0000] {dag.py:3239} INFO - Sync 2 DAGs
[2024-10-15T16:16:49.274+0000] {logging_mixin.py:190} INFO - [2024-10-15T16:16:49.274+0000] {dag.py:4180} INFO - Setting next_dagrun for example_external_task_marker_child to None, run_after=None
[2024-10-15T16:16:49.277+0000] {logging_mixin.py:190} INFO - [2024-10-15T16:16:49.277+0000] {dag.py:4180} INFO - Setting next_dagrun for example_external_task_marker_parent to None, run_after=None
[2024-10-15T16:16:49.289+0000] {processor.py:208} INFO - Processing /home/airflow/.local/lib/python3.12/site-packages/airflow/example_dags/example_external_task_marker_dag.py took 0.060 seconds
[2024-10-15T16:17:20.133+0000] {processor.py:186} INFO - Started process (PID=294) to work on /home/airflow/.local/lib/python3.12/site-packages/airflow/example_dags/example_external_task_marker_dag.py
[2024-10-15T16:17:20.134+0000] {processor.py:914} INFO - Processing file /home/airflow/.local/lib/python3.12/site-packages/airflow/example_dags/example_external_task_marker_dag.py for tasks to queue
[2024-10-15T16:17:20.136+0000] {logging_mixin.py:190} INFO - [2024-10-15T16:17:20.136+0000] {dagbag.py:588} INFO - Filling up the DagBag from /home/airflow/.local/lib/python3.12/site-packages/airflow/example_dags/example_external_task_marker_dag.py
[2024-10-15T16:17:20.142+0000] {processor.py:925} INFO - DAG(s) 'example_external_task_marker_parent', 'example_external_task_marker_child' retrieved from /home/airflow/.local/lib/python3.12/site-packages/airflow/example_dags/example_external_task_marker_dag.py
[2024-10-15T16:17:20.159+0000] {logging_mixin.py:190} INFO - [2024-10-15T16:17:20.159+0000] {dag.py:3239} INFO - Sync 2 DAGs
[2024-10-15T16:17:20.172+0000] {logging_mixin.py:190} INFO - [2024-10-15T16:17:20.171+0000] {dag.py:4180} INFO - Setting next_dagrun for example_external_task_marker_child to None, run_after=None
[2024-10-15T16:17:20.174+0000] {logging_mixin.py:190} INFO - [2024-10-15T16:17:20.174+0000] {dag.py:4180} INFO - Setting next_dagrun for example_external_task_marker_parent to None, run_after=None
[2024-10-15T16:17:20.185+0000] {processor.py:208} INFO - Processing /home/airflow/.local/lib/python3.12/site-packages/airflow/example_dags/example_external_task_marker_dag.py took 0.056 seconds
[2024-10-15T16:17:50.924+0000] {processor.py:186} INFO - Started process (PID=356) to work on /home/airflow/.local/lib/python3.12/site-packages/airflow/example_dags/example_external_task_marker_dag.py
[2024-10-15T16:17:50.924+0000] {processor.py:914} INFO - Processing file /home/airflow/.local/lib/python3.12/site-packages/airflow/example_dags/example_external_task_marker_dag.py for tasks to queue
[2024-10-15T16:17:50.926+0000] {logging_mixin.py:190} INFO - [2024-10-15T16:17:50.926+0000] {dagbag.py:588} INFO - Filling up the DagBag from /home/airflow/.local/lib/python3.12/site-packages/airflow/example_dags/example_external_task_marker_dag.py
[2024-10-15T16:17:50.931+0000] {processor.py:925} INFO - DAG(s) 'example_external_task_marker_child', 'example_external_task_marker_parent' retrieved from /home/airflow/.local/lib/python3.12/site-packages/airflow/example_dags/example_external_task_marker_dag.py
[2024-10-15T16:17:50.948+0000] {logging_mixin.py:190} INFO - [2024-10-15T16:17:50.948+0000] {dag.py:3239} INFO - Sync 2 DAGs
[2024-10-15T16:17:50.961+0000] {logging_mixin.py:190} INFO - [2024-10-15T16:17:50.960+0000] {dag.py:4180} INFO - Setting next_dagrun for example_external_task_marker_child to None, run_after=None
[2024-10-15T16:17:50.963+0000] {logging_mixin.py:190} INFO - [2024-10-15T16:17:50.963+0000] {dag.py:4180} INFO - Setting next_dagrun for example_external_task_marker_parent to None, run_after=None
[2024-10-15T16:17:50.981+0000] {processor.py:208} INFO - Processing /home/airflow/.local/lib/python3.12/site-packages/airflow/example_dags/example_external_task_marker_dag.py took 0.061 seconds
[2024-10-15T16:18:21.013+0000] {processor.py:186} INFO - Started process (PID=418) to work on /home/airflow/.local/lib/python3.12/site-packages/airflow/example_dags/example_external_task_marker_dag.py
[2024-10-15T16:18:21.014+0000] {processor.py:914} INFO - Processing file /home/airflow/.local/lib/python3.12/site-packages/airflow/example_dags/example_external_task_marker_dag.py for tasks to queue
[2024-10-15T16:18:21.016+0000] {logging_mixin.py:190} INFO - [2024-10-15T16:18:21.015+0000] {dagbag.py:588} INFO - Filling up the DagBag from /home/airflow/.local/lib/python3.12/site-packages/airflow/example_dags/example_external_task_marker_dag.py
[2024-10-15T16:18:21.023+0000] {processor.py:925} INFO - DAG(s) 'example_external_task_marker_parent', 'example_external_task_marker_child' retrieved from /home/airflow/.local/lib/python3.12/site-packages/airflow/example_dags/example_external_task_marker_dag.py
[2024-10-15T16:18:21.046+0000] {logging_mixin.py:190} INFO - [2024-10-15T16:18:21.046+0000] {dag.py:3239} INFO - Sync 2 DAGs
[2024-10-15T16:18:21.061+0000] {logging_mixin.py:190} INFO - [2024-10-15T16:18:21.061+0000] {dag.py:4180} INFO - Setting next_dagrun for example_external_task_marker_child to None, run_after=None
[2024-10-15T16:18:21.064+0000] {logging_mixin.py:190} INFO - [2024-10-15T16:18:21.064+0000] {dag.py:4180} INFO - Setting next_dagrun for example_external_task_marker_parent to None, run_after=None
[2024-10-15T16:18:21.079+0000] {processor.py:208} INFO - Processing /home/airflow/.local/lib/python3.12/site-packages/airflow/example_dags/example_external_task_marker_dag.py took 0.071 seconds
[2024-10-15T16:18:52.121+0000] {processor.py:186} INFO - Started process (PID=480) to work on /home/airflow/.local/lib/python3.12/site-packages/airflow/example_dags/example_external_task_marker_dag.py
[2024-10-15T16:18:52.121+0000] {processor.py:914} INFO - Processing file /home/airflow/.local/lib/python3.12/site-packages/airflow/example_dags/example_external_task_marker_dag.py for tasks to queue
[2024-10-15T16:18:52.123+0000] {logging_mixin.py:190} INFO - [2024-10-15T16:18:52.122+0000] {dagbag.py:588} INFO - Filling up the DagBag from /home/airflow/.local/lib/python3.12/site-packages/airflow/example_dags/example_external_task_marker_dag.py
[2024-10-15T16:18:52.128+0000] {processor.py:925} INFO - DAG(s) 'example_external_task_marker_parent', 'example_external_task_marker_child' retrieved from /home/airflow/.local/lib/python3.12/site-packages/airflow/example_dags/example_external_task_marker_dag.py
[2024-10-15T16:18:52.144+0000] {logging_mixin.py:190} INFO - [2024-10-15T16:18:52.144+0000] {dag.py:3239} INFO - Sync 2 DAGs
[2024-10-15T16:18:52.154+0000] {logging_mixin.py:190} INFO - [2024-10-15T16:18:52.153+0000] {dag.py:4180} INFO - Setting next_dagrun for example_external_task_marker_child to None, run_after=None
[2024-10-15T16:18:52.156+0000] {logging_mixin.py:190} INFO - [2024-10-15T16:18:52.156+0000] {dag.py:4180} INFO - Setting next_dagrun for example_external_task_marker_parent to None, run_after=None
[2024-10-15T16:18:52.169+0000] {processor.py:208} INFO - Processing /home/airflow/.local/lib/python3.12/site-packages/airflow/example_dags/example_external_task_marker_dag.py took 0.052 seconds
[2024-10-15T16:19:23.115+0000] {processor.py:186} INFO - Started process (PID=542) to work on /home/airflow/.local/lib/python3.12/site-packages/airflow/example_dags/example_external_task_marker_dag.py
[2024-10-15T16:19:23.115+0000] {processor.py:914} INFO - Processing file /home/airflow/.local/lib/python3.12/site-packages/airflow/example_dags/example_external_task_marker_dag.py for tasks to queue
[2024-10-15T16:19:23.117+0000] {logging_mixin.py:190} INFO - [2024-10-15T16:19:23.116+0000] {dagbag.py:588} INFO - Filling up the DagBag from /home/airflow/.local/lib/python3.12/site-packages/airflow/example_dags/example_external_task_marker_dag.py
[2024-10-15T16:19:23.122+0000] {processor.py:925} INFO - DAG(s) 'example_external_task_marker_child', 'example_external_task_marker_parent' retrieved from /home/airflow/.local/lib/python3.12/site-packages/airflow/example_dags/example_external_task_marker_dag.py
[2024-10-15T16:19:23.137+0000] {logging_mixin.py:190} INFO - [2024-10-15T16:19:23.137+0000] {dag.py:3239} INFO - Sync 2 DAGs
[2024-10-15T16:19:23.146+0000] {logging_mixin.py:190} INFO - [2024-10-15T16:19:23.146+0000] {dag.py:4180} INFO - Setting next_dagrun for example_external_task_marker_child to None, run_after=None
[2024-10-15T16:19:23.148+0000] {logging_mixin.py:190} INFO - [2024-10-15T16:19:23.148+0000] {dag.py:4180} INFO - Setting next_dagrun for example_external_task_marker_parent to None, run_after=None
[2024-10-15T16:19:23.159+0000] {processor.py:208} INFO - Processing /home/airflow/.local/lib/python3.12/site-packages/airflow/example_dags/example_external_task_marker_dag.py took 0.048 seconds
[2024-10-15T16:19:54.107+0000] {processor.py:186} INFO - Started process (PID=604) to work on /home/airflow/.local/lib/python3.12/site-packages/airflow/example_dags/example_external_task_marker_dag.py
[2024-10-15T16:19:54.108+0000] {processor.py:914} INFO - Processing file /home/airflow/.local/lib/python3.12/site-packages/airflow/example_dags/example_external_task_marker_dag.py for tasks to queue
[2024-10-15T16:19:54.110+0000] {logging_mixin.py:190} INFO - [2024-10-15T16:19:54.110+0000] {dagbag.py:588} INFO - Filling up the DagBag from /home/airflow/.local/lib/python3.12/site-packages/airflow/example_dags/example_external_task_marker_dag.py
[2024-10-15T16:19:54.117+0000] {processor.py:925} INFO - DAG(s) 'example_external_task_marker_child', 'example_external_task_marker_parent' retrieved from /home/airflow/.local/lib/python3.12/site-packages/airflow/example_dags/example_external_task_marker_dag.py
[2024-10-15T16:19:54.137+0000] {logging_mixin.py:190} INFO - [2024-10-15T16:19:54.137+0000] {dag.py:3239} INFO - Sync 2 DAGs
[2024-10-15T16:19:54.152+0000] {logging_mixin.py:190} INFO - [2024-10-15T16:19:54.152+0000] {dag.py:4180} INFO - Setting next_dagrun for example_external_task_marker_child to None, run_after=None
[2024-10-15T16:19:54.155+0000] {logging_mixin.py:190} INFO - [2024-10-15T16:19:54.154+0000] {dag.py:4180} INFO - Setting next_dagrun for example_external_task_marker_parent to None, run_after=None
[2024-10-15T16:19:54.166+0000] {processor.py:208} INFO - Processing /home/airflow/.local/lib/python3.12/site-packages/airflow/example_dags/example_external_task_marker_dag.py took 0.065 seconds
[2024-10-15T16:20:25.138+0000] {processor.py:186} INFO - Started process (PID=666) to work on /home/airflow/.local/lib/python3.12/site-packages/airflow/example_dags/example_external_task_marker_dag.py
[2024-10-15T16:20:25.138+0000] {processor.py:914} INFO - Processing file /home/airflow/.local/lib/python3.12/site-packages/airflow/example_dags/example_external_task_marker_dag.py for tasks to queue
[2024-10-15T16:20:25.140+0000] {logging_mixin.py:190} INFO - [2024-10-15T16:20:25.139+0000] {dagbag.py:588} INFO - Filling up the DagBag from /home/airflow/.local/lib/python3.12/site-packages/airflow/example_dags/example_external_task_marker_dag.py
[2024-10-15T16:20:25.145+0000] {processor.py:925} INFO - DAG(s) 'example_external_task_marker_child', 'example_external_task_marker_parent' retrieved from /home/airflow/.local/lib/python3.12/site-packages/airflow/example_dags/example_external_task_marker_dag.py
[2024-10-15T16:20:25.162+0000] {logging_mixin.py:190} INFO - [2024-10-15T16:20:25.162+0000] {dag.py:3239} INFO - Sync 2 DAGs
[2024-10-15T16:20:25.174+0000] {logging_mixin.py:190} INFO - [2024-10-15T16:20:25.174+0000] {dag.py:4180} INFO - Setting next_dagrun for example_external_task_marker_child to None, run_after=None
[2024-10-15T16:20:25.176+0000] {logging_mixin.py:190} INFO - [2024-10-15T16:20:25.176+0000] {dag.py:4180} INFO - Setting next_dagrun for example_external_task_marker_parent to None, run_after=None
[2024-10-15T16:20:25.187+0000] {processor.py:208} INFO - Processing /home/airflow/.local/lib/python3.12/site-packages/airflow/example_dags/example_external_task_marker_dag.py took 0.054 seconds
[2024-10-15T16:20:56.027+0000] {processor.py:186} INFO - Started process (PID=728) to work on /home/airflow/.local/lib/python3.12/site-packages/airflow/example_dags/example_external_task_marker_dag.py
[2024-10-15T16:20:56.028+0000] {processor.py:914} INFO - Processing file /home/airflow/.local/lib/python3.12/site-packages/airflow/example_dags/example_external_task_marker_dag.py for tasks to queue
[2024-10-15T16:20:56.030+0000] {logging_mixin.py:190} INFO - [2024-10-15T16:20:56.030+0000] {dagbag.py:588} INFO - Filling up the DagBag from /home/airflow/.local/lib/python3.12/site-packages/airflow/example_dags/example_external_task_marker_dag.py
[2024-10-15T16:20:56.035+0000] {processor.py:925} INFO - DAG(s) 'example_external_task_marker_child', 'example_external_task_marker_parent' retrieved from /home/airflow/.local/lib/python3.12/site-packages/airflow/example_dags/example_external_task_marker_dag.py
[2024-10-15T16:20:56.055+0000] {logging_mixin.py:190} INFO - [2024-10-15T16:20:56.055+0000] {dag.py:3239} INFO - Sync 2 DAGs
[2024-10-15T16:20:56.067+0000] {logging_mixin.py:190} INFO - [2024-10-15T16:20:56.067+0000] {dag.py:4180} INFO - Setting next_dagrun for example_external_task_marker_child to None, run_after=None
[2024-10-15T16:20:56.070+0000] {logging_mixin.py:190} INFO - [2024-10-15T16:20:56.070+0000] {dag.py:4180} INFO - Setting next_dagrun for example_external_task_marker_parent to None, run_after=None
[2024-10-15T16:20:56.082+0000] {processor.py:208} INFO - Processing /home/airflow/.local/lib/python3.12/site-packages/airflow/example_dags/example_external_task_marker_dag.py took 0.059 seconds
[2024-10-15T16:21:27.038+0000] {processor.py:186} INFO - Started process (PID=790) to work on /home/airflow/.local/lib/python3.12/site-packages/airflow/example_dags/example_external_task_marker_dag.py
[2024-10-15T16:21:27.038+0000] {processor.py:914} INFO - Processing file /home/airflow/.local/lib/python3.12/site-packages/airflow/example_dags/example_external_task_marker_dag.py for tasks to queue
[2024-10-15T16:21:27.040+0000] {logging_mixin.py:190} INFO - [2024-10-15T16:21:27.040+0000] {dagbag.py:588} INFO - Filling up the DagBag from /home/airflow/.local/lib/python3.12/site-packages/airflow/example_dags/example_external_task_marker_dag.py
[2024-10-15T16:21:27.046+0000] {processor.py:925} INFO - DAG(s) 'example_external_task_marker_parent', 'example_external_task_marker_child' retrieved from /home/airflow/.local/lib/python3.12/site-packages/airflow/example_dags/example_external_task_marker_dag.py
[2024-10-15T16:21:27.063+0000] {logging_mixin.py:190} INFO - [2024-10-15T16:21:27.063+0000] {dag.py:3239} INFO - Sync 2 DAGs
[2024-10-15T16:21:27.074+0000] {logging_mixin.py:190} INFO - [2024-10-15T16:21:27.074+0000] {dag.py:4180} INFO - Setting next_dagrun for example_external_task_marker_child to None, run_after=None
[2024-10-15T16:21:27.077+0000] {logging_mixin.py:190} INFO - [2024-10-15T16:21:27.077+0000] {dag.py:4180} INFO - Setting next_dagrun for example_external_task_marker_parent to None, run_after=None
[2024-10-15T16:21:27.091+0000] {processor.py:208} INFO - Processing /home/airflow/.local/lib/python3.12/site-packages/airflow/example_dags/example_external_task_marker_dag.py took 0.058 seconds
[2024-10-15T16:21:58.135+0000] {processor.py:186} INFO - Started process (PID=852) to work on /home/airflow/.local/lib/python3.12/site-packages/airflow/example_dags/example_external_task_marker_dag.py
[2024-10-15T16:21:58.136+0000] {processor.py:914} INFO - Processing file /home/airflow/.local/lib/python3.12/site-packages/airflow/example_dags/example_external_task_marker_dag.py for tasks to queue
[2024-10-15T16:21:58.138+0000] {logging_mixin.py:190} INFO - [2024-10-15T16:21:58.138+0000] {dagbag.py:588} INFO - Filling up the DagBag from /home/airflow/.local/lib/python3.12/site-packages/airflow/example_dags/example_external_task_marker_dag.py
[2024-10-15T16:21:58.145+0000] {processor.py:925} INFO - DAG(s) 'example_external_task_marker_child', 'example_external_task_marker_parent' retrieved from /home/airflow/.local/lib/python3.12/site-packages/airflow/example_dags/example_external_task_marker_dag.py
[2024-10-15T16:21:58.168+0000] {logging_mixin.py:190} INFO - [2024-10-15T16:21:58.168+0000] {dag.py:3239} INFO - Sync 2 DAGs
[2024-10-15T16:21:58.182+0000] {logging_mixin.py:190} INFO - [2024-10-15T16:21:58.181+0000] {dag.py:4180} INFO - Setting next_dagrun for example_external_task_marker_child to None, run_after=None
[2024-10-15T16:21:58.185+0000] {logging_mixin.py:190} INFO - [2024-10-15T16:21:58.185+0000] {dag.py:4180} INFO - Setting next_dagrun for example_external_task_marker_parent to None, run_after=None
[2024-10-15T16:21:58.204+0000] {processor.py:208} INFO - Processing /home/airflow/.local/lib/python3.12/site-packages/airflow/example_dags/example_external_task_marker_dag.py took 0.075 seconds
[2024-10-15T16:22:28.394+0000] {processor.py:186} INFO - Started process (PID=914) to work on /home/airflow/.local/lib/python3.12/site-packages/airflow/example_dags/example_external_task_marker_dag.py
[2024-10-15T16:22:28.394+0000] {processor.py:914} INFO - Processing file /home/airflow/.local/lib/python3.12/site-packages/airflow/example_dags/example_external_task_marker_dag.py for tasks to queue
[2024-10-15T16:22:28.396+0000] {logging_mixin.py:190} INFO - [2024-10-15T16:22:28.396+0000] {dagbag.py:588} INFO - Filling up the DagBag from /home/airflow/.local/lib/python3.12/site-packages/airflow/example_dags/example_external_task_marker_dag.py
[2024-10-15T16:22:28.402+0000] {processor.py:925} INFO - DAG(s) 'example_external_task_marker_parent', 'example_external_task_marker_child' retrieved from /home/airflow/.local/lib/python3.12/site-packages/airflow/example_dags/example_external_task_marker_dag.py
[2024-10-15T16:22:28.421+0000] {logging_mixin.py:190} INFO - [2024-10-15T16:22:28.421+0000] {dag.py:3239} INFO - Sync 2 DAGs
[2024-10-15T16:22:28.434+0000] {logging_mixin.py:190} INFO - [2024-10-15T16:22:28.434+0000] {dag.py:4180} INFO - Setting next_dagrun for example_external_task_marker_child to None, run_after=None
[2024-10-15T16:22:28.438+0000] {logging_mixin.py:190} INFO - [2024-10-15T16:22:28.438+0000] {dag.py:4180} INFO - Setting next_dagrun for example_external_task_marker_parent to None, run_after=None
[2024-10-15T16:22:28.454+0000] {processor.py:208} INFO - Processing /home/airflow/.local/lib/python3.12/site-packages/airflow/example_dags/example_external_task_marker_dag.py took 0.066 seconds
[2024-10-15T16:22:59.342+0000] {processor.py:186} INFO - Started process (PID=976) to work on /home/airflow/.local/lib/python3.12/site-packages/airflow/example_dags/example_external_task_marker_dag.py
[2024-10-15T16:22:59.343+0000] {processor.py:914} INFO - Processing file /home/airflow/.local/lib/python3.12/site-packages/airflow/example_dags/example_external_task_marker_dag.py for tasks to queue
[2024-10-15T16:22:59.344+0000] {logging_mixin.py:190} INFO - [2024-10-15T16:22:59.344+0000] {dagbag.py:588} INFO - Filling up the DagBag from /home/airflow/.local/lib/python3.12/site-packages/airflow/example_dags/example_external_task_marker_dag.py
[2024-10-15T16:22:59.351+0000] {processor.py:925} INFO - DAG(s) 'example_external_task_marker_parent', 'example_external_task_marker_child' retrieved from /home/airflow/.local/lib/python3.12/site-packages/airflow/example_dags/example_external_task_marker_dag.py
[2024-10-15T16:22:59.366+0000] {logging_mixin.py:190} INFO - [2024-10-15T16:22:59.366+0000] {dag.py:3239} INFO - Sync 2 DAGs
[2024-10-15T16:22:59.377+0000] {logging_mixin.py:190} INFO - [2024-10-15T16:22:59.377+0000] {dag.py:4180} INFO - Setting next_dagrun for example_external_task_marker_child to None, run_after=None
[2024-10-15T16:22:59.380+0000] {logging_mixin.py:190} INFO - [2024-10-15T16:22:59.380+0000] {dag.py:4180} INFO - Setting next_dagrun for example_external_task_marker_parent to None, run_after=None
[2024-10-15T16:22:59.394+0000] {processor.py:208} INFO - Processing /home/airflow/.local/lib/python3.12/site-packages/airflow/example_dags/example_external_task_marker_dag.py took 0.057 seconds
[2024-10-15T16:23:29.612+0000] {processor.py:186} INFO - Started process (PID=1038) to work on /home/airflow/.local/lib/python3.12/site-packages/airflow/example_dags/example_external_task_marker_dag.py
[2024-10-15T16:23:29.613+0000] {processor.py:914} INFO - Processing file /home/airflow/.local/lib/python3.12/site-packages/airflow/example_dags/example_external_task_marker_dag.py for tasks to queue
[2024-10-15T16:23:29.615+0000] {logging_mixin.py:190} INFO - [2024-10-15T16:23:29.615+0000] {dagbag.py:588} INFO - Filling up the DagBag from /home/airflow/.local/lib/python3.12/site-packages/airflow/example_dags/example_external_task_marker_dag.py
[2024-10-15T16:23:29.622+0000] {processor.py:925} INFO - DAG(s) 'example_external_task_marker_child', 'example_external_task_marker_parent' retrieved from /home/airflow/.local/lib/python3.12/site-packages/airflow/example_dags/example_external_task_marker_dag.py
[2024-10-15T16:23:29.644+0000] {logging_mixin.py:190} INFO - [2024-10-15T16:23:29.644+0000] {dag.py:3239} INFO - Sync 2 DAGs
[2024-10-15T16:23:29.656+0000] {logging_mixin.py:190} INFO - [2024-10-15T16:23:29.656+0000] {dag.py:4180} INFO - Setting next_dagrun for example_external_task_marker_child to None, run_after=None
[2024-10-15T16:23:29.659+0000] {logging_mixin.py:190} INFO - [2024-10-15T16:23:29.659+0000] {dag.py:4180} INFO - Setting next_dagrun for example_external_task_marker_parent to None, run_after=None
[2024-10-15T16:23:29.674+0000] {processor.py:208} INFO - Processing /home/airflow/.local/lib/python3.12/site-packages/airflow/example_dags/example_external_task_marker_dag.py took 0.066 seconds
[2024-10-15T16:23:59.803+0000] {processor.py:186} INFO - Started process (PID=1100) to work on /home/airflow/.local/lib/python3.12/site-packages/airflow/example_dags/example_external_task_marker_dag.py
[2024-10-15T16:23:59.804+0000] {processor.py:914} INFO - Processing file /home/airflow/.local/lib/python3.12/site-packages/airflow/example_dags/example_external_task_marker_dag.py for tasks to queue
[2024-10-15T16:23:59.806+0000] {logging_mixin.py:190} INFO - [2024-10-15T16:23:59.806+0000] {dagbag.py:588} INFO - Filling up the DagBag from /home/airflow/.local/lib/python3.12/site-packages/airflow/example_dags/example_external_task_marker_dag.py
[2024-10-15T16:23:59.813+0000] {processor.py:925} INFO - DAG(s) 'example_external_task_marker_child', 'example_external_task_marker_parent' retrieved from /home/airflow/.local/lib/python3.12/site-packages/airflow/example_dags/example_external_task_marker_dag.py
[2024-10-15T16:23:59.831+0000] {logging_mixin.py:190} INFO - [2024-10-15T16:23:59.831+0000] {dag.py:3239} INFO - Sync 2 DAGs
[2024-10-15T16:23:59.844+0000] {logging_mixin.py:190} INFO - [2024-10-15T16:23:59.844+0000] {dag.py:4180} INFO - Setting next_dagrun for example_external_task_marker_child to None, run_after=None
[2024-10-15T16:23:59.848+0000] {logging_mixin.py:190} INFO - [2024-10-15T16:23:59.847+0000] {dag.py:4180} INFO - Setting next_dagrun for example_external_task_marker_parent to None, run_after=None
[2024-10-15T16:23:59.861+0000] {processor.py:208} INFO - Processing /home/airflow/.local/lib/python3.12/site-packages/airflow/example_dags/example_external_task_marker_dag.py took 0.063 seconds
[2024-10-15T16:24:30.755+0000] {processor.py:186} INFO - Started process (PID=1162) to work on /home/airflow/.local/lib/python3.12/site-packages/airflow/example_dags/example_external_task_marker_dag.py
[2024-10-15T16:24:30.755+0000] {processor.py:914} INFO - Processing file /home/airflow/.local/lib/python3.12/site-packages/airflow/example_dags/example_external_task_marker_dag.py for tasks to queue
[2024-10-15T16:24:30.757+0000] {logging_mixin.py:190} INFO - [2024-10-15T16:24:30.757+0000] {dagbag.py:588} INFO - Filling up the DagBag from /home/airflow/.local/lib/python3.12/site-packages/airflow/example_dags/example_external_task_marker_dag.py
[2024-10-15T16:24:30.762+0000] {processor.py:925} INFO - DAG(s) 'example_external_task_marker_parent', 'example_external_task_marker_child' retrieved from /home/airflow/.local/lib/python3.12/site-packages/airflow/example_dags/example_external_task_marker_dag.py
[2024-10-15T16:24:30.780+0000] {logging_mixin.py:190} INFO - [2024-10-15T16:24:30.779+0000] {dag.py:3239} INFO - Sync 2 DAGs
[2024-10-15T16:24:30.792+0000] {logging_mixin.py:190} INFO - [2024-10-15T16:24:30.792+0000] {dag.py:4180} INFO - Setting next_dagrun for example_external_task_marker_child to None, run_after=None
[2024-10-15T16:24:30.796+0000] {logging_mixin.py:190} INFO - [2024-10-15T16:24:30.796+0000] {dag.py:4180} INFO - Setting next_dagrun for example_external_task_marker_parent to None, run_after=None
[2024-10-15T16:24:30.813+0000] {processor.py:208} INFO - Processing /home/airflow/.local/lib/python3.12/site-packages/airflow/example_dags/example_external_task_marker_dag.py took 0.063 seconds
[2024-10-15T16:25:01.603+0000] {processor.py:186} INFO - Started process (PID=1224) to work on /home/airflow/.local/lib/python3.12/site-packages/airflow/example_dags/example_external_task_marker_dag.py
[2024-10-15T16:25:01.606+0000] {processor.py:914} INFO - Processing file /home/airflow/.local/lib/python3.12/site-packages/airflow/example_dags/example_external_task_marker_dag.py for tasks to queue
[2024-10-15T16:25:01.611+0000] {logging_mixin.py:190} INFO - [2024-10-15T16:25:01.610+0000] {dagbag.py:588} INFO - Filling up the DagBag from /home/airflow/.local/lib/python3.12/site-packages/airflow/example_dags/example_external_task_marker_dag.py
[2024-10-15T16:25:01.619+0000] {processor.py:925} INFO - DAG(s) 'example_external_task_marker_child', 'example_external_task_marker_parent' retrieved from /home/airflow/.local/lib/python3.12/site-packages/airflow/example_dags/example_external_task_marker_dag.py
[2024-10-15T16:25:01.641+0000] {logging_mixin.py:190} INFO - [2024-10-15T16:25:01.641+0000] {dag.py:3239} INFO - Sync 2 DAGs
[2024-10-15T16:25:01.654+0000] {logging_mixin.py:190} INFO - [2024-10-15T16:25:01.654+0000] {dag.py:4180} INFO - Setting next_dagrun for example_external_task_marker_child to None, run_after=None
[2024-10-15T16:25:01.658+0000] {logging_mixin.py:190} INFO - [2024-10-15T16:25:01.658+0000] {dag.py:4180} INFO - Setting next_dagrun for example_external_task_marker_parent to None, run_after=None
[2024-10-15T16:25:01.676+0000] {processor.py:208} INFO - Processing /home/airflow/.local/lib/python3.12/site-packages/airflow/example_dags/example_external_task_marker_dag.py took 0.079 seconds
[2024-10-15T16:25:32.151+0000] {processor.py:186} INFO - Started process (PID=1286) to work on /home/airflow/.local/lib/python3.12/site-packages/airflow/example_dags/example_external_task_marker_dag.py
[2024-10-15T16:25:32.152+0000] {processor.py:914} INFO - Processing file /home/airflow/.local/lib/python3.12/site-packages/airflow/example_dags/example_external_task_marker_dag.py for tasks to queue
[2024-10-15T16:25:32.153+0000] {logging_mixin.py:190} INFO - [2024-10-15T16:25:32.153+0000] {dagbag.py:588} INFO - Filling up the DagBag from /home/airflow/.local/lib/python3.12/site-packages/airflow/example_dags/example_external_task_marker_dag.py
[2024-10-15T16:25:32.159+0000] {processor.py:925} INFO - DAG(s) 'example_external_task_marker_child', 'example_external_task_marker_parent' retrieved from /home/airflow/.local/lib/python3.12/site-packages/airflow/example_dags/example_external_task_marker_dag.py
[2024-10-15T16:25:32.174+0000] {logging_mixin.py:190} INFO - [2024-10-15T16:25:32.174+0000] {dag.py:3239} INFO - Sync 2 DAGs
[2024-10-15T16:25:32.185+0000] {logging_mixin.py:190} INFO - [2024-10-15T16:25:32.185+0000] {dag.py:4180} INFO - Setting next_dagrun for example_external_task_marker_child to None, run_after=None
[2024-10-15T16:25:32.188+0000] {logging_mixin.py:190} INFO - [2024-10-15T16:25:32.188+0000] {dag.py:4180} INFO - Setting next_dagrun for example_external_task_marker_parent to None, run_after=None
[2024-10-15T16:25:32.204+0000] {processor.py:208} INFO - Processing /home/airflow/.local/lib/python3.12/site-packages/airflow/example_dags/example_external_task_marker_dag.py took 0.057 seconds
[2024-10-15T16:26:02.976+0000] {processor.py:186} INFO - Started process (PID=1348) to work on /home/airflow/.local/lib/python3.12/site-packages/airflow/example_dags/example_external_task_marker_dag.py
[2024-10-15T16:26:02.977+0000] {processor.py:914} INFO - Processing file /home/airflow/.local/lib/python3.12/site-packages/airflow/example_dags/example_external_task_marker_dag.py for tasks to queue
[2024-10-15T16:26:02.978+0000] {logging_mixin.py:190} INFO - [2024-10-15T16:26:02.978+0000] {dagbag.py:588} INFO - Filling up the DagBag from /home/airflow/.local/lib/python3.12/site-packages/airflow/example_dags/example_external_task_marker_dag.py
[2024-10-15T16:26:02.984+0000] {processor.py:925} INFO - DAG(s) 'example_external_task_marker_parent', 'example_external_task_marker_child' retrieved from /home/airflow/.local/lib/python3.12/site-packages/airflow/example_dags/example_external_task_marker_dag.py
[2024-10-15T16:26:03.001+0000] {logging_mixin.py:190} INFO - [2024-10-15T16:26:03.001+0000] {dag.py:3239} INFO - Sync 2 DAGs
[2024-10-15T16:26:03.012+0000] {logging_mixin.py:190} INFO - [2024-10-15T16:26:03.012+0000] {dag.py:4180} INFO - Setting next_dagrun for example_external_task_marker_child to None, run_after=None
[2024-10-15T16:26:03.015+0000] {logging_mixin.py:190} INFO - [2024-10-15T16:26:03.014+0000] {dag.py:4180} INFO - Setting next_dagrun for example_external_task_marker_parent to None, run_after=None
[2024-10-15T16:26:03.029+0000] {processor.py:208} INFO - Processing /home/airflow/.local/lib/python3.12/site-packages/airflow/example_dags/example_external_task_marker_dag.py took 0.058 seconds
[2024-10-15T16:26:33.889+0000] {processor.py:186} INFO - Started process (PID=1410) to work on /home/airflow/.local/lib/python3.12/site-packages/airflow/example_dags/example_external_task_marker_dag.py
[2024-10-15T16:26:33.890+0000] {processor.py:914} INFO - Processing file /home/airflow/.local/lib/python3.12/site-packages/airflow/example_dags/example_external_task_marker_dag.py for tasks to queue
[2024-10-15T16:26:33.892+0000] {logging_mixin.py:190} INFO - [2024-10-15T16:26:33.891+0000] {dagbag.py:588} INFO - Filling up the DagBag from /home/airflow/.local/lib/python3.12/site-packages/airflow/example_dags/example_external_task_marker_dag.py
[2024-10-15T16:26:33.899+0000] {processor.py:925} INFO - DAG(s) 'example_external_task_marker_parent', 'example_external_task_marker_child' retrieved from /home/airflow/.local/lib/python3.12/site-packages/airflow/example_dags/example_external_task_marker_dag.py
[2024-10-15T16:26:33.915+0000] {logging_mixin.py:190} INFO - [2024-10-15T16:26:33.915+0000] {dag.py:3239} INFO - Sync 2 DAGs
[2024-10-15T16:26:33.926+0000] {logging_mixin.py:190} INFO - [2024-10-15T16:26:33.926+0000] {dag.py:4180} INFO - Setting next_dagrun for example_external_task_marker_child to None, run_after=None
[2024-10-15T16:26:33.928+0000] {logging_mixin.py:190} INFO - [2024-10-15T16:26:33.928+0000] {dag.py:4180} INFO - Setting next_dagrun for example_external_task_marker_parent to None, run_after=None
[2024-10-15T16:26:33.939+0000] {processor.py:208} INFO - Processing /home/airflow/.local/lib/python3.12/site-packages/airflow/example_dags/example_external_task_marker_dag.py took 0.054 seconds
[2024-10-15T16:27:04.959+0000] {processor.py:186} INFO - Started process (PID=1472) to work on /home/airflow/.local/lib/python3.12/site-packages/airflow/example_dags/example_external_task_marker_dag.py
[2024-10-15T16:27:04.960+0000] {processor.py:914} INFO - Processing file /home/airflow/.local/lib/python3.12/site-packages/airflow/example_dags/example_external_task_marker_dag.py for tasks to queue
[2024-10-15T16:27:04.962+0000] {logging_mixin.py:190} INFO - [2024-10-15T16:27:04.961+0000] {dagbag.py:588} INFO - Filling up the DagBag from /home/airflow/.local/lib/python3.12/site-packages/airflow/example_dags/example_external_task_marker_dag.py
[2024-10-15T16:27:04.967+0000] {processor.py:925} INFO - DAG(s) 'example_external_task_marker_parent', 'example_external_task_marker_child' retrieved from /home/airflow/.local/lib/python3.12/site-packages/airflow/example_dags/example_external_task_marker_dag.py
[2024-10-15T16:27:04.984+0000] {logging_mixin.py:190} INFO - [2024-10-15T16:27:04.984+0000] {dag.py:3239} INFO - Sync 2 DAGs
[2024-10-15T16:27:04.995+0000] {logging_mixin.py:190} INFO - [2024-10-15T16:27:04.994+0000] {dag.py:4180} INFO - Setting next_dagrun for example_external_task_marker_child to None, run_after=None
[2024-10-15T16:27:04.998+0000] {logging_mixin.py:190} INFO - [2024-10-15T16:27:04.998+0000] {dag.py:4180} INFO - Setting next_dagrun for example_external_task_marker_parent to None, run_after=None
[2024-10-15T16:27:05.009+0000] {processor.py:208} INFO - Processing /home/airflow/.local/lib/python3.12/site-packages/airflow/example_dags/example_external_task_marker_dag.py took 0.054 seconds
[2024-10-15T16:27:35.272+0000] {processor.py:186} INFO - Started process (PID=1534) to work on /home/airflow/.local/lib/python3.12/site-packages/airflow/example_dags/example_external_task_marker_dag.py
[2024-10-15T16:27:35.272+0000] {processor.py:914} INFO - Processing file /home/airflow/.local/lib/python3.12/site-packages/airflow/example_dags/example_external_task_marker_dag.py for tasks to queue
[2024-10-15T16:27:35.274+0000] {logging_mixin.py:190} INFO - [2024-10-15T16:27:35.274+0000] {dagbag.py:588} INFO - Filling up the DagBag from /home/airflow/.local/lib/python3.12/site-packages/airflow/example_dags/example_external_task_marker_dag.py
[2024-10-15T16:27:35.280+0000] {processor.py:925} INFO - DAG(s) 'example_external_task_marker_child', 'example_external_task_marker_parent' retrieved from /home/airflow/.local/lib/python3.12/site-packages/airflow/example_dags/example_external_task_marker_dag.py
[2024-10-15T16:27:35.297+0000] {logging_mixin.py:190} INFO - [2024-10-15T16:27:35.297+0000] {dag.py:3239} INFO - Sync 2 DAGs
[2024-10-15T16:27:35.310+0000] {logging_mixin.py:190} INFO - [2024-10-15T16:27:35.310+0000] {dag.py:4180} INFO - Setting next_dagrun for example_external_task_marker_child to None, run_after=None
[2024-10-15T16:27:35.313+0000] {logging_mixin.py:190} INFO - [2024-10-15T16:27:35.313+0000] {dag.py:4180} INFO - Setting next_dagrun for example_external_task_marker_parent to None, run_after=None
[2024-10-15T16:27:35.331+0000] {processor.py:208} INFO - Processing /home/airflow/.local/lib/python3.12/site-packages/airflow/example_dags/example_external_task_marker_dag.py took 0.064 seconds
[2024-10-15T16:28:06.155+0000] {processor.py:186} INFO - Started process (PID=1596) to work on /home/airflow/.local/lib/python3.12/site-packages/airflow/example_dags/example_external_task_marker_dag.py
[2024-10-15T16:28:06.156+0000] {processor.py:914} INFO - Processing file /home/airflow/.local/lib/python3.12/site-packages/airflow/example_dags/example_external_task_marker_dag.py for tasks to queue
[2024-10-15T16:28:06.158+0000] {logging_mixin.py:190} INFO - [2024-10-15T16:28:06.157+0000] {dagbag.py:588} INFO - Filling up the DagBag from /home/airflow/.local/lib/python3.12/site-packages/airflow/example_dags/example_external_task_marker_dag.py
[2024-10-15T16:28:06.163+0000] {processor.py:925} INFO - DAG(s) 'example_external_task_marker_parent', 'example_external_task_marker_child' retrieved from /home/airflow/.local/lib/python3.12/site-packages/airflow/example_dags/example_external_task_marker_dag.py
[2024-10-15T16:28:06.180+0000] {logging_mixin.py:190} INFO - [2024-10-15T16:28:06.180+0000] {dag.py:3239} INFO - Sync 2 DAGs
[2024-10-15T16:28:06.191+0000] {logging_mixin.py:190} INFO - [2024-10-15T16:28:06.191+0000] {dag.py:4180} INFO - Setting next_dagrun for example_external_task_marker_child to None, run_after=None
[2024-10-15T16:28:06.195+0000] {logging_mixin.py:190} INFO - [2024-10-15T16:28:06.195+0000] {dag.py:4180} INFO - Setting next_dagrun for example_external_task_marker_parent to None, run_after=None
[2024-10-15T16:28:06.284+0000] {processor.py:208} INFO - Processing /home/airflow/.local/lib/python3.12/site-packages/airflow/example_dags/example_external_task_marker_dag.py took 0.133 seconds
[2024-10-15T16:28:37.031+0000] {processor.py:186} INFO - Started process (PID=1658) to work on /home/airflow/.local/lib/python3.12/site-packages/airflow/example_dags/example_external_task_marker_dag.py
[2024-10-15T16:28:37.032+0000] {processor.py:914} INFO - Processing file /home/airflow/.local/lib/python3.12/site-packages/airflow/example_dags/example_external_task_marker_dag.py for tasks to queue
[2024-10-15T16:28:37.034+0000] {logging_mixin.py:190} INFO - [2024-10-15T16:28:37.034+0000] {dagbag.py:588} INFO - Filling up the DagBag from /home/airflow/.local/lib/python3.12/site-packages/airflow/example_dags/example_external_task_marker_dag.py
[2024-10-15T16:28:37.041+0000] {processor.py:925} INFO - DAG(s) 'example_external_task_marker_parent', 'example_external_task_marker_child' retrieved from /home/airflow/.local/lib/python3.12/site-packages/airflow/example_dags/example_external_task_marker_dag.py
[2024-10-15T16:28:37.061+0000] {logging_mixin.py:190} INFO - [2024-10-15T16:28:37.061+0000] {dag.py:3239} INFO - Sync 2 DAGs
[2024-10-15T16:28:37.074+0000] {logging_mixin.py:190} INFO - [2024-10-15T16:28:37.074+0000] {dag.py:4180} INFO - Setting next_dagrun for example_external_task_marker_child to None, run_after=None
[2024-10-15T16:28:37.078+0000] {logging_mixin.py:190} INFO - [2024-10-15T16:28:37.078+0000] {dag.py:4180} INFO - Setting next_dagrun for example_external_task_marker_parent to None, run_after=None
[2024-10-15T16:28:37.102+0000] {processor.py:208} INFO - Processing /home/airflow/.local/lib/python3.12/site-packages/airflow/example_dags/example_external_task_marker_dag.py took 0.077 seconds
[2024-10-15T16:29:07.209+0000] {processor.py:186} INFO - Started process (PID=1720) to work on /home/airflow/.local/lib/python3.12/site-packages/airflow/example_dags/example_external_task_marker_dag.py
[2024-10-15T16:29:07.210+0000] {processor.py:914} INFO - Processing file /home/airflow/.local/lib/python3.12/site-packages/airflow/example_dags/example_external_task_marker_dag.py for tasks to queue
[2024-10-15T16:29:07.212+0000] {logging_mixin.py:190} INFO - [2024-10-15T16:29:07.212+0000] {dagbag.py:588} INFO - Filling up the DagBag from /home/airflow/.local/lib/python3.12/site-packages/airflow/example_dags/example_external_task_marker_dag.py
[2024-10-15T16:29:07.219+0000] {processor.py:925} INFO - DAG(s) 'example_external_task_marker_parent', 'example_external_task_marker_child' retrieved from /home/airflow/.local/lib/python3.12/site-packages/airflow/example_dags/example_external_task_marker_dag.py
[2024-10-15T16:29:07.235+0000] {logging_mixin.py:190} INFO - [2024-10-15T16:29:07.234+0000] {dag.py:3239} INFO - Sync 2 DAGs
[2024-10-15T16:29:07.245+0000] {logging_mixin.py:190} INFO - [2024-10-15T16:29:07.245+0000] {dag.py:4180} INFO - Setting next_dagrun for example_external_task_marker_child to None, run_after=None
[2024-10-15T16:29:07.248+0000] {logging_mixin.py:190} INFO - [2024-10-15T16:29:07.248+0000] {dag.py:4180} INFO - Setting next_dagrun for example_external_task_marker_parent to None, run_after=None
[2024-10-15T16:29:07.265+0000] {processor.py:208} INFO - Processing /home/airflow/.local/lib/python3.12/site-packages/airflow/example_dags/example_external_task_marker_dag.py took 0.060 seconds
[2024-10-15T16:29:37.447+0000] {processor.py:186} INFO - Started process (PID=1782) to work on /home/airflow/.local/lib/python3.12/site-packages/airflow/example_dags/example_external_task_marker_dag.py
[2024-10-15T16:29:37.448+0000] {processor.py:914} INFO - Processing file /home/airflow/.local/lib/python3.12/site-packages/airflow/example_dags/example_external_task_marker_dag.py for tasks to queue
[2024-10-15T16:29:37.450+0000] {logging_mixin.py:190} INFO - [2024-10-15T16:29:37.450+0000] {dagbag.py:588} INFO - Filling up the DagBag from /home/airflow/.local/lib/python3.12/site-packages/airflow/example_dags/example_external_task_marker_dag.py
[2024-10-15T16:29:37.456+0000] {processor.py:925} INFO - DAG(s) 'example_external_task_marker_parent', 'example_external_task_marker_child' retrieved from /home/airflow/.local/lib/python3.12/site-packages/airflow/example_dags/example_external_task_marker_dag.py
[2024-10-15T16:29:37.473+0000] {logging_mixin.py:190} INFO - [2024-10-15T16:29:37.473+0000] {dag.py:3239} INFO - Sync 2 DAGs
[2024-10-15T16:29:37.484+0000] {logging_mixin.py:190} INFO - [2024-10-15T16:29:37.484+0000] {dag.py:4180} INFO - Setting next_dagrun for example_external_task_marker_child to None, run_after=None
[2024-10-15T16:29:37.487+0000] {logging_mixin.py:190} INFO - [2024-10-15T16:29:37.487+0000] {dag.py:4180} INFO - Setting next_dagrun for example_external_task_marker_parent to None, run_after=None
[2024-10-15T16:29:37.498+0000] {processor.py:208} INFO - Processing /home/airflow/.local/lib/python3.12/site-packages/airflow/example_dags/example_external_task_marker_dag.py took 0.055 seconds
