[2024-10-15T16:15:45.587+0000] {processor.py:186} INFO - Started process (PID=87) to work on /home/airflow/.local/lib/python3.12/site-packages/airflow/example_dags/example_subdag_operator.py
[2024-10-15T16:15:45.588+0000] {processor.py:914} INFO - Processing file /home/airflow/.local/lib/python3.12/site-packages/airflow/example_dags/example_subdag_operator.py for tasks to queue
[2024-10-15T16:15:45.590+0000] {logging_mixin.py:190} INFO - [2024-10-15T16:15:45.590+0000] {dagbag.py:588} INFO - Filling up the DagBag from /home/airflow/.local/lib/python3.12/site-packages/airflow/example_dags/example_subdag_operator.py
[2024-10-15T16:15:45.611+0000] {processor.py:925} INFO - DAG(s) 'example_subdag_operator.section-1', 'example_subdag_operator.section-2', 'example_subdag_operator' retrieved from /home/airflow/.local/lib/python3.12/site-packages/airflow/example_dags/example_subdag_operator.py
[2024-10-15T16:15:45.724+0000] {logging_mixin.py:190} INFO - [2024-10-15T16:15:45.723+0000] {override.py:1900} INFO - Created Permission View: can read on DAG:example_subdag_operator
[2024-10-15T16:15:45.734+0000] {logging_mixin.py:190} INFO - [2024-10-15T16:15:45.734+0000] {override.py:1900} INFO - Created Permission View: can delete on DAG:example_subdag_operator
[2024-10-15T16:15:45.744+0000] {logging_mixin.py:190} INFO - [2024-10-15T16:15:45.743+0000] {override.py:1900} INFO - Created Permission View: can edit on DAG:example_subdag_operator
[2024-10-15T16:15:45.753+0000] {logging_mixin.py:190} INFO - [2024-10-15T16:15:45.753+0000] {override.py:1900} INFO - Created Permission View: can read on DAG Run:example_subdag_operator
[2024-10-15T16:15:45.761+0000] {logging_mixin.py:190} INFO - [2024-10-15T16:15:45.760+0000] {override.py:1900} INFO - Created Permission View: can create on DAG Run:example_subdag_operator
[2024-10-15T16:15:45.769+0000] {logging_mixin.py:190} INFO - [2024-10-15T16:15:45.768+0000] {override.py:1900} INFO - Created Permission View: menu access on DAG Run:example_subdag_operator
[2024-10-15T16:15:45.777+0000] {logging_mixin.py:190} INFO - [2024-10-15T16:15:45.777+0000] {override.py:1900} INFO - Created Permission View: can delete on DAG Run:example_subdag_operator
[2024-10-15T16:15:45.778+0000] {logging_mixin.py:190} INFO - [2024-10-15T16:15:45.778+0000] {dag.py:3239} INFO - Sync 3 DAGs
[2024-10-15T16:15:45.788+0000] {logging_mixin.py:190} INFO - [2024-10-15T16:15:45.787+0000] {dag.py:3262} INFO - Creating ORM DAG for example_subdag_operator
[2024-10-15T16:15:45.788+0000] {logging_mixin.py:190} INFO - [2024-10-15T16:15:45.788+0000] {dag.py:3262} INFO - Creating ORM DAG for example_subdag_operator.section-2
[2024-10-15T16:15:45.789+0000] {logging_mixin.py:190} INFO - [2024-10-15T16:15:45.789+0000] {dag.py:3262} INFO - Creating ORM DAG for example_subdag_operator.section-1
[2024-10-15T16:15:45.795+0000] {logging_mixin.py:190} INFO - [2024-10-15T16:15:45.795+0000] {dag.py:4180} INFO - Setting next_dagrun for example_subdag_operator to 2022-01-01 00:00:00+00:00, run_after=2022-01-01 00:00:00+00:00
[2024-10-15T16:15:45.796+0000] {logging_mixin.py:190} INFO - [2024-10-15T16:15:45.796+0000] {dag.py:4180} INFO - Setting next_dagrun for example_subdag_operator.section-1 to None, run_after=None
[2024-10-15T16:15:45.796+0000] {logging_mixin.py:190} INFO - [2024-10-15T16:15:45.796+0000] {dag.py:4180} INFO - Setting next_dagrun for example_subdag_operator.section-2 to None, run_after=None
[2024-10-15T16:15:45.803+0000] {logging_mixin.py:190} INFO - [2024-10-15T16:15:45.803+0000] {dag.py:3239} INFO - Sync 2 DAGs
[2024-10-15T16:15:45.808+0000] {logging_mixin.py:190} INFO - [2024-10-15T16:15:45.808+0000] {dag.py:4180} INFO - Setting next_dagrun for example_subdag_operator.section-1 to None, run_after=None
[2024-10-15T16:15:45.810+0000] {logging_mixin.py:190} INFO - [2024-10-15T16:15:45.810+0000] {dag.py:4180} INFO - Setting next_dagrun for example_subdag_operator.section-2 to None, run_after=None
[2024-10-15T16:15:45.820+0000] {processor.py:208} INFO - Processing /home/airflow/.local/lib/python3.12/site-packages/airflow/example_dags/example_subdag_operator.py took 0.237 seconds
[2024-10-15T16:16:16.730+0000] {processor.py:186} INFO - Started process (PID=155) to work on /home/airflow/.local/lib/python3.12/site-packages/airflow/example_dags/example_subdag_operator.py
[2024-10-15T16:16:16.730+0000] {processor.py:914} INFO - Processing file /home/airflow/.local/lib/python3.12/site-packages/airflow/example_dags/example_subdag_operator.py for tasks to queue
[2024-10-15T16:16:16.732+0000] {logging_mixin.py:190} INFO - [2024-10-15T16:16:16.732+0000] {dagbag.py:588} INFO - Filling up the DagBag from /home/airflow/.local/lib/python3.12/site-packages/airflow/example_dags/example_subdag_operator.py
[2024-10-15T16:16:16.753+0000] {processor.py:925} INFO - DAG(s) 'example_subdag_operator.section-1', 'example_subdag_operator.section-2', 'example_subdag_operator' retrieved from /home/airflow/.local/lib/python3.12/site-packages/airflow/example_dags/example_subdag_operator.py
[2024-10-15T16:16:16.765+0000] {logging_mixin.py:190} INFO - [2024-10-15T16:16:16.765+0000] {dag.py:3239} INFO - Sync 3 DAGs
[2024-10-15T16:16:16.781+0000] {logging_mixin.py:190} INFO - [2024-10-15T16:16:16.780+0000] {dag.py:4180} INFO - Setting next_dagrun for example_subdag_operator to 2022-01-01 00:00:00+00:00, run_after=2022-01-01 00:00:00+00:00
[2024-10-15T16:16:16.783+0000] {logging_mixin.py:190} INFO - [2024-10-15T16:16:16.783+0000] {dag.py:4180} INFO - Setting next_dagrun for example_subdag_operator.section-1 to None, run_after=None
[2024-10-15T16:16:16.785+0000] {logging_mixin.py:190} INFO - [2024-10-15T16:16:16.784+0000] {dag.py:4180} INFO - Setting next_dagrun for example_subdag_operator.section-2 to None, run_after=None
[2024-10-15T16:16:16.790+0000] {logging_mixin.py:190} INFO - [2024-10-15T16:16:16.789+0000] {dag.py:3239} INFO - Sync 2 DAGs
[2024-10-15T16:16:16.793+0000] {logging_mixin.py:190} INFO - [2024-10-15T16:16:16.793+0000] {dag.py:4180} INFO - Setting next_dagrun for example_subdag_operator.section-1 to None, run_after=None
[2024-10-15T16:16:16.793+0000] {logging_mixin.py:190} INFO - [2024-10-15T16:16:16.793+0000] {dag.py:4180} INFO - Setting next_dagrun for example_subdag_operator.section-2 to None, run_after=None
[2024-10-15T16:16:16.805+0000] {processor.py:208} INFO - Processing /home/airflow/.local/lib/python3.12/site-packages/airflow/example_dags/example_subdag_operator.py took 0.081 seconds
[2024-10-15T16:16:47.427+0000] {processor.py:186} INFO - Started process (PID=217) to work on /home/airflow/.local/lib/python3.12/site-packages/airflow/example_dags/example_subdag_operator.py
[2024-10-15T16:16:47.428+0000] {processor.py:914} INFO - Processing file /home/airflow/.local/lib/python3.12/site-packages/airflow/example_dags/example_subdag_operator.py for tasks to queue
[2024-10-15T16:16:47.430+0000] {logging_mixin.py:190} INFO - [2024-10-15T16:16:47.430+0000] {dagbag.py:588} INFO - Filling up the DagBag from /home/airflow/.local/lib/python3.12/site-packages/airflow/example_dags/example_subdag_operator.py
[2024-10-15T16:16:47.446+0000] {processor.py:925} INFO - DAG(s) 'example_subdag_operator.section-1', 'example_subdag_operator.section-2', 'example_subdag_operator' retrieved from /home/airflow/.local/lib/python3.12/site-packages/airflow/example_dags/example_subdag_operator.py
[2024-10-15T16:16:47.455+0000] {logging_mixin.py:190} INFO - [2024-10-15T16:16:47.455+0000] {dag.py:3239} INFO - Sync 3 DAGs
[2024-10-15T16:16:47.470+0000] {logging_mixin.py:190} INFO - [2024-10-15T16:16:47.470+0000] {dag.py:4180} INFO - Setting next_dagrun for example_subdag_operator to 2022-01-01 00:00:00+00:00, run_after=2022-01-01 00:00:00+00:00
[2024-10-15T16:16:47.473+0000] {logging_mixin.py:190} INFO - [2024-10-15T16:16:47.473+0000] {dag.py:4180} INFO - Setting next_dagrun for example_subdag_operator.section-1 to None, run_after=None
[2024-10-15T16:16:47.474+0000] {logging_mixin.py:190} INFO - [2024-10-15T16:16:47.474+0000] {dag.py:4180} INFO - Setting next_dagrun for example_subdag_operator.section-2 to None, run_after=None
[2024-10-15T16:16:47.478+0000] {logging_mixin.py:190} INFO - [2024-10-15T16:16:47.478+0000] {dag.py:3239} INFO - Sync 2 DAGs
[2024-10-15T16:16:47.482+0000] {logging_mixin.py:190} INFO - [2024-10-15T16:16:47.482+0000] {dag.py:4180} INFO - Setting next_dagrun for example_subdag_operator.section-1 to None, run_after=None
[2024-10-15T16:16:47.482+0000] {logging_mixin.py:190} INFO - [2024-10-15T16:16:47.482+0000] {dag.py:4180} INFO - Setting next_dagrun for example_subdag_operator.section-2 to None, run_after=None
[2024-10-15T16:16:47.494+0000] {processor.py:208} INFO - Processing /home/airflow/.local/lib/python3.12/site-packages/airflow/example_dags/example_subdag_operator.py took 0.071 seconds
[2024-10-15T16:17:18.235+0000] {processor.py:186} INFO - Started process (PID=279) to work on /home/airflow/.local/lib/python3.12/site-packages/airflow/example_dags/example_subdag_operator.py
[2024-10-15T16:17:18.236+0000] {processor.py:914} INFO - Processing file /home/airflow/.local/lib/python3.12/site-packages/airflow/example_dags/example_subdag_operator.py for tasks to queue
[2024-10-15T16:17:18.238+0000] {logging_mixin.py:190} INFO - [2024-10-15T16:17:18.237+0000] {dagbag.py:588} INFO - Filling up the DagBag from /home/airflow/.local/lib/python3.12/site-packages/airflow/example_dags/example_subdag_operator.py
[2024-10-15T16:17:18.257+0000] {processor.py:925} INFO - DAG(s) 'example_subdag_operator.section-1', 'example_subdag_operator.section-2', 'example_subdag_operator' retrieved from /home/airflow/.local/lib/python3.12/site-packages/airflow/example_dags/example_subdag_operator.py
[2024-10-15T16:17:18.269+0000] {logging_mixin.py:190} INFO - [2024-10-15T16:17:18.269+0000] {dag.py:3239} INFO - Sync 3 DAGs
[2024-10-15T16:17:18.286+0000] {logging_mixin.py:190} INFO - [2024-10-15T16:17:18.286+0000] {dag.py:4180} INFO - Setting next_dagrun for example_subdag_operator to 2022-01-01 00:00:00+00:00, run_after=2022-01-01 00:00:00+00:00
[2024-10-15T16:17:18.289+0000] {logging_mixin.py:190} INFO - [2024-10-15T16:17:18.289+0000] {dag.py:4180} INFO - Setting next_dagrun for example_subdag_operator.section-1 to None, run_after=None
[2024-10-15T16:17:18.290+0000] {logging_mixin.py:190} INFO - [2024-10-15T16:17:18.290+0000] {dag.py:4180} INFO - Setting next_dagrun for example_subdag_operator.section-2 to None, run_after=None
[2024-10-15T16:17:18.295+0000] {logging_mixin.py:190} INFO - [2024-10-15T16:17:18.295+0000] {dag.py:3239} INFO - Sync 2 DAGs
[2024-10-15T16:17:18.299+0000] {logging_mixin.py:190} INFO - [2024-10-15T16:17:18.299+0000] {dag.py:4180} INFO - Setting next_dagrun for example_subdag_operator.section-1 to None, run_after=None
[2024-10-15T16:17:18.299+0000] {logging_mixin.py:190} INFO - [2024-10-15T16:17:18.299+0000] {dag.py:4180} INFO - Setting next_dagrun for example_subdag_operator.section-2 to None, run_after=None
[2024-10-15T16:17:18.315+0000] {processor.py:208} INFO - Processing /home/airflow/.local/lib/python3.12/site-packages/airflow/example_dags/example_subdag_operator.py took 0.085 seconds
[2024-10-15T16:17:49.103+0000] {processor.py:186} INFO - Started process (PID=341) to work on /home/airflow/.local/lib/python3.12/site-packages/airflow/example_dags/example_subdag_operator.py
[2024-10-15T16:17:49.104+0000] {processor.py:914} INFO - Processing file /home/airflow/.local/lib/python3.12/site-packages/airflow/example_dags/example_subdag_operator.py for tasks to queue
[2024-10-15T16:17:49.106+0000] {logging_mixin.py:190} INFO - [2024-10-15T16:17:49.106+0000] {dagbag.py:588} INFO - Filling up the DagBag from /home/airflow/.local/lib/python3.12/site-packages/airflow/example_dags/example_subdag_operator.py
[2024-10-15T16:17:49.126+0000] {processor.py:925} INFO - DAG(s) 'example_subdag_operator.section-1', 'example_subdag_operator.section-2', 'example_subdag_operator' retrieved from /home/airflow/.local/lib/python3.12/site-packages/airflow/example_dags/example_subdag_operator.py
[2024-10-15T16:17:49.137+0000] {logging_mixin.py:190} INFO - [2024-10-15T16:17:49.137+0000] {dag.py:3239} INFO - Sync 3 DAGs
[2024-10-15T16:17:49.155+0000] {logging_mixin.py:190} INFO - [2024-10-15T16:17:49.155+0000] {dag.py:4180} INFO - Setting next_dagrun for example_subdag_operator to 2022-01-01 00:00:00+00:00, run_after=2022-01-01 00:00:00+00:00
[2024-10-15T16:17:49.157+0000] {logging_mixin.py:190} INFO - [2024-10-15T16:17:49.157+0000] {dag.py:4180} INFO - Setting next_dagrun for example_subdag_operator.section-1 to None, run_after=None
[2024-10-15T16:17:49.160+0000] {logging_mixin.py:190} INFO - [2024-10-15T16:17:49.159+0000] {dag.py:4180} INFO - Setting next_dagrun for example_subdag_operator.section-2 to None, run_after=None
[2024-10-15T16:17:49.165+0000] {logging_mixin.py:190} INFO - [2024-10-15T16:17:49.164+0000] {dag.py:3239} INFO - Sync 2 DAGs
[2024-10-15T16:17:49.169+0000] {logging_mixin.py:190} INFO - [2024-10-15T16:17:49.169+0000] {dag.py:4180} INFO - Setting next_dagrun for example_subdag_operator.section-1 to None, run_after=None
[2024-10-15T16:17:49.170+0000] {logging_mixin.py:190} INFO - [2024-10-15T16:17:49.169+0000] {dag.py:4180} INFO - Setting next_dagrun for example_subdag_operator.section-2 to None, run_after=None
[2024-10-15T16:17:49.182+0000] {processor.py:208} INFO - Processing /home/airflow/.local/lib/python3.12/site-packages/airflow/example_dags/example_subdag_operator.py took 0.084 seconds
[2024-10-15T16:18:19.963+0000] {processor.py:186} INFO - Started process (PID=403) to work on /home/airflow/.local/lib/python3.12/site-packages/airflow/example_dags/example_subdag_operator.py
[2024-10-15T16:18:19.964+0000] {processor.py:914} INFO - Processing file /home/airflow/.local/lib/python3.12/site-packages/airflow/example_dags/example_subdag_operator.py for tasks to queue
[2024-10-15T16:18:19.966+0000] {logging_mixin.py:190} INFO - [2024-10-15T16:18:19.965+0000] {dagbag.py:588} INFO - Filling up the DagBag from /home/airflow/.local/lib/python3.12/site-packages/airflow/example_dags/example_subdag_operator.py
[2024-10-15T16:18:19.990+0000] {processor.py:925} INFO - DAG(s) 'example_subdag_operator.section-1', 'example_subdag_operator.section-2', 'example_subdag_operator' retrieved from /home/airflow/.local/lib/python3.12/site-packages/airflow/example_dags/example_subdag_operator.py
[2024-10-15T16:18:20.011+0000] {logging_mixin.py:190} INFO - [2024-10-15T16:18:20.010+0000] {dag.py:3239} INFO - Sync 3 DAGs
[2024-10-15T16:18:20.032+0000] {logging_mixin.py:190} INFO - [2024-10-15T16:18:20.032+0000] {dag.py:4180} INFO - Setting next_dagrun for example_subdag_operator to 2022-01-01 00:00:00+00:00, run_after=2022-01-01 00:00:00+00:00
[2024-10-15T16:18:20.035+0000] {logging_mixin.py:190} INFO - [2024-10-15T16:18:20.035+0000] {dag.py:4180} INFO - Setting next_dagrun for example_subdag_operator.section-1 to None, run_after=None
[2024-10-15T16:18:20.037+0000] {logging_mixin.py:190} INFO - [2024-10-15T16:18:20.037+0000] {dag.py:4180} INFO - Setting next_dagrun for example_subdag_operator.section-2 to None, run_after=None
[2024-10-15T16:18:20.043+0000] {logging_mixin.py:190} INFO - [2024-10-15T16:18:20.043+0000] {dag.py:3239} INFO - Sync 2 DAGs
[2024-10-15T16:18:20.051+0000] {logging_mixin.py:190} INFO - [2024-10-15T16:18:20.051+0000] {dag.py:4180} INFO - Setting next_dagrun for example_subdag_operator.section-1 to None, run_after=None
[2024-10-15T16:18:20.052+0000] {logging_mixin.py:190} INFO - [2024-10-15T16:18:20.051+0000] {dag.py:4180} INFO - Setting next_dagrun for example_subdag_operator.section-2 to None, run_after=None
[2024-10-15T16:18:20.064+0000] {processor.py:208} INFO - Processing /home/airflow/.local/lib/python3.12/site-packages/airflow/example_dags/example_subdag_operator.py took 0.106 seconds
[2024-10-15T16:18:50.274+0000] {processor.py:186} INFO - Started process (PID=465) to work on /home/airflow/.local/lib/python3.12/site-packages/airflow/example_dags/example_subdag_operator.py
[2024-10-15T16:18:50.276+0000] {processor.py:914} INFO - Processing file /home/airflow/.local/lib/python3.12/site-packages/airflow/example_dags/example_subdag_operator.py for tasks to queue
[2024-10-15T16:18:50.279+0000] {logging_mixin.py:190} INFO - [2024-10-15T16:18:50.278+0000] {dagbag.py:588} INFO - Filling up the DagBag from /home/airflow/.local/lib/python3.12/site-packages/airflow/example_dags/example_subdag_operator.py
[2024-10-15T16:18:50.302+0000] {processor.py:925} INFO - DAG(s) 'example_subdag_operator.section-1', 'example_subdag_operator.section-2', 'example_subdag_operator' retrieved from /home/airflow/.local/lib/python3.12/site-packages/airflow/example_dags/example_subdag_operator.py
[2024-10-15T16:18:50.314+0000] {logging_mixin.py:190} INFO - [2024-10-15T16:18:50.313+0000] {dag.py:3239} INFO - Sync 3 DAGs
[2024-10-15T16:18:50.330+0000] {logging_mixin.py:190} INFO - [2024-10-15T16:18:50.330+0000] {dag.py:4180} INFO - Setting next_dagrun for example_subdag_operator to 2022-01-01 00:00:00+00:00, run_after=2022-01-01 00:00:00+00:00
[2024-10-15T16:18:50.333+0000] {logging_mixin.py:190} INFO - [2024-10-15T16:18:50.332+0000] {dag.py:4180} INFO - Setting next_dagrun for example_subdag_operator.section-1 to None, run_after=None
[2024-10-15T16:18:50.333+0000] {logging_mixin.py:190} INFO - [2024-10-15T16:18:50.333+0000] {dag.py:4180} INFO - Setting next_dagrun for example_subdag_operator.section-2 to None, run_after=None
[2024-10-15T16:18:50.339+0000] {logging_mixin.py:190} INFO - [2024-10-15T16:18:50.339+0000] {dag.py:3239} INFO - Sync 2 DAGs
[2024-10-15T16:18:50.343+0000] {logging_mixin.py:190} INFO - [2024-10-15T16:18:50.343+0000] {dag.py:4180} INFO - Setting next_dagrun for example_subdag_operator.section-1 to None, run_after=None
[2024-10-15T16:18:50.343+0000] {logging_mixin.py:190} INFO - [2024-10-15T16:18:50.343+0000] {dag.py:4180} INFO - Setting next_dagrun for example_subdag_operator.section-2 to None, run_after=None
[2024-10-15T16:18:50.352+0000] {processor.py:208} INFO - Processing /home/airflow/.local/lib/python3.12/site-packages/airflow/example_dags/example_subdag_operator.py took 0.083 seconds
[2024-10-15T16:19:21.311+0000] {processor.py:186} INFO - Started process (PID=527) to work on /home/airflow/.local/lib/python3.12/site-packages/airflow/example_dags/example_subdag_operator.py
[2024-10-15T16:19:21.312+0000] {processor.py:914} INFO - Processing file /home/airflow/.local/lib/python3.12/site-packages/airflow/example_dags/example_subdag_operator.py for tasks to queue
[2024-10-15T16:19:21.314+0000] {logging_mixin.py:190} INFO - [2024-10-15T16:19:21.314+0000] {dagbag.py:588} INFO - Filling up the DagBag from /home/airflow/.local/lib/python3.12/site-packages/airflow/example_dags/example_subdag_operator.py
[2024-10-15T16:19:21.333+0000] {processor.py:925} INFO - DAG(s) 'example_subdag_operator.section-1', 'example_subdag_operator.section-2', 'example_subdag_operator' retrieved from /home/airflow/.local/lib/python3.12/site-packages/airflow/example_dags/example_subdag_operator.py
[2024-10-15T16:19:21.344+0000] {logging_mixin.py:190} INFO - [2024-10-15T16:19:21.344+0000] {dag.py:3239} INFO - Sync 3 DAGs
[2024-10-15T16:19:21.360+0000] {logging_mixin.py:190} INFO - [2024-10-15T16:19:21.360+0000] {dag.py:4180} INFO - Setting next_dagrun for example_subdag_operator to 2022-01-01 00:00:00+00:00, run_after=2022-01-01 00:00:00+00:00
[2024-10-15T16:19:21.363+0000] {logging_mixin.py:190} INFO - [2024-10-15T16:19:21.363+0000] {dag.py:4180} INFO - Setting next_dagrun for example_subdag_operator.section-1 to None, run_after=None
[2024-10-15T16:19:21.364+0000] {logging_mixin.py:190} INFO - [2024-10-15T16:19:21.364+0000] {dag.py:4180} INFO - Setting next_dagrun for example_subdag_operator.section-2 to None, run_after=None
[2024-10-15T16:19:21.368+0000] {logging_mixin.py:190} INFO - [2024-10-15T16:19:21.368+0000] {dag.py:3239} INFO - Sync 2 DAGs
[2024-10-15T16:19:21.372+0000] {logging_mixin.py:190} INFO - [2024-10-15T16:19:21.372+0000] {dag.py:4180} INFO - Setting next_dagrun for example_subdag_operator.section-1 to None, run_after=None
[2024-10-15T16:19:21.373+0000] {logging_mixin.py:190} INFO - [2024-10-15T16:19:21.372+0000] {dag.py:4180} INFO - Setting next_dagrun for example_subdag_operator.section-2 to None, run_after=None
[2024-10-15T16:19:21.381+0000] {processor.py:208} INFO - Processing /home/airflow/.local/lib/python3.12/site-packages/airflow/example_dags/example_subdag_operator.py took 0.074 seconds
[2024-10-15T16:19:52.260+0000] {processor.py:186} INFO - Started process (PID=589) to work on /home/airflow/.local/lib/python3.12/site-packages/airflow/example_dags/example_subdag_operator.py
[2024-10-15T16:19:52.261+0000] {processor.py:914} INFO - Processing file /home/airflow/.local/lib/python3.12/site-packages/airflow/example_dags/example_subdag_operator.py for tasks to queue
[2024-10-15T16:19:52.263+0000] {logging_mixin.py:190} INFO - [2024-10-15T16:19:52.263+0000] {dagbag.py:588} INFO - Filling up the DagBag from /home/airflow/.local/lib/python3.12/site-packages/airflow/example_dags/example_subdag_operator.py
[2024-10-15T16:19:52.282+0000] {processor.py:925} INFO - DAG(s) 'example_subdag_operator.section-1', 'example_subdag_operator.section-2', 'example_subdag_operator' retrieved from /home/airflow/.local/lib/python3.12/site-packages/airflow/example_dags/example_subdag_operator.py
[2024-10-15T16:19:52.298+0000] {logging_mixin.py:190} INFO - [2024-10-15T16:19:52.298+0000] {dag.py:3239} INFO - Sync 3 DAGs
[2024-10-15T16:19:52.316+0000] {logging_mixin.py:190} INFO - [2024-10-15T16:19:52.316+0000] {dag.py:4180} INFO - Setting next_dagrun for example_subdag_operator to 2022-01-01 00:00:00+00:00, run_after=2022-01-01 00:00:00+00:00
[2024-10-15T16:19:52.319+0000] {logging_mixin.py:190} INFO - [2024-10-15T16:19:52.319+0000] {dag.py:4180} INFO - Setting next_dagrun for example_subdag_operator.section-1 to None, run_after=None
[2024-10-15T16:19:52.321+0000] {logging_mixin.py:190} INFO - [2024-10-15T16:19:52.321+0000] {dag.py:4180} INFO - Setting next_dagrun for example_subdag_operator.section-2 to None, run_after=None
[2024-10-15T16:19:52.326+0000] {logging_mixin.py:190} INFO - [2024-10-15T16:19:52.325+0000] {dag.py:3239} INFO - Sync 2 DAGs
[2024-10-15T16:19:52.336+0000] {logging_mixin.py:190} INFO - [2024-10-15T16:19:52.335+0000] {dag.py:4180} INFO - Setting next_dagrun for example_subdag_operator.section-1 to None, run_after=None
[2024-10-15T16:19:52.336+0000] {logging_mixin.py:190} INFO - [2024-10-15T16:19:52.336+0000] {dag.py:4180} INFO - Setting next_dagrun for example_subdag_operator.section-2 to None, run_after=None
[2024-10-15T16:19:52.351+0000] {processor.py:208} INFO - Processing /home/airflow/.local/lib/python3.12/site-packages/airflow/example_dags/example_subdag_operator.py took 0.095 seconds
[2024-10-15T16:20:23.311+0000] {processor.py:186} INFO - Started process (PID=651) to work on /home/airflow/.local/lib/python3.12/site-packages/airflow/example_dags/example_subdag_operator.py
[2024-10-15T16:20:23.312+0000] {processor.py:914} INFO - Processing file /home/airflow/.local/lib/python3.12/site-packages/airflow/example_dags/example_subdag_operator.py for tasks to queue
[2024-10-15T16:20:23.314+0000] {logging_mixin.py:190} INFO - [2024-10-15T16:20:23.314+0000] {dagbag.py:588} INFO - Filling up the DagBag from /home/airflow/.local/lib/python3.12/site-packages/airflow/example_dags/example_subdag_operator.py
[2024-10-15T16:20:23.334+0000] {processor.py:925} INFO - DAG(s) 'example_subdag_operator.section-1', 'example_subdag_operator.section-2', 'example_subdag_operator' retrieved from /home/airflow/.local/lib/python3.12/site-packages/airflow/example_dags/example_subdag_operator.py
[2024-10-15T16:20:23.345+0000] {logging_mixin.py:190} INFO - [2024-10-15T16:20:23.345+0000] {dag.py:3239} INFO - Sync 3 DAGs
[2024-10-15T16:20:23.361+0000] {logging_mixin.py:190} INFO - [2024-10-15T16:20:23.361+0000] {dag.py:4180} INFO - Setting next_dagrun for example_subdag_operator to 2022-01-01 00:00:00+00:00, run_after=2022-01-01 00:00:00+00:00
[2024-10-15T16:20:23.363+0000] {logging_mixin.py:190} INFO - [2024-10-15T16:20:23.363+0000] {dag.py:4180} INFO - Setting next_dagrun for example_subdag_operator.section-1 to None, run_after=None
[2024-10-15T16:20:23.364+0000] {logging_mixin.py:190} INFO - [2024-10-15T16:20:23.364+0000] {dag.py:4180} INFO - Setting next_dagrun for example_subdag_operator.section-2 to None, run_after=None
[2024-10-15T16:20:23.368+0000] {logging_mixin.py:190} INFO - [2024-10-15T16:20:23.368+0000] {dag.py:3239} INFO - Sync 2 DAGs
[2024-10-15T16:20:23.372+0000] {logging_mixin.py:190} INFO - [2024-10-15T16:20:23.372+0000] {dag.py:4180} INFO - Setting next_dagrun for example_subdag_operator.section-1 to None, run_after=None
[2024-10-15T16:20:23.373+0000] {logging_mixin.py:190} INFO - [2024-10-15T16:20:23.372+0000] {dag.py:4180} INFO - Setting next_dagrun for example_subdag_operator.section-2 to None, run_after=None
[2024-10-15T16:20:23.380+0000] {processor.py:208} INFO - Processing /home/airflow/.local/lib/python3.12/site-packages/airflow/example_dags/example_subdag_operator.py took 0.074 seconds
[2024-10-15T16:20:54.139+0000] {processor.py:186} INFO - Started process (PID=713) to work on /home/airflow/.local/lib/python3.12/site-packages/airflow/example_dags/example_subdag_operator.py
[2024-10-15T16:20:54.140+0000] {processor.py:914} INFO - Processing file /home/airflow/.local/lib/python3.12/site-packages/airflow/example_dags/example_subdag_operator.py for tasks to queue
[2024-10-15T16:20:54.141+0000] {logging_mixin.py:190} INFO - [2024-10-15T16:20:54.141+0000] {dagbag.py:588} INFO - Filling up the DagBag from /home/airflow/.local/lib/python3.12/site-packages/airflow/example_dags/example_subdag_operator.py
[2024-10-15T16:20:54.160+0000] {processor.py:925} INFO - DAG(s) 'example_subdag_operator.section-1', 'example_subdag_operator.section-2', 'example_subdag_operator' retrieved from /home/airflow/.local/lib/python3.12/site-packages/airflow/example_dags/example_subdag_operator.py
[2024-10-15T16:20:54.171+0000] {logging_mixin.py:190} INFO - [2024-10-15T16:20:54.171+0000] {dag.py:3239} INFO - Sync 3 DAGs
[2024-10-15T16:20:54.189+0000] {logging_mixin.py:190} INFO - [2024-10-15T16:20:54.189+0000] {dag.py:4180} INFO - Setting next_dagrun for example_subdag_operator to 2022-01-01 00:00:00+00:00, run_after=2022-01-01 00:00:00+00:00
[2024-10-15T16:20:54.193+0000] {logging_mixin.py:190} INFO - [2024-10-15T16:20:54.192+0000] {dag.py:4180} INFO - Setting next_dagrun for example_subdag_operator.section-1 to None, run_after=None
[2024-10-15T16:20:54.194+0000] {logging_mixin.py:190} INFO - [2024-10-15T16:20:54.194+0000] {dag.py:4180} INFO - Setting next_dagrun for example_subdag_operator.section-2 to None, run_after=None
[2024-10-15T16:20:54.199+0000] {logging_mixin.py:190} INFO - [2024-10-15T16:20:54.199+0000] {dag.py:3239} INFO - Sync 2 DAGs
[2024-10-15T16:20:54.203+0000] {logging_mixin.py:190} INFO - [2024-10-15T16:20:54.203+0000] {dag.py:4180} INFO - Setting next_dagrun for example_subdag_operator.section-1 to None, run_after=None
[2024-10-15T16:20:54.203+0000] {logging_mixin.py:190} INFO - [2024-10-15T16:20:54.203+0000] {dag.py:4180} INFO - Setting next_dagrun for example_subdag_operator.section-2 to None, run_after=None
[2024-10-15T16:20:54.213+0000] {processor.py:208} INFO - Processing /home/airflow/.local/lib/python3.12/site-packages/airflow/example_dags/example_subdag_operator.py took 0.079 seconds
[2024-10-15T16:21:25.182+0000] {processor.py:186} INFO - Started process (PID=775) to work on /home/airflow/.local/lib/python3.12/site-packages/airflow/example_dags/example_subdag_operator.py
[2024-10-15T16:21:25.183+0000] {processor.py:914} INFO - Processing file /home/airflow/.local/lib/python3.12/site-packages/airflow/example_dags/example_subdag_operator.py for tasks to queue
[2024-10-15T16:21:25.186+0000] {logging_mixin.py:190} INFO - [2024-10-15T16:21:25.185+0000] {dagbag.py:588} INFO - Filling up the DagBag from /home/airflow/.local/lib/python3.12/site-packages/airflow/example_dags/example_subdag_operator.py
[2024-10-15T16:21:25.205+0000] {processor.py:925} INFO - DAG(s) 'example_subdag_operator.section-1', 'example_subdag_operator.section-2', 'example_subdag_operator' retrieved from /home/airflow/.local/lib/python3.12/site-packages/airflow/example_dags/example_subdag_operator.py
[2024-10-15T16:21:25.215+0000] {logging_mixin.py:190} INFO - [2024-10-15T16:21:25.215+0000] {dag.py:3239} INFO - Sync 3 DAGs
[2024-10-15T16:21:25.234+0000] {logging_mixin.py:190} INFO - [2024-10-15T16:21:25.233+0000] {dag.py:4180} INFO - Setting next_dagrun for example_subdag_operator to 2022-01-01 00:00:00+00:00, run_after=2022-01-01 00:00:00+00:00
[2024-10-15T16:21:25.237+0000] {logging_mixin.py:190} INFO - [2024-10-15T16:21:25.237+0000] {dag.py:4180} INFO - Setting next_dagrun for example_subdag_operator.section-1 to None, run_after=None
[2024-10-15T16:21:25.239+0000] {logging_mixin.py:190} INFO - [2024-10-15T16:21:25.238+0000] {dag.py:4180} INFO - Setting next_dagrun for example_subdag_operator.section-2 to None, run_after=None
[2024-10-15T16:21:25.245+0000] {logging_mixin.py:190} INFO - [2024-10-15T16:21:25.244+0000] {dag.py:3239} INFO - Sync 2 DAGs
[2024-10-15T16:21:25.249+0000] {logging_mixin.py:190} INFO - [2024-10-15T16:21:25.249+0000] {dag.py:4180} INFO - Setting next_dagrun for example_subdag_operator.section-1 to None, run_after=None
[2024-10-15T16:21:25.249+0000] {logging_mixin.py:190} INFO - [2024-10-15T16:21:25.249+0000] {dag.py:4180} INFO - Setting next_dagrun for example_subdag_operator.section-2 to None, run_after=None
[2024-10-15T16:21:25.261+0000] {processor.py:208} INFO - Processing /home/airflow/.local/lib/python3.12/site-packages/airflow/example_dags/example_subdag_operator.py took 0.084 seconds
[2024-10-15T16:21:56.180+0000] {processor.py:186} INFO - Started process (PID=837) to work on /home/airflow/.local/lib/python3.12/site-packages/airflow/example_dags/example_subdag_operator.py
[2024-10-15T16:21:56.181+0000] {processor.py:914} INFO - Processing file /home/airflow/.local/lib/python3.12/site-packages/airflow/example_dags/example_subdag_operator.py for tasks to queue
[2024-10-15T16:21:56.183+0000] {logging_mixin.py:190} INFO - [2024-10-15T16:21:56.183+0000] {dagbag.py:588} INFO - Filling up the DagBag from /home/airflow/.local/lib/python3.12/site-packages/airflow/example_dags/example_subdag_operator.py
[2024-10-15T16:21:56.203+0000] {processor.py:925} INFO - DAG(s) 'example_subdag_operator.section-1', 'example_subdag_operator.section-2', 'example_subdag_operator' retrieved from /home/airflow/.local/lib/python3.12/site-packages/airflow/example_dags/example_subdag_operator.py
[2024-10-15T16:21:56.214+0000] {logging_mixin.py:190} INFO - [2024-10-15T16:21:56.213+0000] {dag.py:3239} INFO - Sync 3 DAGs
[2024-10-15T16:21:56.230+0000] {logging_mixin.py:190} INFO - [2024-10-15T16:21:56.230+0000] {dag.py:4180} INFO - Setting next_dagrun for example_subdag_operator to 2022-01-01 00:00:00+00:00, run_after=2022-01-01 00:00:00+00:00
[2024-10-15T16:21:56.233+0000] {logging_mixin.py:190} INFO - [2024-10-15T16:21:56.232+0000] {dag.py:4180} INFO - Setting next_dagrun for example_subdag_operator.section-1 to None, run_after=None
[2024-10-15T16:21:56.233+0000] {logging_mixin.py:190} INFO - [2024-10-15T16:21:56.233+0000] {dag.py:4180} INFO - Setting next_dagrun for example_subdag_operator.section-2 to None, run_after=None
[2024-10-15T16:21:56.238+0000] {logging_mixin.py:190} INFO - [2024-10-15T16:21:56.238+0000] {dag.py:3239} INFO - Sync 2 DAGs
[2024-10-15T16:21:56.243+0000] {logging_mixin.py:190} INFO - [2024-10-15T16:21:56.243+0000] {dag.py:4180} INFO - Setting next_dagrun for example_subdag_operator.section-1 to None, run_after=None
[2024-10-15T16:21:56.244+0000] {logging_mixin.py:190} INFO - [2024-10-15T16:21:56.244+0000] {dag.py:4180} INFO - Setting next_dagrun for example_subdag_operator.section-2 to None, run_after=None
[2024-10-15T16:21:56.253+0000] {processor.py:208} INFO - Processing /home/airflow/.local/lib/python3.12/site-packages/airflow/example_dags/example_subdag_operator.py took 0.079 seconds
[2024-10-15T16:22:26.443+0000] {processor.py:186} INFO - Started process (PID=899) to work on /home/airflow/.local/lib/python3.12/site-packages/airflow/example_dags/example_subdag_operator.py
[2024-10-15T16:22:26.444+0000] {processor.py:914} INFO - Processing file /home/airflow/.local/lib/python3.12/site-packages/airflow/example_dags/example_subdag_operator.py for tasks to queue
[2024-10-15T16:22:26.446+0000] {logging_mixin.py:190} INFO - [2024-10-15T16:22:26.445+0000] {dagbag.py:588} INFO - Filling up the DagBag from /home/airflow/.local/lib/python3.12/site-packages/airflow/example_dags/example_subdag_operator.py
[2024-10-15T16:22:26.470+0000] {processor.py:925} INFO - DAG(s) 'example_subdag_operator.section-1', 'example_subdag_operator.section-2', 'example_subdag_operator' retrieved from /home/airflow/.local/lib/python3.12/site-packages/airflow/example_dags/example_subdag_operator.py
[2024-10-15T16:22:26.485+0000] {logging_mixin.py:190} INFO - [2024-10-15T16:22:26.485+0000] {dag.py:3239} INFO - Sync 3 DAGs
[2024-10-15T16:22:26.508+0000] {logging_mixin.py:190} INFO - [2024-10-15T16:22:26.508+0000] {dag.py:4180} INFO - Setting next_dagrun for example_subdag_operator to 2022-01-01 00:00:00+00:00, run_after=2022-01-01 00:00:00+00:00
[2024-10-15T16:22:26.511+0000] {logging_mixin.py:190} INFO - [2024-10-15T16:22:26.511+0000] {dag.py:4180} INFO - Setting next_dagrun for example_subdag_operator.section-1 to None, run_after=None
[2024-10-15T16:22:26.513+0000] {logging_mixin.py:190} INFO - [2024-10-15T16:22:26.513+0000] {dag.py:4180} INFO - Setting next_dagrun for example_subdag_operator.section-2 to None, run_after=None
[2024-10-15T16:22:26.521+0000] {logging_mixin.py:190} INFO - [2024-10-15T16:22:26.521+0000] {dag.py:3239} INFO - Sync 2 DAGs
[2024-10-15T16:22:26.527+0000] {logging_mixin.py:190} INFO - [2024-10-15T16:22:26.526+0000] {dag.py:4180} INFO - Setting next_dagrun for example_subdag_operator.section-1 to None, run_after=None
[2024-10-15T16:22:26.527+0000] {logging_mixin.py:190} INFO - [2024-10-15T16:22:26.527+0000] {dag.py:4180} INFO - Setting next_dagrun for example_subdag_operator.section-2 to None, run_after=None
[2024-10-15T16:22:26.537+0000] {processor.py:208} INFO - Processing /home/airflow/.local/lib/python3.12/site-packages/airflow/example_dags/example_subdag_operator.py took 0.102 seconds
[2024-10-15T16:22:57.474+0000] {processor.py:186} INFO - Started process (PID=961) to work on /home/airflow/.local/lib/python3.12/site-packages/airflow/example_dags/example_subdag_operator.py
[2024-10-15T16:22:57.475+0000] {processor.py:914} INFO - Processing file /home/airflow/.local/lib/python3.12/site-packages/airflow/example_dags/example_subdag_operator.py for tasks to queue
[2024-10-15T16:22:57.477+0000] {logging_mixin.py:190} INFO - [2024-10-15T16:22:57.477+0000] {dagbag.py:588} INFO - Filling up the DagBag from /home/airflow/.local/lib/python3.12/site-packages/airflow/example_dags/example_subdag_operator.py
[2024-10-15T16:22:57.504+0000] {processor.py:925} INFO - DAG(s) 'example_subdag_operator.section-1', 'example_subdag_operator.section-2', 'example_subdag_operator' retrieved from /home/airflow/.local/lib/python3.12/site-packages/airflow/example_dags/example_subdag_operator.py
[2024-10-15T16:22:57.515+0000] {logging_mixin.py:190} INFO - [2024-10-15T16:22:57.515+0000] {dag.py:3239} INFO - Sync 3 DAGs
[2024-10-15T16:22:57.531+0000] {logging_mixin.py:190} INFO - [2024-10-15T16:22:57.530+0000] {dag.py:4180} INFO - Setting next_dagrun for example_subdag_operator to 2022-01-01 00:00:00+00:00, run_after=2022-01-01 00:00:00+00:00
[2024-10-15T16:22:57.533+0000] {logging_mixin.py:190} INFO - [2024-10-15T16:22:57.533+0000] {dag.py:4180} INFO - Setting next_dagrun for example_subdag_operator.section-1 to None, run_after=None
[2024-10-15T16:22:57.535+0000] {logging_mixin.py:190} INFO - [2024-10-15T16:22:57.534+0000] {dag.py:4180} INFO - Setting next_dagrun for example_subdag_operator.section-2 to None, run_after=None
[2024-10-15T16:22:57.541+0000] {logging_mixin.py:190} INFO - [2024-10-15T16:22:57.541+0000] {dag.py:3239} INFO - Sync 2 DAGs
[2024-10-15T16:22:57.545+0000] {logging_mixin.py:190} INFO - [2024-10-15T16:22:57.545+0000] {dag.py:4180} INFO - Setting next_dagrun for example_subdag_operator.section-1 to None, run_after=None
[2024-10-15T16:22:57.546+0000] {logging_mixin.py:190} INFO - [2024-10-15T16:22:57.546+0000] {dag.py:4180} INFO - Setting next_dagrun for example_subdag_operator.section-2 to None, run_after=None
[2024-10-15T16:22:57.559+0000] {processor.py:208} INFO - Processing /home/airflow/.local/lib/python3.12/site-packages/airflow/example_dags/example_subdag_operator.py took 0.090 seconds
[2024-10-15T16:23:27.676+0000] {processor.py:186} INFO - Started process (PID=1023) to work on /home/airflow/.local/lib/python3.12/site-packages/airflow/example_dags/example_subdag_operator.py
[2024-10-15T16:23:27.676+0000] {processor.py:914} INFO - Processing file /home/airflow/.local/lib/python3.12/site-packages/airflow/example_dags/example_subdag_operator.py for tasks to queue
[2024-10-15T16:23:27.678+0000] {logging_mixin.py:190} INFO - [2024-10-15T16:23:27.678+0000] {dagbag.py:588} INFO - Filling up the DagBag from /home/airflow/.local/lib/python3.12/site-packages/airflow/example_dags/example_subdag_operator.py
[2024-10-15T16:23:27.695+0000] {processor.py:925} INFO - DAG(s) 'example_subdag_operator.section-1', 'example_subdag_operator.section-2', 'example_subdag_operator' retrieved from /home/airflow/.local/lib/python3.12/site-packages/airflow/example_dags/example_subdag_operator.py
[2024-10-15T16:23:27.709+0000] {logging_mixin.py:190} INFO - [2024-10-15T16:23:27.709+0000] {dag.py:3239} INFO - Sync 3 DAGs
[2024-10-15T16:23:27.729+0000] {logging_mixin.py:190} INFO - [2024-10-15T16:23:27.729+0000] {dag.py:4180} INFO - Setting next_dagrun for example_subdag_operator to 2022-01-01 00:00:00+00:00, run_after=2022-01-01 00:00:00+00:00
[2024-10-15T16:23:27.732+0000] {logging_mixin.py:190} INFO - [2024-10-15T16:23:27.732+0000] {dag.py:4180} INFO - Setting next_dagrun for example_subdag_operator.section-1 to None, run_after=None
[2024-10-15T16:23:27.733+0000] {logging_mixin.py:190} INFO - [2024-10-15T16:23:27.733+0000] {dag.py:4180} INFO - Setting next_dagrun for example_subdag_operator.section-2 to None, run_after=None
[2024-10-15T16:23:27.739+0000] {logging_mixin.py:190} INFO - [2024-10-15T16:23:27.739+0000] {dag.py:3239} INFO - Sync 2 DAGs
[2024-10-15T16:23:27.743+0000] {logging_mixin.py:190} INFO - [2024-10-15T16:23:27.743+0000] {dag.py:4180} INFO - Setting next_dagrun for example_subdag_operator.section-1 to None, run_after=None
[2024-10-15T16:23:27.744+0000] {logging_mixin.py:190} INFO - [2024-10-15T16:23:27.744+0000] {dag.py:4180} INFO - Setting next_dagrun for example_subdag_operator.section-2 to None, run_after=None
[2024-10-15T16:23:27.754+0000] {processor.py:208} INFO - Processing /home/airflow/.local/lib/python3.12/site-packages/airflow/example_dags/example_subdag_operator.py took 0.082 seconds
[2024-10-15T16:23:57.847+0000] {processor.py:186} INFO - Started process (PID=1085) to work on /home/airflow/.local/lib/python3.12/site-packages/airflow/example_dags/example_subdag_operator.py
[2024-10-15T16:23:57.848+0000] {processor.py:914} INFO - Processing file /home/airflow/.local/lib/python3.12/site-packages/airflow/example_dags/example_subdag_operator.py for tasks to queue
[2024-10-15T16:23:57.850+0000] {logging_mixin.py:190} INFO - [2024-10-15T16:23:57.850+0000] {dagbag.py:588} INFO - Filling up the DagBag from /home/airflow/.local/lib/python3.12/site-packages/airflow/example_dags/example_subdag_operator.py
[2024-10-15T16:23:57.869+0000] {processor.py:925} INFO - DAG(s) 'example_subdag_operator.section-1', 'example_subdag_operator.section-2', 'example_subdag_operator' retrieved from /home/airflow/.local/lib/python3.12/site-packages/airflow/example_dags/example_subdag_operator.py
[2024-10-15T16:23:57.880+0000] {logging_mixin.py:190} INFO - [2024-10-15T16:23:57.880+0000] {dag.py:3239} INFO - Sync 3 DAGs
[2024-10-15T16:23:57.897+0000] {logging_mixin.py:190} INFO - [2024-10-15T16:23:57.897+0000] {dag.py:4180} INFO - Setting next_dagrun for example_subdag_operator to 2022-01-01 00:00:00+00:00, run_after=2022-01-01 00:00:00+00:00
[2024-10-15T16:23:57.902+0000] {logging_mixin.py:190} INFO - [2024-10-15T16:23:57.902+0000] {dag.py:4180} INFO - Setting next_dagrun for example_subdag_operator.section-1 to None, run_after=None
[2024-10-15T16:23:57.904+0000] {logging_mixin.py:190} INFO - [2024-10-15T16:23:57.904+0000] {dag.py:4180} INFO - Setting next_dagrun for example_subdag_operator.section-2 to None, run_after=None
[2024-10-15T16:23:57.910+0000] {logging_mixin.py:190} INFO - [2024-10-15T16:23:57.910+0000] {dag.py:3239} INFO - Sync 2 DAGs
[2024-10-15T16:23:57.914+0000] {logging_mixin.py:190} INFO - [2024-10-15T16:23:57.913+0000] {dag.py:4180} INFO - Setting next_dagrun for example_subdag_operator.section-1 to None, run_after=None
[2024-10-15T16:23:57.914+0000] {logging_mixin.py:190} INFO - [2024-10-15T16:23:57.914+0000] {dag.py:4180} INFO - Setting next_dagrun for example_subdag_operator.section-2 to None, run_after=None
[2024-10-15T16:23:57.921+0000] {processor.py:208} INFO - Processing /home/airflow/.local/lib/python3.12/site-packages/airflow/example_dags/example_subdag_operator.py took 0.079 seconds
[2024-10-15T16:24:28.877+0000] {processor.py:186} INFO - Started process (PID=1147) to work on /home/airflow/.local/lib/python3.12/site-packages/airflow/example_dags/example_subdag_operator.py
[2024-10-15T16:24:28.878+0000] {processor.py:914} INFO - Processing file /home/airflow/.local/lib/python3.12/site-packages/airflow/example_dags/example_subdag_operator.py for tasks to queue
[2024-10-15T16:24:28.879+0000] {logging_mixin.py:190} INFO - [2024-10-15T16:24:28.879+0000] {dagbag.py:588} INFO - Filling up the DagBag from /home/airflow/.local/lib/python3.12/site-packages/airflow/example_dags/example_subdag_operator.py
[2024-10-15T16:24:28.901+0000] {processor.py:925} INFO - DAG(s) 'example_subdag_operator.section-1', 'example_subdag_operator.section-2', 'example_subdag_operator' retrieved from /home/airflow/.local/lib/python3.12/site-packages/airflow/example_dags/example_subdag_operator.py
[2024-10-15T16:24:28.912+0000] {logging_mixin.py:190} INFO - [2024-10-15T16:24:28.912+0000] {dag.py:3239} INFO - Sync 3 DAGs
[2024-10-15T16:24:28.929+0000] {logging_mixin.py:190} INFO - [2024-10-15T16:24:28.929+0000] {dag.py:4180} INFO - Setting next_dagrun for example_subdag_operator to 2022-01-01 00:00:00+00:00, run_after=2022-01-01 00:00:00+00:00
[2024-10-15T16:24:28.932+0000] {logging_mixin.py:190} INFO - [2024-10-15T16:24:28.932+0000] {dag.py:4180} INFO - Setting next_dagrun for example_subdag_operator.section-1 to None, run_after=None
[2024-10-15T16:24:28.933+0000] {logging_mixin.py:190} INFO - [2024-10-15T16:24:28.933+0000] {dag.py:4180} INFO - Setting next_dagrun for example_subdag_operator.section-2 to None, run_after=None
[2024-10-15T16:24:28.938+0000] {logging_mixin.py:190} INFO - [2024-10-15T16:24:28.938+0000] {dag.py:3239} INFO - Sync 2 DAGs
[2024-10-15T16:24:28.942+0000] {logging_mixin.py:190} INFO - [2024-10-15T16:24:28.941+0000] {dag.py:4180} INFO - Setting next_dagrun for example_subdag_operator.section-1 to None, run_after=None
[2024-10-15T16:24:28.942+0000] {logging_mixin.py:190} INFO - [2024-10-15T16:24:28.942+0000] {dag.py:4180} INFO - Setting next_dagrun for example_subdag_operator.section-2 to None, run_after=None
[2024-10-15T16:24:28.952+0000] {processor.py:208} INFO - Processing /home/airflow/.local/lib/python3.12/site-packages/airflow/example_dags/example_subdag_operator.py took 0.080 seconds
[2024-10-15T16:24:59.746+0000] {processor.py:186} INFO - Started process (PID=1209) to work on /home/airflow/.local/lib/python3.12/site-packages/airflow/example_dags/example_subdag_operator.py
[2024-10-15T16:24:59.746+0000] {processor.py:914} INFO - Processing file /home/airflow/.local/lib/python3.12/site-packages/airflow/example_dags/example_subdag_operator.py for tasks to queue
[2024-10-15T16:24:59.748+0000] {logging_mixin.py:190} INFO - [2024-10-15T16:24:59.748+0000] {dagbag.py:588} INFO - Filling up the DagBag from /home/airflow/.local/lib/python3.12/site-packages/airflow/example_dags/example_subdag_operator.py
[2024-10-15T16:24:59.768+0000] {processor.py:925} INFO - DAG(s) 'example_subdag_operator.section-1', 'example_subdag_operator.section-2', 'example_subdag_operator' retrieved from /home/airflow/.local/lib/python3.12/site-packages/airflow/example_dags/example_subdag_operator.py
[2024-10-15T16:24:59.778+0000] {logging_mixin.py:190} INFO - [2024-10-15T16:24:59.778+0000] {dag.py:3239} INFO - Sync 3 DAGs
[2024-10-15T16:24:59.794+0000] {logging_mixin.py:190} INFO - [2024-10-15T16:24:59.794+0000] {dag.py:4180} INFO - Setting next_dagrun for example_subdag_operator to 2022-01-01 00:00:00+00:00, run_after=2022-01-01 00:00:00+00:00
[2024-10-15T16:24:59.797+0000] {logging_mixin.py:190} INFO - [2024-10-15T16:24:59.797+0000] {dag.py:4180} INFO - Setting next_dagrun for example_subdag_operator.section-1 to None, run_after=None
[2024-10-15T16:24:59.798+0000] {logging_mixin.py:190} INFO - [2024-10-15T16:24:59.798+0000] {dag.py:4180} INFO - Setting next_dagrun for example_subdag_operator.section-2 to None, run_after=None
[2024-10-15T16:24:59.802+0000] {logging_mixin.py:190} INFO - [2024-10-15T16:24:59.802+0000] {dag.py:3239} INFO - Sync 2 DAGs
[2024-10-15T16:24:59.807+0000] {logging_mixin.py:190} INFO - [2024-10-15T16:24:59.806+0000] {dag.py:4180} INFO - Setting next_dagrun for example_subdag_operator.section-1 to None, run_after=None
[2024-10-15T16:24:59.807+0000] {logging_mixin.py:190} INFO - [2024-10-15T16:24:59.807+0000] {dag.py:4180} INFO - Setting next_dagrun for example_subdag_operator.section-2 to None, run_after=None
[2024-10-15T16:24:59.818+0000] {processor.py:208} INFO - Processing /home/airflow/.local/lib/python3.12/site-packages/airflow/example_dags/example_subdag_operator.py took 0.076 seconds
[2024-10-15T16:25:30.293+0000] {processor.py:186} INFO - Started process (PID=1271) to work on /home/airflow/.local/lib/python3.12/site-packages/airflow/example_dags/example_subdag_operator.py
[2024-10-15T16:25:30.294+0000] {processor.py:914} INFO - Processing file /home/airflow/.local/lib/python3.12/site-packages/airflow/example_dags/example_subdag_operator.py for tasks to queue
[2024-10-15T16:25:30.296+0000] {logging_mixin.py:190} INFO - [2024-10-15T16:25:30.296+0000] {dagbag.py:588} INFO - Filling up the DagBag from /home/airflow/.local/lib/python3.12/site-packages/airflow/example_dags/example_subdag_operator.py
[2024-10-15T16:25:30.314+0000] {processor.py:925} INFO - DAG(s) 'example_subdag_operator.section-1', 'example_subdag_operator.section-2', 'example_subdag_operator' retrieved from /home/airflow/.local/lib/python3.12/site-packages/airflow/example_dags/example_subdag_operator.py
[2024-10-15T16:25:30.328+0000] {logging_mixin.py:190} INFO - [2024-10-15T16:25:30.327+0000] {dag.py:3239} INFO - Sync 3 DAGs
[2024-10-15T16:25:30.344+0000] {logging_mixin.py:190} INFO - [2024-10-15T16:25:30.344+0000] {dag.py:4180} INFO - Setting next_dagrun for example_subdag_operator to 2022-01-01 00:00:00+00:00, run_after=2022-01-01 00:00:00+00:00
[2024-10-15T16:25:30.347+0000] {logging_mixin.py:190} INFO - [2024-10-15T16:25:30.347+0000] {dag.py:4180} INFO - Setting next_dagrun for example_subdag_operator.section-1 to None, run_after=None
[2024-10-15T16:25:30.348+0000] {logging_mixin.py:190} INFO - [2024-10-15T16:25:30.348+0000] {dag.py:4180} INFO - Setting next_dagrun for example_subdag_operator.section-2 to None, run_after=None
[2024-10-15T16:25:30.353+0000] {logging_mixin.py:190} INFO - [2024-10-15T16:25:30.353+0000] {dag.py:3239} INFO - Sync 2 DAGs
[2024-10-15T16:25:30.357+0000] {logging_mixin.py:190} INFO - [2024-10-15T16:25:30.357+0000] {dag.py:4180} INFO - Setting next_dagrun for example_subdag_operator.section-1 to None, run_after=None
[2024-10-15T16:25:30.358+0000] {logging_mixin.py:190} INFO - [2024-10-15T16:25:30.357+0000] {dag.py:4180} INFO - Setting next_dagrun for example_subdag_operator.section-2 to None, run_after=None
[2024-10-15T16:25:30.369+0000] {processor.py:208} INFO - Processing /home/airflow/.local/lib/python3.12/site-packages/airflow/example_dags/example_subdag_operator.py took 0.081 seconds
[2024-10-15T16:26:01.154+0000] {processor.py:186} INFO - Started process (PID=1333) to work on /home/airflow/.local/lib/python3.12/site-packages/airflow/example_dags/example_subdag_operator.py
[2024-10-15T16:26:01.155+0000] {processor.py:914} INFO - Processing file /home/airflow/.local/lib/python3.12/site-packages/airflow/example_dags/example_subdag_operator.py for tasks to queue
[2024-10-15T16:26:01.157+0000] {logging_mixin.py:190} INFO - [2024-10-15T16:26:01.157+0000] {dagbag.py:588} INFO - Filling up the DagBag from /home/airflow/.local/lib/python3.12/site-packages/airflow/example_dags/example_subdag_operator.py
[2024-10-15T16:26:01.175+0000] {processor.py:925} INFO - DAG(s) 'example_subdag_operator.section-1', 'example_subdag_operator.section-2', 'example_subdag_operator' retrieved from /home/airflow/.local/lib/python3.12/site-packages/airflow/example_dags/example_subdag_operator.py
[2024-10-15T16:26:01.187+0000] {logging_mixin.py:190} INFO - [2024-10-15T16:26:01.187+0000] {dag.py:3239} INFO - Sync 3 DAGs
[2024-10-15T16:26:01.210+0000] {logging_mixin.py:190} INFO - [2024-10-15T16:26:01.210+0000] {dag.py:4180} INFO - Setting next_dagrun for example_subdag_operator to 2022-01-01 00:00:00+00:00, run_after=2022-01-01 00:00:00+00:00
[2024-10-15T16:26:01.215+0000] {logging_mixin.py:190} INFO - [2024-10-15T16:26:01.214+0000] {dag.py:4180} INFO - Setting next_dagrun for example_subdag_operator.section-1 to None, run_after=None
[2024-10-15T16:26:01.217+0000] {logging_mixin.py:190} INFO - [2024-10-15T16:26:01.216+0000] {dag.py:4180} INFO - Setting next_dagrun for example_subdag_operator.section-2 to None, run_after=None
[2024-10-15T16:26:01.223+0000] {logging_mixin.py:190} INFO - [2024-10-15T16:26:01.223+0000] {dag.py:3239} INFO - Sync 2 DAGs
[2024-10-15T16:26:01.230+0000] {logging_mixin.py:190} INFO - [2024-10-15T16:26:01.230+0000] {dag.py:4180} INFO - Setting next_dagrun for example_subdag_operator.section-1 to None, run_after=None
[2024-10-15T16:26:01.231+0000] {logging_mixin.py:190} INFO - [2024-10-15T16:26:01.231+0000] {dag.py:4180} INFO - Setting next_dagrun for example_subdag_operator.section-2 to None, run_after=None
[2024-10-15T16:26:01.243+0000] {processor.py:208} INFO - Processing /home/airflow/.local/lib/python3.12/site-packages/airflow/example_dags/example_subdag_operator.py took 0.094 seconds
[2024-10-15T16:26:31.882+0000] {processor.py:186} INFO - Started process (PID=1395) to work on /home/airflow/.local/lib/python3.12/site-packages/airflow/example_dags/example_subdag_operator.py
[2024-10-15T16:26:31.883+0000] {processor.py:914} INFO - Processing file /home/airflow/.local/lib/python3.12/site-packages/airflow/example_dags/example_subdag_operator.py for tasks to queue
[2024-10-15T16:26:31.884+0000] {logging_mixin.py:190} INFO - [2024-10-15T16:26:31.884+0000] {dagbag.py:588} INFO - Filling up the DagBag from /home/airflow/.local/lib/python3.12/site-packages/airflow/example_dags/example_subdag_operator.py
[2024-10-15T16:26:31.902+0000] {processor.py:925} INFO - DAG(s) 'example_subdag_operator.section-1', 'example_subdag_operator.section-2', 'example_subdag_operator' retrieved from /home/airflow/.local/lib/python3.12/site-packages/airflow/example_dags/example_subdag_operator.py
[2024-10-15T16:26:31.912+0000] {logging_mixin.py:190} INFO - [2024-10-15T16:26:31.912+0000] {dag.py:3239} INFO - Sync 3 DAGs
[2024-10-15T16:26:31.927+0000] {logging_mixin.py:190} INFO - [2024-10-15T16:26:31.927+0000] {dag.py:4180} INFO - Setting next_dagrun for example_subdag_operator to 2022-01-01 00:00:00+00:00, run_after=2022-01-01 00:00:00+00:00
[2024-10-15T16:26:31.930+0000] {logging_mixin.py:190} INFO - [2024-10-15T16:26:31.930+0000] {dag.py:4180} INFO - Setting next_dagrun for example_subdag_operator.section-1 to None, run_after=None
[2024-10-15T16:26:31.931+0000] {logging_mixin.py:190} INFO - [2024-10-15T16:26:31.931+0000] {dag.py:4180} INFO - Setting next_dagrun for example_subdag_operator.section-2 to None, run_after=None
[2024-10-15T16:26:31.935+0000] {logging_mixin.py:190} INFO - [2024-10-15T16:26:31.935+0000] {dag.py:3239} INFO - Sync 2 DAGs
[2024-10-15T16:26:31.939+0000] {logging_mixin.py:190} INFO - [2024-10-15T16:26:31.939+0000] {dag.py:4180} INFO - Setting next_dagrun for example_subdag_operator.section-1 to None, run_after=None
[2024-10-15T16:26:31.939+0000] {logging_mixin.py:190} INFO - [2024-10-15T16:26:31.939+0000] {dag.py:4180} INFO - Setting next_dagrun for example_subdag_operator.section-2 to None, run_after=None
[2024-10-15T16:26:31.949+0000] {processor.py:208} INFO - Processing /home/airflow/.local/lib/python3.12/site-packages/airflow/example_dags/example_subdag_operator.py took 0.071 seconds
[2024-10-15T16:27:02.886+0000] {processor.py:186} INFO - Started process (PID=1457) to work on /home/airflow/.local/lib/python3.12/site-packages/airflow/example_dags/example_subdag_operator.py
[2024-10-15T16:27:02.887+0000] {processor.py:914} INFO - Processing file /home/airflow/.local/lib/python3.12/site-packages/airflow/example_dags/example_subdag_operator.py for tasks to queue
[2024-10-15T16:27:02.889+0000] {logging_mixin.py:190} INFO - [2024-10-15T16:27:02.888+0000] {dagbag.py:588} INFO - Filling up the DagBag from /home/airflow/.local/lib/python3.12/site-packages/airflow/example_dags/example_subdag_operator.py
[2024-10-15T16:27:02.906+0000] {processor.py:925} INFO - DAG(s) 'example_subdag_operator.section-1', 'example_subdag_operator.section-2', 'example_subdag_operator' retrieved from /home/airflow/.local/lib/python3.12/site-packages/airflow/example_dags/example_subdag_operator.py
[2024-10-15T16:27:02.917+0000] {logging_mixin.py:190} INFO - [2024-10-15T16:27:02.917+0000] {dag.py:3239} INFO - Sync 3 DAGs
[2024-10-15T16:27:02.935+0000] {logging_mixin.py:190} INFO - [2024-10-15T16:27:02.934+0000] {dag.py:4180} INFO - Setting next_dagrun for example_subdag_operator to 2022-01-01 00:00:00+00:00, run_after=2022-01-01 00:00:00+00:00
[2024-10-15T16:27:02.937+0000] {logging_mixin.py:190} INFO - [2024-10-15T16:27:02.937+0000] {dag.py:4180} INFO - Setting next_dagrun for example_subdag_operator.section-1 to None, run_after=None
[2024-10-15T16:27:02.938+0000] {logging_mixin.py:190} INFO - [2024-10-15T16:27:02.938+0000] {dag.py:4180} INFO - Setting next_dagrun for example_subdag_operator.section-2 to None, run_after=None
[2024-10-15T16:27:02.943+0000] {logging_mixin.py:190} INFO - [2024-10-15T16:27:02.943+0000] {dag.py:3239} INFO - Sync 2 DAGs
[2024-10-15T16:27:02.947+0000] {logging_mixin.py:190} INFO - [2024-10-15T16:27:02.947+0000] {dag.py:4180} INFO - Setting next_dagrun for example_subdag_operator.section-1 to None, run_after=None
[2024-10-15T16:27:02.947+0000] {logging_mixin.py:190} INFO - [2024-10-15T16:27:02.947+0000] {dag.py:4180} INFO - Setting next_dagrun for example_subdag_operator.section-2 to None, run_after=None
[2024-10-15T16:27:02.956+0000] {processor.py:208} INFO - Processing /home/airflow/.local/lib/python3.12/site-packages/airflow/example_dags/example_subdag_operator.py took 0.074 seconds
[2024-10-15T16:27:33.387+0000] {processor.py:186} INFO - Started process (PID=1519) to work on /home/airflow/.local/lib/python3.12/site-packages/airflow/example_dags/example_subdag_operator.py
[2024-10-15T16:27:33.388+0000] {processor.py:914} INFO - Processing file /home/airflow/.local/lib/python3.12/site-packages/airflow/example_dags/example_subdag_operator.py for tasks to queue
[2024-10-15T16:27:33.391+0000] {logging_mixin.py:190} INFO - [2024-10-15T16:27:33.390+0000] {dagbag.py:588} INFO - Filling up the DagBag from /home/airflow/.local/lib/python3.12/site-packages/airflow/example_dags/example_subdag_operator.py
[2024-10-15T16:27:33.410+0000] {processor.py:925} INFO - DAG(s) 'example_subdag_operator.section-1', 'example_subdag_operator.section-2', 'example_subdag_operator' retrieved from /home/airflow/.local/lib/python3.12/site-packages/airflow/example_dags/example_subdag_operator.py
[2024-10-15T16:27:33.421+0000] {logging_mixin.py:190} INFO - [2024-10-15T16:27:33.421+0000] {dag.py:3239} INFO - Sync 3 DAGs
[2024-10-15T16:27:33.438+0000] {logging_mixin.py:190} INFO - [2024-10-15T16:27:33.438+0000] {dag.py:4180} INFO - Setting next_dagrun for example_subdag_operator to 2022-01-01 00:00:00+00:00, run_after=2022-01-01 00:00:00+00:00
[2024-10-15T16:27:33.441+0000] {logging_mixin.py:190} INFO - [2024-10-15T16:27:33.441+0000] {dag.py:4180} INFO - Setting next_dagrun for example_subdag_operator.section-1 to None, run_after=None
[2024-10-15T16:27:33.442+0000] {logging_mixin.py:190} INFO - [2024-10-15T16:27:33.442+0000] {dag.py:4180} INFO - Setting next_dagrun for example_subdag_operator.section-2 to None, run_after=None
[2024-10-15T16:27:33.448+0000] {logging_mixin.py:190} INFO - [2024-10-15T16:27:33.448+0000] {dag.py:3239} INFO - Sync 2 DAGs
[2024-10-15T16:27:33.452+0000] {logging_mixin.py:190} INFO - [2024-10-15T16:27:33.452+0000] {dag.py:4180} INFO - Setting next_dagrun for example_subdag_operator.section-1 to None, run_after=None
[2024-10-15T16:27:33.452+0000] {logging_mixin.py:190} INFO - [2024-10-15T16:27:33.452+0000] {dag.py:4180} INFO - Setting next_dagrun for example_subdag_operator.section-2 to None, run_after=None
[2024-10-15T16:27:33.464+0000] {processor.py:208} INFO - Processing /home/airflow/.local/lib/python3.12/site-packages/airflow/example_dags/example_subdag_operator.py took 0.082 seconds
[2024-10-15T16:28:03.516+0000] {processor.py:186} INFO - Started process (PID=1581) to work on /home/airflow/.local/lib/python3.12/site-packages/airflow/example_dags/example_subdag_operator.py
[2024-10-15T16:28:03.517+0000] {processor.py:914} INFO - Processing file /home/airflow/.local/lib/python3.12/site-packages/airflow/example_dags/example_subdag_operator.py for tasks to queue
[2024-10-15T16:28:03.518+0000] {logging_mixin.py:190} INFO - [2024-10-15T16:28:03.518+0000] {dagbag.py:588} INFO - Filling up the DagBag from /home/airflow/.local/lib/python3.12/site-packages/airflow/example_dags/example_subdag_operator.py
[2024-10-15T16:28:03.536+0000] {processor.py:925} INFO - DAG(s) 'example_subdag_operator.section-1', 'example_subdag_operator.section-2', 'example_subdag_operator' retrieved from /home/airflow/.local/lib/python3.12/site-packages/airflow/example_dags/example_subdag_operator.py
[2024-10-15T16:28:03.547+0000] {logging_mixin.py:190} INFO - [2024-10-15T16:28:03.547+0000] {dag.py:3239} INFO - Sync 3 DAGs
[2024-10-15T16:28:03.563+0000] {logging_mixin.py:190} INFO - [2024-10-15T16:28:03.563+0000] {dag.py:4180} INFO - Setting next_dagrun for example_subdag_operator to 2022-01-01 00:00:00+00:00, run_after=2022-01-01 00:00:00+00:00
[2024-10-15T16:28:03.566+0000] {logging_mixin.py:190} INFO - [2024-10-15T16:28:03.565+0000] {dag.py:4180} INFO - Setting next_dagrun for example_subdag_operator.section-1 to None, run_after=None
[2024-10-15T16:28:03.567+0000] {logging_mixin.py:190} INFO - [2024-10-15T16:28:03.567+0000] {dag.py:4180} INFO - Setting next_dagrun for example_subdag_operator.section-2 to None, run_after=None
[2024-10-15T16:28:03.572+0000] {logging_mixin.py:190} INFO - [2024-10-15T16:28:03.572+0000] {dag.py:3239} INFO - Sync 2 DAGs
[2024-10-15T16:28:03.576+0000] {logging_mixin.py:190} INFO - [2024-10-15T16:28:03.576+0000] {dag.py:4180} INFO - Setting next_dagrun for example_subdag_operator.section-1 to None, run_after=None
[2024-10-15T16:28:03.577+0000] {logging_mixin.py:190} INFO - [2024-10-15T16:28:03.577+0000] {dag.py:4180} INFO - Setting next_dagrun for example_subdag_operator.section-2 to None, run_after=None
[2024-10-15T16:28:03.584+0000] {processor.py:208} INFO - Processing /home/airflow/.local/lib/python3.12/site-packages/airflow/example_dags/example_subdag_operator.py took 0.073 seconds
[2024-10-15T16:28:33.993+0000] {processor.py:186} INFO - Started process (PID=1643) to work on /home/airflow/.local/lib/python3.12/site-packages/airflow/example_dags/example_subdag_operator.py
[2024-10-15T16:28:33.994+0000] {processor.py:914} INFO - Processing file /home/airflow/.local/lib/python3.12/site-packages/airflow/example_dags/example_subdag_operator.py for tasks to queue
[2024-10-15T16:28:33.996+0000] {logging_mixin.py:190} INFO - [2024-10-15T16:28:33.996+0000] {dagbag.py:588} INFO - Filling up the DagBag from /home/airflow/.local/lib/python3.12/site-packages/airflow/example_dags/example_subdag_operator.py
[2024-10-15T16:28:34.017+0000] {processor.py:925} INFO - DAG(s) 'example_subdag_operator.section-1', 'example_subdag_operator.section-2', 'example_subdag_operator' retrieved from /home/airflow/.local/lib/python3.12/site-packages/airflow/example_dags/example_subdag_operator.py
[2024-10-15T16:28:34.029+0000] {logging_mixin.py:190} INFO - [2024-10-15T16:28:34.029+0000] {dag.py:3239} INFO - Sync 3 DAGs
[2024-10-15T16:28:34.045+0000] {logging_mixin.py:190} INFO - [2024-10-15T16:28:34.045+0000] {dag.py:4180} INFO - Setting next_dagrun for example_subdag_operator to 2022-01-01 00:00:00+00:00, run_after=2022-01-01 00:00:00+00:00
[2024-10-15T16:28:34.048+0000] {logging_mixin.py:190} INFO - [2024-10-15T16:28:34.048+0000] {dag.py:4180} INFO - Setting next_dagrun for example_subdag_operator.section-1 to None, run_after=None
[2024-10-15T16:28:34.049+0000] {logging_mixin.py:190} INFO - [2024-10-15T16:28:34.049+0000] {dag.py:4180} INFO - Setting next_dagrun for example_subdag_operator.section-2 to None, run_after=None
[2024-10-15T16:28:34.054+0000] {logging_mixin.py:190} INFO - [2024-10-15T16:28:34.054+0000] {dag.py:3239} INFO - Sync 2 DAGs
[2024-10-15T16:28:34.057+0000] {logging_mixin.py:190} INFO - [2024-10-15T16:28:34.057+0000] {dag.py:4180} INFO - Setting next_dagrun for example_subdag_operator.section-1 to None, run_after=None
[2024-10-15T16:28:34.058+0000] {logging_mixin.py:190} INFO - [2024-10-15T16:28:34.058+0000] {dag.py:4180} INFO - Setting next_dagrun for example_subdag_operator.section-2 to None, run_after=None
[2024-10-15T16:28:34.131+0000] {processor.py:208} INFO - Processing /home/airflow/.local/lib/python3.12/site-packages/airflow/example_dags/example_subdag_operator.py took 0.143 seconds
[2024-10-15T16:29:04.189+0000] {processor.py:186} INFO - Started process (PID=1705) to work on /home/airflow/.local/lib/python3.12/site-packages/airflow/example_dags/example_subdag_operator.py
[2024-10-15T16:29:04.190+0000] {processor.py:914} INFO - Processing file /home/airflow/.local/lib/python3.12/site-packages/airflow/example_dags/example_subdag_operator.py for tasks to queue
[2024-10-15T16:29:04.191+0000] {logging_mixin.py:190} INFO - [2024-10-15T16:29:04.191+0000] {dagbag.py:588} INFO - Filling up the DagBag from /home/airflow/.local/lib/python3.12/site-packages/airflow/example_dags/example_subdag_operator.py
[2024-10-15T16:29:04.208+0000] {processor.py:925} INFO - DAG(s) 'example_subdag_operator.section-1', 'example_subdag_operator.section-2', 'example_subdag_operator' retrieved from /home/airflow/.local/lib/python3.12/site-packages/airflow/example_dags/example_subdag_operator.py
[2024-10-15T16:29:04.218+0000] {logging_mixin.py:190} INFO - [2024-10-15T16:29:04.218+0000] {dag.py:3239} INFO - Sync 3 DAGs
[2024-10-15T16:29:04.234+0000] {logging_mixin.py:190} INFO - [2024-10-15T16:29:04.234+0000] {dag.py:4180} INFO - Setting next_dagrun for example_subdag_operator to 2022-01-01 00:00:00+00:00, run_after=2022-01-01 00:00:00+00:00
[2024-10-15T16:29:04.236+0000] {logging_mixin.py:190} INFO - [2024-10-15T16:29:04.236+0000] {dag.py:4180} INFO - Setting next_dagrun for example_subdag_operator.section-1 to None, run_after=None
[2024-10-15T16:29:04.237+0000] {logging_mixin.py:190} INFO - [2024-10-15T16:29:04.237+0000] {dag.py:4180} INFO - Setting next_dagrun for example_subdag_operator.section-2 to None, run_after=None
[2024-10-15T16:29:04.242+0000] {logging_mixin.py:190} INFO - [2024-10-15T16:29:04.242+0000] {dag.py:3239} INFO - Sync 2 DAGs
[2024-10-15T16:29:04.245+0000] {logging_mixin.py:190} INFO - [2024-10-15T16:29:04.245+0000] {dag.py:4180} INFO - Setting next_dagrun for example_subdag_operator.section-1 to None, run_after=None
[2024-10-15T16:29:04.246+0000] {logging_mixin.py:190} INFO - [2024-10-15T16:29:04.245+0000] {dag.py:4180} INFO - Setting next_dagrun for example_subdag_operator.section-2 to None, run_after=None
[2024-10-15T16:29:04.252+0000] {processor.py:208} INFO - Processing /home/airflow/.local/lib/python3.12/site-packages/airflow/example_dags/example_subdag_operator.py took 0.068 seconds
[2024-10-15T16:29:34.442+0000] {processor.py:186} INFO - Started process (PID=1767) to work on /home/airflow/.local/lib/python3.12/site-packages/airflow/example_dags/example_subdag_operator.py
[2024-10-15T16:29:34.443+0000] {processor.py:914} INFO - Processing file /home/airflow/.local/lib/python3.12/site-packages/airflow/example_dags/example_subdag_operator.py for tasks to queue
[2024-10-15T16:29:34.444+0000] {logging_mixin.py:190} INFO - [2024-10-15T16:29:34.444+0000] {dagbag.py:588} INFO - Filling up the DagBag from /home/airflow/.local/lib/python3.12/site-packages/airflow/example_dags/example_subdag_operator.py
[2024-10-15T16:29:34.461+0000] {processor.py:925} INFO - DAG(s) 'example_subdag_operator.section-1', 'example_subdag_operator.section-2', 'example_subdag_operator' retrieved from /home/airflow/.local/lib/python3.12/site-packages/airflow/example_dags/example_subdag_operator.py
[2024-10-15T16:29:34.472+0000] {logging_mixin.py:190} INFO - [2024-10-15T16:29:34.472+0000] {dag.py:3239} INFO - Sync 3 DAGs
[2024-10-15T16:29:34.488+0000] {logging_mixin.py:190} INFO - [2024-10-15T16:29:34.488+0000] {dag.py:4180} INFO - Setting next_dagrun for example_subdag_operator to 2022-01-01 00:00:00+00:00, run_after=2022-01-01 00:00:00+00:00
[2024-10-15T16:29:34.490+0000] {logging_mixin.py:190} INFO - [2024-10-15T16:29:34.490+0000] {dag.py:4180} INFO - Setting next_dagrun for example_subdag_operator.section-1 to None, run_after=None
[2024-10-15T16:29:34.491+0000] {logging_mixin.py:190} INFO - [2024-10-15T16:29:34.491+0000] {dag.py:4180} INFO - Setting next_dagrun for example_subdag_operator.section-2 to None, run_after=None
[2024-10-15T16:29:34.496+0000] {logging_mixin.py:190} INFO - [2024-10-15T16:29:34.496+0000] {dag.py:3239} INFO - Sync 2 DAGs
[2024-10-15T16:29:34.499+0000] {logging_mixin.py:190} INFO - [2024-10-15T16:29:34.499+0000] {dag.py:4180} INFO - Setting next_dagrun for example_subdag_operator.section-1 to None, run_after=None
[2024-10-15T16:29:34.500+0000] {logging_mixin.py:190} INFO - [2024-10-15T16:29:34.499+0000] {dag.py:4180} INFO - Setting next_dagrun for example_subdag_operator.section-2 to None, run_after=None
[2024-10-15T16:29:34.510+0000] {processor.py:208} INFO - Processing /home/airflow/.local/lib/python3.12/site-packages/airflow/example_dags/example_subdag_operator.py took 0.072 seconds
