[2024-10-15T16:15:46.679+0000] {processor.py:186} INFO - Started process (PID=103) to work on /home/airflow/.local/lib/python3.12/site-packages/airflow/example_dags/example_dataset_alias.py
[2024-10-15T16:15:46.680+0000] {processor.py:914} INFO - Processing file /home/airflow/.local/lib/python3.12/site-packages/airflow/example_dags/example_dataset_alias.py for tasks to queue
[2024-10-15T16:15:46.682+0000] {logging_mixin.py:190} INFO - [2024-10-15T16:15:46.681+0000] {dagbag.py:588} INFO - Filling up the DagBag from /home/airflow/.local/lib/python3.12/site-packages/airflow/example_dags/example_dataset_alias.py
[2024-10-15T16:15:46.793+0000] {processor.py:925} INFO - DAG(s) 'dataset_s3_bucket_consumer', 'dataset_alias_example_alias_producer', 'dataset_alias_example_alias_consumer', 'dataset_s3_bucket_producer' retrieved from /home/airflow/.local/lib/python3.12/site-packages/airflow/example_dags/example_dataset_alias.py
[2024-10-15T16:15:46.857+0000] {logging_mixin.py:190} INFO - [2024-10-15T16:15:46.856+0000] {override.py:1900} INFO - Created Permission View: can read on DAG:dataset_s3_bucket_consumer
[2024-10-15T16:15:46.863+0000] {logging_mixin.py:190} INFO - [2024-10-15T16:15:46.863+0000] {override.py:1900} INFO - Created Permission View: can delete on DAG:dataset_s3_bucket_consumer
[2024-10-15T16:15:46.868+0000] {logging_mixin.py:190} INFO - [2024-10-15T16:15:46.868+0000] {override.py:1900} INFO - Created Permission View: can edit on DAG:dataset_s3_bucket_consumer
[2024-10-15T16:15:46.874+0000] {logging_mixin.py:190} INFO - [2024-10-15T16:15:46.874+0000] {override.py:1900} INFO - Created Permission View: can read on DAG Run:dataset_s3_bucket_consumer
[2024-10-15T16:15:46.880+0000] {logging_mixin.py:190} INFO - [2024-10-15T16:15:46.880+0000] {override.py:1900} INFO - Created Permission View: can create on DAG Run:dataset_s3_bucket_consumer
[2024-10-15T16:15:46.886+0000] {logging_mixin.py:190} INFO - [2024-10-15T16:15:46.886+0000] {override.py:1900} INFO - Created Permission View: menu access on DAG Run:dataset_s3_bucket_consumer
[2024-10-15T16:15:46.892+0000] {logging_mixin.py:190} INFO - [2024-10-15T16:15:46.892+0000] {override.py:1900} INFO - Created Permission View: can delete on DAG Run:dataset_s3_bucket_consumer
[2024-10-15T16:15:46.905+0000] {logging_mixin.py:190} INFO - [2024-10-15T16:15:46.904+0000] {override.py:1900} INFO - Created Permission View: can read on DAG:dataset_alias_example_alias_producer
[2024-10-15T16:15:46.910+0000] {logging_mixin.py:190} INFO - [2024-10-15T16:15:46.910+0000] {override.py:1900} INFO - Created Permission View: can delete on DAG:dataset_alias_example_alias_producer
[2024-10-15T16:15:46.916+0000] {logging_mixin.py:190} INFO - [2024-10-15T16:15:46.915+0000] {override.py:1900} INFO - Created Permission View: can edit on DAG:dataset_alias_example_alias_producer
[2024-10-15T16:15:46.921+0000] {logging_mixin.py:190} INFO - [2024-10-15T16:15:46.921+0000] {override.py:1900} INFO - Created Permission View: can read on DAG Run:dataset_alias_example_alias_producer
[2024-10-15T16:15:46.926+0000] {logging_mixin.py:190} INFO - [2024-10-15T16:15:46.926+0000] {override.py:1900} INFO - Created Permission View: can create on DAG Run:dataset_alias_example_alias_producer
[2024-10-15T16:15:46.931+0000] {logging_mixin.py:190} INFO - [2024-10-15T16:15:46.931+0000] {override.py:1900} INFO - Created Permission View: menu access on DAG Run:dataset_alias_example_alias_producer
[2024-10-15T16:15:46.936+0000] {logging_mixin.py:190} INFO - [2024-10-15T16:15:46.936+0000] {override.py:1900} INFO - Created Permission View: can delete on DAG Run:dataset_alias_example_alias_producer
[2024-10-15T16:15:46.946+0000] {logging_mixin.py:190} INFO - [2024-10-15T16:15:46.946+0000] {override.py:1900} INFO - Created Permission View: can read on DAG:dataset_alias_example_alias_consumer
[2024-10-15T16:15:46.951+0000] {logging_mixin.py:190} INFO - [2024-10-15T16:15:46.951+0000] {override.py:1900} INFO - Created Permission View: can delete on DAG:dataset_alias_example_alias_consumer
[2024-10-15T16:15:46.956+0000] {logging_mixin.py:190} INFO - [2024-10-15T16:15:46.956+0000] {override.py:1900} INFO - Created Permission View: can edit on DAG:dataset_alias_example_alias_consumer
[2024-10-15T16:15:46.962+0000] {logging_mixin.py:190} INFO - [2024-10-15T16:15:46.962+0000] {override.py:1900} INFO - Created Permission View: can read on DAG Run:dataset_alias_example_alias_consumer
[2024-10-15T16:15:46.967+0000] {logging_mixin.py:190} INFO - [2024-10-15T16:15:46.967+0000] {override.py:1900} INFO - Created Permission View: can create on DAG Run:dataset_alias_example_alias_consumer
[2024-10-15T16:15:46.972+0000] {logging_mixin.py:190} INFO - [2024-10-15T16:15:46.972+0000] {override.py:1900} INFO - Created Permission View: menu access on DAG Run:dataset_alias_example_alias_consumer
[2024-10-15T16:15:46.976+0000] {logging_mixin.py:190} INFO - [2024-10-15T16:15:46.976+0000] {override.py:1900} INFO - Created Permission View: can delete on DAG Run:dataset_alias_example_alias_consumer
[2024-10-15T16:15:46.989+0000] {logging_mixin.py:190} INFO - [2024-10-15T16:15:46.989+0000] {override.py:1900} INFO - Created Permission View: can read on DAG:dataset_s3_bucket_producer
[2024-10-15T16:15:46.994+0000] {logging_mixin.py:190} INFO - [2024-10-15T16:15:46.994+0000] {override.py:1900} INFO - Created Permission View: can delete on DAG:dataset_s3_bucket_producer
[2024-10-15T16:15:46.999+0000] {logging_mixin.py:190} INFO - [2024-10-15T16:15:46.999+0000] {override.py:1900} INFO - Created Permission View: can edit on DAG:dataset_s3_bucket_producer
[2024-10-15T16:15:47.005+0000] {logging_mixin.py:190} INFO - [2024-10-15T16:15:47.005+0000] {override.py:1900} INFO - Created Permission View: can read on DAG Run:dataset_s3_bucket_producer
[2024-10-15T16:15:47.010+0000] {logging_mixin.py:190} INFO - [2024-10-15T16:15:47.010+0000] {override.py:1900} INFO - Created Permission View: can create on DAG Run:dataset_s3_bucket_producer
[2024-10-15T16:15:47.015+0000] {logging_mixin.py:190} INFO - [2024-10-15T16:15:47.014+0000] {override.py:1900} INFO - Created Permission View: menu access on DAG Run:dataset_s3_bucket_producer
[2024-10-15T16:15:47.019+0000] {logging_mixin.py:190} INFO - [2024-10-15T16:15:47.019+0000] {override.py:1900} INFO - Created Permission View: can delete on DAG Run:dataset_s3_bucket_producer
[2024-10-15T16:15:47.020+0000] {logging_mixin.py:190} INFO - [2024-10-15T16:15:47.020+0000] {dag.py:3239} INFO - Sync 4 DAGs
[2024-10-15T16:15:47.030+0000] {logging_mixin.py:190} INFO - [2024-10-15T16:15:47.029+0000] {dag.py:3262} INFO - Creating ORM DAG for dataset_s3_bucket_producer
[2024-10-15T16:15:47.030+0000] {logging_mixin.py:190} INFO - [2024-10-15T16:15:47.030+0000] {dag.py:3262} INFO - Creating ORM DAG for dataset_alias_example_alias_producer
[2024-10-15T16:15:47.031+0000] {logging_mixin.py:190} INFO - [2024-10-15T16:15:47.031+0000] {dag.py:3262} INFO - Creating ORM DAG for dataset_s3_bucket_consumer
[2024-10-15T16:15:47.031+0000] {logging_mixin.py:190} INFO - [2024-10-15T16:15:47.031+0000] {dag.py:3262} INFO - Creating ORM DAG for dataset_alias_example_alias_consumer
[2024-10-15T16:15:47.037+0000] {logging_mixin.py:190} INFO - [2024-10-15T16:15:47.037+0000] {dag.py:4180} INFO - Setting next_dagrun for dataset_alias_example_alias_consumer to None, run_after=None
[2024-10-15T16:15:47.038+0000] {logging_mixin.py:190} INFO - [2024-10-15T16:15:47.038+0000] {dag.py:4180} INFO - Setting next_dagrun for dataset_alias_example_alias_producer to None, run_after=None
[2024-10-15T16:15:47.039+0000] {logging_mixin.py:190} INFO - [2024-10-15T16:15:47.038+0000] {dag.py:4180} INFO - Setting next_dagrun for dataset_s3_bucket_consumer to None, run_after=None
[2024-10-15T16:15:47.039+0000] {logging_mixin.py:190} INFO - [2024-10-15T16:15:47.039+0000] {dag.py:4180} INFO - Setting next_dagrun for dataset_s3_bucket_producer to None, run_after=None
[2024-10-15T16:15:47.057+0000] {processor.py:208} INFO - Processing /home/airflow/.local/lib/python3.12/site-packages/airflow/example_dags/example_dataset_alias.py took 0.383 seconds
[2024-10-15T16:16:17.232+0000] {processor.py:186} INFO - Started process (PID=165) to work on /home/airflow/.local/lib/python3.12/site-packages/airflow/example_dags/example_dataset_alias.py
[2024-10-15T16:16:17.233+0000] {processor.py:914} INFO - Processing file /home/airflow/.local/lib/python3.12/site-packages/airflow/example_dags/example_dataset_alias.py for tasks to queue
[2024-10-15T16:16:17.235+0000] {logging_mixin.py:190} INFO - [2024-10-15T16:16:17.234+0000] {dagbag.py:588} INFO - Filling up the DagBag from /home/airflow/.local/lib/python3.12/site-packages/airflow/example_dags/example_dataset_alias.py
[2024-10-15T16:16:17.341+0000] {processor.py:925} INFO - DAG(s) 'dataset_s3_bucket_consumer', 'dataset_s3_bucket_producer', 'dataset_alias_example_alias_consumer', 'dataset_alias_example_alias_producer' retrieved from /home/airflow/.local/lib/python3.12/site-packages/airflow/example_dags/example_dataset_alias.py
[2024-10-15T16:16:17.359+0000] {logging_mixin.py:190} INFO - [2024-10-15T16:16:17.359+0000] {dag.py:3239} INFO - Sync 4 DAGs
[2024-10-15T16:16:17.376+0000] {logging_mixin.py:190} INFO - [2024-10-15T16:16:17.376+0000] {dag.py:4180} INFO - Setting next_dagrun for dataset_alias_example_alias_consumer to None, run_after=None
[2024-10-15T16:16:17.378+0000] {logging_mixin.py:190} INFO - [2024-10-15T16:16:17.378+0000] {dag.py:4180} INFO - Setting next_dagrun for dataset_alias_example_alias_producer to None, run_after=None
[2024-10-15T16:16:17.379+0000] {logging_mixin.py:190} INFO - [2024-10-15T16:16:17.379+0000] {dag.py:4180} INFO - Setting next_dagrun for dataset_s3_bucket_consumer to None, run_after=None
[2024-10-15T16:16:17.380+0000] {logging_mixin.py:190} INFO - [2024-10-15T16:16:17.380+0000] {dag.py:4180} INFO - Setting next_dagrun for dataset_s3_bucket_producer to None, run_after=None
[2024-10-15T16:16:17.396+0000] {processor.py:208} INFO - Processing /home/airflow/.local/lib/python3.12/site-packages/airflow/example_dags/example_dataset_alias.py took 0.168 seconds
[2024-10-15T16:16:47.912+0000] {processor.py:186} INFO - Started process (PID=227) to work on /home/airflow/.local/lib/python3.12/site-packages/airflow/example_dags/example_dataset_alias.py
[2024-10-15T16:16:47.913+0000] {processor.py:914} INFO - Processing file /home/airflow/.local/lib/python3.12/site-packages/airflow/example_dags/example_dataset_alias.py for tasks to queue
[2024-10-15T16:16:47.914+0000] {logging_mixin.py:190} INFO - [2024-10-15T16:16:47.914+0000] {dagbag.py:588} INFO - Filling up the DagBag from /home/airflow/.local/lib/python3.12/site-packages/airflow/example_dags/example_dataset_alias.py
[2024-10-15T16:16:48.023+0000] {processor.py:925} INFO - DAG(s) 'dataset_alias_example_alias_consumer', 'dataset_s3_bucket_producer', 'dataset_alias_example_alias_producer', 'dataset_s3_bucket_consumer' retrieved from /home/airflow/.local/lib/python3.12/site-packages/airflow/example_dags/example_dataset_alias.py
[2024-10-15T16:16:48.038+0000] {logging_mixin.py:190} INFO - [2024-10-15T16:16:48.038+0000] {dag.py:3239} INFO - Sync 4 DAGs
[2024-10-15T16:16:48.056+0000] {logging_mixin.py:190} INFO - [2024-10-15T16:16:48.056+0000] {dag.py:4180} INFO - Setting next_dagrun for dataset_alias_example_alias_consumer to None, run_after=None
[2024-10-15T16:16:48.058+0000] {logging_mixin.py:190} INFO - [2024-10-15T16:16:48.058+0000] {dag.py:4180} INFO - Setting next_dagrun for dataset_alias_example_alias_producer to None, run_after=None
[2024-10-15T16:16:48.059+0000] {logging_mixin.py:190} INFO - [2024-10-15T16:16:48.059+0000] {dag.py:4180} INFO - Setting next_dagrun for dataset_s3_bucket_consumer to None, run_after=None
[2024-10-15T16:16:48.060+0000] {logging_mixin.py:190} INFO - [2024-10-15T16:16:48.060+0000] {dag.py:4180} INFO - Setting next_dagrun for dataset_s3_bucket_producer to None, run_after=None
[2024-10-15T16:16:48.079+0000] {processor.py:208} INFO - Processing /home/airflow/.local/lib/python3.12/site-packages/airflow/example_dags/example_dataset_alias.py took 0.171 seconds
[2024-10-15T16:17:18.814+0000] {processor.py:186} INFO - Started process (PID=289) to work on /home/airflow/.local/lib/python3.12/site-packages/airflow/example_dags/example_dataset_alias.py
[2024-10-15T16:17:18.815+0000] {processor.py:914} INFO - Processing file /home/airflow/.local/lib/python3.12/site-packages/airflow/example_dags/example_dataset_alias.py for tasks to queue
[2024-10-15T16:17:18.816+0000] {logging_mixin.py:190} INFO - [2024-10-15T16:17:18.816+0000] {dagbag.py:588} INFO - Filling up the DagBag from /home/airflow/.local/lib/python3.12/site-packages/airflow/example_dags/example_dataset_alias.py
[2024-10-15T16:17:18.933+0000] {processor.py:925} INFO - DAG(s) 'dataset_alias_example_alias_consumer', 'dataset_alias_example_alias_producer', 'dataset_s3_bucket_consumer', 'dataset_s3_bucket_producer' retrieved from /home/airflow/.local/lib/python3.12/site-packages/airflow/example_dags/example_dataset_alias.py
[2024-10-15T16:17:18.948+0000] {logging_mixin.py:190} INFO - [2024-10-15T16:17:18.948+0000] {dag.py:3239} INFO - Sync 4 DAGs
[2024-10-15T16:17:18.964+0000] {logging_mixin.py:190} INFO - [2024-10-15T16:17:18.964+0000] {dag.py:4180} INFO - Setting next_dagrun for dataset_alias_example_alias_consumer to None, run_after=None
[2024-10-15T16:17:18.966+0000] {logging_mixin.py:190} INFO - [2024-10-15T16:17:18.966+0000] {dag.py:4180} INFO - Setting next_dagrun for dataset_alias_example_alias_producer to None, run_after=None
[2024-10-15T16:17:18.967+0000] {logging_mixin.py:190} INFO - [2024-10-15T16:17:18.967+0000] {dag.py:4180} INFO - Setting next_dagrun for dataset_s3_bucket_consumer to None, run_after=None
[2024-10-15T16:17:18.968+0000] {logging_mixin.py:190} INFO - [2024-10-15T16:17:18.968+0000] {dag.py:4180} INFO - Setting next_dagrun for dataset_s3_bucket_producer to None, run_after=None
[2024-10-15T16:17:18.986+0000] {processor.py:208} INFO - Processing /home/airflow/.local/lib/python3.12/site-packages/airflow/example_dags/example_dataset_alias.py took 0.177 seconds
[2024-10-15T16:17:49.614+0000] {processor.py:186} INFO - Started process (PID=351) to work on /home/airflow/.local/lib/python3.12/site-packages/airflow/example_dags/example_dataset_alias.py
[2024-10-15T16:17:49.615+0000] {processor.py:914} INFO - Processing file /home/airflow/.local/lib/python3.12/site-packages/airflow/example_dags/example_dataset_alias.py for tasks to queue
[2024-10-15T16:17:49.616+0000] {logging_mixin.py:190} INFO - [2024-10-15T16:17:49.616+0000] {dagbag.py:588} INFO - Filling up the DagBag from /home/airflow/.local/lib/python3.12/site-packages/airflow/example_dags/example_dataset_alias.py
[2024-10-15T16:17:49.728+0000] {processor.py:925} INFO - DAG(s) 'dataset_s3_bucket_producer', 'dataset_alias_example_alias_consumer', 'dataset_s3_bucket_consumer', 'dataset_alias_example_alias_producer' retrieved from /home/airflow/.local/lib/python3.12/site-packages/airflow/example_dags/example_dataset_alias.py
[2024-10-15T16:17:49.747+0000] {logging_mixin.py:190} INFO - [2024-10-15T16:17:49.747+0000] {dag.py:3239} INFO - Sync 4 DAGs
[2024-10-15T16:17:49.761+0000] {logging_mixin.py:190} INFO - [2024-10-15T16:17:49.761+0000] {dag.py:4180} INFO - Setting next_dagrun for dataset_alias_example_alias_consumer to None, run_after=None
[2024-10-15T16:17:49.763+0000] {logging_mixin.py:190} INFO - [2024-10-15T16:17:49.763+0000] {dag.py:4180} INFO - Setting next_dagrun for dataset_alias_example_alias_producer to None, run_after=None
[2024-10-15T16:17:49.764+0000] {logging_mixin.py:190} INFO - [2024-10-15T16:17:49.764+0000] {dag.py:4180} INFO - Setting next_dagrun for dataset_s3_bucket_consumer to None, run_after=None
[2024-10-15T16:17:49.765+0000] {logging_mixin.py:190} INFO - [2024-10-15T16:17:49.765+0000] {dag.py:4180} INFO - Setting next_dagrun for dataset_s3_bucket_producer to None, run_after=None
[2024-10-15T16:17:49.783+0000] {processor.py:208} INFO - Processing /home/airflow/.local/lib/python3.12/site-packages/airflow/example_dags/example_dataset_alias.py took 0.174 seconds
[2024-10-15T16:18:20.580+0000] {processor.py:186} INFO - Started process (PID=413) to work on /home/airflow/.local/lib/python3.12/site-packages/airflow/example_dags/example_dataset_alias.py
[2024-10-15T16:18:20.580+0000] {processor.py:914} INFO - Processing file /home/airflow/.local/lib/python3.12/site-packages/airflow/example_dags/example_dataset_alias.py for tasks to queue
[2024-10-15T16:18:20.582+0000] {logging_mixin.py:190} INFO - [2024-10-15T16:18:20.582+0000] {dagbag.py:588} INFO - Filling up the DagBag from /home/airflow/.local/lib/python3.12/site-packages/airflow/example_dags/example_dataset_alias.py
[2024-10-15T16:18:20.725+0000] {processor.py:925} INFO - DAG(s) 'dataset_s3_bucket_consumer', 'dataset_alias_example_alias_consumer', 'dataset_s3_bucket_producer', 'dataset_alias_example_alias_producer' retrieved from /home/airflow/.local/lib/python3.12/site-packages/airflow/example_dags/example_dataset_alias.py
[2024-10-15T16:18:20.747+0000] {logging_mixin.py:190} INFO - [2024-10-15T16:18:20.747+0000] {dag.py:3239} INFO - Sync 4 DAGs
[2024-10-15T16:18:20.769+0000] {logging_mixin.py:190} INFO - [2024-10-15T16:18:20.768+0000] {dag.py:4180} INFO - Setting next_dagrun for dataset_alias_example_alias_consumer to None, run_after=None
[2024-10-15T16:18:20.773+0000] {logging_mixin.py:190} INFO - [2024-10-15T16:18:20.772+0000] {dag.py:4180} INFO - Setting next_dagrun for dataset_alias_example_alias_producer to None, run_after=None
[2024-10-15T16:18:20.776+0000] {logging_mixin.py:190} INFO - [2024-10-15T16:18:20.776+0000] {dag.py:4180} INFO - Setting next_dagrun for dataset_s3_bucket_consumer to None, run_after=None
[2024-10-15T16:18:20.777+0000] {logging_mixin.py:190} INFO - [2024-10-15T16:18:20.777+0000] {dag.py:4180} INFO - Setting next_dagrun for dataset_s3_bucket_producer to None, run_after=None
[2024-10-15T16:18:20.797+0000] {processor.py:208} INFO - Processing /home/airflow/.local/lib/python3.12/site-packages/airflow/example_dags/example_dataset_alias.py took 0.223 seconds
[2024-10-15T16:18:51.767+0000] {processor.py:186} INFO - Started process (PID=475) to work on /home/airflow/.local/lib/python3.12/site-packages/airflow/example_dags/example_dataset_alias.py
[2024-10-15T16:18:51.768+0000] {processor.py:914} INFO - Processing file /home/airflow/.local/lib/python3.12/site-packages/airflow/example_dags/example_dataset_alias.py for tasks to queue
[2024-10-15T16:18:51.769+0000] {logging_mixin.py:190} INFO - [2024-10-15T16:18:51.769+0000] {dagbag.py:588} INFO - Filling up the DagBag from /home/airflow/.local/lib/python3.12/site-packages/airflow/example_dags/example_dataset_alias.py
[2024-10-15T16:18:51.888+0000] {processor.py:925} INFO - DAG(s) 'dataset_alias_example_alias_consumer', 'dataset_s3_bucket_producer', 'dataset_alias_example_alias_producer', 'dataset_s3_bucket_consumer' retrieved from /home/airflow/.local/lib/python3.12/site-packages/airflow/example_dags/example_dataset_alias.py
[2024-10-15T16:18:51.902+0000] {logging_mixin.py:190} INFO - [2024-10-15T16:18:51.901+0000] {dag.py:3239} INFO - Sync 4 DAGs
[2024-10-15T16:18:51.917+0000] {logging_mixin.py:190} INFO - [2024-10-15T16:18:51.917+0000] {dag.py:4180} INFO - Setting next_dagrun for dataset_alias_example_alias_consumer to None, run_after=None
[2024-10-15T16:18:51.920+0000] {logging_mixin.py:190} INFO - [2024-10-15T16:18:51.919+0000] {dag.py:4180} INFO - Setting next_dagrun for dataset_alias_example_alias_producer to None, run_after=None
[2024-10-15T16:18:51.921+0000] {logging_mixin.py:190} INFO - [2024-10-15T16:18:51.921+0000] {dag.py:4180} INFO - Setting next_dagrun for dataset_s3_bucket_consumer to None, run_after=None
[2024-10-15T16:18:51.922+0000] {logging_mixin.py:190} INFO - [2024-10-15T16:18:51.921+0000] {dag.py:4180} INFO - Setting next_dagrun for dataset_s3_bucket_producer to None, run_after=None
[2024-10-15T16:18:51.941+0000] {processor.py:208} INFO - Processing /home/airflow/.local/lib/python3.12/site-packages/airflow/example_dags/example_dataset_alias.py took 0.179 seconds
[2024-10-15T16:19:22.756+0000] {processor.py:186} INFO - Started process (PID=537) to work on /home/airflow/.local/lib/python3.12/site-packages/airflow/example_dags/example_dataset_alias.py
[2024-10-15T16:19:22.757+0000] {processor.py:914} INFO - Processing file /home/airflow/.local/lib/python3.12/site-packages/airflow/example_dags/example_dataset_alias.py for tasks to queue
[2024-10-15T16:19:22.759+0000] {logging_mixin.py:190} INFO - [2024-10-15T16:19:22.758+0000] {dagbag.py:588} INFO - Filling up the DagBag from /home/airflow/.local/lib/python3.12/site-packages/airflow/example_dags/example_dataset_alias.py
[2024-10-15T16:19:22.890+0000] {processor.py:925} INFO - DAG(s) 'dataset_s3_bucket_consumer', 'dataset_s3_bucket_producer', 'dataset_alias_example_alias_producer', 'dataset_alias_example_alias_consumer' retrieved from /home/airflow/.local/lib/python3.12/site-packages/airflow/example_dags/example_dataset_alias.py
[2024-10-15T16:19:22.906+0000] {logging_mixin.py:190} INFO - [2024-10-15T16:19:22.906+0000] {dag.py:3239} INFO - Sync 4 DAGs
[2024-10-15T16:19:22.921+0000] {logging_mixin.py:190} INFO - [2024-10-15T16:19:22.921+0000] {dag.py:4180} INFO - Setting next_dagrun for dataset_alias_example_alias_consumer to None, run_after=None
[2024-10-15T16:19:22.923+0000] {logging_mixin.py:190} INFO - [2024-10-15T16:19:22.923+0000] {dag.py:4180} INFO - Setting next_dagrun for dataset_alias_example_alias_producer to None, run_after=None
[2024-10-15T16:19:22.925+0000] {logging_mixin.py:190} INFO - [2024-10-15T16:19:22.925+0000] {dag.py:4180} INFO - Setting next_dagrun for dataset_s3_bucket_consumer to None, run_after=None
[2024-10-15T16:19:22.926+0000] {logging_mixin.py:190} INFO - [2024-10-15T16:19:22.926+0000] {dag.py:4180} INFO - Setting next_dagrun for dataset_s3_bucket_producer to None, run_after=None
[2024-10-15T16:19:22.943+0000] {processor.py:208} INFO - Processing /home/airflow/.local/lib/python3.12/site-packages/airflow/example_dags/example_dataset_alias.py took 0.191 seconds
[2024-10-15T16:19:53.735+0000] {processor.py:186} INFO - Started process (PID=599) to work on /home/airflow/.local/lib/python3.12/site-packages/airflow/example_dags/example_dataset_alias.py
[2024-10-15T16:19:53.736+0000] {processor.py:914} INFO - Processing file /home/airflow/.local/lib/python3.12/site-packages/airflow/example_dags/example_dataset_alias.py for tasks to queue
[2024-10-15T16:19:53.737+0000] {logging_mixin.py:190} INFO - [2024-10-15T16:19:53.737+0000] {dagbag.py:588} INFO - Filling up the DagBag from /home/airflow/.local/lib/python3.12/site-packages/airflow/example_dags/example_dataset_alias.py
[2024-10-15T16:19:53.869+0000] {processor.py:925} INFO - DAG(s) 'dataset_alias_example_alias_producer', 'dataset_alias_example_alias_consumer', 'dataset_s3_bucket_producer', 'dataset_s3_bucket_consumer' retrieved from /home/airflow/.local/lib/python3.12/site-packages/airflow/example_dags/example_dataset_alias.py
[2024-10-15T16:19:53.886+0000] {logging_mixin.py:190} INFO - [2024-10-15T16:19:53.886+0000] {dag.py:3239} INFO - Sync 4 DAGs
[2024-10-15T16:19:53.904+0000] {logging_mixin.py:190} INFO - [2024-10-15T16:19:53.903+0000] {dag.py:4180} INFO - Setting next_dagrun for dataset_alias_example_alias_consumer to None, run_after=None
[2024-10-15T16:19:53.906+0000] {logging_mixin.py:190} INFO - [2024-10-15T16:19:53.906+0000] {dag.py:4180} INFO - Setting next_dagrun for dataset_alias_example_alias_producer to None, run_after=None
[2024-10-15T16:19:53.908+0000] {logging_mixin.py:190} INFO - [2024-10-15T16:19:53.907+0000] {dag.py:4180} INFO - Setting next_dagrun for dataset_s3_bucket_consumer to None, run_after=None
[2024-10-15T16:19:53.909+0000] {logging_mixin.py:190} INFO - [2024-10-15T16:19:53.908+0000] {dag.py:4180} INFO - Setting next_dagrun for dataset_s3_bucket_producer to None, run_after=None
[2024-10-15T16:19:53.933+0000] {processor.py:208} INFO - Processing /home/airflow/.local/lib/python3.12/site-packages/airflow/example_dags/example_dataset_alias.py took 0.203 seconds
[2024-10-15T16:20:24.738+0000] {processor.py:186} INFO - Started process (PID=661) to work on /home/airflow/.local/lib/python3.12/site-packages/airflow/example_dags/example_dataset_alias.py
[2024-10-15T16:20:24.738+0000] {processor.py:914} INFO - Processing file /home/airflow/.local/lib/python3.12/site-packages/airflow/example_dags/example_dataset_alias.py for tasks to queue
[2024-10-15T16:20:24.740+0000] {logging_mixin.py:190} INFO - [2024-10-15T16:20:24.740+0000] {dagbag.py:588} INFO - Filling up the DagBag from /home/airflow/.local/lib/python3.12/site-packages/airflow/example_dags/example_dataset_alias.py
[2024-10-15T16:20:24.853+0000] {processor.py:925} INFO - DAG(s) 'dataset_alias_example_alias_producer', 'dataset_alias_example_alias_consumer', 'dataset_s3_bucket_producer', 'dataset_s3_bucket_consumer' retrieved from /home/airflow/.local/lib/python3.12/site-packages/airflow/example_dags/example_dataset_alias.py
[2024-10-15T16:20:24.868+0000] {logging_mixin.py:190} INFO - [2024-10-15T16:20:24.867+0000] {dag.py:3239} INFO - Sync 4 DAGs
[2024-10-15T16:20:24.883+0000] {logging_mixin.py:190} INFO - [2024-10-15T16:20:24.883+0000] {dag.py:4180} INFO - Setting next_dagrun for dataset_alias_example_alias_consumer to None, run_after=None
[2024-10-15T16:20:24.885+0000] {logging_mixin.py:190} INFO - [2024-10-15T16:20:24.885+0000] {dag.py:4180} INFO - Setting next_dagrun for dataset_alias_example_alias_producer to None, run_after=None
[2024-10-15T16:20:24.886+0000] {logging_mixin.py:190} INFO - [2024-10-15T16:20:24.886+0000] {dag.py:4180} INFO - Setting next_dagrun for dataset_s3_bucket_consumer to None, run_after=None
[2024-10-15T16:20:24.887+0000] {logging_mixin.py:190} INFO - [2024-10-15T16:20:24.886+0000] {dag.py:4180} INFO - Setting next_dagrun for dataset_s3_bucket_producer to None, run_after=None
[2024-10-15T16:20:24.903+0000] {processor.py:208} INFO - Processing /home/airflow/.local/lib/python3.12/site-packages/airflow/example_dags/example_dataset_alias.py took 0.169 seconds
[2024-10-15T16:20:55.646+0000] {processor.py:186} INFO - Started process (PID=723) to work on /home/airflow/.local/lib/python3.12/site-packages/airflow/example_dags/example_dataset_alias.py
[2024-10-15T16:20:55.646+0000] {processor.py:914} INFO - Processing file /home/airflow/.local/lib/python3.12/site-packages/airflow/example_dags/example_dataset_alias.py for tasks to queue
[2024-10-15T16:20:55.648+0000] {logging_mixin.py:190} INFO - [2024-10-15T16:20:55.648+0000] {dagbag.py:588} INFO - Filling up the DagBag from /home/airflow/.local/lib/python3.12/site-packages/airflow/example_dags/example_dataset_alias.py
[2024-10-15T16:20:55.774+0000] {processor.py:925} INFO - DAG(s) 'dataset_s3_bucket_consumer', 'dataset_alias_example_alias_producer', 'dataset_s3_bucket_producer', 'dataset_alias_example_alias_consumer' retrieved from /home/airflow/.local/lib/python3.12/site-packages/airflow/example_dags/example_dataset_alias.py
[2024-10-15T16:20:55.791+0000] {logging_mixin.py:190} INFO - [2024-10-15T16:20:55.791+0000] {dag.py:3239} INFO - Sync 4 DAGs
[2024-10-15T16:20:55.810+0000] {logging_mixin.py:190} INFO - [2024-10-15T16:20:55.810+0000] {dag.py:4180} INFO - Setting next_dagrun for dataset_alias_example_alias_consumer to None, run_after=None
[2024-10-15T16:20:55.812+0000] {logging_mixin.py:190} INFO - [2024-10-15T16:20:55.812+0000] {dag.py:4180} INFO - Setting next_dagrun for dataset_alias_example_alias_producer to None, run_after=None
[2024-10-15T16:20:55.813+0000] {logging_mixin.py:190} INFO - [2024-10-15T16:20:55.813+0000] {dag.py:4180} INFO - Setting next_dagrun for dataset_s3_bucket_consumer to None, run_after=None
[2024-10-15T16:20:55.815+0000] {logging_mixin.py:190} INFO - [2024-10-15T16:20:55.815+0000] {dag.py:4180} INFO - Setting next_dagrun for dataset_s3_bucket_producer to None, run_after=None
[2024-10-15T16:20:55.831+0000] {processor.py:208} INFO - Processing /home/airflow/.local/lib/python3.12/site-packages/airflow/example_dags/example_dataset_alias.py took 0.190 seconds
[2024-10-15T16:21:26.671+0000] {processor.py:186} INFO - Started process (PID=785) to work on /home/airflow/.local/lib/python3.12/site-packages/airflow/example_dags/example_dataset_alias.py
[2024-10-15T16:21:26.672+0000] {processor.py:914} INFO - Processing file /home/airflow/.local/lib/python3.12/site-packages/airflow/example_dags/example_dataset_alias.py for tasks to queue
[2024-10-15T16:21:26.674+0000] {logging_mixin.py:190} INFO - [2024-10-15T16:21:26.674+0000] {dagbag.py:588} INFO - Filling up the DagBag from /home/airflow/.local/lib/python3.12/site-packages/airflow/example_dags/example_dataset_alias.py
[2024-10-15T16:21:26.794+0000] {processor.py:925} INFO - DAG(s) 'dataset_alias_example_alias_consumer', 'dataset_alias_example_alias_producer', 'dataset_s3_bucket_consumer', 'dataset_s3_bucket_producer' retrieved from /home/airflow/.local/lib/python3.12/site-packages/airflow/example_dags/example_dataset_alias.py
[2024-10-15T16:21:26.814+0000] {logging_mixin.py:190} INFO - [2024-10-15T16:21:26.814+0000] {dag.py:3239} INFO - Sync 4 DAGs
[2024-10-15T16:21:26.833+0000] {logging_mixin.py:190} INFO - [2024-10-15T16:21:26.833+0000] {dag.py:4180} INFO - Setting next_dagrun for dataset_alias_example_alias_consumer to None, run_after=None
[2024-10-15T16:21:26.836+0000] {logging_mixin.py:190} INFO - [2024-10-15T16:21:26.836+0000] {dag.py:4180} INFO - Setting next_dagrun for dataset_alias_example_alias_producer to None, run_after=None
[2024-10-15T16:21:26.837+0000] {logging_mixin.py:190} INFO - [2024-10-15T16:21:26.837+0000] {dag.py:4180} INFO - Setting next_dagrun for dataset_s3_bucket_consumer to None, run_after=None
[2024-10-15T16:21:26.838+0000] {logging_mixin.py:190} INFO - [2024-10-15T16:21:26.838+0000] {dag.py:4180} INFO - Setting next_dagrun for dataset_s3_bucket_producer to None, run_after=None
[2024-10-15T16:21:26.857+0000] {processor.py:208} INFO - Processing /home/airflow/.local/lib/python3.12/site-packages/airflow/example_dags/example_dataset_alias.py took 0.190 seconds
[2024-10-15T16:21:57.691+0000] {processor.py:186} INFO - Started process (PID=847) to work on /home/airflow/.local/lib/python3.12/site-packages/airflow/example_dags/example_dataset_alias.py
[2024-10-15T16:21:57.691+0000] {processor.py:914} INFO - Processing file /home/airflow/.local/lib/python3.12/site-packages/airflow/example_dags/example_dataset_alias.py for tasks to queue
[2024-10-15T16:21:57.694+0000] {logging_mixin.py:190} INFO - [2024-10-15T16:21:57.693+0000] {dagbag.py:588} INFO - Filling up the DagBag from /home/airflow/.local/lib/python3.12/site-packages/airflow/example_dags/example_dataset_alias.py
[2024-10-15T16:21:57.845+0000] {processor.py:925} INFO - DAG(s) 'dataset_s3_bucket_producer', 'dataset_s3_bucket_consumer', 'dataset_alias_example_alias_producer', 'dataset_alias_example_alias_consumer' retrieved from /home/airflow/.local/lib/python3.12/site-packages/airflow/example_dags/example_dataset_alias.py
[2024-10-15T16:21:57.867+0000] {logging_mixin.py:190} INFO - [2024-10-15T16:21:57.867+0000] {dag.py:3239} INFO - Sync 4 DAGs
[2024-10-15T16:21:57.887+0000] {logging_mixin.py:190} INFO - [2024-10-15T16:21:57.887+0000] {dag.py:4180} INFO - Setting next_dagrun for dataset_alias_example_alias_consumer to None, run_after=None
[2024-10-15T16:21:57.890+0000] {logging_mixin.py:190} INFO - [2024-10-15T16:21:57.889+0000] {dag.py:4180} INFO - Setting next_dagrun for dataset_alias_example_alias_producer to None, run_after=None
[2024-10-15T16:21:57.891+0000] {logging_mixin.py:190} INFO - [2024-10-15T16:21:57.890+0000] {dag.py:4180} INFO - Setting next_dagrun for dataset_s3_bucket_consumer to None, run_after=None
[2024-10-15T16:21:57.892+0000] {logging_mixin.py:190} INFO - [2024-10-15T16:21:57.892+0000] {dag.py:4180} INFO - Setting next_dagrun for dataset_s3_bucket_producer to None, run_after=None
[2024-10-15T16:21:57.918+0000] {processor.py:208} INFO - Processing /home/airflow/.local/lib/python3.12/site-packages/airflow/example_dags/example_dataset_alias.py took 0.233 seconds
[2024-10-15T16:22:27.977+0000] {processor.py:186} INFO - Started process (PID=909) to work on /home/airflow/.local/lib/python3.12/site-packages/airflow/example_dags/example_dataset_alias.py
[2024-10-15T16:22:27.977+0000] {processor.py:914} INFO - Processing file /home/airflow/.local/lib/python3.12/site-packages/airflow/example_dags/example_dataset_alias.py for tasks to queue
[2024-10-15T16:22:27.979+0000] {logging_mixin.py:190} INFO - [2024-10-15T16:22:27.979+0000] {dagbag.py:588} INFO - Filling up the DagBag from /home/airflow/.local/lib/python3.12/site-packages/airflow/example_dags/example_dataset_alias.py
[2024-10-15T16:22:28.095+0000] {processor.py:925} INFO - DAG(s) 'dataset_alias_example_alias_producer', 'dataset_alias_example_alias_consumer', 'dataset_s3_bucket_producer', 'dataset_s3_bucket_consumer' retrieved from /home/airflow/.local/lib/python3.12/site-packages/airflow/example_dags/example_dataset_alias.py
[2024-10-15T16:22:28.109+0000] {logging_mixin.py:190} INFO - [2024-10-15T16:22:28.109+0000] {dag.py:3239} INFO - Sync 4 DAGs
[2024-10-15T16:22:28.125+0000] {logging_mixin.py:190} INFO - [2024-10-15T16:22:28.125+0000] {dag.py:4180} INFO - Setting next_dagrun for dataset_alias_example_alias_consumer to None, run_after=None
[2024-10-15T16:22:28.127+0000] {logging_mixin.py:190} INFO - [2024-10-15T16:22:28.127+0000] {dag.py:4180} INFO - Setting next_dagrun for dataset_alias_example_alias_producer to None, run_after=None
[2024-10-15T16:22:28.128+0000] {logging_mixin.py:190} INFO - [2024-10-15T16:22:28.128+0000] {dag.py:4180} INFO - Setting next_dagrun for dataset_s3_bucket_consumer to None, run_after=None
[2024-10-15T16:22:28.129+0000] {logging_mixin.py:190} INFO - [2024-10-15T16:22:28.129+0000] {dag.py:4180} INFO - Setting next_dagrun for dataset_s3_bucket_producer to None, run_after=None
[2024-10-15T16:22:28.144+0000] {processor.py:208} INFO - Processing /home/airflow/.local/lib/python3.12/site-packages/airflow/example_dags/example_dataset_alias.py took 0.172 seconds
[2024-10-15T16:22:58.970+0000] {processor.py:186} INFO - Started process (PID=971) to work on /home/airflow/.local/lib/python3.12/site-packages/airflow/example_dags/example_dataset_alias.py
[2024-10-15T16:22:58.970+0000] {processor.py:914} INFO - Processing file /home/airflow/.local/lib/python3.12/site-packages/airflow/example_dags/example_dataset_alias.py for tasks to queue
[2024-10-15T16:22:58.972+0000] {logging_mixin.py:190} INFO - [2024-10-15T16:22:58.972+0000] {dagbag.py:588} INFO - Filling up the DagBag from /home/airflow/.local/lib/python3.12/site-packages/airflow/example_dags/example_dataset_alias.py
[2024-10-15T16:22:59.101+0000] {processor.py:925} INFO - DAG(s) 'dataset_alias_example_alias_consumer', 'dataset_s3_bucket_consumer', 'dataset_s3_bucket_producer', 'dataset_alias_example_alias_producer' retrieved from /home/airflow/.local/lib/python3.12/site-packages/airflow/example_dags/example_dataset_alias.py
[2024-10-15T16:22:59.116+0000] {logging_mixin.py:190} INFO - [2024-10-15T16:22:59.116+0000] {dag.py:3239} INFO - Sync 4 DAGs
[2024-10-15T16:22:59.132+0000] {logging_mixin.py:190} INFO - [2024-10-15T16:22:59.132+0000] {dag.py:4180} INFO - Setting next_dagrun for dataset_alias_example_alias_consumer to None, run_after=None
[2024-10-15T16:22:59.135+0000] {logging_mixin.py:190} INFO - [2024-10-15T16:22:59.135+0000] {dag.py:4180} INFO - Setting next_dagrun for dataset_alias_example_alias_producer to None, run_after=None
[2024-10-15T16:22:59.137+0000] {logging_mixin.py:190} INFO - [2024-10-15T16:22:59.137+0000] {dag.py:4180} INFO - Setting next_dagrun for dataset_s3_bucket_consumer to None, run_after=None
[2024-10-15T16:22:59.138+0000] {logging_mixin.py:190} INFO - [2024-10-15T16:22:59.138+0000] {dag.py:4180} INFO - Setting next_dagrun for dataset_s3_bucket_producer to None, run_after=None
[2024-10-15T16:22:59.157+0000] {processor.py:208} INFO - Processing /home/airflow/.local/lib/python3.12/site-packages/airflow/example_dags/example_dataset_alias.py took 0.192 seconds
[2024-10-15T16:23:29.210+0000] {processor.py:186} INFO - Started process (PID=1033) to work on /home/airflow/.local/lib/python3.12/site-packages/airflow/example_dags/example_dataset_alias.py
[2024-10-15T16:23:29.210+0000] {processor.py:914} INFO - Processing file /home/airflow/.local/lib/python3.12/site-packages/airflow/example_dags/example_dataset_alias.py for tasks to queue
[2024-10-15T16:23:29.212+0000] {logging_mixin.py:190} INFO - [2024-10-15T16:23:29.212+0000] {dagbag.py:588} INFO - Filling up the DagBag from /home/airflow/.local/lib/python3.12/site-packages/airflow/example_dags/example_dataset_alias.py
[2024-10-15T16:23:29.347+0000] {processor.py:925} INFO - DAG(s) 'dataset_alias_example_alias_producer', 'dataset_alias_example_alias_consumer', 'dataset_s3_bucket_consumer', 'dataset_s3_bucket_producer' retrieved from /home/airflow/.local/lib/python3.12/site-packages/airflow/example_dags/example_dataset_alias.py
[2024-10-15T16:23:29.375+0000] {logging_mixin.py:190} INFO - [2024-10-15T16:23:29.375+0000] {dag.py:3239} INFO - Sync 4 DAGs
[2024-10-15T16:23:29.393+0000] {logging_mixin.py:190} INFO - [2024-10-15T16:23:29.393+0000] {dag.py:4180} INFO - Setting next_dagrun for dataset_alias_example_alias_consumer to None, run_after=None
[2024-10-15T16:23:29.397+0000] {logging_mixin.py:190} INFO - [2024-10-15T16:23:29.397+0000] {dag.py:4180} INFO - Setting next_dagrun for dataset_alias_example_alias_producer to None, run_after=None
[2024-10-15T16:23:29.398+0000] {logging_mixin.py:190} INFO - [2024-10-15T16:23:29.398+0000] {dag.py:4180} INFO - Setting next_dagrun for dataset_s3_bucket_consumer to None, run_after=None
[2024-10-15T16:23:29.399+0000] {logging_mixin.py:190} INFO - [2024-10-15T16:23:29.399+0000] {dag.py:4180} INFO - Setting next_dagrun for dataset_s3_bucket_producer to None, run_after=None
[2024-10-15T16:23:29.415+0000] {processor.py:208} INFO - Processing /home/airflow/.local/lib/python3.12/site-packages/airflow/example_dags/example_dataset_alias.py took 0.209 seconds
[2024-10-15T16:23:59.495+0000] {processor.py:186} INFO - Started process (PID=1095) to work on /home/airflow/.local/lib/python3.12/site-packages/airflow/example_dags/example_dataset_alias.py
[2024-10-15T16:23:59.496+0000] {processor.py:914} INFO - Processing file /home/airflow/.local/lib/python3.12/site-packages/airflow/example_dags/example_dataset_alias.py for tasks to queue
[2024-10-15T16:23:59.497+0000] {logging_mixin.py:190} INFO - [2024-10-15T16:23:59.497+0000] {dagbag.py:588} INFO - Filling up the DagBag from /home/airflow/.local/lib/python3.12/site-packages/airflow/example_dags/example_dataset_alias.py
[2024-10-15T16:23:59.617+0000] {processor.py:925} INFO - DAG(s) 'dataset_alias_example_alias_producer', 'dataset_s3_bucket_producer', 'dataset_s3_bucket_consumer', 'dataset_alias_example_alias_consumer' retrieved from /home/airflow/.local/lib/python3.12/site-packages/airflow/example_dags/example_dataset_alias.py
[2024-10-15T16:23:59.637+0000] {logging_mixin.py:190} INFO - [2024-10-15T16:23:59.637+0000] {dag.py:3239} INFO - Sync 4 DAGs
[2024-10-15T16:23:59.653+0000] {logging_mixin.py:190} INFO - [2024-10-15T16:23:59.653+0000] {dag.py:4180} INFO - Setting next_dagrun for dataset_alias_example_alias_consumer to None, run_after=None
[2024-10-15T16:23:59.655+0000] {logging_mixin.py:190} INFO - [2024-10-15T16:23:59.655+0000] {dag.py:4180} INFO - Setting next_dagrun for dataset_alias_example_alias_producer to None, run_after=None
[2024-10-15T16:23:59.656+0000] {logging_mixin.py:190} INFO - [2024-10-15T16:23:59.656+0000] {dag.py:4180} INFO - Setting next_dagrun for dataset_s3_bucket_consumer to None, run_after=None
[2024-10-15T16:23:59.657+0000] {logging_mixin.py:190} INFO - [2024-10-15T16:23:59.657+0000] {dag.py:4180} INFO - Setting next_dagrun for dataset_s3_bucket_producer to None, run_after=None
[2024-10-15T16:23:59.672+0000] {processor.py:208} INFO - Processing /home/airflow/.local/lib/python3.12/site-packages/airflow/example_dags/example_dataset_alias.py took 0.182 seconds
[2024-10-15T16:24:30.400+0000] {processor.py:186} INFO - Started process (PID=1157) to work on /home/airflow/.local/lib/python3.12/site-packages/airflow/example_dags/example_dataset_alias.py
[2024-10-15T16:24:30.400+0000] {processor.py:914} INFO - Processing file /home/airflow/.local/lib/python3.12/site-packages/airflow/example_dags/example_dataset_alias.py for tasks to queue
[2024-10-15T16:24:30.402+0000] {logging_mixin.py:190} INFO - [2024-10-15T16:24:30.402+0000] {dagbag.py:588} INFO - Filling up the DagBag from /home/airflow/.local/lib/python3.12/site-packages/airflow/example_dags/example_dataset_alias.py
[2024-10-15T16:24:30.513+0000] {processor.py:925} INFO - DAG(s) 'dataset_s3_bucket_producer', 'dataset_alias_example_alias_producer', 'dataset_s3_bucket_consumer', 'dataset_alias_example_alias_consumer' retrieved from /home/airflow/.local/lib/python3.12/site-packages/airflow/example_dags/example_dataset_alias.py
[2024-10-15T16:24:30.531+0000] {logging_mixin.py:190} INFO - [2024-10-15T16:24:30.531+0000] {dag.py:3239} INFO - Sync 4 DAGs
[2024-10-15T16:24:30.546+0000] {logging_mixin.py:190} INFO - [2024-10-15T16:24:30.546+0000] {dag.py:4180} INFO - Setting next_dagrun for dataset_alias_example_alias_consumer to None, run_after=None
[2024-10-15T16:24:30.548+0000] {logging_mixin.py:190} INFO - [2024-10-15T16:24:30.548+0000] {dag.py:4180} INFO - Setting next_dagrun for dataset_alias_example_alias_producer to None, run_after=None
[2024-10-15T16:24:30.549+0000] {logging_mixin.py:190} INFO - [2024-10-15T16:24:30.549+0000] {dag.py:4180} INFO - Setting next_dagrun for dataset_s3_bucket_consumer to None, run_after=None
[2024-10-15T16:24:30.550+0000] {logging_mixin.py:190} INFO - [2024-10-15T16:24:30.550+0000] {dag.py:4180} INFO - Setting next_dagrun for dataset_s3_bucket_producer to None, run_after=None
[2024-10-15T16:24:30.568+0000] {processor.py:208} INFO - Processing /home/airflow/.local/lib/python3.12/site-packages/airflow/example_dags/example_dataset_alias.py took 0.173 seconds
[2024-10-15T16:25:01.221+0000] {processor.py:186} INFO - Started process (PID=1219) to work on /home/airflow/.local/lib/python3.12/site-packages/airflow/example_dags/example_dataset_alias.py
[2024-10-15T16:25:01.221+0000] {processor.py:914} INFO - Processing file /home/airflow/.local/lib/python3.12/site-packages/airflow/example_dags/example_dataset_alias.py for tasks to queue
[2024-10-15T16:25:01.223+0000] {logging_mixin.py:190} INFO - [2024-10-15T16:25:01.223+0000] {dagbag.py:588} INFO - Filling up the DagBag from /home/airflow/.local/lib/python3.12/site-packages/airflow/example_dags/example_dataset_alias.py
[2024-10-15T16:25:01.346+0000] {processor.py:925} INFO - DAG(s) 'dataset_alias_example_alias_consumer', 'dataset_s3_bucket_producer', 'dataset_alias_example_alias_producer', 'dataset_s3_bucket_consumer' retrieved from /home/airflow/.local/lib/python3.12/site-packages/airflow/example_dags/example_dataset_alias.py
[2024-10-15T16:25:01.363+0000] {logging_mixin.py:190} INFO - [2024-10-15T16:25:01.363+0000] {dag.py:3239} INFO - Sync 4 DAGs
[2024-10-15T16:25:01.381+0000] {logging_mixin.py:190} INFO - [2024-10-15T16:25:01.380+0000] {dag.py:4180} INFO - Setting next_dagrun for dataset_alias_example_alias_consumer to None, run_after=None
[2024-10-15T16:25:01.383+0000] {logging_mixin.py:190} INFO - [2024-10-15T16:25:01.383+0000] {dag.py:4180} INFO - Setting next_dagrun for dataset_alias_example_alias_producer to None, run_after=None
[2024-10-15T16:25:01.384+0000] {logging_mixin.py:190} INFO - [2024-10-15T16:25:01.383+0000] {dag.py:4180} INFO - Setting next_dagrun for dataset_s3_bucket_consumer to None, run_after=None
[2024-10-15T16:25:01.384+0000] {logging_mixin.py:190} INFO - [2024-10-15T16:25:01.384+0000] {dag.py:4180} INFO - Setting next_dagrun for dataset_s3_bucket_producer to None, run_after=None
[2024-10-15T16:25:01.401+0000] {processor.py:208} INFO - Processing /home/airflow/.local/lib/python3.12/site-packages/airflow/example_dags/example_dataset_alias.py took 0.186 seconds
[2024-10-15T16:25:31.789+0000] {processor.py:186} INFO - Started process (PID=1281) to work on /home/airflow/.local/lib/python3.12/site-packages/airflow/example_dags/example_dataset_alias.py
[2024-10-15T16:25:31.790+0000] {processor.py:914} INFO - Processing file /home/airflow/.local/lib/python3.12/site-packages/airflow/example_dags/example_dataset_alias.py for tasks to queue
[2024-10-15T16:25:31.791+0000] {logging_mixin.py:190} INFO - [2024-10-15T16:25:31.791+0000] {dagbag.py:588} INFO - Filling up the DagBag from /home/airflow/.local/lib/python3.12/site-packages/airflow/example_dags/example_dataset_alias.py
[2024-10-15T16:25:31.899+0000] {processor.py:925} INFO - DAG(s) 'dataset_alias_example_alias_producer', 'dataset_s3_bucket_producer', 'dataset_alias_example_alias_consumer', 'dataset_s3_bucket_consumer' retrieved from /home/airflow/.local/lib/python3.12/site-packages/airflow/example_dags/example_dataset_alias.py
[2024-10-15T16:25:31.914+0000] {logging_mixin.py:190} INFO - [2024-10-15T16:25:31.914+0000] {dag.py:3239} INFO - Sync 4 DAGs
[2024-10-15T16:25:31.929+0000] {logging_mixin.py:190} INFO - [2024-10-15T16:25:31.929+0000] {dag.py:4180} INFO - Setting next_dagrun for dataset_alias_example_alias_consumer to None, run_after=None
[2024-10-15T16:25:31.930+0000] {logging_mixin.py:190} INFO - [2024-10-15T16:25:31.930+0000] {dag.py:4180} INFO - Setting next_dagrun for dataset_alias_example_alias_producer to None, run_after=None
[2024-10-15T16:25:31.931+0000] {logging_mixin.py:190} INFO - [2024-10-15T16:25:31.931+0000] {dag.py:4180} INFO - Setting next_dagrun for dataset_s3_bucket_consumer to None, run_after=None
[2024-10-15T16:25:31.932+0000] {logging_mixin.py:190} INFO - [2024-10-15T16:25:31.932+0000] {dag.py:4180} INFO - Setting next_dagrun for dataset_s3_bucket_producer to None, run_after=None
[2024-10-15T16:25:31.950+0000] {processor.py:208} INFO - Processing /home/airflow/.local/lib/python3.12/site-packages/airflow/example_dags/example_dataset_alias.py took 0.166 seconds
[2024-10-15T16:26:02.645+0000] {processor.py:186} INFO - Started process (PID=1343) to work on /home/airflow/.local/lib/python3.12/site-packages/airflow/example_dags/example_dataset_alias.py
[2024-10-15T16:26:02.646+0000] {processor.py:914} INFO - Processing file /home/airflow/.local/lib/python3.12/site-packages/airflow/example_dags/example_dataset_alias.py for tasks to queue
[2024-10-15T16:26:02.647+0000] {logging_mixin.py:190} INFO - [2024-10-15T16:26:02.647+0000] {dagbag.py:588} INFO - Filling up the DagBag from /home/airflow/.local/lib/python3.12/site-packages/airflow/example_dags/example_dataset_alias.py
[2024-10-15T16:26:02.749+0000] {processor.py:925} INFO - DAG(s) 'dataset_alias_example_alias_consumer', 'dataset_s3_bucket_producer', 'dataset_s3_bucket_consumer', 'dataset_alias_example_alias_producer' retrieved from /home/airflow/.local/lib/python3.12/site-packages/airflow/example_dags/example_dataset_alias.py
[2024-10-15T16:26:02.766+0000] {logging_mixin.py:190} INFO - [2024-10-15T16:26:02.766+0000] {dag.py:3239} INFO - Sync 4 DAGs
[2024-10-15T16:26:02.784+0000] {logging_mixin.py:190} INFO - [2024-10-15T16:26:02.784+0000] {dag.py:4180} INFO - Setting next_dagrun for dataset_alias_example_alias_consumer to None, run_after=None
[2024-10-15T16:26:02.787+0000] {logging_mixin.py:190} INFO - [2024-10-15T16:26:02.787+0000] {dag.py:4180} INFO - Setting next_dagrun for dataset_alias_example_alias_producer to None, run_after=None
[2024-10-15T16:26:02.788+0000] {logging_mixin.py:190} INFO - [2024-10-15T16:26:02.788+0000] {dag.py:4180} INFO - Setting next_dagrun for dataset_s3_bucket_consumer to None, run_after=None
[2024-10-15T16:26:02.789+0000] {logging_mixin.py:190} INFO - [2024-10-15T16:26:02.789+0000] {dag.py:4180} INFO - Setting next_dagrun for dataset_s3_bucket_producer to None, run_after=None
[2024-10-15T16:26:02.812+0000] {processor.py:208} INFO - Processing /home/airflow/.local/lib/python3.12/site-packages/airflow/example_dags/example_dataset_alias.py took 0.171 seconds
[2024-10-15T16:26:33.411+0000] {processor.py:186} INFO - Started process (PID=1405) to work on /home/airflow/.local/lib/python3.12/site-packages/airflow/example_dags/example_dataset_alias.py
[2024-10-15T16:26:33.412+0000] {processor.py:914} INFO - Processing file /home/airflow/.local/lib/python3.12/site-packages/airflow/example_dags/example_dataset_alias.py for tasks to queue
[2024-10-15T16:26:33.413+0000] {logging_mixin.py:190} INFO - [2024-10-15T16:26:33.413+0000] {dagbag.py:588} INFO - Filling up the DagBag from /home/airflow/.local/lib/python3.12/site-packages/airflow/example_dags/example_dataset_alias.py
[2024-10-15T16:26:33.529+0000] {processor.py:925} INFO - DAG(s) 'dataset_s3_bucket_producer', 'dataset_alias_example_alias_producer', 'dataset_s3_bucket_consumer', 'dataset_alias_example_alias_consumer' retrieved from /home/airflow/.local/lib/python3.12/site-packages/airflow/example_dags/example_dataset_alias.py
[2024-10-15T16:26:33.545+0000] {logging_mixin.py:190} INFO - [2024-10-15T16:26:33.545+0000] {dag.py:3239} INFO - Sync 4 DAGs
[2024-10-15T16:26:33.700+0000] {logging_mixin.py:190} INFO - [2024-10-15T16:26:33.699+0000] {dag.py:4180} INFO - Setting next_dagrun for dataset_alias_example_alias_consumer to None, run_after=None
[2024-10-15T16:26:33.702+0000] {logging_mixin.py:190} INFO - [2024-10-15T16:26:33.702+0000] {dag.py:4180} INFO - Setting next_dagrun for dataset_alias_example_alias_producer to None, run_after=None
[2024-10-15T16:26:33.703+0000] {logging_mixin.py:190} INFO - [2024-10-15T16:26:33.703+0000] {dag.py:4180} INFO - Setting next_dagrun for dataset_s3_bucket_consumer to None, run_after=None
[2024-10-15T16:26:33.704+0000] {logging_mixin.py:190} INFO - [2024-10-15T16:26:33.704+0000] {dag.py:4180} INFO - Setting next_dagrun for dataset_s3_bucket_producer to None, run_after=None
[2024-10-15T16:26:33.720+0000] {processor.py:208} INFO - Processing /home/airflow/.local/lib/python3.12/site-packages/airflow/example_dags/example_dataset_alias.py took 0.313 seconds
[2024-10-15T16:27:04.467+0000] {processor.py:186} INFO - Started process (PID=1467) to work on /home/airflow/.local/lib/python3.12/site-packages/airflow/example_dags/example_dataset_alias.py
[2024-10-15T16:27:04.468+0000] {processor.py:914} INFO - Processing file /home/airflow/.local/lib/python3.12/site-packages/airflow/example_dags/example_dataset_alias.py for tasks to queue
[2024-10-15T16:27:04.469+0000] {logging_mixin.py:190} INFO - [2024-10-15T16:27:04.469+0000] {dagbag.py:588} INFO - Filling up the DagBag from /home/airflow/.local/lib/python3.12/site-packages/airflow/example_dags/example_dataset_alias.py
[2024-10-15T16:27:04.577+0000] {processor.py:925} INFO - DAG(s) 'dataset_s3_bucket_consumer', 'dataset_alias_example_alias_producer', 'dataset_alias_example_alias_consumer', 'dataset_s3_bucket_producer' retrieved from /home/airflow/.local/lib/python3.12/site-packages/airflow/example_dags/example_dataset_alias.py
[2024-10-15T16:27:04.594+0000] {logging_mixin.py:190} INFO - [2024-10-15T16:27:04.593+0000] {dag.py:3239} INFO - Sync 4 DAGs
[2024-10-15T16:27:04.611+0000] {logging_mixin.py:190} INFO - [2024-10-15T16:27:04.611+0000] {dag.py:4180} INFO - Setting next_dagrun for dataset_alias_example_alias_consumer to None, run_after=None
[2024-10-15T16:27:04.765+0000] {logging_mixin.py:190} INFO - [2024-10-15T16:27:04.765+0000] {dag.py:4180} INFO - Setting next_dagrun for dataset_alias_example_alias_producer to None, run_after=None
[2024-10-15T16:27:04.767+0000] {logging_mixin.py:190} INFO - [2024-10-15T16:27:04.767+0000] {dag.py:4180} INFO - Setting next_dagrun for dataset_s3_bucket_consumer to None, run_after=None
[2024-10-15T16:27:04.768+0000] {logging_mixin.py:190} INFO - [2024-10-15T16:27:04.768+0000] {dag.py:4180} INFO - Setting next_dagrun for dataset_s3_bucket_producer to None, run_after=None
[2024-10-15T16:27:04.781+0000] {processor.py:208} INFO - Processing /home/airflow/.local/lib/python3.12/site-packages/airflow/example_dags/example_dataset_alias.py took 0.318 seconds
[2024-10-15T16:27:34.930+0000] {processor.py:186} INFO - Started process (PID=1529) to work on /home/airflow/.local/lib/python3.12/site-packages/airflow/example_dags/example_dataset_alias.py
[2024-10-15T16:27:34.930+0000] {processor.py:914} INFO - Processing file /home/airflow/.local/lib/python3.12/site-packages/airflow/example_dags/example_dataset_alias.py for tasks to queue
[2024-10-15T16:27:34.932+0000] {logging_mixin.py:190} INFO - [2024-10-15T16:27:34.932+0000] {dagbag.py:588} INFO - Filling up the DagBag from /home/airflow/.local/lib/python3.12/site-packages/airflow/example_dags/example_dataset_alias.py
[2024-10-15T16:27:35.044+0000] {processor.py:925} INFO - DAG(s) 'dataset_s3_bucket_producer', 'dataset_s3_bucket_consumer', 'dataset_alias_example_alias_consumer', 'dataset_alias_example_alias_producer' retrieved from /home/airflow/.local/lib/python3.12/site-packages/airflow/example_dags/example_dataset_alias.py
[2024-10-15T16:27:35.058+0000] {logging_mixin.py:190} INFO - [2024-10-15T16:27:35.058+0000] {dag.py:3239} INFO - Sync 4 DAGs
[2024-10-15T16:27:35.074+0000] {logging_mixin.py:190} INFO - [2024-10-15T16:27:35.074+0000] {dag.py:4180} INFO - Setting next_dagrun for dataset_alias_example_alias_consumer to None, run_after=None
[2024-10-15T16:27:35.076+0000] {logging_mixin.py:190} INFO - [2024-10-15T16:27:35.076+0000] {dag.py:4180} INFO - Setting next_dagrun for dataset_alias_example_alias_producer to None, run_after=None
[2024-10-15T16:27:35.077+0000] {logging_mixin.py:190} INFO - [2024-10-15T16:27:35.077+0000] {dag.py:4180} INFO - Setting next_dagrun for dataset_s3_bucket_consumer to None, run_after=None
[2024-10-15T16:27:35.078+0000] {logging_mixin.py:190} INFO - [2024-10-15T16:27:35.078+0000] {dag.py:4180} INFO - Setting next_dagrun for dataset_s3_bucket_producer to None, run_after=None
[2024-10-15T16:27:35.099+0000] {processor.py:208} INFO - Processing /home/airflow/.local/lib/python3.12/site-packages/airflow/example_dags/example_dataset_alias.py took 0.174 seconds
[2024-10-15T16:28:05.522+0000] {processor.py:186} INFO - Started process (PID=1591) to work on /home/airflow/.local/lib/python3.12/site-packages/airflow/example_dags/example_dataset_alias.py
[2024-10-15T16:28:05.523+0000] {processor.py:914} INFO - Processing file /home/airflow/.local/lib/python3.12/site-packages/airflow/example_dags/example_dataset_alias.py for tasks to queue
[2024-10-15T16:28:05.525+0000] {logging_mixin.py:190} INFO - [2024-10-15T16:28:05.524+0000] {dagbag.py:588} INFO - Filling up the DagBag from /home/airflow/.local/lib/python3.12/site-packages/airflow/example_dags/example_dataset_alias.py
[2024-10-15T16:28:05.639+0000] {processor.py:925} INFO - DAG(s) 'dataset_s3_bucket_producer', 'dataset_alias_example_alias_consumer', 'dataset_alias_example_alias_producer', 'dataset_s3_bucket_consumer' retrieved from /home/airflow/.local/lib/python3.12/site-packages/airflow/example_dags/example_dataset_alias.py
[2024-10-15T16:28:05.654+0000] {logging_mixin.py:190} INFO - [2024-10-15T16:28:05.654+0000] {dag.py:3239} INFO - Sync 4 DAGs
[2024-10-15T16:28:05.672+0000] {logging_mixin.py:190} INFO - [2024-10-15T16:28:05.672+0000] {dag.py:4180} INFO - Setting next_dagrun for dataset_alias_example_alias_consumer to None, run_after=None
[2024-10-15T16:28:05.674+0000] {logging_mixin.py:190} INFO - [2024-10-15T16:28:05.674+0000] {dag.py:4180} INFO - Setting next_dagrun for dataset_alias_example_alias_producer to None, run_after=None
[2024-10-15T16:28:05.675+0000] {logging_mixin.py:190} INFO - [2024-10-15T16:28:05.675+0000] {dag.py:4180} INFO - Setting next_dagrun for dataset_s3_bucket_consumer to None, run_after=None
[2024-10-15T16:28:05.676+0000] {logging_mixin.py:190} INFO - [2024-10-15T16:28:05.676+0000] {dag.py:4180} INFO - Setting next_dagrun for dataset_s3_bucket_producer to None, run_after=None
[2024-10-15T16:28:05.693+0000] {processor.py:208} INFO - Processing /home/airflow/.local/lib/python3.12/site-packages/airflow/example_dags/example_dataset_alias.py took 0.176 seconds
[2024-10-15T16:28:35.859+0000] {processor.py:186} INFO - Started process (PID=1653) to work on /home/airflow/.local/lib/python3.12/site-packages/airflow/example_dags/example_dataset_alias.py
[2024-10-15T16:28:35.859+0000] {processor.py:914} INFO - Processing file /home/airflow/.local/lib/python3.12/site-packages/airflow/example_dags/example_dataset_alias.py for tasks to queue
[2024-10-15T16:28:35.861+0000] {logging_mixin.py:190} INFO - [2024-10-15T16:28:35.861+0000] {dagbag.py:588} INFO - Filling up the DagBag from /home/airflow/.local/lib/python3.12/site-packages/airflow/example_dags/example_dataset_alias.py
[2024-10-15T16:28:35.991+0000] {processor.py:925} INFO - DAG(s) 'dataset_s3_bucket_consumer', 'dataset_s3_bucket_producer', 'dataset_alias_example_alias_consumer', 'dataset_alias_example_alias_producer' retrieved from /home/airflow/.local/lib/python3.12/site-packages/airflow/example_dags/example_dataset_alias.py
[2024-10-15T16:28:36.181+0000] {logging_mixin.py:190} INFO - [2024-10-15T16:28:36.180+0000] {dag.py:3239} INFO - Sync 4 DAGs
[2024-10-15T16:28:36.204+0000] {logging_mixin.py:190} INFO - [2024-10-15T16:28:36.204+0000] {dag.py:4180} INFO - Setting next_dagrun for dataset_alias_example_alias_consumer to None, run_after=None
[2024-10-15T16:28:36.207+0000] {logging_mixin.py:190} INFO - [2024-10-15T16:28:36.207+0000] {dag.py:4180} INFO - Setting next_dagrun for dataset_alias_example_alias_producer to None, run_after=None
[2024-10-15T16:28:36.209+0000] {logging_mixin.py:190} INFO - [2024-10-15T16:28:36.209+0000] {dag.py:4180} INFO - Setting next_dagrun for dataset_s3_bucket_consumer to None, run_after=None
[2024-10-15T16:28:36.210+0000] {logging_mixin.py:190} INFO - [2024-10-15T16:28:36.210+0000] {dag.py:4180} INFO - Setting next_dagrun for dataset_s3_bucket_producer to None, run_after=None
[2024-10-15T16:28:36.355+0000] {processor.py:208} INFO - Processing /home/airflow/.local/lib/python3.12/site-packages/airflow/example_dags/example_dataset_alias.py took 0.502 seconds
[2024-10-15T16:29:06.632+0000] {processor.py:186} INFO - Started process (PID=1715) to work on /home/airflow/.local/lib/python3.12/site-packages/airflow/example_dags/example_dataset_alias.py
[2024-10-15T16:29:06.633+0000] {processor.py:914} INFO - Processing file /home/airflow/.local/lib/python3.12/site-packages/airflow/example_dags/example_dataset_alias.py for tasks to queue
[2024-10-15T16:29:06.635+0000] {logging_mixin.py:190} INFO - [2024-10-15T16:29:06.634+0000] {dagbag.py:588} INFO - Filling up the DagBag from /home/airflow/.local/lib/python3.12/site-packages/airflow/example_dags/example_dataset_alias.py
[2024-10-15T16:29:06.750+0000] {processor.py:925} INFO - DAG(s) 'dataset_s3_bucket_consumer', 'dataset_alias_example_alias_consumer', 'dataset_alias_example_alias_producer', 'dataset_s3_bucket_producer' retrieved from /home/airflow/.local/lib/python3.12/site-packages/airflow/example_dags/example_dataset_alias.py
[2024-10-15T16:29:06.767+0000] {logging_mixin.py:190} INFO - [2024-10-15T16:29:06.767+0000] {dag.py:3239} INFO - Sync 4 DAGs
[2024-10-15T16:29:06.913+0000] {logging_mixin.py:190} INFO - [2024-10-15T16:29:06.912+0000] {dag.py:4180} INFO - Setting next_dagrun for dataset_alias_example_alias_consumer to None, run_after=None
[2024-10-15T16:29:06.914+0000] {logging_mixin.py:190} INFO - [2024-10-15T16:29:06.914+0000] {dag.py:4180} INFO - Setting next_dagrun for dataset_alias_example_alias_producer to None, run_after=None
[2024-10-15T16:29:06.915+0000] {logging_mixin.py:190} INFO - [2024-10-15T16:29:06.915+0000] {dag.py:4180} INFO - Setting next_dagrun for dataset_s3_bucket_consumer to None, run_after=None
[2024-10-15T16:29:06.916+0000] {logging_mixin.py:190} INFO - [2024-10-15T16:29:06.916+0000] {dag.py:4180} INFO - Setting next_dagrun for dataset_s3_bucket_producer to None, run_after=None
[2024-10-15T16:29:06.934+0000] {processor.py:208} INFO - Processing /home/airflow/.local/lib/python3.12/site-packages/airflow/example_dags/example_dataset_alias.py took 0.306 seconds
[2024-10-15T16:29:36.983+0000] {processor.py:186} INFO - Started process (PID=1777) to work on /home/airflow/.local/lib/python3.12/site-packages/airflow/example_dags/example_dataset_alias.py
[2024-10-15T16:29:36.984+0000] {processor.py:914} INFO - Processing file /home/airflow/.local/lib/python3.12/site-packages/airflow/example_dags/example_dataset_alias.py for tasks to queue
[2024-10-15T16:29:36.986+0000] {logging_mixin.py:190} INFO - [2024-10-15T16:29:36.986+0000] {dagbag.py:588} INFO - Filling up the DagBag from /home/airflow/.local/lib/python3.12/site-packages/airflow/example_dags/example_dataset_alias.py
[2024-10-15T16:29:37.097+0000] {processor.py:925} INFO - DAG(s) 'dataset_alias_example_alias_consumer', 'dataset_s3_bucket_producer', 'dataset_alias_example_alias_producer', 'dataset_s3_bucket_consumer' retrieved from /home/airflow/.local/lib/python3.12/site-packages/airflow/example_dags/example_dataset_alias.py
[2024-10-15T16:29:37.113+0000] {logging_mixin.py:190} INFO - [2024-10-15T16:29:37.113+0000] {dag.py:3239} INFO - Sync 4 DAGs
[2024-10-15T16:29:37.261+0000] {logging_mixin.py:190} INFO - [2024-10-15T16:29:37.261+0000] {dag.py:4180} INFO - Setting next_dagrun for dataset_alias_example_alias_consumer to None, run_after=None
[2024-10-15T16:29:37.263+0000] {logging_mixin.py:190} INFO - [2024-10-15T16:29:37.263+0000] {dag.py:4180} INFO - Setting next_dagrun for dataset_alias_example_alias_producer to None, run_after=None
[2024-10-15T16:29:37.264+0000] {logging_mixin.py:190} INFO - [2024-10-15T16:29:37.264+0000] {dag.py:4180} INFO - Setting next_dagrun for dataset_s3_bucket_consumer to None, run_after=None
[2024-10-15T16:29:37.265+0000] {logging_mixin.py:190} INFO - [2024-10-15T16:29:37.265+0000] {dag.py:4180} INFO - Setting next_dagrun for dataset_s3_bucket_producer to None, run_after=None
[2024-10-15T16:29:37.285+0000] {processor.py:208} INFO - Processing /home/airflow/.local/lib/python3.12/site-packages/airflow/example_dags/example_dataset_alias.py took 0.306 seconds
