[2024-10-15T16:15:46.896+0000] {processor.py:186} INFO - Started process (PID=104) to work on /home/airflow/.local/lib/python3.12/site-packages/airflow/example_dags/example_bash_operator.py
[2024-10-15T16:15:46.897+0000] {processor.py:914} INFO - Processing file /home/airflow/.local/lib/python3.12/site-packages/airflow/example_dags/example_bash_operator.py for tasks to queue
[2024-10-15T16:15:46.899+0000] {logging_mixin.py:190} INFO - [2024-10-15T16:15:46.898+0000] {dagbag.py:588} INFO - Filling up the DagBag from /home/airflow/.local/lib/python3.12/site-packages/airflow/example_dags/example_bash_operator.py
[2024-10-15T16:15:46.909+0000] {processor.py:925} INFO - DAG(s) 'example_bash_operator' retrieved from /home/airflow/.local/lib/python3.12/site-packages/airflow/example_dags/example_bash_operator.py
[2024-10-15T16:15:46.988+0000] {logging_mixin.py:190} INFO - [2024-10-15T16:15:46.987+0000] {override.py:1900} INFO - Created Permission View: can read on DAG:example_bash_operator
[2024-10-15T16:15:46.997+0000] {logging_mixin.py:190} INFO - [2024-10-15T16:15:46.996+0000] {override.py:1900} INFO - Created Permission View: can delete on DAG:example_bash_operator
[2024-10-15T16:15:47.002+0000] {logging_mixin.py:190} INFO - [2024-10-15T16:15:47.001+0000] {override.py:1900} INFO - Created Permission View: can edit on DAG:example_bash_operator
[2024-10-15T16:15:47.009+0000] {logging_mixin.py:190} INFO - [2024-10-15T16:15:47.008+0000] {override.py:1900} INFO - Created Permission View: can read on DAG Run:example_bash_operator
[2024-10-15T16:15:47.014+0000] {logging_mixin.py:190} INFO - [2024-10-15T16:15:47.013+0000] {override.py:1900} INFO - Created Permission View: can create on DAG Run:example_bash_operator
[2024-10-15T16:15:47.019+0000] {logging_mixin.py:190} INFO - [2024-10-15T16:15:47.018+0000] {override.py:1900} INFO - Created Permission View: menu access on DAG Run:example_bash_operator
[2024-10-15T16:15:47.024+0000] {logging_mixin.py:190} INFO - [2024-10-15T16:15:47.024+0000] {override.py:1900} INFO - Created Permission View: can delete on DAG Run:example_bash_operator
[2024-10-15T16:15:47.024+0000] {logging_mixin.py:190} INFO - [2024-10-15T16:15:47.024+0000] {dag.py:3239} INFO - Sync 1 DAGs
[2024-10-15T16:15:47.034+0000] {logging_mixin.py:190} INFO - [2024-10-15T16:15:47.034+0000] {dag.py:3262} INFO - Creating ORM DAG for example_bash_operator
[2024-10-15T16:15:47.043+0000] {logging_mixin.py:190} INFO - [2024-10-15T16:15:47.043+0000] {dag.py:4180} INFO - Setting next_dagrun for example_bash_operator to 2024-10-14 00:00:00+00:00, run_after=2024-10-15 00:00:00+00:00
[2024-10-15T16:15:47.055+0000] {processor.py:208} INFO - Processing /home/airflow/.local/lib/python3.12/site-packages/airflow/example_dags/example_bash_operator.py took 0.164 seconds
[2024-10-15T16:16:17.366+0000] {processor.py:186} INFO - Started process (PID=166) to work on /home/airflow/.local/lib/python3.12/site-packages/airflow/example_dags/example_bash_operator.py
[2024-10-15T16:16:17.366+0000] {processor.py:914} INFO - Processing file /home/airflow/.local/lib/python3.12/site-packages/airflow/example_dags/example_bash_operator.py for tasks to queue
[2024-10-15T16:16:17.368+0000] {logging_mixin.py:190} INFO - [2024-10-15T16:16:17.368+0000] {dagbag.py:588} INFO - Filling up the DagBag from /home/airflow/.local/lib/python3.12/site-packages/airflow/example_dags/example_bash_operator.py
[2024-10-15T16:16:17.379+0000] {processor.py:925} INFO - DAG(s) 'example_bash_operator' retrieved from /home/airflow/.local/lib/python3.12/site-packages/airflow/example_dags/example_bash_operator.py
[2024-10-15T16:16:17.403+0000] {logging_mixin.py:190} INFO - [2024-10-15T16:16:17.402+0000] {dag.py:3239} INFO - Sync 1 DAGs
[2024-10-15T16:16:17.424+0000] {logging_mixin.py:190} INFO - [2024-10-15T16:16:17.424+0000] {dag.py:4180} INFO - Setting next_dagrun for example_bash_operator to 2024-10-14 00:00:00+00:00, run_after=2024-10-15 00:00:00+00:00
[2024-10-15T16:16:17.442+0000] {processor.py:208} INFO - Processing /home/airflow/.local/lib/python3.12/site-packages/airflow/example_dags/example_bash_operator.py took 0.081 seconds
[2024-10-15T16:16:48.060+0000] {processor.py:186} INFO - Started process (PID=228) to work on /home/airflow/.local/lib/python3.12/site-packages/airflow/example_dags/example_bash_operator.py
[2024-10-15T16:16:48.060+0000] {processor.py:914} INFO - Processing file /home/airflow/.local/lib/python3.12/site-packages/airflow/example_dags/example_bash_operator.py for tasks to queue
[2024-10-15T16:16:48.062+0000] {logging_mixin.py:190} INFO - [2024-10-15T16:16:48.062+0000] {dagbag.py:588} INFO - Filling up the DagBag from /home/airflow/.local/lib/python3.12/site-packages/airflow/example_dags/example_bash_operator.py
[2024-10-15T16:16:48.071+0000] {processor.py:925} INFO - DAG(s) 'example_bash_operator' retrieved from /home/airflow/.local/lib/python3.12/site-packages/airflow/example_dags/example_bash_operator.py
[2024-10-15T16:16:48.092+0000] {logging_mixin.py:190} INFO - [2024-10-15T16:16:48.091+0000] {dag.py:3239} INFO - Sync 1 DAGs
[2024-10-15T16:16:48.111+0000] {logging_mixin.py:190} INFO - [2024-10-15T16:16:48.110+0000] {dag.py:4180} INFO - Setting next_dagrun for example_bash_operator to 2024-10-14 00:00:00+00:00, run_after=2024-10-15 00:00:00+00:00
[2024-10-15T16:16:48.126+0000] {processor.py:208} INFO - Processing /home/airflow/.local/lib/python3.12/site-packages/airflow/example_dags/example_bash_operator.py took 0.070 seconds
[2024-10-15T16:17:18.951+0000] {processor.py:186} INFO - Started process (PID=290) to work on /home/airflow/.local/lib/python3.12/site-packages/airflow/example_dags/example_bash_operator.py
[2024-10-15T16:17:18.952+0000] {processor.py:914} INFO - Processing file /home/airflow/.local/lib/python3.12/site-packages/airflow/example_dags/example_bash_operator.py for tasks to queue
[2024-10-15T16:17:18.953+0000] {logging_mixin.py:190} INFO - [2024-10-15T16:17:18.953+0000] {dagbag.py:588} INFO - Filling up the DagBag from /home/airflow/.local/lib/python3.12/site-packages/airflow/example_dags/example_bash_operator.py
[2024-10-15T16:17:18.964+0000] {processor.py:925} INFO - DAG(s) 'example_bash_operator' retrieved from /home/airflow/.local/lib/python3.12/site-packages/airflow/example_dags/example_bash_operator.py
[2024-10-15T16:17:18.983+0000] {logging_mixin.py:190} INFO - [2024-10-15T16:17:18.983+0000] {dag.py:3239} INFO - Sync 1 DAGs
[2024-10-15T16:17:19.002+0000] {logging_mixin.py:190} INFO - [2024-10-15T16:17:19.002+0000] {dag.py:4180} INFO - Setting next_dagrun for example_bash_operator to 2024-10-14 00:00:00+00:00, run_after=2024-10-15 00:00:00+00:00
[2024-10-15T16:17:19.019+0000] {processor.py:208} INFO - Processing /home/airflow/.local/lib/python3.12/site-packages/airflow/example_dags/example_bash_operator.py took 0.072 seconds
[2024-10-15T16:17:49.749+0000] {processor.py:186} INFO - Started process (PID=352) to work on /home/airflow/.local/lib/python3.12/site-packages/airflow/example_dags/example_bash_operator.py
[2024-10-15T16:17:49.750+0000] {processor.py:914} INFO - Processing file /home/airflow/.local/lib/python3.12/site-packages/airflow/example_dags/example_bash_operator.py for tasks to queue
[2024-10-15T16:17:49.751+0000] {logging_mixin.py:190} INFO - [2024-10-15T16:17:49.751+0000] {dagbag.py:588} INFO - Filling up the DagBag from /home/airflow/.local/lib/python3.12/site-packages/airflow/example_dags/example_bash_operator.py
[2024-10-15T16:17:49.760+0000] {processor.py:925} INFO - DAG(s) 'example_bash_operator' retrieved from /home/airflow/.local/lib/python3.12/site-packages/airflow/example_dags/example_bash_operator.py
[2024-10-15T16:17:49.777+0000] {logging_mixin.py:190} INFO - [2024-10-15T16:17:49.777+0000] {dag.py:3239} INFO - Sync 1 DAGs
[2024-10-15T16:17:49.796+0000] {logging_mixin.py:190} INFO - [2024-10-15T16:17:49.796+0000] {dag.py:4180} INFO - Setting next_dagrun for example_bash_operator to 2024-10-14 00:00:00+00:00, run_after=2024-10-15 00:00:00+00:00
[2024-10-15T16:17:49.812+0000] {processor.py:208} INFO - Processing /home/airflow/.local/lib/python3.12/site-packages/airflow/example_dags/example_bash_operator.py took 0.067 seconds
[2024-10-15T16:18:20.808+0000] {processor.py:186} INFO - Started process (PID=414) to work on /home/airflow/.local/lib/python3.12/site-packages/airflow/example_dags/example_bash_operator.py
[2024-10-15T16:18:20.809+0000] {processor.py:914} INFO - Processing file /home/airflow/.local/lib/python3.12/site-packages/airflow/example_dags/example_bash_operator.py for tasks to queue
[2024-10-15T16:18:20.811+0000] {logging_mixin.py:190} INFO - [2024-10-15T16:18:20.811+0000] {dagbag.py:588} INFO - Filling up the DagBag from /home/airflow/.local/lib/python3.12/site-packages/airflow/example_dags/example_bash_operator.py
[2024-10-15T16:18:20.823+0000] {processor.py:925} INFO - DAG(s) 'example_bash_operator' retrieved from /home/airflow/.local/lib/python3.12/site-packages/airflow/example_dags/example_bash_operator.py
[2024-10-15T16:18:20.856+0000] {logging_mixin.py:190} INFO - [2024-10-15T16:18:20.856+0000] {dag.py:3239} INFO - Sync 1 DAGs
[2024-10-15T16:18:20.884+0000] {logging_mixin.py:190} INFO - [2024-10-15T16:18:20.884+0000] {dag.py:4180} INFO - Setting next_dagrun for example_bash_operator to 2024-10-14 00:00:00+00:00, run_after=2024-10-15 00:00:00+00:00
[2024-10-15T16:18:20.902+0000] {processor.py:208} INFO - Processing /home/airflow/.local/lib/python3.12/site-packages/airflow/example_dags/example_bash_operator.py took 0.099 seconds
[2024-10-15T16:18:51.949+0000] {processor.py:186} INFO - Started process (PID=476) to work on /home/airflow/.local/lib/python3.12/site-packages/airflow/example_dags/example_bash_operator.py
[2024-10-15T16:18:51.950+0000] {processor.py:914} INFO - Processing file /home/airflow/.local/lib/python3.12/site-packages/airflow/example_dags/example_bash_operator.py for tasks to queue
[2024-10-15T16:18:51.952+0000] {logging_mixin.py:190} INFO - [2024-10-15T16:18:51.952+0000] {dagbag.py:588} INFO - Filling up the DagBag from /home/airflow/.local/lib/python3.12/site-packages/airflow/example_dags/example_bash_operator.py
[2024-10-15T16:18:51.961+0000] {processor.py:925} INFO - DAG(s) 'example_bash_operator' retrieved from /home/airflow/.local/lib/python3.12/site-packages/airflow/example_dags/example_bash_operator.py
[2024-10-15T16:18:51.978+0000] {logging_mixin.py:190} INFO - [2024-10-15T16:18:51.978+0000] {dag.py:3239} INFO - Sync 1 DAGs
[2024-10-15T16:18:51.994+0000] {logging_mixin.py:190} INFO - [2024-10-15T16:18:51.993+0000] {dag.py:4180} INFO - Setting next_dagrun for example_bash_operator to 2024-10-14 00:00:00+00:00, run_after=2024-10-15 00:00:00+00:00
[2024-10-15T16:18:52.011+0000] {processor.py:208} INFO - Processing /home/airflow/.local/lib/python3.12/site-packages/airflow/example_dags/example_bash_operator.py took 0.066 seconds
[2024-10-15T16:19:22.956+0000] {processor.py:186} INFO - Started process (PID=538) to work on /home/airflow/.local/lib/python3.12/site-packages/airflow/example_dags/example_bash_operator.py
[2024-10-15T16:19:22.957+0000] {processor.py:914} INFO - Processing file /home/airflow/.local/lib/python3.12/site-packages/airflow/example_dags/example_bash_operator.py for tasks to queue
[2024-10-15T16:19:22.959+0000] {logging_mixin.py:190} INFO - [2024-10-15T16:19:22.959+0000] {dagbag.py:588} INFO - Filling up the DagBag from /home/airflow/.local/lib/python3.12/site-packages/airflow/example_dags/example_bash_operator.py
[2024-10-15T16:19:22.968+0000] {processor.py:925} INFO - DAG(s) 'example_bash_operator' retrieved from /home/airflow/.local/lib/python3.12/site-packages/airflow/example_dags/example_bash_operator.py
[2024-10-15T16:19:22.987+0000] {logging_mixin.py:190} INFO - [2024-10-15T16:19:22.987+0000] {dag.py:3239} INFO - Sync 1 DAGs
[2024-10-15T16:19:23.004+0000] {logging_mixin.py:190} INFO - [2024-10-15T16:19:23.004+0000] {dag.py:4180} INFO - Setting next_dagrun for example_bash_operator to 2024-10-14 00:00:00+00:00, run_after=2024-10-15 00:00:00+00:00
[2024-10-15T16:19:23.017+0000] {processor.py:208} INFO - Processing /home/airflow/.local/lib/python3.12/site-packages/airflow/example_dags/example_bash_operator.py took 0.065 seconds
[2024-10-15T16:19:53.927+0000] {processor.py:186} INFO - Started process (PID=600) to work on /home/airflow/.local/lib/python3.12/site-packages/airflow/example_dags/example_bash_operator.py
[2024-10-15T16:19:53.928+0000] {processor.py:914} INFO - Processing file /home/airflow/.local/lib/python3.12/site-packages/airflow/example_dags/example_bash_operator.py for tasks to queue
[2024-10-15T16:19:53.929+0000] {logging_mixin.py:190} INFO - [2024-10-15T16:19:53.929+0000] {dagbag.py:588} INFO - Filling up the DagBag from /home/airflow/.local/lib/python3.12/site-packages/airflow/example_dags/example_bash_operator.py
[2024-10-15T16:19:53.942+0000] {processor.py:925} INFO - DAG(s) 'example_bash_operator' retrieved from /home/airflow/.local/lib/python3.12/site-packages/airflow/example_dags/example_bash_operator.py
[2024-10-15T16:19:53.963+0000] {logging_mixin.py:190} INFO - [2024-10-15T16:19:53.963+0000] {dag.py:3239} INFO - Sync 1 DAGs
[2024-10-15T16:19:53.981+0000] {logging_mixin.py:190} INFO - [2024-10-15T16:19:53.980+0000] {dag.py:4180} INFO - Setting next_dagrun for example_bash_operator to 2024-10-14 00:00:00+00:00, run_after=2024-10-15 00:00:00+00:00
[2024-10-15T16:19:54.001+0000] {processor.py:208} INFO - Processing /home/airflow/.local/lib/python3.12/site-packages/airflow/example_dags/example_bash_operator.py took 0.078 seconds
[2024-10-15T16:20:24.921+0000] {processor.py:186} INFO - Started process (PID=662) to work on /home/airflow/.local/lib/python3.12/site-packages/airflow/example_dags/example_bash_operator.py
[2024-10-15T16:20:24.921+0000] {processor.py:914} INFO - Processing file /home/airflow/.local/lib/python3.12/site-packages/airflow/example_dags/example_bash_operator.py for tasks to queue
[2024-10-15T16:20:24.924+0000] {logging_mixin.py:190} INFO - [2024-10-15T16:20:24.923+0000] {dagbag.py:588} INFO - Filling up the DagBag from /home/airflow/.local/lib/python3.12/site-packages/airflow/example_dags/example_bash_operator.py
[2024-10-15T16:20:24.933+0000] {processor.py:925} INFO - DAG(s) 'example_bash_operator' retrieved from /home/airflow/.local/lib/python3.12/site-packages/airflow/example_dags/example_bash_operator.py
[2024-10-15T16:20:24.957+0000] {logging_mixin.py:190} INFO - [2024-10-15T16:20:24.957+0000] {dag.py:3239} INFO - Sync 1 DAGs
[2024-10-15T16:20:24.978+0000] {logging_mixin.py:190} INFO - [2024-10-15T16:20:24.978+0000] {dag.py:4180} INFO - Setting next_dagrun for example_bash_operator to 2024-10-14 00:00:00+00:00, run_after=2024-10-15 00:00:00+00:00
[2024-10-15T16:20:24.999+0000] {processor.py:208} INFO - Processing /home/airflow/.local/lib/python3.12/site-packages/airflow/example_dags/example_bash_operator.py took 0.083 seconds
[2024-10-15T16:20:55.844+0000] {processor.py:186} INFO - Started process (PID=724) to work on /home/airflow/.local/lib/python3.12/site-packages/airflow/example_dags/example_bash_operator.py
[2024-10-15T16:20:55.844+0000] {processor.py:914} INFO - Processing file /home/airflow/.local/lib/python3.12/site-packages/airflow/example_dags/example_bash_operator.py for tasks to queue
[2024-10-15T16:20:55.847+0000] {logging_mixin.py:190} INFO - [2024-10-15T16:20:55.846+0000] {dagbag.py:588} INFO - Filling up the DagBag from /home/airflow/.local/lib/python3.12/site-packages/airflow/example_dags/example_bash_operator.py
[2024-10-15T16:20:55.856+0000] {processor.py:925} INFO - DAG(s) 'example_bash_operator' retrieved from /home/airflow/.local/lib/python3.12/site-packages/airflow/example_dags/example_bash_operator.py
[2024-10-15T16:20:55.876+0000] {logging_mixin.py:190} INFO - [2024-10-15T16:20:55.876+0000] {dag.py:3239} INFO - Sync 1 DAGs
[2024-10-15T16:20:55.893+0000] {logging_mixin.py:190} INFO - [2024-10-15T16:20:55.893+0000] {dag.py:4180} INFO - Setting next_dagrun for example_bash_operator to 2024-10-14 00:00:00+00:00, run_after=2024-10-15 00:00:00+00:00
[2024-10-15T16:20:55.908+0000] {processor.py:208} INFO - Processing /home/airflow/.local/lib/python3.12/site-packages/airflow/example_dags/example_bash_operator.py took 0.069 seconds
[2024-10-15T16:21:26.862+0000] {processor.py:186} INFO - Started process (PID=786) to work on /home/airflow/.local/lib/python3.12/site-packages/airflow/example_dags/example_bash_operator.py
[2024-10-15T16:21:26.863+0000] {processor.py:914} INFO - Processing file /home/airflow/.local/lib/python3.12/site-packages/airflow/example_dags/example_bash_operator.py for tasks to queue
[2024-10-15T16:21:26.864+0000] {logging_mixin.py:190} INFO - [2024-10-15T16:21:26.864+0000] {dagbag.py:588} INFO - Filling up the DagBag from /home/airflow/.local/lib/python3.12/site-packages/airflow/example_dags/example_bash_operator.py
[2024-10-15T16:21:26.874+0000] {processor.py:925} INFO - DAG(s) 'example_bash_operator' retrieved from /home/airflow/.local/lib/python3.12/site-packages/airflow/example_dags/example_bash_operator.py
[2024-10-15T16:21:26.895+0000] {logging_mixin.py:190} INFO - [2024-10-15T16:21:26.894+0000] {dag.py:3239} INFO - Sync 1 DAGs
[2024-10-15T16:21:26.917+0000] {logging_mixin.py:190} INFO - [2024-10-15T16:21:26.917+0000] {dag.py:4180} INFO - Setting next_dagrun for example_bash_operator to 2024-10-14 00:00:00+00:00, run_after=2024-10-15 00:00:00+00:00
[2024-10-15T16:21:26.931+0000] {processor.py:208} INFO - Processing /home/airflow/.local/lib/python3.12/site-packages/airflow/example_dags/example_bash_operator.py took 0.074 seconds
[2024-10-15T16:21:57.920+0000] {processor.py:186} INFO - Started process (PID=848) to work on /home/airflow/.local/lib/python3.12/site-packages/airflow/example_dags/example_bash_operator.py
[2024-10-15T16:21:57.921+0000] {processor.py:914} INFO - Processing file /home/airflow/.local/lib/python3.12/site-packages/airflow/example_dags/example_bash_operator.py for tasks to queue
[2024-10-15T16:21:57.923+0000] {logging_mixin.py:190} INFO - [2024-10-15T16:21:57.923+0000] {dagbag.py:588} INFO - Filling up the DagBag from /home/airflow/.local/lib/python3.12/site-packages/airflow/example_dags/example_bash_operator.py
[2024-10-15T16:21:57.937+0000] {processor.py:925} INFO - DAG(s) 'example_bash_operator' retrieved from /home/airflow/.local/lib/python3.12/site-packages/airflow/example_dags/example_bash_operator.py
[2024-10-15T16:21:57.962+0000] {logging_mixin.py:190} INFO - [2024-10-15T16:21:57.962+0000] {dag.py:3239} INFO - Sync 1 DAGs
[2024-10-15T16:21:57.986+0000] {logging_mixin.py:190} INFO - [2024-10-15T16:21:57.986+0000] {dag.py:4180} INFO - Setting next_dagrun for example_bash_operator to 2024-10-14 00:00:00+00:00, run_after=2024-10-15 00:00:00+00:00
[2024-10-15T16:21:58.006+0000] {processor.py:208} INFO - Processing /home/airflow/.local/lib/python3.12/site-packages/airflow/example_dags/example_bash_operator.py took 0.091 seconds
[2024-10-15T16:22:28.159+0000] {processor.py:186} INFO - Started process (PID=910) to work on /home/airflow/.local/lib/python3.12/site-packages/airflow/example_dags/example_bash_operator.py
[2024-10-15T16:22:28.160+0000] {processor.py:914} INFO - Processing file /home/airflow/.local/lib/python3.12/site-packages/airflow/example_dags/example_bash_operator.py for tasks to queue
[2024-10-15T16:22:28.162+0000] {logging_mixin.py:190} INFO - [2024-10-15T16:22:28.161+0000] {dagbag.py:588} INFO - Filling up the DagBag from /home/airflow/.local/lib/python3.12/site-packages/airflow/example_dags/example_bash_operator.py
[2024-10-15T16:22:28.173+0000] {processor.py:925} INFO - DAG(s) 'example_bash_operator' retrieved from /home/airflow/.local/lib/python3.12/site-packages/airflow/example_dags/example_bash_operator.py
[2024-10-15T16:22:28.192+0000] {logging_mixin.py:190} INFO - [2024-10-15T16:22:28.192+0000] {dag.py:3239} INFO - Sync 1 DAGs
[2024-10-15T16:22:28.236+0000] {logging_mixin.py:190} INFO - [2024-10-15T16:22:28.235+0000] {dag.py:4180} INFO - Setting next_dagrun for example_bash_operator to 2024-10-14 00:00:00+00:00, run_after=2024-10-15 00:00:00+00:00
[2024-10-15T16:22:28.265+0000] {processor.py:208} INFO - Processing /home/airflow/.local/lib/python3.12/site-packages/airflow/example_dags/example_bash_operator.py took 0.110 seconds
[2024-10-15T16:22:59.163+0000] {processor.py:186} INFO - Started process (PID=972) to work on /home/airflow/.local/lib/python3.12/site-packages/airflow/example_dags/example_bash_operator.py
[2024-10-15T16:22:59.163+0000] {processor.py:914} INFO - Processing file /home/airflow/.local/lib/python3.12/site-packages/airflow/example_dags/example_bash_operator.py for tasks to queue
[2024-10-15T16:22:59.165+0000] {logging_mixin.py:190} INFO - [2024-10-15T16:22:59.165+0000] {dagbag.py:588} INFO - Filling up the DagBag from /home/airflow/.local/lib/python3.12/site-packages/airflow/example_dags/example_bash_operator.py
[2024-10-15T16:22:59.175+0000] {processor.py:925} INFO - DAG(s) 'example_bash_operator' retrieved from /home/airflow/.local/lib/python3.12/site-packages/airflow/example_dags/example_bash_operator.py
[2024-10-15T16:22:59.194+0000] {logging_mixin.py:190} INFO - [2024-10-15T16:22:59.194+0000] {dag.py:3239} INFO - Sync 1 DAGs
[2024-10-15T16:22:59.216+0000] {logging_mixin.py:190} INFO - [2024-10-15T16:22:59.216+0000] {dag.py:4180} INFO - Setting next_dagrun for example_bash_operator to 2024-10-14 00:00:00+00:00, run_after=2024-10-15 00:00:00+00:00
[2024-10-15T16:22:59.231+0000] {processor.py:208} INFO - Processing /home/airflow/.local/lib/python3.12/site-packages/airflow/example_dags/example_bash_operator.py took 0.073 seconds
[2024-10-15T16:23:29.415+0000] {processor.py:186} INFO - Started process (PID=1034) to work on /home/airflow/.local/lib/python3.12/site-packages/airflow/example_dags/example_bash_operator.py
[2024-10-15T16:23:29.415+0000] {processor.py:914} INFO - Processing file /home/airflow/.local/lib/python3.12/site-packages/airflow/example_dags/example_bash_operator.py for tasks to queue
[2024-10-15T16:23:29.418+0000] {logging_mixin.py:190} INFO - [2024-10-15T16:23:29.417+0000] {dagbag.py:588} INFO - Filling up the DagBag from /home/airflow/.local/lib/python3.12/site-packages/airflow/example_dags/example_bash_operator.py
[2024-10-15T16:23:29.430+0000] {processor.py:925} INFO - DAG(s) 'example_bash_operator' retrieved from /home/airflow/.local/lib/python3.12/site-packages/airflow/example_dags/example_bash_operator.py
[2024-10-15T16:23:29.456+0000] {logging_mixin.py:190} INFO - [2024-10-15T16:23:29.456+0000] {dag.py:3239} INFO - Sync 1 DAGs
[2024-10-15T16:23:29.478+0000] {logging_mixin.py:190} INFO - [2024-10-15T16:23:29.477+0000] {dag.py:4180} INFO - Setting next_dagrun for example_bash_operator to 2024-10-14 00:00:00+00:00, run_after=2024-10-15 00:00:00+00:00
[2024-10-15T16:23:29.494+0000] {processor.py:208} INFO - Processing /home/airflow/.local/lib/python3.12/site-packages/airflow/example_dags/example_bash_operator.py took 0.084 seconds
[2024-10-15T16:23:59.623+0000] {processor.py:186} INFO - Started process (PID=1096) to work on /home/airflow/.local/lib/python3.12/site-packages/airflow/example_dags/example_bash_operator.py
[2024-10-15T16:23:59.624+0000] {processor.py:914} INFO - Processing file /home/airflow/.local/lib/python3.12/site-packages/airflow/example_dags/example_bash_operator.py for tasks to queue
[2024-10-15T16:23:59.626+0000] {logging_mixin.py:190} INFO - [2024-10-15T16:23:59.626+0000] {dagbag.py:588} INFO - Filling up the DagBag from /home/airflow/.local/lib/python3.12/site-packages/airflow/example_dags/example_bash_operator.py
[2024-10-15T16:23:59.639+0000] {processor.py:925} INFO - DAG(s) 'example_bash_operator' retrieved from /home/airflow/.local/lib/python3.12/site-packages/airflow/example_dags/example_bash_operator.py
[2024-10-15T16:23:59.659+0000] {logging_mixin.py:190} INFO - [2024-10-15T16:23:59.659+0000] {dag.py:3239} INFO - Sync 1 DAGs
[2024-10-15T16:23:59.679+0000] {logging_mixin.py:190} INFO - [2024-10-15T16:23:59.678+0000] {dag.py:4180} INFO - Setting next_dagrun for example_bash_operator to 2024-10-14 00:00:00+00:00, run_after=2024-10-15 00:00:00+00:00
[2024-10-15T16:23:59.694+0000] {processor.py:208} INFO - Processing /home/airflow/.local/lib/python3.12/site-packages/airflow/example_dags/example_bash_operator.py took 0.076 seconds
[2024-10-15T16:24:30.577+0000] {processor.py:186} INFO - Started process (PID=1158) to work on /home/airflow/.local/lib/python3.12/site-packages/airflow/example_dags/example_bash_operator.py
[2024-10-15T16:24:30.577+0000] {processor.py:914} INFO - Processing file /home/airflow/.local/lib/python3.12/site-packages/airflow/example_dags/example_bash_operator.py for tasks to queue
[2024-10-15T16:24:30.579+0000] {logging_mixin.py:190} INFO - [2024-10-15T16:24:30.579+0000] {dagbag.py:588} INFO - Filling up the DagBag from /home/airflow/.local/lib/python3.12/site-packages/airflow/example_dags/example_bash_operator.py
[2024-10-15T16:24:30.588+0000] {processor.py:925} INFO - DAG(s) 'example_bash_operator' retrieved from /home/airflow/.local/lib/python3.12/site-packages/airflow/example_dags/example_bash_operator.py
[2024-10-15T16:24:30.607+0000] {logging_mixin.py:190} INFO - [2024-10-15T16:24:30.607+0000] {dag.py:3239} INFO - Sync 1 DAGs
[2024-10-15T16:24:30.624+0000] {logging_mixin.py:190} INFO - [2024-10-15T16:24:30.624+0000] {dag.py:4180} INFO - Setting next_dagrun for example_bash_operator to 2024-10-14 00:00:00+00:00, run_after=2024-10-15 00:00:00+00:00
[2024-10-15T16:24:30.642+0000] {processor.py:208} INFO - Processing /home/airflow/.local/lib/python3.12/site-packages/airflow/example_dags/example_bash_operator.py took 0.070 seconds
[2024-10-15T16:25:01.417+0000] {processor.py:186} INFO - Started process (PID=1220) to work on /home/airflow/.local/lib/python3.12/site-packages/airflow/example_dags/example_bash_operator.py
[2024-10-15T16:25:01.418+0000] {processor.py:914} INFO - Processing file /home/airflow/.local/lib/python3.12/site-packages/airflow/example_dags/example_bash_operator.py for tasks to queue
[2024-10-15T16:25:01.420+0000] {logging_mixin.py:190} INFO - [2024-10-15T16:25:01.420+0000] {dagbag.py:588} INFO - Filling up the DagBag from /home/airflow/.local/lib/python3.12/site-packages/airflow/example_dags/example_bash_operator.py
[2024-10-15T16:25:01.431+0000] {processor.py:925} INFO - DAG(s) 'example_bash_operator' retrieved from /home/airflow/.local/lib/python3.12/site-packages/airflow/example_dags/example_bash_operator.py
[2024-10-15T16:25:01.450+0000] {logging_mixin.py:190} INFO - [2024-10-15T16:25:01.450+0000] {dag.py:3239} INFO - Sync 1 DAGs
[2024-10-15T16:25:01.467+0000] {logging_mixin.py:190} INFO - [2024-10-15T16:25:01.467+0000] {dag.py:4180} INFO - Setting next_dagrun for example_bash_operator to 2024-10-14 00:00:00+00:00, run_after=2024-10-15 00:00:00+00:00
[2024-10-15T16:25:01.482+0000] {processor.py:208} INFO - Processing /home/airflow/.local/lib/python3.12/site-packages/airflow/example_dags/example_bash_operator.py took 0.070 seconds
[2024-10-15T16:25:31.960+0000] {processor.py:186} INFO - Started process (PID=1282) to work on /home/airflow/.local/lib/python3.12/site-packages/airflow/example_dags/example_bash_operator.py
[2024-10-15T16:25:31.961+0000] {processor.py:914} INFO - Processing file /home/airflow/.local/lib/python3.12/site-packages/airflow/example_dags/example_bash_operator.py for tasks to queue
[2024-10-15T16:25:31.963+0000] {logging_mixin.py:190} INFO - [2024-10-15T16:25:31.963+0000] {dagbag.py:588} INFO - Filling up the DagBag from /home/airflow/.local/lib/python3.12/site-packages/airflow/example_dags/example_bash_operator.py
[2024-10-15T16:25:31.973+0000] {processor.py:925} INFO - DAG(s) 'example_bash_operator' retrieved from /home/airflow/.local/lib/python3.12/site-packages/airflow/example_dags/example_bash_operator.py
[2024-10-15T16:25:31.996+0000] {logging_mixin.py:190} INFO - [2024-10-15T16:25:31.995+0000] {dag.py:3239} INFO - Sync 1 DAGs
[2024-10-15T16:25:32.020+0000] {logging_mixin.py:190} INFO - [2024-10-15T16:25:32.020+0000] {dag.py:4180} INFO - Setting next_dagrun for example_bash_operator to 2024-10-14 00:00:00+00:00, run_after=2024-10-15 00:00:00+00:00
[2024-10-15T16:25:32.038+0000] {processor.py:208} INFO - Processing /home/airflow/.local/lib/python3.12/site-packages/airflow/example_dags/example_bash_operator.py took 0.082 seconds
[2024-10-15T16:26:02.816+0000] {processor.py:186} INFO - Started process (PID=1344) to work on /home/airflow/.local/lib/python3.12/site-packages/airflow/example_dags/example_bash_operator.py
[2024-10-15T16:26:02.816+0000] {processor.py:914} INFO - Processing file /home/airflow/.local/lib/python3.12/site-packages/airflow/example_dags/example_bash_operator.py for tasks to queue
[2024-10-15T16:26:02.818+0000] {logging_mixin.py:190} INFO - [2024-10-15T16:26:02.818+0000] {dagbag.py:588} INFO - Filling up the DagBag from /home/airflow/.local/lib/python3.12/site-packages/airflow/example_dags/example_bash_operator.py
[2024-10-15T16:26:02.829+0000] {processor.py:925} INFO - DAG(s) 'example_bash_operator' retrieved from /home/airflow/.local/lib/python3.12/site-packages/airflow/example_dags/example_bash_operator.py
[2024-10-15T16:26:02.846+0000] {logging_mixin.py:190} INFO - [2024-10-15T16:26:02.846+0000] {dag.py:3239} INFO - Sync 1 DAGs
[2024-10-15T16:26:02.864+0000] {logging_mixin.py:190} INFO - [2024-10-15T16:26:02.864+0000] {dag.py:4180} INFO - Setting next_dagrun for example_bash_operator to 2024-10-14 00:00:00+00:00, run_after=2024-10-15 00:00:00+00:00
[2024-10-15T16:26:02.879+0000] {processor.py:208} INFO - Processing /home/airflow/.local/lib/python3.12/site-packages/airflow/example_dags/example_bash_operator.py took 0.068 seconds
[2024-10-15T16:26:33.732+0000] {processor.py:186} INFO - Started process (PID=1406) to work on /home/airflow/.local/lib/python3.12/site-packages/airflow/example_dags/example_bash_operator.py
[2024-10-15T16:26:33.733+0000] {processor.py:914} INFO - Processing file /home/airflow/.local/lib/python3.12/site-packages/airflow/example_dags/example_bash_operator.py for tasks to queue
[2024-10-15T16:26:33.734+0000] {logging_mixin.py:190} INFO - [2024-10-15T16:26:33.734+0000] {dagbag.py:588} INFO - Filling up the DagBag from /home/airflow/.local/lib/python3.12/site-packages/airflow/example_dags/example_bash_operator.py
[2024-10-15T16:26:33.743+0000] {processor.py:925} INFO - DAG(s) 'example_bash_operator' retrieved from /home/airflow/.local/lib/python3.12/site-packages/airflow/example_dags/example_bash_operator.py
[2024-10-15T16:26:33.760+0000] {logging_mixin.py:190} INFO - [2024-10-15T16:26:33.760+0000] {dag.py:3239} INFO - Sync 1 DAGs
[2024-10-15T16:26:33.777+0000] {logging_mixin.py:190} INFO - [2024-10-15T16:26:33.777+0000] {dag.py:4180} INFO - Setting next_dagrun for example_bash_operator to 2024-10-14 00:00:00+00:00, run_after=2024-10-15 00:00:00+00:00
[2024-10-15T16:26:33.790+0000] {processor.py:208} INFO - Processing /home/airflow/.local/lib/python3.12/site-packages/airflow/example_dags/example_bash_operator.py took 0.063 seconds
[2024-10-15T16:27:04.798+0000] {processor.py:186} INFO - Started process (PID=1468) to work on /home/airflow/.local/lib/python3.12/site-packages/airflow/example_dags/example_bash_operator.py
[2024-10-15T16:27:04.799+0000] {processor.py:914} INFO - Processing file /home/airflow/.local/lib/python3.12/site-packages/airflow/example_dags/example_bash_operator.py for tasks to queue
[2024-10-15T16:27:04.801+0000] {logging_mixin.py:190} INFO - [2024-10-15T16:27:04.800+0000] {dagbag.py:588} INFO - Filling up the DagBag from /home/airflow/.local/lib/python3.12/site-packages/airflow/example_dags/example_bash_operator.py
[2024-10-15T16:27:04.810+0000] {processor.py:925} INFO - DAG(s) 'example_bash_operator' retrieved from /home/airflow/.local/lib/python3.12/site-packages/airflow/example_dags/example_bash_operator.py
[2024-10-15T16:27:04.829+0000] {logging_mixin.py:190} INFO - [2024-10-15T16:27:04.829+0000] {dag.py:3239} INFO - Sync 1 DAGs
[2024-10-15T16:27:04.851+0000] {logging_mixin.py:190} INFO - [2024-10-15T16:27:04.851+0000] {dag.py:4180} INFO - Setting next_dagrun for example_bash_operator to 2024-10-14 00:00:00+00:00, run_after=2024-10-15 00:00:00+00:00
[2024-10-15T16:27:04.864+0000] {processor.py:208} INFO - Processing /home/airflow/.local/lib/python3.12/site-packages/airflow/example_dags/example_bash_operator.py took 0.070 seconds
[2024-10-15T16:27:35.104+0000] {processor.py:186} INFO - Started process (PID=1530) to work on /home/airflow/.local/lib/python3.12/site-packages/airflow/example_dags/example_bash_operator.py
[2024-10-15T16:27:35.105+0000] {processor.py:914} INFO - Processing file /home/airflow/.local/lib/python3.12/site-packages/airflow/example_dags/example_bash_operator.py for tasks to queue
[2024-10-15T16:27:35.107+0000] {logging_mixin.py:190} INFO - [2024-10-15T16:27:35.106+0000] {dagbag.py:588} INFO - Filling up the DagBag from /home/airflow/.local/lib/python3.12/site-packages/airflow/example_dags/example_bash_operator.py
[2024-10-15T16:27:35.116+0000] {processor.py:925} INFO - DAG(s) 'example_bash_operator' retrieved from /home/airflow/.local/lib/python3.12/site-packages/airflow/example_dags/example_bash_operator.py
[2024-10-15T16:27:35.137+0000] {logging_mixin.py:190} INFO - [2024-10-15T16:27:35.136+0000] {dag.py:3239} INFO - Sync 1 DAGs
[2024-10-15T16:27:35.155+0000] {logging_mixin.py:190} INFO - [2024-10-15T16:27:35.155+0000] {dag.py:4180} INFO - Setting next_dagrun for example_bash_operator to 2024-10-14 00:00:00+00:00, run_after=2024-10-15 00:00:00+00:00
[2024-10-15T16:27:35.171+0000] {processor.py:208} INFO - Processing /home/airflow/.local/lib/python3.12/site-packages/airflow/example_dags/example_bash_operator.py took 0.071 seconds
[2024-10-15T16:28:05.716+0000] {processor.py:186} INFO - Started process (PID=1592) to work on /home/airflow/.local/lib/python3.12/site-packages/airflow/example_dags/example_bash_operator.py
[2024-10-15T16:28:05.717+0000] {processor.py:914} INFO - Processing file /home/airflow/.local/lib/python3.12/site-packages/airflow/example_dags/example_bash_operator.py for tasks to queue
[2024-10-15T16:28:05.719+0000] {logging_mixin.py:190} INFO - [2024-10-15T16:28:05.718+0000] {dagbag.py:588} INFO - Filling up the DagBag from /home/airflow/.local/lib/python3.12/site-packages/airflow/example_dags/example_bash_operator.py
[2024-10-15T16:28:05.727+0000] {processor.py:925} INFO - DAG(s) 'example_bash_operator' retrieved from /home/airflow/.local/lib/python3.12/site-packages/airflow/example_dags/example_bash_operator.py
[2024-10-15T16:28:05.745+0000] {logging_mixin.py:190} INFO - [2024-10-15T16:28:05.745+0000] {dag.py:3239} INFO - Sync 1 DAGs
[2024-10-15T16:28:05.763+0000] {logging_mixin.py:190} INFO - [2024-10-15T16:28:05.763+0000] {dag.py:4180} INFO - Setting next_dagrun for example_bash_operator to 2024-10-14 00:00:00+00:00, run_after=2024-10-15 00:00:00+00:00
[2024-10-15T16:28:05.866+0000] {processor.py:208} INFO - Processing /home/airflow/.local/lib/python3.12/site-packages/airflow/example_dags/example_bash_operator.py took 0.154 seconds
[2024-10-15T16:28:36.348+0000] {processor.py:186} INFO - Started process (PID=1654) to work on /home/airflow/.local/lib/python3.12/site-packages/airflow/example_dags/example_bash_operator.py
[2024-10-15T16:28:36.349+0000] {processor.py:914} INFO - Processing file /home/airflow/.local/lib/python3.12/site-packages/airflow/example_dags/example_bash_operator.py for tasks to queue
[2024-10-15T16:28:36.364+0000] {logging_mixin.py:190} INFO - [2024-10-15T16:28:36.350+0000] {dagbag.py:588} INFO - Filling up the DagBag from /home/airflow/.local/lib/python3.12/site-packages/airflow/example_dags/example_bash_operator.py
[2024-10-15T16:28:36.498+0000] {processor.py:925} INFO - DAG(s) 'example_bash_operator' retrieved from /home/airflow/.local/lib/python3.12/site-packages/airflow/example_dags/example_bash_operator.py
[2024-10-15T16:28:36.520+0000] {logging_mixin.py:190} INFO - [2024-10-15T16:28:36.520+0000] {dag.py:3239} INFO - Sync 1 DAGs
[2024-10-15T16:28:36.541+0000] {logging_mixin.py:190} INFO - [2024-10-15T16:28:36.541+0000] {dag.py:4180} INFO - Setting next_dagrun for example_bash_operator to 2024-10-14 00:00:00+00:00, run_after=2024-10-15 00:00:00+00:00
[2024-10-15T16:28:36.874+0000] {processor.py:208} INFO - Processing /home/airflow/.local/lib/python3.12/site-packages/airflow/example_dags/example_bash_operator.py took 0.552 seconds
[2024-10-15T16:29:06.951+0000] {processor.py:186} INFO - Started process (PID=1716) to work on /home/airflow/.local/lib/python3.12/site-packages/airflow/example_dags/example_bash_operator.py
[2024-10-15T16:29:06.952+0000] {processor.py:914} INFO - Processing file /home/airflow/.local/lib/python3.12/site-packages/airflow/example_dags/example_bash_operator.py for tasks to queue
[2024-10-15T16:29:06.954+0000] {logging_mixin.py:190} INFO - [2024-10-15T16:29:06.953+0000] {dagbag.py:588} INFO - Filling up the DagBag from /home/airflow/.local/lib/python3.12/site-packages/airflow/example_dags/example_bash_operator.py
[2024-10-15T16:29:06.963+0000] {processor.py:925} INFO - DAG(s) 'example_bash_operator' retrieved from /home/airflow/.local/lib/python3.12/site-packages/airflow/example_dags/example_bash_operator.py
[2024-10-15T16:29:06.981+0000] {logging_mixin.py:190} INFO - [2024-10-15T16:29:06.981+0000] {dag.py:3239} INFO - Sync 1 DAGs
[2024-10-15T16:29:06.998+0000] {logging_mixin.py:190} INFO - [2024-10-15T16:29:06.998+0000] {dag.py:4180} INFO - Setting next_dagrun for example_bash_operator to 2024-10-14 00:00:00+00:00, run_after=2024-10-15 00:00:00+00:00
[2024-10-15T16:29:07.014+0000] {processor.py:208} INFO - Processing /home/airflow/.local/lib/python3.12/site-packages/airflow/example_dags/example_bash_operator.py took 0.068 seconds
[2024-10-15T16:29:37.267+0000] {processor.py:186} INFO - Started process (PID=1778) to work on /home/airflow/.local/lib/python3.12/site-packages/airflow/example_dags/example_bash_operator.py
[2024-10-15T16:29:37.268+0000] {processor.py:914} INFO - Processing file /home/airflow/.local/lib/python3.12/site-packages/airflow/example_dags/example_bash_operator.py for tasks to queue
[2024-10-15T16:29:37.270+0000] {logging_mixin.py:190} INFO - [2024-10-15T16:29:37.269+0000] {dagbag.py:588} INFO - Filling up the DagBag from /home/airflow/.local/lib/python3.12/site-packages/airflow/example_dags/example_bash_operator.py
[2024-10-15T16:29:37.283+0000] {processor.py:925} INFO - DAG(s) 'example_bash_operator' retrieved from /home/airflow/.local/lib/python3.12/site-packages/airflow/example_dags/example_bash_operator.py
[2024-10-15T16:29:37.308+0000] {logging_mixin.py:190} INFO - [2024-10-15T16:29:37.307+0000] {dag.py:3239} INFO - Sync 1 DAGs
[2024-10-15T16:29:37.332+0000] {logging_mixin.py:190} INFO - [2024-10-15T16:29:37.332+0000] {dag.py:4180} INFO - Setting next_dagrun for example_bash_operator to 2024-10-14 00:00:00+00:00, run_after=2024-10-15 00:00:00+00:00
[2024-10-15T16:29:37.351+0000] {processor.py:208} INFO - Processing /home/airflow/.local/lib/python3.12/site-packages/airflow/example_dags/example_bash_operator.py took 0.088 seconds
