[2024-10-15T16:15:44.754+0000] {processor.py:186} INFO - Started process (PID=78) to work on /home/airflow/.local/lib/python3.12/site-packages/airflow/example_dags/example_task_group.py
[2024-10-15T16:15:44.754+0000] {processor.py:914} INFO - Processing file /home/airflow/.local/lib/python3.12/site-packages/airflow/example_dags/example_task_group.py for tasks to queue
[2024-10-15T16:15:44.756+0000] {logging_mixin.py:190} INFO - [2024-10-15T16:15:44.756+0000] {dagbag.py:588} INFO - Filling up the DagBag from /home/airflow/.local/lib/python3.12/site-packages/airflow/example_dags/example_task_group.py
[2024-10-15T16:15:44.763+0000] {processor.py:925} INFO - DAG(s) 'example_task_group' retrieved from /home/airflow/.local/lib/python3.12/site-packages/airflow/example_dags/example_task_group.py
[2024-10-15T16:15:44.844+0000] {logging_mixin.py:190} INFO - [2024-10-15T16:15:44.844+0000] {override.py:1900} INFO - Created Permission View: can read on DAG:example_task_group
[2024-10-15T16:15:44.851+0000] {logging_mixin.py:190} INFO - [2024-10-15T16:15:44.851+0000] {override.py:1900} INFO - Created Permission View: can delete on DAG:example_task_group
[2024-10-15T16:15:44.857+0000] {logging_mixin.py:190} INFO - [2024-10-15T16:15:44.856+0000] {override.py:1900} INFO - Created Permission View: can edit on DAG:example_task_group
[2024-10-15T16:15:44.863+0000] {logging_mixin.py:190} INFO - [2024-10-15T16:15:44.862+0000] {override.py:1900} INFO - Created Permission View: can read on DAG Run:example_task_group
[2024-10-15T16:15:44.867+0000] {logging_mixin.py:190} INFO - [2024-10-15T16:15:44.867+0000] {override.py:1900} INFO - Created Permission View: can create on DAG Run:example_task_group
[2024-10-15T16:15:44.872+0000] {logging_mixin.py:190} INFO - [2024-10-15T16:15:44.872+0000] {override.py:1900} INFO - Created Permission View: menu access on DAG Run:example_task_group
[2024-10-15T16:15:44.877+0000] {logging_mixin.py:190} INFO - [2024-10-15T16:15:44.877+0000] {override.py:1900} INFO - Created Permission View: can delete on DAG Run:example_task_group
[2024-10-15T16:15:44.877+0000] {logging_mixin.py:190} INFO - [2024-10-15T16:15:44.877+0000] {dag.py:3239} INFO - Sync 1 DAGs
[2024-10-15T16:15:44.887+0000] {logging_mixin.py:190} INFO - [2024-10-15T16:15:44.887+0000] {dag.py:3262} INFO - Creating ORM DAG for example_task_group
[2024-10-15T16:15:44.888+0000] {logging_mixin.py:190} INFO - [2024-10-15T16:15:44.888+0000] {dag.py:4180} INFO - Setting next_dagrun for example_task_group to None, run_after=None
[2024-10-15T16:15:44.899+0000] {processor.py:208} INFO - Processing /home/airflow/.local/lib/python3.12/site-packages/airflow/example_dags/example_task_group.py took 0.150 seconds
[2024-10-15T16:16:15.234+0000] {processor.py:186} INFO - Started process (PID=140) to work on /home/airflow/.local/lib/python3.12/site-packages/airflow/example_dags/example_task_group.py
[2024-10-15T16:16:15.235+0000] {processor.py:914} INFO - Processing file /home/airflow/.local/lib/python3.12/site-packages/airflow/example_dags/example_task_group.py for tasks to queue
[2024-10-15T16:16:15.236+0000] {logging_mixin.py:190} INFO - [2024-10-15T16:16:15.236+0000] {dagbag.py:588} INFO - Filling up the DagBag from /home/airflow/.local/lib/python3.12/site-packages/airflow/example_dags/example_task_group.py
[2024-10-15T16:16:15.242+0000] {processor.py:925} INFO - DAG(s) 'example_task_group' retrieved from /home/airflow/.local/lib/python3.12/site-packages/airflow/example_dags/example_task_group.py
[2024-10-15T16:16:15.255+0000] {logging_mixin.py:190} INFO - [2024-10-15T16:16:15.254+0000] {dag.py:3239} INFO - Sync 1 DAGs
[2024-10-15T16:16:15.263+0000] {logging_mixin.py:190} INFO - [2024-10-15T16:16:15.263+0000] {dag.py:4180} INFO - Setting next_dagrun for example_task_group to None, run_after=None
[2024-10-15T16:16:15.278+0000] {processor.py:208} INFO - Processing /home/airflow/.local/lib/python3.12/site-packages/airflow/example_dags/example_task_group.py took 0.047 seconds
[2024-10-15T16:16:46.043+0000] {processor.py:186} INFO - Started process (PID=202) to work on /home/airflow/.local/lib/python3.12/site-packages/airflow/example_dags/example_task_group.py
[2024-10-15T16:16:46.044+0000] {processor.py:914} INFO - Processing file /home/airflow/.local/lib/python3.12/site-packages/airflow/example_dags/example_task_group.py for tasks to queue
[2024-10-15T16:16:46.046+0000] {logging_mixin.py:190} INFO - [2024-10-15T16:16:46.045+0000] {dagbag.py:588} INFO - Filling up the DagBag from /home/airflow/.local/lib/python3.12/site-packages/airflow/example_dags/example_task_group.py
[2024-10-15T16:16:46.051+0000] {processor.py:925} INFO - DAG(s) 'example_task_group' retrieved from /home/airflow/.local/lib/python3.12/site-packages/airflow/example_dags/example_task_group.py
[2024-10-15T16:16:46.066+0000] {logging_mixin.py:190} INFO - [2024-10-15T16:16:46.065+0000] {dag.py:3239} INFO - Sync 1 DAGs
[2024-10-15T16:16:46.078+0000] {logging_mixin.py:190} INFO - [2024-10-15T16:16:46.078+0000] {dag.py:4180} INFO - Setting next_dagrun for example_task_group to None, run_after=None
[2024-10-15T16:16:46.096+0000] {processor.py:208} INFO - Processing /home/airflow/.local/lib/python3.12/site-packages/airflow/example_dags/example_task_group.py took 0.056 seconds
[2024-10-15T16:17:16.792+0000] {processor.py:186} INFO - Started process (PID=270) to work on /home/airflow/.local/lib/python3.12/site-packages/airflow/example_dags/example_task_group.py
[2024-10-15T16:17:16.792+0000] {processor.py:914} INFO - Processing file /home/airflow/.local/lib/python3.12/site-packages/airflow/example_dags/example_task_group.py for tasks to queue
[2024-10-15T16:17:16.794+0000] {logging_mixin.py:190} INFO - [2024-10-15T16:17:16.794+0000] {dagbag.py:588} INFO - Filling up the DagBag from /home/airflow/.local/lib/python3.12/site-packages/airflow/example_dags/example_task_group.py
[2024-10-15T16:17:16.803+0000] {processor.py:925} INFO - DAG(s) 'example_task_group' retrieved from /home/airflow/.local/lib/python3.12/site-packages/airflow/example_dags/example_task_group.py
[2024-10-15T16:17:16.819+0000] {logging_mixin.py:190} INFO - [2024-10-15T16:17:16.818+0000] {dag.py:3239} INFO - Sync 1 DAGs
[2024-10-15T16:17:16.828+0000] {logging_mixin.py:190} INFO - [2024-10-15T16:17:16.828+0000] {dag.py:4180} INFO - Setting next_dagrun for example_task_group to None, run_after=None
[2024-10-15T16:17:16.844+0000] {processor.py:208} INFO - Processing /home/airflow/.local/lib/python3.12/site-packages/airflow/example_dags/example_task_group.py took 0.056 seconds
[2024-10-15T16:17:47.687+0000] {processor.py:186} INFO - Started process (PID=332) to work on /home/airflow/.local/lib/python3.12/site-packages/airflow/example_dags/example_task_group.py
[2024-10-15T16:17:47.688+0000] {processor.py:914} INFO - Processing file /home/airflow/.local/lib/python3.12/site-packages/airflow/example_dags/example_task_group.py for tasks to queue
[2024-10-15T16:17:47.690+0000] {logging_mixin.py:190} INFO - [2024-10-15T16:17:47.690+0000] {dagbag.py:588} INFO - Filling up the DagBag from /home/airflow/.local/lib/python3.12/site-packages/airflow/example_dags/example_task_group.py
[2024-10-15T16:17:47.696+0000] {processor.py:925} INFO - DAG(s) 'example_task_group' retrieved from /home/airflow/.local/lib/python3.12/site-packages/airflow/example_dags/example_task_group.py
[2024-10-15T16:17:47.710+0000] {logging_mixin.py:190} INFO - [2024-10-15T16:17:47.710+0000] {dag.py:3239} INFO - Sync 1 DAGs
[2024-10-15T16:17:47.721+0000] {logging_mixin.py:190} INFO - [2024-10-15T16:17:47.721+0000] {dag.py:4180} INFO - Setting next_dagrun for example_task_group to None, run_after=None
[2024-10-15T16:17:47.738+0000] {processor.py:208} INFO - Processing /home/airflow/.local/lib/python3.12/site-packages/airflow/example_dags/example_task_group.py took 0.055 seconds
[2024-10-15T16:18:18.513+0000] {processor.py:186} INFO - Started process (PID=394) to work on /home/airflow/.local/lib/python3.12/site-packages/airflow/example_dags/example_task_group.py
[2024-10-15T16:18:18.514+0000] {processor.py:914} INFO - Processing file /home/airflow/.local/lib/python3.12/site-packages/airflow/example_dags/example_task_group.py for tasks to queue
[2024-10-15T16:18:18.517+0000] {logging_mixin.py:190} INFO - [2024-10-15T16:18:18.516+0000] {dagbag.py:588} INFO - Filling up the DagBag from /home/airflow/.local/lib/python3.12/site-packages/airflow/example_dags/example_task_group.py
[2024-10-15T16:18:18.524+0000] {processor.py:925} INFO - DAG(s) 'example_task_group' retrieved from /home/airflow/.local/lib/python3.12/site-packages/airflow/example_dags/example_task_group.py
[2024-10-15T16:18:18.544+0000] {logging_mixin.py:190} INFO - [2024-10-15T16:18:18.544+0000] {dag.py:3239} INFO - Sync 1 DAGs
[2024-10-15T16:18:18.558+0000] {logging_mixin.py:190} INFO - [2024-10-15T16:18:18.558+0000] {dag.py:4180} INFO - Setting next_dagrun for example_task_group to None, run_after=None
[2024-10-15T16:18:18.579+0000] {processor.py:208} INFO - Processing /home/airflow/.local/lib/python3.12/site-packages/airflow/example_dags/example_task_group.py took 0.070 seconds
[2024-10-15T16:18:48.784+0000] {processor.py:186} INFO - Started process (PID=456) to work on /home/airflow/.local/lib/python3.12/site-packages/airflow/example_dags/example_task_group.py
[2024-10-15T16:18:48.784+0000] {processor.py:914} INFO - Processing file /home/airflow/.local/lib/python3.12/site-packages/airflow/example_dags/example_task_group.py for tasks to queue
[2024-10-15T16:18:48.786+0000] {logging_mixin.py:190} INFO - [2024-10-15T16:18:48.786+0000] {dagbag.py:588} INFO - Filling up the DagBag from /home/airflow/.local/lib/python3.12/site-packages/airflow/example_dags/example_task_group.py
[2024-10-15T16:18:48.792+0000] {processor.py:925} INFO - DAG(s) 'example_task_group' retrieved from /home/airflow/.local/lib/python3.12/site-packages/airflow/example_dags/example_task_group.py
[2024-10-15T16:18:48.811+0000] {logging_mixin.py:190} INFO - [2024-10-15T16:18:48.811+0000] {dag.py:3239} INFO - Sync 1 DAGs
[2024-10-15T16:18:48.822+0000] {logging_mixin.py:190} INFO - [2024-10-15T16:18:48.821+0000] {dag.py:4180} INFO - Setting next_dagrun for example_task_group to None, run_after=None
[2024-10-15T16:18:48.835+0000] {processor.py:208} INFO - Processing /home/airflow/.local/lib/python3.12/site-packages/airflow/example_dags/example_task_group.py took 0.055 seconds
[2024-10-15T16:19:19.840+0000] {processor.py:186} INFO - Started process (PID=518) to work on /home/airflow/.local/lib/python3.12/site-packages/airflow/example_dags/example_task_group.py
[2024-10-15T16:19:19.841+0000] {processor.py:914} INFO - Processing file /home/airflow/.local/lib/python3.12/site-packages/airflow/example_dags/example_task_group.py for tasks to queue
[2024-10-15T16:19:19.842+0000] {logging_mixin.py:190} INFO - [2024-10-15T16:19:19.842+0000] {dagbag.py:588} INFO - Filling up the DagBag from /home/airflow/.local/lib/python3.12/site-packages/airflow/example_dags/example_task_group.py
[2024-10-15T16:19:19.848+0000] {processor.py:925} INFO - DAG(s) 'example_task_group' retrieved from /home/airflow/.local/lib/python3.12/site-packages/airflow/example_dags/example_task_group.py
[2024-10-15T16:19:19.864+0000] {logging_mixin.py:190} INFO - [2024-10-15T16:19:19.864+0000] {dag.py:3239} INFO - Sync 1 DAGs
[2024-10-15T16:19:19.874+0000] {logging_mixin.py:190} INFO - [2024-10-15T16:19:19.874+0000] {dag.py:4180} INFO - Setting next_dagrun for example_task_group to None, run_after=None
[2024-10-15T16:19:19.888+0000] {processor.py:208} INFO - Processing /home/airflow/.local/lib/python3.12/site-packages/airflow/example_dags/example_task_group.py took 0.052 seconds
[2024-10-15T16:19:50.773+0000] {processor.py:186} INFO - Started process (PID=580) to work on /home/airflow/.local/lib/python3.12/site-packages/airflow/example_dags/example_task_group.py
[2024-10-15T16:19:50.774+0000] {processor.py:914} INFO - Processing file /home/airflow/.local/lib/python3.12/site-packages/airflow/example_dags/example_task_group.py for tasks to queue
[2024-10-15T16:19:50.776+0000] {logging_mixin.py:190} INFO - [2024-10-15T16:19:50.776+0000] {dagbag.py:588} INFO - Filling up the DagBag from /home/airflow/.local/lib/python3.12/site-packages/airflow/example_dags/example_task_group.py
[2024-10-15T16:19:50.784+0000] {processor.py:925} INFO - DAG(s) 'example_task_group' retrieved from /home/airflow/.local/lib/python3.12/site-packages/airflow/example_dags/example_task_group.py
[2024-10-15T16:19:50.801+0000] {logging_mixin.py:190} INFO - [2024-10-15T16:19:50.801+0000] {dag.py:3239} INFO - Sync 1 DAGs
[2024-10-15T16:19:50.813+0000] {logging_mixin.py:190} INFO - [2024-10-15T16:19:50.812+0000] {dag.py:4180} INFO - Setting next_dagrun for example_task_group to None, run_after=None
[2024-10-15T16:19:50.830+0000] {processor.py:208} INFO - Processing /home/airflow/.local/lib/python3.12/site-packages/airflow/example_dags/example_task_group.py took 0.062 seconds
[2024-10-15T16:20:21.895+0000] {processor.py:186} INFO - Started process (PID=642) to work on /home/airflow/.local/lib/python3.12/site-packages/airflow/example_dags/example_task_group.py
[2024-10-15T16:20:21.896+0000] {processor.py:914} INFO - Processing file /home/airflow/.local/lib/python3.12/site-packages/airflow/example_dags/example_task_group.py for tasks to queue
[2024-10-15T16:20:21.897+0000] {logging_mixin.py:190} INFO - [2024-10-15T16:20:21.897+0000] {dagbag.py:588} INFO - Filling up the DagBag from /home/airflow/.local/lib/python3.12/site-packages/airflow/example_dags/example_task_group.py
[2024-10-15T16:20:21.904+0000] {processor.py:925} INFO - DAG(s) 'example_task_group' retrieved from /home/airflow/.local/lib/python3.12/site-packages/airflow/example_dags/example_task_group.py
[2024-10-15T16:20:21.922+0000] {logging_mixin.py:190} INFO - [2024-10-15T16:20:21.922+0000] {dag.py:3239} INFO - Sync 1 DAGs
[2024-10-15T16:20:21.934+0000] {logging_mixin.py:190} INFO - [2024-10-15T16:20:21.934+0000] {dag.py:4180} INFO - Setting next_dagrun for example_task_group to None, run_after=None
[2024-10-15T16:20:21.949+0000] {processor.py:208} INFO - Processing /home/airflow/.local/lib/python3.12/site-packages/airflow/example_dags/example_task_group.py took 0.059 seconds
[2024-10-15T16:20:52.783+0000] {processor.py:186} INFO - Started process (PID=704) to work on /home/airflow/.local/lib/python3.12/site-packages/airflow/example_dags/example_task_group.py
[2024-10-15T16:20:52.784+0000] {processor.py:914} INFO - Processing file /home/airflow/.local/lib/python3.12/site-packages/airflow/example_dags/example_task_group.py for tasks to queue
[2024-10-15T16:20:52.786+0000] {logging_mixin.py:190} INFO - [2024-10-15T16:20:52.785+0000] {dagbag.py:588} INFO - Filling up the DagBag from /home/airflow/.local/lib/python3.12/site-packages/airflow/example_dags/example_task_group.py
[2024-10-15T16:20:52.793+0000] {processor.py:925} INFO - DAG(s) 'example_task_group' retrieved from /home/airflow/.local/lib/python3.12/site-packages/airflow/example_dags/example_task_group.py
[2024-10-15T16:20:52.809+0000] {logging_mixin.py:190} INFO - [2024-10-15T16:20:52.808+0000] {dag.py:3239} INFO - Sync 1 DAGs
[2024-10-15T16:20:52.824+0000] {logging_mixin.py:190} INFO - [2024-10-15T16:20:52.824+0000] {dag.py:4180} INFO - Setting next_dagrun for example_task_group to None, run_after=None
[2024-10-15T16:20:52.839+0000] {processor.py:208} INFO - Processing /home/airflow/.local/lib/python3.12/site-packages/airflow/example_dags/example_task_group.py took 0.060 seconds
[2024-10-15T16:21:23.786+0000] {processor.py:186} INFO - Started process (PID=766) to work on /home/airflow/.local/lib/python3.12/site-packages/airflow/example_dags/example_task_group.py
[2024-10-15T16:21:23.787+0000] {processor.py:914} INFO - Processing file /home/airflow/.local/lib/python3.12/site-packages/airflow/example_dags/example_task_group.py for tasks to queue
[2024-10-15T16:21:23.789+0000] {logging_mixin.py:190} INFO - [2024-10-15T16:21:23.789+0000] {dagbag.py:588} INFO - Filling up the DagBag from /home/airflow/.local/lib/python3.12/site-packages/airflow/example_dags/example_task_group.py
[2024-10-15T16:21:23.796+0000] {processor.py:925} INFO - DAG(s) 'example_task_group' retrieved from /home/airflow/.local/lib/python3.12/site-packages/airflow/example_dags/example_task_group.py
[2024-10-15T16:21:23.813+0000] {logging_mixin.py:190} INFO - [2024-10-15T16:21:23.813+0000] {dag.py:3239} INFO - Sync 1 DAGs
[2024-10-15T16:21:23.825+0000] {logging_mixin.py:190} INFO - [2024-10-15T16:21:23.824+0000] {dag.py:4180} INFO - Setting next_dagrun for example_task_group to None, run_after=None
[2024-10-15T16:21:23.840+0000] {processor.py:208} INFO - Processing /home/airflow/.local/lib/python3.12/site-packages/airflow/example_dags/example_task_group.py took 0.058 seconds
[2024-10-15T16:21:54.740+0000] {processor.py:186} INFO - Started process (PID=828) to work on /home/airflow/.local/lib/python3.12/site-packages/airflow/example_dags/example_task_group.py
[2024-10-15T16:21:54.741+0000] {processor.py:914} INFO - Processing file /home/airflow/.local/lib/python3.12/site-packages/airflow/example_dags/example_task_group.py for tasks to queue
[2024-10-15T16:21:54.743+0000] {logging_mixin.py:190} INFO - [2024-10-15T16:21:54.742+0000] {dagbag.py:588} INFO - Filling up the DagBag from /home/airflow/.local/lib/python3.12/site-packages/airflow/example_dags/example_task_group.py
[2024-10-15T16:21:54.749+0000] {processor.py:925} INFO - DAG(s) 'example_task_group' retrieved from /home/airflow/.local/lib/python3.12/site-packages/airflow/example_dags/example_task_group.py
[2024-10-15T16:21:54.766+0000] {logging_mixin.py:190} INFO - [2024-10-15T16:21:54.765+0000] {dag.py:3239} INFO - Sync 1 DAGs
[2024-10-15T16:21:54.779+0000] {logging_mixin.py:190} INFO - [2024-10-15T16:21:54.779+0000] {dag.py:4180} INFO - Setting next_dagrun for example_task_group to None, run_after=None
[2024-10-15T16:21:54.794+0000] {processor.py:208} INFO - Processing /home/airflow/.local/lib/python3.12/site-packages/airflow/example_dags/example_task_group.py took 0.058 seconds
[2024-10-15T16:22:25.057+0000] {processor.py:186} INFO - Started process (PID=890) to work on /home/airflow/.local/lib/python3.12/site-packages/airflow/example_dags/example_task_group.py
[2024-10-15T16:22:25.058+0000] {processor.py:914} INFO - Processing file /home/airflow/.local/lib/python3.12/site-packages/airflow/example_dags/example_task_group.py for tasks to queue
[2024-10-15T16:22:25.060+0000] {logging_mixin.py:190} INFO - [2024-10-15T16:22:25.059+0000] {dagbag.py:588} INFO - Filling up the DagBag from /home/airflow/.local/lib/python3.12/site-packages/airflow/example_dags/example_task_group.py
[2024-10-15T16:22:25.070+0000] {processor.py:925} INFO - DAG(s) 'example_task_group' retrieved from /home/airflow/.local/lib/python3.12/site-packages/airflow/example_dags/example_task_group.py
[2024-10-15T16:22:25.088+0000] {logging_mixin.py:190} INFO - [2024-10-15T16:22:25.087+0000] {dag.py:3239} INFO - Sync 1 DAGs
[2024-10-15T16:22:25.099+0000] {logging_mixin.py:190} INFO - [2024-10-15T16:22:25.099+0000] {dag.py:4180} INFO - Setting next_dagrun for example_task_group to None, run_after=None
[2024-10-15T16:22:25.112+0000] {processor.py:208} INFO - Processing /home/airflow/.local/lib/python3.12/site-packages/airflow/example_dags/example_task_group.py took 0.060 seconds
[2024-10-15T16:22:56.036+0000] {processor.py:186} INFO - Started process (PID=952) to work on /home/airflow/.local/lib/python3.12/site-packages/airflow/example_dags/example_task_group.py
[2024-10-15T16:22:56.036+0000] {processor.py:914} INFO - Processing file /home/airflow/.local/lib/python3.12/site-packages/airflow/example_dags/example_task_group.py for tasks to queue
[2024-10-15T16:22:56.038+0000] {logging_mixin.py:190} INFO - [2024-10-15T16:22:56.038+0000] {dagbag.py:588} INFO - Filling up the DagBag from /home/airflow/.local/lib/python3.12/site-packages/airflow/example_dags/example_task_group.py
[2024-10-15T16:22:56.045+0000] {processor.py:925} INFO - DAG(s) 'example_task_group' retrieved from /home/airflow/.local/lib/python3.12/site-packages/airflow/example_dags/example_task_group.py
[2024-10-15T16:22:56.061+0000] {logging_mixin.py:190} INFO - [2024-10-15T16:22:56.061+0000] {dag.py:3239} INFO - Sync 1 DAGs
[2024-10-15T16:22:56.076+0000] {logging_mixin.py:190} INFO - [2024-10-15T16:22:56.075+0000] {dag.py:4180} INFO - Setting next_dagrun for example_task_group to None, run_after=None
[2024-10-15T16:22:56.095+0000] {processor.py:208} INFO - Processing /home/airflow/.local/lib/python3.12/site-packages/airflow/example_dags/example_task_group.py took 0.063 seconds
[2024-10-15T16:23:27.071+0000] {processor.py:186} INFO - Started process (PID=1014) to work on /home/airflow/.local/lib/python3.12/site-packages/airflow/example_dags/example_task_group.py
[2024-10-15T16:23:27.071+0000] {processor.py:914} INFO - Processing file /home/airflow/.local/lib/python3.12/site-packages/airflow/example_dags/example_task_group.py for tasks to queue
[2024-10-15T16:23:27.073+0000] {logging_mixin.py:190} INFO - [2024-10-15T16:23:27.073+0000] {dagbag.py:588} INFO - Filling up the DagBag from /home/airflow/.local/lib/python3.12/site-packages/airflow/example_dags/example_task_group.py
[2024-10-15T16:23:27.081+0000] {processor.py:925} INFO - DAG(s) 'example_task_group' retrieved from /home/airflow/.local/lib/python3.12/site-packages/airflow/example_dags/example_task_group.py
[2024-10-15T16:23:27.098+0000] {logging_mixin.py:190} INFO - [2024-10-15T16:23:27.097+0000] {dag.py:3239} INFO - Sync 1 DAGs
[2024-10-15T16:23:27.109+0000] {logging_mixin.py:190} INFO - [2024-10-15T16:23:27.108+0000] {dag.py:4180} INFO - Setting next_dagrun for example_task_group to None, run_after=None
[2024-10-15T16:23:27.122+0000] {processor.py:208} INFO - Processing /home/airflow/.local/lib/python3.12/site-packages/airflow/example_dags/example_task_group.py took 0.056 seconds
[2024-10-15T16:23:57.242+0000] {processor.py:186} INFO - Started process (PID=1076) to work on /home/airflow/.local/lib/python3.12/site-packages/airflow/example_dags/example_task_group.py
[2024-10-15T16:23:57.242+0000] {processor.py:914} INFO - Processing file /home/airflow/.local/lib/python3.12/site-packages/airflow/example_dags/example_task_group.py for tasks to queue
[2024-10-15T16:23:57.244+0000] {logging_mixin.py:190} INFO - [2024-10-15T16:23:57.244+0000] {dagbag.py:588} INFO - Filling up the DagBag from /home/airflow/.local/lib/python3.12/site-packages/airflow/example_dags/example_task_group.py
[2024-10-15T16:23:57.250+0000] {processor.py:925} INFO - DAG(s) 'example_task_group' retrieved from /home/airflow/.local/lib/python3.12/site-packages/airflow/example_dags/example_task_group.py
[2024-10-15T16:23:57.266+0000] {logging_mixin.py:190} INFO - [2024-10-15T16:23:57.266+0000] {dag.py:3239} INFO - Sync 1 DAGs
[2024-10-15T16:23:57.278+0000] {logging_mixin.py:190} INFO - [2024-10-15T16:23:57.278+0000] {dag.py:4180} INFO - Setting next_dagrun for example_task_group to None, run_after=None
[2024-10-15T16:23:57.294+0000] {processor.py:208} INFO - Processing /home/airflow/.local/lib/python3.12/site-packages/airflow/example_dags/example_task_group.py took 0.056 seconds
[2024-10-15T16:24:27.499+0000] {processor.py:186} INFO - Started process (PID=1138) to work on /home/airflow/.local/lib/python3.12/site-packages/airflow/example_dags/example_task_group.py
[2024-10-15T16:24:27.500+0000] {processor.py:914} INFO - Processing file /home/airflow/.local/lib/python3.12/site-packages/airflow/example_dags/example_task_group.py for tasks to queue
[2024-10-15T16:24:27.501+0000] {logging_mixin.py:190} INFO - [2024-10-15T16:24:27.501+0000] {dagbag.py:588} INFO - Filling up the DagBag from /home/airflow/.local/lib/python3.12/site-packages/airflow/example_dags/example_task_group.py
[2024-10-15T16:24:27.508+0000] {processor.py:925} INFO - DAG(s) 'example_task_group' retrieved from /home/airflow/.local/lib/python3.12/site-packages/airflow/example_dags/example_task_group.py
[2024-10-15T16:24:27.526+0000] {logging_mixin.py:190} INFO - [2024-10-15T16:24:27.526+0000] {dag.py:3239} INFO - Sync 1 DAGs
[2024-10-15T16:24:27.538+0000] {logging_mixin.py:190} INFO - [2024-10-15T16:24:27.538+0000] {dag.py:4180} INFO - Setting next_dagrun for example_task_group to None, run_after=None
[2024-10-15T16:24:27.552+0000] {processor.py:208} INFO - Processing /home/airflow/.local/lib/python3.12/site-packages/airflow/example_dags/example_task_group.py took 0.058 seconds
[2024-10-15T16:24:58.355+0000] {processor.py:186} INFO - Started process (PID=1200) to work on /home/airflow/.local/lib/python3.12/site-packages/airflow/example_dags/example_task_group.py
[2024-10-15T16:24:58.356+0000] {processor.py:914} INFO - Processing file /home/airflow/.local/lib/python3.12/site-packages/airflow/example_dags/example_task_group.py for tasks to queue
[2024-10-15T16:24:58.359+0000] {logging_mixin.py:190} INFO - [2024-10-15T16:24:58.358+0000] {dagbag.py:588} INFO - Filling up the DagBag from /home/airflow/.local/lib/python3.12/site-packages/airflow/example_dags/example_task_group.py
[2024-10-15T16:24:58.367+0000] {processor.py:925} INFO - DAG(s) 'example_task_group' retrieved from /home/airflow/.local/lib/python3.12/site-packages/airflow/example_dags/example_task_group.py
[2024-10-15T16:24:58.381+0000] {logging_mixin.py:190} INFO - [2024-10-15T16:24:58.381+0000] {dag.py:3239} INFO - Sync 1 DAGs
[2024-10-15T16:24:58.391+0000] {logging_mixin.py:190} INFO - [2024-10-15T16:24:58.391+0000] {dag.py:4180} INFO - Setting next_dagrun for example_task_group to None, run_after=None
[2024-10-15T16:24:58.404+0000] {processor.py:208} INFO - Processing /home/airflow/.local/lib/python3.12/site-packages/airflow/example_dags/example_task_group.py took 0.055 seconds
[2024-10-15T16:25:28.983+0000] {processor.py:186} INFO - Started process (PID=1262) to work on /home/airflow/.local/lib/python3.12/site-packages/airflow/example_dags/example_task_group.py
[2024-10-15T16:25:28.984+0000] {processor.py:914} INFO - Processing file /home/airflow/.local/lib/python3.12/site-packages/airflow/example_dags/example_task_group.py for tasks to queue
[2024-10-15T16:25:28.986+0000] {logging_mixin.py:190} INFO - [2024-10-15T16:25:28.986+0000] {dagbag.py:588} INFO - Filling up the DagBag from /home/airflow/.local/lib/python3.12/site-packages/airflow/example_dags/example_task_group.py
[2024-10-15T16:25:28.992+0000] {processor.py:925} INFO - DAG(s) 'example_task_group' retrieved from /home/airflow/.local/lib/python3.12/site-packages/airflow/example_dags/example_task_group.py
[2024-10-15T16:25:29.006+0000] {logging_mixin.py:190} INFO - [2024-10-15T16:25:29.006+0000] {dag.py:3239} INFO - Sync 1 DAGs
[2024-10-15T16:25:29.017+0000] {logging_mixin.py:190} INFO - [2024-10-15T16:25:29.017+0000] {dag.py:4180} INFO - Setting next_dagrun for example_task_group to None, run_after=None
[2024-10-15T16:25:29.030+0000] {processor.py:208} INFO - Processing /home/airflow/.local/lib/python3.12/site-packages/airflow/example_dags/example_task_group.py took 0.051 seconds
[2024-10-15T16:25:59.775+0000] {processor.py:186} INFO - Started process (PID=1324) to work on /home/airflow/.local/lib/python3.12/site-packages/airflow/example_dags/example_task_group.py
[2024-10-15T16:25:59.776+0000] {processor.py:914} INFO - Processing file /home/airflow/.local/lib/python3.12/site-packages/airflow/example_dags/example_task_group.py for tasks to queue
[2024-10-15T16:25:59.778+0000] {logging_mixin.py:190} INFO - [2024-10-15T16:25:59.777+0000] {dagbag.py:588} INFO - Filling up the DagBag from /home/airflow/.local/lib/python3.12/site-packages/airflow/example_dags/example_task_group.py
[2024-10-15T16:25:59.783+0000] {processor.py:925} INFO - DAG(s) 'example_task_group' retrieved from /home/airflow/.local/lib/python3.12/site-packages/airflow/example_dags/example_task_group.py
[2024-10-15T16:25:59.799+0000] {logging_mixin.py:190} INFO - [2024-10-15T16:25:59.799+0000] {dag.py:3239} INFO - Sync 1 DAGs
[2024-10-15T16:25:59.809+0000] {logging_mixin.py:190} INFO - [2024-10-15T16:25:59.809+0000] {dag.py:4180} INFO - Setting next_dagrun for example_task_group to None, run_after=None
[2024-10-15T16:25:59.822+0000] {processor.py:208} INFO - Processing /home/airflow/.local/lib/python3.12/site-packages/airflow/example_dags/example_task_group.py took 0.050 seconds
[2024-10-15T16:26:30.484+0000] {processor.py:186} INFO - Started process (PID=1386) to work on /home/airflow/.local/lib/python3.12/site-packages/airflow/example_dags/example_task_group.py
[2024-10-15T16:26:30.485+0000] {processor.py:914} INFO - Processing file /home/airflow/.local/lib/python3.12/site-packages/airflow/example_dags/example_task_group.py for tasks to queue
[2024-10-15T16:26:30.487+0000] {logging_mixin.py:190} INFO - [2024-10-15T16:26:30.486+0000] {dagbag.py:588} INFO - Filling up the DagBag from /home/airflow/.local/lib/python3.12/site-packages/airflow/example_dags/example_task_group.py
[2024-10-15T16:26:30.492+0000] {processor.py:925} INFO - DAG(s) 'example_task_group' retrieved from /home/airflow/.local/lib/python3.12/site-packages/airflow/example_dags/example_task_group.py
[2024-10-15T16:26:30.507+0000] {logging_mixin.py:190} INFO - [2024-10-15T16:26:30.507+0000] {dag.py:3239} INFO - Sync 1 DAGs
[2024-10-15T16:26:30.517+0000] {logging_mixin.py:190} INFO - [2024-10-15T16:26:30.517+0000] {dag.py:4180} INFO - Setting next_dagrun for example_task_group to None, run_after=None
[2024-10-15T16:26:30.534+0000] {processor.py:208} INFO - Processing /home/airflow/.local/lib/python3.12/site-packages/airflow/example_dags/example_task_group.py took 0.054 seconds
[2024-10-15T16:27:01.528+0000] {processor.py:186} INFO - Started process (PID=1448) to work on /home/airflow/.local/lib/python3.12/site-packages/airflow/example_dags/example_task_group.py
[2024-10-15T16:27:01.528+0000] {processor.py:914} INFO - Processing file /home/airflow/.local/lib/python3.12/site-packages/airflow/example_dags/example_task_group.py for tasks to queue
[2024-10-15T16:27:01.530+0000] {logging_mixin.py:190} INFO - [2024-10-15T16:27:01.530+0000] {dagbag.py:588} INFO - Filling up the DagBag from /home/airflow/.local/lib/python3.12/site-packages/airflow/example_dags/example_task_group.py
[2024-10-15T16:27:01.536+0000] {processor.py:925} INFO - DAG(s) 'example_task_group' retrieved from /home/airflow/.local/lib/python3.12/site-packages/airflow/example_dags/example_task_group.py
[2024-10-15T16:27:01.552+0000] {logging_mixin.py:190} INFO - [2024-10-15T16:27:01.552+0000] {dag.py:3239} INFO - Sync 1 DAGs
[2024-10-15T16:27:01.563+0000] {logging_mixin.py:190} INFO - [2024-10-15T16:27:01.563+0000] {dag.py:4180} INFO - Setting next_dagrun for example_task_group to None, run_after=None
[2024-10-15T16:27:01.576+0000] {processor.py:208} INFO - Processing /home/airflow/.local/lib/python3.12/site-packages/airflow/example_dags/example_task_group.py took 0.052 seconds
[2024-10-15T16:27:31.864+0000] {processor.py:186} INFO - Started process (PID=1510) to work on /home/airflow/.local/lib/python3.12/site-packages/airflow/example_dags/example_task_group.py
[2024-10-15T16:27:31.865+0000] {processor.py:914} INFO - Processing file /home/airflow/.local/lib/python3.12/site-packages/airflow/example_dags/example_task_group.py for tasks to queue
[2024-10-15T16:27:31.867+0000] {logging_mixin.py:190} INFO - [2024-10-15T16:27:31.867+0000] {dagbag.py:588} INFO - Filling up the DagBag from /home/airflow/.local/lib/python3.12/site-packages/airflow/example_dags/example_task_group.py
[2024-10-15T16:27:31.875+0000] {processor.py:925} INFO - DAG(s) 'example_task_group' retrieved from /home/airflow/.local/lib/python3.12/site-packages/airflow/example_dags/example_task_group.py
[2024-10-15T16:27:31.892+0000] {logging_mixin.py:190} INFO - [2024-10-15T16:27:31.891+0000] {dag.py:3239} INFO - Sync 1 DAGs
[2024-10-15T16:27:31.903+0000] {logging_mixin.py:190} INFO - [2024-10-15T16:27:31.903+0000] {dag.py:4180} INFO - Setting next_dagrun for example_task_group to None, run_after=None
[2024-10-15T16:27:31.922+0000] {processor.py:208} INFO - Processing /home/airflow/.local/lib/python3.12/site-packages/airflow/example_dags/example_task_group.py took 0.062 seconds
[2024-10-15T16:28:02.024+0000] {processor.py:186} INFO - Started process (PID=1572) to work on /home/airflow/.local/lib/python3.12/site-packages/airflow/example_dags/example_task_group.py
[2024-10-15T16:28:02.024+0000] {processor.py:914} INFO - Processing file /home/airflow/.local/lib/python3.12/site-packages/airflow/example_dags/example_task_group.py for tasks to queue
[2024-10-15T16:28:02.026+0000] {logging_mixin.py:190} INFO - [2024-10-15T16:28:02.026+0000] {dagbag.py:588} INFO - Filling up the DagBag from /home/airflow/.local/lib/python3.12/site-packages/airflow/example_dags/example_task_group.py
[2024-10-15T16:28:02.032+0000] {processor.py:925} INFO - DAG(s) 'example_task_group' retrieved from /home/airflow/.local/lib/python3.12/site-packages/airflow/example_dags/example_task_group.py
[2024-10-15T16:28:02.047+0000] {logging_mixin.py:190} INFO - [2024-10-15T16:28:02.047+0000] {dag.py:3239} INFO - Sync 1 DAGs
[2024-10-15T16:28:02.057+0000] {logging_mixin.py:190} INFO - [2024-10-15T16:28:02.057+0000] {dag.py:4180} INFO - Setting next_dagrun for example_task_group to None, run_after=None
[2024-10-15T16:28:02.072+0000] {processor.py:208} INFO - Processing /home/airflow/.local/lib/python3.12/site-packages/airflow/example_dags/example_task_group.py took 0.053 seconds
[2024-10-15T16:28:32.682+0000] {processor.py:186} INFO - Started process (PID=1634) to work on /home/airflow/.local/lib/python3.12/site-packages/airflow/example_dags/example_task_group.py
[2024-10-15T16:28:32.683+0000] {processor.py:914} INFO - Processing file /home/airflow/.local/lib/python3.12/site-packages/airflow/example_dags/example_task_group.py for tasks to queue
[2024-10-15T16:28:32.684+0000] {logging_mixin.py:190} INFO - [2024-10-15T16:28:32.684+0000] {dagbag.py:588} INFO - Filling up the DagBag from /home/airflow/.local/lib/python3.12/site-packages/airflow/example_dags/example_task_group.py
[2024-10-15T16:28:32.691+0000] {processor.py:925} INFO - DAG(s) 'example_task_group' retrieved from /home/airflow/.local/lib/python3.12/site-packages/airflow/example_dags/example_task_group.py
[2024-10-15T16:28:32.707+0000] {logging_mixin.py:190} INFO - [2024-10-15T16:28:32.707+0000] {dag.py:3239} INFO - Sync 1 DAGs
[2024-10-15T16:28:32.719+0000] {logging_mixin.py:190} INFO - [2024-10-15T16:28:32.719+0000] {dag.py:4180} INFO - Setting next_dagrun for example_task_group to None, run_after=None
[2024-10-15T16:28:32.736+0000] {processor.py:208} INFO - Processing /home/airflow/.local/lib/python3.12/site-packages/airflow/example_dags/example_task_group.py took 0.059 seconds
[2024-10-15T16:29:03.713+0000] {processor.py:186} INFO - Started process (PID=1696) to work on /home/airflow/.local/lib/python3.12/site-packages/airflow/example_dags/example_task_group.py
[2024-10-15T16:29:03.714+0000] {processor.py:914} INFO - Processing file /home/airflow/.local/lib/python3.12/site-packages/airflow/example_dags/example_task_group.py for tasks to queue
[2024-10-15T16:29:03.716+0000] {logging_mixin.py:190} INFO - [2024-10-15T16:29:03.716+0000] {dagbag.py:588} INFO - Filling up the DagBag from /home/airflow/.local/lib/python3.12/site-packages/airflow/example_dags/example_task_group.py
[2024-10-15T16:29:03.723+0000] {processor.py:925} INFO - DAG(s) 'example_task_group' retrieved from /home/airflow/.local/lib/python3.12/site-packages/airflow/example_dags/example_task_group.py
[2024-10-15T16:29:03.738+0000] {logging_mixin.py:190} INFO - [2024-10-15T16:29:03.738+0000] {dag.py:3239} INFO - Sync 1 DAGs
[2024-10-15T16:29:03.749+0000] {logging_mixin.py:190} INFO - [2024-10-15T16:29:03.749+0000] {dag.py:4180} INFO - Setting next_dagrun for example_task_group to None, run_after=None
[2024-10-15T16:29:03.763+0000] {processor.py:208} INFO - Processing /home/airflow/.local/lib/python3.12/site-packages/airflow/example_dags/example_task_group.py took 0.055 seconds
[2024-10-15T16:29:33.935+0000] {processor.py:186} INFO - Started process (PID=1758) to work on /home/airflow/.local/lib/python3.12/site-packages/airflow/example_dags/example_task_group.py
[2024-10-15T16:29:33.936+0000] {processor.py:914} INFO - Processing file /home/airflow/.local/lib/python3.12/site-packages/airflow/example_dags/example_task_group.py for tasks to queue
[2024-10-15T16:29:33.938+0000] {logging_mixin.py:190} INFO - [2024-10-15T16:29:33.938+0000] {dagbag.py:588} INFO - Filling up the DagBag from /home/airflow/.local/lib/python3.12/site-packages/airflow/example_dags/example_task_group.py
[2024-10-15T16:29:33.945+0000] {processor.py:925} INFO - DAG(s) 'example_task_group' retrieved from /home/airflow/.local/lib/python3.12/site-packages/airflow/example_dags/example_task_group.py
[2024-10-15T16:29:33.962+0000] {logging_mixin.py:190} INFO - [2024-10-15T16:29:33.962+0000] {dag.py:3239} INFO - Sync 1 DAGs
[2024-10-15T16:29:33.972+0000] {logging_mixin.py:190} INFO - [2024-10-15T16:29:33.972+0000] {dag.py:4180} INFO - Setting next_dagrun for example_task_group to None, run_after=None
[2024-10-15T16:29:33.995+0000] {processor.py:208} INFO - Processing /home/airflow/.local/lib/python3.12/site-packages/airflow/example_dags/example_task_group.py took 0.065 seconds
