[2024-10-15T16:15:45.284+0000] {processor.py:186} INFO - Started process (PID=84) to work on /home/airflow/.local/lib/python3.12/site-packages/airflow/example_dags/example_display_name.py
[2024-10-15T16:15:45.285+0000] {processor.py:914} INFO - Processing file /home/airflow/.local/lib/python3.12/site-packages/airflow/example_dags/example_display_name.py for tasks to queue
[2024-10-15T16:15:45.287+0000] {logging_mixin.py:190} INFO - [2024-10-15T16:15:45.287+0000] {dagbag.py:588} INFO - Filling up the DagBag from /home/airflow/.local/lib/python3.12/site-packages/airflow/example_dags/example_display_name.py
[2024-10-15T16:15:45.294+0000] {processor.py:925} INFO - DAG(s) 'example_display_name' retrieved from /home/airflow/.local/lib/python3.12/site-packages/airflow/example_dags/example_display_name.py
[2024-10-15T16:15:45.371+0000] {logging_mixin.py:190} INFO - [2024-10-15T16:15:45.370+0000] {override.py:1900} INFO - Created Permission View: can read on DAG:example_display_name
[2024-10-15T16:15:45.380+0000] {logging_mixin.py:190} INFO - [2024-10-15T16:15:45.380+0000] {override.py:1900} INFO - Created Permission View: can delete on DAG:example_display_name
[2024-10-15T16:15:45.386+0000] {logging_mixin.py:190} INFO - [2024-10-15T16:15:45.385+0000] {override.py:1900} INFO - Created Permission View: can edit on DAG:example_display_name
[2024-10-15T16:15:45.392+0000] {logging_mixin.py:190} INFO - [2024-10-15T16:15:45.392+0000] {override.py:1900} INFO - Created Permission View: can read on DAG Run:example_display_name
[2024-10-15T16:15:45.398+0000] {logging_mixin.py:190} INFO - [2024-10-15T16:15:45.398+0000] {override.py:1900} INFO - Created Permission View: can create on DAG Run:example_display_name
[2024-10-15T16:15:45.403+0000] {logging_mixin.py:190} INFO - [2024-10-15T16:15:45.403+0000] {override.py:1900} INFO - Created Permission View: menu access on DAG Run:example_display_name
[2024-10-15T16:15:45.409+0000] {logging_mixin.py:190} INFO - [2024-10-15T16:15:45.409+0000] {override.py:1900} INFO - Created Permission View: can delete on DAG Run:example_display_name
[2024-10-15T16:15:45.410+0000] {logging_mixin.py:190} INFO - [2024-10-15T16:15:45.410+0000] {dag.py:3239} INFO - Sync 1 DAGs
[2024-10-15T16:15:45.422+0000] {logging_mixin.py:190} INFO - [2024-10-15T16:15:45.422+0000] {dag.py:3262} INFO - Creating ORM DAG for example_display_name
[2024-10-15T16:15:45.423+0000] {logging_mixin.py:190} INFO - [2024-10-15T16:15:45.423+0000] {dag.py:4180} INFO - Setting next_dagrun for example_display_name to None, run_after=None
[2024-10-15T16:15:45.437+0000] {processor.py:208} INFO - Processing /home/airflow/.local/lib/python3.12/site-packages/airflow/example_dags/example_display_name.py took 0.156 seconds
[2024-10-15T16:16:15.539+0000] {processor.py:186} INFO - Started process (PID=146) to work on /home/airflow/.local/lib/python3.12/site-packages/airflow/example_dags/example_display_name.py
[2024-10-15T16:16:15.540+0000] {processor.py:914} INFO - Processing file /home/airflow/.local/lib/python3.12/site-packages/airflow/example_dags/example_display_name.py for tasks to queue
[2024-10-15T16:16:15.541+0000] {logging_mixin.py:190} INFO - [2024-10-15T16:16:15.541+0000] {dagbag.py:588} INFO - Filling up the DagBag from /home/airflow/.local/lib/python3.12/site-packages/airflow/example_dags/example_display_name.py
[2024-10-15T16:16:15.546+0000] {processor.py:925} INFO - DAG(s) 'example_display_name' retrieved from /home/airflow/.local/lib/python3.12/site-packages/airflow/example_dags/example_display_name.py
[2024-10-15T16:16:15.559+0000] {logging_mixin.py:190} INFO - [2024-10-15T16:16:15.559+0000] {dag.py:3239} INFO - Sync 1 DAGs
[2024-10-15T16:16:15.568+0000] {logging_mixin.py:190} INFO - [2024-10-15T16:16:15.568+0000] {dag.py:4180} INFO - Setting next_dagrun for example_display_name to None, run_after=None
[2024-10-15T16:16:15.583+0000] {processor.py:208} INFO - Processing /home/airflow/.local/lib/python3.12/site-packages/airflow/example_dags/example_display_name.py took 0.047 seconds
[2024-10-15T16:16:46.268+0000] {processor.py:186} INFO - Started process (PID=214) to work on /home/airflow/.local/lib/python3.12/site-packages/airflow/example_dags/example_display_name.py
[2024-10-15T16:16:46.268+0000] {processor.py:914} INFO - Processing file /home/airflow/.local/lib/python3.12/site-packages/airflow/example_dags/example_display_name.py for tasks to queue
[2024-10-15T16:16:46.270+0000] {logging_mixin.py:190} INFO - [2024-10-15T16:16:46.270+0000] {dagbag.py:588} INFO - Filling up the DagBag from /home/airflow/.local/lib/python3.12/site-packages/airflow/example_dags/example_display_name.py
[2024-10-15T16:16:46.276+0000] {processor.py:925} INFO - DAG(s) 'example_display_name' retrieved from /home/airflow/.local/lib/python3.12/site-packages/airflow/example_dags/example_display_name.py
[2024-10-15T16:16:46.291+0000] {logging_mixin.py:190} INFO - [2024-10-15T16:16:46.291+0000] {dag.py:3239} INFO - Sync 1 DAGs
[2024-10-15T16:16:46.302+0000] {logging_mixin.py:190} INFO - [2024-10-15T16:16:46.301+0000] {dag.py:4180} INFO - Setting next_dagrun for example_display_name to None, run_after=None
[2024-10-15T16:16:46.322+0000] {processor.py:208} INFO - Processing /home/airflow/.local/lib/python3.12/site-packages/airflow/example_dags/example_display_name.py took 0.059 seconds
[2024-10-15T16:17:17.039+0000] {processor.py:186} INFO - Started process (PID=276) to work on /home/airflow/.local/lib/python3.12/site-packages/airflow/example_dags/example_display_name.py
[2024-10-15T16:17:17.040+0000] {processor.py:914} INFO - Processing file /home/airflow/.local/lib/python3.12/site-packages/airflow/example_dags/example_display_name.py for tasks to queue
[2024-10-15T16:17:17.042+0000] {logging_mixin.py:190} INFO - [2024-10-15T16:17:17.041+0000] {dagbag.py:588} INFO - Filling up the DagBag from /home/airflow/.local/lib/python3.12/site-packages/airflow/example_dags/example_display_name.py
[2024-10-15T16:17:17.048+0000] {processor.py:925} INFO - DAG(s) 'example_display_name' retrieved from /home/airflow/.local/lib/python3.12/site-packages/airflow/example_dags/example_display_name.py
[2024-10-15T16:17:17.066+0000] {logging_mixin.py:190} INFO - [2024-10-15T16:17:17.066+0000] {dag.py:3239} INFO - Sync 1 DAGs
[2024-10-15T16:17:17.080+0000] {logging_mixin.py:190} INFO - [2024-10-15T16:17:17.080+0000] {dag.py:4180} INFO - Setting next_dagrun for example_display_name to None, run_after=None
[2024-10-15T16:17:17.101+0000] {processor.py:208} INFO - Processing /home/airflow/.local/lib/python3.12/site-packages/airflow/example_dags/example_display_name.py took 0.067 seconds
[2024-10-15T16:17:47.928+0000] {processor.py:186} INFO - Started process (PID=338) to work on /home/airflow/.local/lib/python3.12/site-packages/airflow/example_dags/example_display_name.py
[2024-10-15T16:17:47.929+0000] {processor.py:914} INFO - Processing file /home/airflow/.local/lib/python3.12/site-packages/airflow/example_dags/example_display_name.py for tasks to queue
[2024-10-15T16:17:47.930+0000] {logging_mixin.py:190} INFO - [2024-10-15T16:17:47.930+0000] {dagbag.py:588} INFO - Filling up the DagBag from /home/airflow/.local/lib/python3.12/site-packages/airflow/example_dags/example_display_name.py
[2024-10-15T16:17:47.935+0000] {processor.py:925} INFO - DAG(s) 'example_display_name' retrieved from /home/airflow/.local/lib/python3.12/site-packages/airflow/example_dags/example_display_name.py
[2024-10-15T16:17:47.948+0000] {logging_mixin.py:190} INFO - [2024-10-15T16:17:47.948+0000] {dag.py:3239} INFO - Sync 1 DAGs
[2024-10-15T16:17:47.958+0000] {logging_mixin.py:190} INFO - [2024-10-15T16:17:47.957+0000] {dag.py:4180} INFO - Setting next_dagrun for example_display_name to None, run_after=None
[2024-10-15T16:17:47.974+0000] {processor.py:208} INFO - Processing /home/airflow/.local/lib/python3.12/site-packages/airflow/example_dags/example_display_name.py took 0.050 seconds
[2024-10-15T16:18:18.853+0000] {processor.py:186} INFO - Started process (PID=400) to work on /home/airflow/.local/lib/python3.12/site-packages/airflow/example_dags/example_display_name.py
[2024-10-15T16:18:18.853+0000] {processor.py:914} INFO - Processing file /home/airflow/.local/lib/python3.12/site-packages/airflow/example_dags/example_display_name.py for tasks to queue
[2024-10-15T16:18:18.855+0000] {logging_mixin.py:190} INFO - [2024-10-15T16:18:18.855+0000] {dagbag.py:588} INFO - Filling up the DagBag from /home/airflow/.local/lib/python3.12/site-packages/airflow/example_dags/example_display_name.py
[2024-10-15T16:18:18.863+0000] {processor.py:925} INFO - DAG(s) 'example_display_name' retrieved from /home/airflow/.local/lib/python3.12/site-packages/airflow/example_dags/example_display_name.py
[2024-10-15T16:18:18.879+0000] {logging_mixin.py:190} INFO - [2024-10-15T16:18:18.878+0000] {dag.py:3239} INFO - Sync 1 DAGs
[2024-10-15T16:18:18.890+0000] {logging_mixin.py:190} INFO - [2024-10-15T16:18:18.890+0000] {dag.py:4180} INFO - Setting next_dagrun for example_display_name to None, run_after=None
[2024-10-15T16:18:18.904+0000] {processor.py:208} INFO - Processing /home/airflow/.local/lib/python3.12/site-packages/airflow/example_dags/example_display_name.py took 0.056 seconds
[2024-10-15T16:18:49.092+0000] {processor.py:186} INFO - Started process (PID=462) to work on /home/airflow/.local/lib/python3.12/site-packages/airflow/example_dags/example_display_name.py
[2024-10-15T16:18:49.093+0000] {processor.py:914} INFO - Processing file /home/airflow/.local/lib/python3.12/site-packages/airflow/example_dags/example_display_name.py for tasks to queue
[2024-10-15T16:18:49.095+0000] {logging_mixin.py:190} INFO - [2024-10-15T16:18:49.094+0000] {dagbag.py:588} INFO - Filling up the DagBag from /home/airflow/.local/lib/python3.12/site-packages/airflow/example_dags/example_display_name.py
[2024-10-15T16:18:49.099+0000] {processor.py:925} INFO - DAG(s) 'example_display_name' retrieved from /home/airflow/.local/lib/python3.12/site-packages/airflow/example_dags/example_display_name.py
[2024-10-15T16:18:49.113+0000] {logging_mixin.py:190} INFO - [2024-10-15T16:18:49.113+0000] {dag.py:3239} INFO - Sync 1 DAGs
[2024-10-15T16:18:49.126+0000] {logging_mixin.py:190} INFO - [2024-10-15T16:18:49.126+0000] {dag.py:4180} INFO - Setting next_dagrun for example_display_name to None, run_after=None
[2024-10-15T16:18:49.141+0000] {processor.py:208} INFO - Processing /home/airflow/.local/lib/python3.12/site-packages/airflow/example_dags/example_display_name.py took 0.053 seconds
[2024-10-15T16:19:20.153+0000] {processor.py:186} INFO - Started process (PID=524) to work on /home/airflow/.local/lib/python3.12/site-packages/airflow/example_dags/example_display_name.py
[2024-10-15T16:19:20.153+0000] {processor.py:914} INFO - Processing file /home/airflow/.local/lib/python3.12/site-packages/airflow/example_dags/example_display_name.py for tasks to queue
[2024-10-15T16:19:20.155+0000] {logging_mixin.py:190} INFO - [2024-10-15T16:19:20.155+0000] {dagbag.py:588} INFO - Filling up the DagBag from /home/airflow/.local/lib/python3.12/site-packages/airflow/example_dags/example_display_name.py
[2024-10-15T16:19:20.161+0000] {processor.py:925} INFO - DAG(s) 'example_display_name' retrieved from /home/airflow/.local/lib/python3.12/site-packages/airflow/example_dags/example_display_name.py
[2024-10-15T16:19:20.176+0000] {logging_mixin.py:190} INFO - [2024-10-15T16:19:20.176+0000] {dag.py:3239} INFO - Sync 1 DAGs
[2024-10-15T16:19:20.187+0000] {logging_mixin.py:190} INFO - [2024-10-15T16:19:20.187+0000] {dag.py:4180} INFO - Setting next_dagrun for example_display_name to None, run_after=None
[2024-10-15T16:19:20.200+0000] {processor.py:208} INFO - Processing /home/airflow/.local/lib/python3.12/site-packages/airflow/example_dags/example_display_name.py took 0.052 seconds
[2024-10-15T16:19:51.054+0000] {processor.py:186} INFO - Started process (PID=586) to work on /home/airflow/.local/lib/python3.12/site-packages/airflow/example_dags/example_display_name.py
[2024-10-15T16:19:51.054+0000] {processor.py:914} INFO - Processing file /home/airflow/.local/lib/python3.12/site-packages/airflow/example_dags/example_display_name.py for tasks to queue
[2024-10-15T16:19:51.056+0000] {logging_mixin.py:190} INFO - [2024-10-15T16:19:51.056+0000] {dagbag.py:588} INFO - Filling up the DagBag from /home/airflow/.local/lib/python3.12/site-packages/airflow/example_dags/example_display_name.py
[2024-10-15T16:19:51.062+0000] {processor.py:925} INFO - DAG(s) 'example_display_name' retrieved from /home/airflow/.local/lib/python3.12/site-packages/airflow/example_dags/example_display_name.py
[2024-10-15T16:19:51.081+0000] {logging_mixin.py:190} INFO - [2024-10-15T16:19:51.080+0000] {dag.py:3239} INFO - Sync 1 DAGs
[2024-10-15T16:19:51.093+0000] {logging_mixin.py:190} INFO - [2024-10-15T16:19:51.093+0000] {dag.py:4180} INFO - Setting next_dagrun for example_display_name to None, run_after=None
[2024-10-15T16:19:51.113+0000] {processor.py:208} INFO - Processing /home/airflow/.local/lib/python3.12/site-packages/airflow/example_dags/example_display_name.py took 0.064 seconds
[2024-10-15T16:20:22.172+0000] {processor.py:186} INFO - Started process (PID=648) to work on /home/airflow/.local/lib/python3.12/site-packages/airflow/example_dags/example_display_name.py
[2024-10-15T16:20:22.173+0000] {processor.py:914} INFO - Processing file /home/airflow/.local/lib/python3.12/site-packages/airflow/example_dags/example_display_name.py for tasks to queue
[2024-10-15T16:20:22.174+0000] {logging_mixin.py:190} INFO - [2024-10-15T16:20:22.174+0000] {dagbag.py:588} INFO - Filling up the DagBag from /home/airflow/.local/lib/python3.12/site-packages/airflow/example_dags/example_display_name.py
[2024-10-15T16:20:22.179+0000] {processor.py:925} INFO - DAG(s) 'example_display_name' retrieved from /home/airflow/.local/lib/python3.12/site-packages/airflow/example_dags/example_display_name.py
[2024-10-15T16:20:22.195+0000] {logging_mixin.py:190} INFO - [2024-10-15T16:20:22.194+0000] {dag.py:3239} INFO - Sync 1 DAGs
[2024-10-15T16:20:22.206+0000] {logging_mixin.py:190} INFO - [2024-10-15T16:20:22.206+0000] {dag.py:4180} INFO - Setting next_dagrun for example_display_name to None, run_after=None
[2024-10-15T16:20:22.219+0000] {processor.py:208} INFO - Processing /home/airflow/.local/lib/python3.12/site-packages/airflow/example_dags/example_display_name.py took 0.051 seconds
[2024-10-15T16:20:53.041+0000] {processor.py:186} INFO - Started process (PID=710) to work on /home/airflow/.local/lib/python3.12/site-packages/airflow/example_dags/example_display_name.py
[2024-10-15T16:20:53.041+0000] {processor.py:914} INFO - Processing file /home/airflow/.local/lib/python3.12/site-packages/airflow/example_dags/example_display_name.py for tasks to queue
[2024-10-15T16:20:53.043+0000] {logging_mixin.py:190} INFO - [2024-10-15T16:20:53.043+0000] {dagbag.py:588} INFO - Filling up the DagBag from /home/airflow/.local/lib/python3.12/site-packages/airflow/example_dags/example_display_name.py
[2024-10-15T16:20:53.049+0000] {processor.py:925} INFO - DAG(s) 'example_display_name' retrieved from /home/airflow/.local/lib/python3.12/site-packages/airflow/example_dags/example_display_name.py
[2024-10-15T16:20:53.063+0000] {logging_mixin.py:190} INFO - [2024-10-15T16:20:53.063+0000] {dag.py:3239} INFO - Sync 1 DAGs
[2024-10-15T16:20:53.073+0000] {logging_mixin.py:190} INFO - [2024-10-15T16:20:53.073+0000] {dag.py:4180} INFO - Setting next_dagrun for example_display_name to None, run_after=None
[2024-10-15T16:20:53.087+0000] {processor.py:208} INFO - Processing /home/airflow/.local/lib/python3.12/site-packages/airflow/example_dags/example_display_name.py took 0.051 seconds
[2024-10-15T16:21:24.039+0000] {processor.py:186} INFO - Started process (PID=772) to work on /home/airflow/.local/lib/python3.12/site-packages/airflow/example_dags/example_display_name.py
[2024-10-15T16:21:24.039+0000] {processor.py:914} INFO - Processing file /home/airflow/.local/lib/python3.12/site-packages/airflow/example_dags/example_display_name.py for tasks to queue
[2024-10-15T16:21:24.041+0000] {logging_mixin.py:190} INFO - [2024-10-15T16:21:24.041+0000] {dagbag.py:588} INFO - Filling up the DagBag from /home/airflow/.local/lib/python3.12/site-packages/airflow/example_dags/example_display_name.py
[2024-10-15T16:21:24.047+0000] {processor.py:925} INFO - DAG(s) 'example_display_name' retrieved from /home/airflow/.local/lib/python3.12/site-packages/airflow/example_dags/example_display_name.py
[2024-10-15T16:21:24.061+0000] {logging_mixin.py:190} INFO - [2024-10-15T16:21:24.061+0000] {dag.py:3239} INFO - Sync 1 DAGs
[2024-10-15T16:21:24.074+0000] {logging_mixin.py:190} INFO - [2024-10-15T16:21:24.074+0000] {dag.py:4180} INFO - Setting next_dagrun for example_display_name to None, run_after=None
[2024-10-15T16:21:24.090+0000] {processor.py:208} INFO - Processing /home/airflow/.local/lib/python3.12/site-packages/airflow/example_dags/example_display_name.py took 0.057 seconds
[2024-10-15T16:21:54.995+0000] {processor.py:186} INFO - Started process (PID=834) to work on /home/airflow/.local/lib/python3.12/site-packages/airflow/example_dags/example_display_name.py
[2024-10-15T16:21:54.995+0000] {processor.py:914} INFO - Processing file /home/airflow/.local/lib/python3.12/site-packages/airflow/example_dags/example_display_name.py for tasks to queue
[2024-10-15T16:21:54.997+0000] {logging_mixin.py:190} INFO - [2024-10-15T16:21:54.997+0000] {dagbag.py:588} INFO - Filling up the DagBag from /home/airflow/.local/lib/python3.12/site-packages/airflow/example_dags/example_display_name.py
[2024-10-15T16:21:55.004+0000] {processor.py:925} INFO - DAG(s) 'example_display_name' retrieved from /home/airflow/.local/lib/python3.12/site-packages/airflow/example_dags/example_display_name.py
[2024-10-15T16:21:55.019+0000] {logging_mixin.py:190} INFO - [2024-10-15T16:21:55.019+0000] {dag.py:3239} INFO - Sync 1 DAGs
[2024-10-15T16:21:55.031+0000] {logging_mixin.py:190} INFO - [2024-10-15T16:21:55.031+0000] {dag.py:4180} INFO - Setting next_dagrun for example_display_name to None, run_after=None
[2024-10-15T16:21:55.050+0000] {processor.py:208} INFO - Processing /home/airflow/.local/lib/python3.12/site-packages/airflow/example_dags/example_display_name.py took 0.060 seconds
[2024-10-15T16:22:25.287+0000] {processor.py:186} INFO - Started process (PID=896) to work on /home/airflow/.local/lib/python3.12/site-packages/airflow/example_dags/example_display_name.py
[2024-10-15T16:22:25.288+0000] {processor.py:914} INFO - Processing file /home/airflow/.local/lib/python3.12/site-packages/airflow/example_dags/example_display_name.py for tasks to queue
[2024-10-15T16:22:25.290+0000] {logging_mixin.py:190} INFO - [2024-10-15T16:22:25.289+0000] {dagbag.py:588} INFO - Filling up the DagBag from /home/airflow/.local/lib/python3.12/site-packages/airflow/example_dags/example_display_name.py
[2024-10-15T16:22:25.295+0000] {processor.py:925} INFO - DAG(s) 'example_display_name' retrieved from /home/airflow/.local/lib/python3.12/site-packages/airflow/example_dags/example_display_name.py
[2024-10-15T16:22:25.308+0000] {logging_mixin.py:190} INFO - [2024-10-15T16:22:25.308+0000] {dag.py:3239} INFO - Sync 1 DAGs
[2024-10-15T16:22:25.319+0000] {logging_mixin.py:190} INFO - [2024-10-15T16:22:25.319+0000] {dag.py:4180} INFO - Setting next_dagrun for example_display_name to None, run_after=None
[2024-10-15T16:22:25.334+0000] {processor.py:208} INFO - Processing /home/airflow/.local/lib/python3.12/site-packages/airflow/example_dags/example_display_name.py took 0.051 seconds
[2024-10-15T16:22:56.288+0000] {processor.py:186} INFO - Started process (PID=958) to work on /home/airflow/.local/lib/python3.12/site-packages/airflow/example_dags/example_display_name.py
[2024-10-15T16:22:56.289+0000] {processor.py:914} INFO - Processing file /home/airflow/.local/lib/python3.12/site-packages/airflow/example_dags/example_display_name.py for tasks to queue
[2024-10-15T16:22:56.291+0000] {logging_mixin.py:190} INFO - [2024-10-15T16:22:56.291+0000] {dagbag.py:588} INFO - Filling up the DagBag from /home/airflow/.local/lib/python3.12/site-packages/airflow/example_dags/example_display_name.py
[2024-10-15T16:22:56.297+0000] {processor.py:925} INFO - DAG(s) 'example_display_name' retrieved from /home/airflow/.local/lib/python3.12/site-packages/airflow/example_dags/example_display_name.py
[2024-10-15T16:22:56.311+0000] {logging_mixin.py:190} INFO - [2024-10-15T16:22:56.311+0000] {dag.py:3239} INFO - Sync 1 DAGs
[2024-10-15T16:22:56.321+0000] {logging_mixin.py:190} INFO - [2024-10-15T16:22:56.321+0000] {dag.py:4180} INFO - Setting next_dagrun for example_display_name to None, run_after=None
[2024-10-15T16:22:56.339+0000] {processor.py:208} INFO - Processing /home/airflow/.local/lib/python3.12/site-packages/airflow/example_dags/example_display_name.py took 0.056 seconds
[2024-10-15T16:23:27.409+0000] {processor.py:186} INFO - Started process (PID=1020) to work on /home/airflow/.local/lib/python3.12/site-packages/airflow/example_dags/example_display_name.py
[2024-10-15T16:23:27.410+0000] {processor.py:914} INFO - Processing file /home/airflow/.local/lib/python3.12/site-packages/airflow/example_dags/example_display_name.py for tasks to queue
[2024-10-15T16:23:27.412+0000] {logging_mixin.py:190} INFO - [2024-10-15T16:23:27.412+0000] {dagbag.py:588} INFO - Filling up the DagBag from /home/airflow/.local/lib/python3.12/site-packages/airflow/example_dags/example_display_name.py
[2024-10-15T16:23:27.421+0000] {processor.py:925} INFO - DAG(s) 'example_display_name' retrieved from /home/airflow/.local/lib/python3.12/site-packages/airflow/example_dags/example_display_name.py
[2024-10-15T16:23:27.435+0000] {logging_mixin.py:190} INFO - [2024-10-15T16:23:27.434+0000] {dag.py:3239} INFO - Sync 1 DAGs
[2024-10-15T16:23:27.446+0000] {logging_mixin.py:190} INFO - [2024-10-15T16:23:27.446+0000] {dag.py:4180} INFO - Setting next_dagrun for example_display_name to None, run_after=None
[2024-10-15T16:23:27.461+0000] {processor.py:208} INFO - Processing /home/airflow/.local/lib/python3.12/site-packages/airflow/example_dags/example_display_name.py took 0.056 seconds
[2024-10-15T16:23:57.485+0000] {processor.py:186} INFO - Started process (PID=1081) to work on /home/airflow/.local/lib/python3.12/site-packages/airflow/example_dags/example_display_name.py
[2024-10-15T16:23:57.485+0000] {processor.py:914} INFO - Processing file /home/airflow/.local/lib/python3.12/site-packages/airflow/example_dags/example_display_name.py for tasks to queue
[2024-10-15T16:23:57.487+0000] {logging_mixin.py:190} INFO - [2024-10-15T16:23:57.487+0000] {dagbag.py:588} INFO - Filling up the DagBag from /home/airflow/.local/lib/python3.12/site-packages/airflow/example_dags/example_display_name.py
[2024-10-15T16:23:57.493+0000] {processor.py:925} INFO - DAG(s) 'example_display_name' retrieved from /home/airflow/.local/lib/python3.12/site-packages/airflow/example_dags/example_display_name.py
[2024-10-15T16:23:57.506+0000] {logging_mixin.py:190} INFO - [2024-10-15T16:23:57.506+0000] {dag.py:3239} INFO - Sync 1 DAGs
[2024-10-15T16:23:57.518+0000] {logging_mixin.py:190} INFO - [2024-10-15T16:23:57.517+0000] {dag.py:4180} INFO - Setting next_dagrun for example_display_name to None, run_after=None
[2024-10-15T16:23:57.533+0000] {processor.py:208} INFO - Processing /home/airflow/.local/lib/python3.12/site-packages/airflow/example_dags/example_display_name.py took 0.052 seconds
[2024-10-15T16:24:27.713+0000] {processor.py:186} INFO - Started process (PID=1143) to work on /home/airflow/.local/lib/python3.12/site-packages/airflow/example_dags/example_display_name.py
[2024-10-15T16:24:27.714+0000] {processor.py:914} INFO - Processing file /home/airflow/.local/lib/python3.12/site-packages/airflow/example_dags/example_display_name.py for tasks to queue
[2024-10-15T16:24:27.715+0000] {logging_mixin.py:190} INFO - [2024-10-15T16:24:27.715+0000] {dagbag.py:588} INFO - Filling up the DagBag from /home/airflow/.local/lib/python3.12/site-packages/airflow/example_dags/example_display_name.py
[2024-10-15T16:24:27.720+0000] {processor.py:925} INFO - DAG(s) 'example_display_name' retrieved from /home/airflow/.local/lib/python3.12/site-packages/airflow/example_dags/example_display_name.py
[2024-10-15T16:24:27.733+0000] {logging_mixin.py:190} INFO - [2024-10-15T16:24:27.733+0000] {dag.py:3239} INFO - Sync 1 DAGs
[2024-10-15T16:24:27.742+0000] {logging_mixin.py:190} INFO - [2024-10-15T16:24:27.742+0000] {dag.py:4180} INFO - Setting next_dagrun for example_display_name to None, run_after=None
[2024-10-15T16:24:27.754+0000] {processor.py:208} INFO - Processing /home/airflow/.local/lib/python3.12/site-packages/airflow/example_dags/example_display_name.py took 0.045 seconds
[2024-10-15T16:24:58.646+0000] {processor.py:186} INFO - Started process (PID=1206) to work on /home/airflow/.local/lib/python3.12/site-packages/airflow/example_dags/example_display_name.py
[2024-10-15T16:24:58.647+0000] {processor.py:914} INFO - Processing file /home/airflow/.local/lib/python3.12/site-packages/airflow/example_dags/example_display_name.py for tasks to queue
[2024-10-15T16:24:58.649+0000] {logging_mixin.py:190} INFO - [2024-10-15T16:24:58.648+0000] {dagbag.py:588} INFO - Filling up the DagBag from /home/airflow/.local/lib/python3.12/site-packages/airflow/example_dags/example_display_name.py
[2024-10-15T16:24:58.654+0000] {processor.py:925} INFO - DAG(s) 'example_display_name' retrieved from /home/airflow/.local/lib/python3.12/site-packages/airflow/example_dags/example_display_name.py
[2024-10-15T16:24:58.667+0000] {logging_mixin.py:190} INFO - [2024-10-15T16:24:58.667+0000] {dag.py:3239} INFO - Sync 1 DAGs
[2024-10-15T16:24:58.677+0000] {logging_mixin.py:190} INFO - [2024-10-15T16:24:58.676+0000] {dag.py:4180} INFO - Setting next_dagrun for example_display_name to None, run_after=None
[2024-10-15T16:24:58.689+0000] {processor.py:208} INFO - Processing /home/airflow/.local/lib/python3.12/site-packages/airflow/example_dags/example_display_name.py took 0.047 seconds
[2024-10-15T16:25:29.202+0000] {processor.py:186} INFO - Started process (PID=1268) to work on /home/airflow/.local/lib/python3.12/site-packages/airflow/example_dags/example_display_name.py
[2024-10-15T16:25:29.203+0000] {processor.py:914} INFO - Processing file /home/airflow/.local/lib/python3.12/site-packages/airflow/example_dags/example_display_name.py for tasks to queue
[2024-10-15T16:25:29.205+0000] {logging_mixin.py:190} INFO - [2024-10-15T16:25:29.205+0000] {dagbag.py:588} INFO - Filling up the DagBag from /home/airflow/.local/lib/python3.12/site-packages/airflow/example_dags/example_display_name.py
[2024-10-15T16:25:29.213+0000] {processor.py:925} INFO - DAG(s) 'example_display_name' retrieved from /home/airflow/.local/lib/python3.12/site-packages/airflow/example_dags/example_display_name.py
[2024-10-15T16:25:29.230+0000] {logging_mixin.py:190} INFO - [2024-10-15T16:25:29.230+0000] {dag.py:3239} INFO - Sync 1 DAGs
[2024-10-15T16:25:29.243+0000] {logging_mixin.py:190} INFO - [2024-10-15T16:25:29.243+0000] {dag.py:4180} INFO - Setting next_dagrun for example_display_name to None, run_after=None
[2024-10-15T16:25:29.258+0000] {processor.py:208} INFO - Processing /home/airflow/.local/lib/python3.12/site-packages/airflow/example_dags/example_display_name.py took 0.060 seconds
[2024-10-15T16:26:00.072+0000] {processor.py:186} INFO - Started process (PID=1330) to work on /home/airflow/.local/lib/python3.12/site-packages/airflow/example_dags/example_display_name.py
[2024-10-15T16:26:00.073+0000] {processor.py:914} INFO - Processing file /home/airflow/.local/lib/python3.12/site-packages/airflow/example_dags/example_display_name.py for tasks to queue
[2024-10-15T16:26:00.074+0000] {logging_mixin.py:190} INFO - [2024-10-15T16:26:00.074+0000] {dagbag.py:588} INFO - Filling up the DagBag from /home/airflow/.local/lib/python3.12/site-packages/airflow/example_dags/example_display_name.py
[2024-10-15T16:26:00.080+0000] {processor.py:925} INFO - DAG(s) 'example_display_name' retrieved from /home/airflow/.local/lib/python3.12/site-packages/airflow/example_dags/example_display_name.py
[2024-10-15T16:26:00.092+0000] {logging_mixin.py:190} INFO - [2024-10-15T16:26:00.092+0000] {dag.py:3239} INFO - Sync 1 DAGs
[2024-10-15T16:26:00.102+0000] {logging_mixin.py:190} INFO - [2024-10-15T16:26:00.101+0000] {dag.py:4180} INFO - Setting next_dagrun for example_display_name to None, run_after=None
[2024-10-15T16:26:00.116+0000] {processor.py:208} INFO - Processing /home/airflow/.local/lib/python3.12/site-packages/airflow/example_dags/example_display_name.py took 0.048 seconds
[2024-10-15T16:26:30.776+0000] {processor.py:186} INFO - Started process (PID=1392) to work on /home/airflow/.local/lib/python3.12/site-packages/airflow/example_dags/example_display_name.py
[2024-10-15T16:26:30.776+0000] {processor.py:914} INFO - Processing file /home/airflow/.local/lib/python3.12/site-packages/airflow/example_dags/example_display_name.py for tasks to queue
[2024-10-15T16:26:30.778+0000] {logging_mixin.py:190} INFO - [2024-10-15T16:26:30.778+0000] {dagbag.py:588} INFO - Filling up the DagBag from /home/airflow/.local/lib/python3.12/site-packages/airflow/example_dags/example_display_name.py
[2024-10-15T16:26:30.783+0000] {processor.py:925} INFO - DAG(s) 'example_display_name' retrieved from /home/airflow/.local/lib/python3.12/site-packages/airflow/example_dags/example_display_name.py
[2024-10-15T16:26:30.796+0000] {logging_mixin.py:190} INFO - [2024-10-15T16:26:30.795+0000] {dag.py:3239} INFO - Sync 1 DAGs
[2024-10-15T16:26:30.806+0000] {logging_mixin.py:190} INFO - [2024-10-15T16:26:30.805+0000] {dag.py:4180} INFO - Setting next_dagrun for example_display_name to None, run_after=None
[2024-10-15T16:26:30.821+0000] {processor.py:208} INFO - Processing /home/airflow/.local/lib/python3.12/site-packages/airflow/example_dags/example_display_name.py took 0.050 seconds
[2024-10-15T16:27:01.764+0000] {processor.py:186} INFO - Started process (PID=1454) to work on /home/airflow/.local/lib/python3.12/site-packages/airflow/example_dags/example_display_name.py
[2024-10-15T16:27:01.765+0000] {processor.py:914} INFO - Processing file /home/airflow/.local/lib/python3.12/site-packages/airflow/example_dags/example_display_name.py for tasks to queue
[2024-10-15T16:27:01.767+0000] {logging_mixin.py:190} INFO - [2024-10-15T16:27:01.767+0000] {dagbag.py:588} INFO - Filling up the DagBag from /home/airflow/.local/lib/python3.12/site-packages/airflow/example_dags/example_display_name.py
[2024-10-15T16:27:01.773+0000] {processor.py:925} INFO - DAG(s) 'example_display_name' retrieved from /home/airflow/.local/lib/python3.12/site-packages/airflow/example_dags/example_display_name.py
[2024-10-15T16:27:01.786+0000] {logging_mixin.py:190} INFO - [2024-10-15T16:27:01.786+0000] {dag.py:3239} INFO - Sync 1 DAGs
[2024-10-15T16:27:01.797+0000] {logging_mixin.py:190} INFO - [2024-10-15T16:27:01.797+0000] {dag.py:4180} INFO - Setting next_dagrun for example_display_name to None, run_after=None
[2024-10-15T16:27:01.812+0000] {processor.py:208} INFO - Processing /home/airflow/.local/lib/python3.12/site-packages/airflow/example_dags/example_display_name.py took 0.052 seconds
[2024-10-15T16:27:32.206+0000] {processor.py:186} INFO - Started process (PID=1516) to work on /home/airflow/.local/lib/python3.12/site-packages/airflow/example_dags/example_display_name.py
[2024-10-15T16:27:32.206+0000] {processor.py:914} INFO - Processing file /home/airflow/.local/lib/python3.12/site-packages/airflow/example_dags/example_display_name.py for tasks to queue
[2024-10-15T16:27:32.208+0000] {logging_mixin.py:190} INFO - [2024-10-15T16:27:32.208+0000] {dagbag.py:588} INFO - Filling up the DagBag from /home/airflow/.local/lib/python3.12/site-packages/airflow/example_dags/example_display_name.py
[2024-10-15T16:27:32.213+0000] {processor.py:925} INFO - DAG(s) 'example_display_name' retrieved from /home/airflow/.local/lib/python3.12/site-packages/airflow/example_dags/example_display_name.py
[2024-10-15T16:27:32.228+0000] {logging_mixin.py:190} INFO - [2024-10-15T16:27:32.228+0000] {dag.py:3239} INFO - Sync 1 DAGs
[2024-10-15T16:27:32.238+0000] {logging_mixin.py:190} INFO - [2024-10-15T16:27:32.238+0000] {dag.py:4180} INFO - Setting next_dagrun for example_display_name to None, run_after=None
[2024-10-15T16:27:32.256+0000] {processor.py:208} INFO - Processing /home/airflow/.local/lib/python3.12/site-packages/airflow/example_dags/example_display_name.py took 0.055 seconds
[2024-10-15T16:28:02.306+0000] {processor.py:186} INFO - Started process (PID=1578) to work on /home/airflow/.local/lib/python3.12/site-packages/airflow/example_dags/example_display_name.py
[2024-10-15T16:28:02.307+0000] {processor.py:914} INFO - Processing file /home/airflow/.local/lib/python3.12/site-packages/airflow/example_dags/example_display_name.py for tasks to queue
[2024-10-15T16:28:02.309+0000] {logging_mixin.py:190} INFO - [2024-10-15T16:28:02.309+0000] {dagbag.py:588} INFO - Filling up the DagBag from /home/airflow/.local/lib/python3.12/site-packages/airflow/example_dags/example_display_name.py
[2024-10-15T16:28:02.316+0000] {processor.py:925} INFO - DAG(s) 'example_display_name' retrieved from /home/airflow/.local/lib/python3.12/site-packages/airflow/example_dags/example_display_name.py
[2024-10-15T16:28:02.331+0000] {logging_mixin.py:190} INFO - [2024-10-15T16:28:02.330+0000] {dag.py:3239} INFO - Sync 1 DAGs
[2024-10-15T16:28:02.341+0000] {logging_mixin.py:190} INFO - [2024-10-15T16:28:02.341+0000] {dag.py:4180} INFO - Setting next_dagrun for example_display_name to None, run_after=None
[2024-10-15T16:28:02.398+0000] {processor.py:208} INFO - Processing /home/airflow/.local/lib/python3.12/site-packages/airflow/example_dags/example_display_name.py took 0.097 seconds
[2024-10-15T16:28:32.912+0000] {processor.py:186} INFO - Started process (PID=1640) to work on /home/airflow/.local/lib/python3.12/site-packages/airflow/example_dags/example_display_name.py
[2024-10-15T16:28:32.913+0000] {processor.py:914} INFO - Processing file /home/airflow/.local/lib/python3.12/site-packages/airflow/example_dags/example_display_name.py for tasks to queue
[2024-10-15T16:28:32.914+0000] {logging_mixin.py:190} INFO - [2024-10-15T16:28:32.914+0000] {dagbag.py:588} INFO - Filling up the DagBag from /home/airflow/.local/lib/python3.12/site-packages/airflow/example_dags/example_display_name.py
[2024-10-15T16:28:32.920+0000] {processor.py:925} INFO - DAG(s) 'example_display_name' retrieved from /home/airflow/.local/lib/python3.12/site-packages/airflow/example_dags/example_display_name.py
[2024-10-15T16:28:32.933+0000] {logging_mixin.py:190} INFO - [2024-10-15T16:28:32.933+0000] {dag.py:3239} INFO - Sync 1 DAGs
[2024-10-15T16:28:32.944+0000] {logging_mixin.py:190} INFO - [2024-10-15T16:28:32.944+0000] {dag.py:4180} INFO - Setting next_dagrun for example_display_name to None, run_after=None
[2024-10-15T16:28:32.956+0000] {processor.py:208} INFO - Processing /home/airflow/.local/lib/python3.12/site-packages/airflow/example_dags/example_display_name.py took 0.049 seconds
[2024-10-15T16:29:04.029+0000] {processor.py:186} INFO - Started process (PID=1702) to work on /home/airflow/.local/lib/python3.12/site-packages/airflow/example_dags/example_display_name.py
[2024-10-15T16:29:04.030+0000] {processor.py:914} INFO - Processing file /home/airflow/.local/lib/python3.12/site-packages/airflow/example_dags/example_display_name.py for tasks to queue
[2024-10-15T16:29:04.032+0000] {logging_mixin.py:190} INFO - [2024-10-15T16:29:04.032+0000] {dagbag.py:588} INFO - Filling up the DagBag from /home/airflow/.local/lib/python3.12/site-packages/airflow/example_dags/example_display_name.py
[2024-10-15T16:29:04.038+0000] {processor.py:925} INFO - DAG(s) 'example_display_name' retrieved from /home/airflow/.local/lib/python3.12/site-packages/airflow/example_dags/example_display_name.py
[2024-10-15T16:29:04.052+0000] {logging_mixin.py:190} INFO - [2024-10-15T16:29:04.052+0000] {dag.py:3239} INFO - Sync 1 DAGs
[2024-10-15T16:29:04.062+0000] {logging_mixin.py:190} INFO - [2024-10-15T16:29:04.062+0000] {dag.py:4180} INFO - Setting next_dagrun for example_display_name to None, run_after=None
[2024-10-15T16:29:04.076+0000] {processor.py:208} INFO - Processing /home/airflow/.local/lib/python3.12/site-packages/airflow/example_dags/example_display_name.py took 0.052 seconds
[2024-10-15T16:29:34.267+0000] {processor.py:186} INFO - Started process (PID=1764) to work on /home/airflow/.local/lib/python3.12/site-packages/airflow/example_dags/example_display_name.py
[2024-10-15T16:29:34.268+0000] {processor.py:914} INFO - Processing file /home/airflow/.local/lib/python3.12/site-packages/airflow/example_dags/example_display_name.py for tasks to queue
[2024-10-15T16:29:34.270+0000] {logging_mixin.py:190} INFO - [2024-10-15T16:29:34.269+0000] {dagbag.py:588} INFO - Filling up the DagBag from /home/airflow/.local/lib/python3.12/site-packages/airflow/example_dags/example_display_name.py
[2024-10-15T16:29:34.275+0000] {processor.py:925} INFO - DAG(s) 'example_display_name' retrieved from /home/airflow/.local/lib/python3.12/site-packages/airflow/example_dags/example_display_name.py
[2024-10-15T16:29:34.288+0000] {logging_mixin.py:190} INFO - [2024-10-15T16:29:34.287+0000] {dag.py:3239} INFO - Sync 1 DAGs
[2024-10-15T16:29:34.297+0000] {logging_mixin.py:190} INFO - [2024-10-15T16:29:34.297+0000] {dag.py:4180} INFO - Setting next_dagrun for example_display_name to None, run_after=None
[2024-10-15T16:29:34.318+0000] {processor.py:208} INFO - Processing /home/airflow/.local/lib/python3.12/site-packages/airflow/example_dags/example_display_name.py took 0.055 seconds
