[2024-10-15T16:15:44.071+0000] {processor.py:186} INFO - Started process (PID=71) to work on /home/airflow/.local/lib/python3.12/site-packages/airflow/example_dags/example_python_decorator.py
[2024-10-15T16:15:44.072+0000] {processor.py:914} INFO - Processing file /home/airflow/.local/lib/python3.12/site-packages/airflow/example_dags/example_python_decorator.py for tasks to queue
[2024-10-15T16:15:44.073+0000] {logging_mixin.py:190} INFO - [2024-10-15T16:15:44.073+0000] {dagbag.py:588} INFO - Filling up the DagBag from /home/airflow/.local/lib/python3.12/site-packages/airflow/example_dags/example_python_decorator.py
[2024-10-15T16:15:44.084+0000] {processor.py:925} INFO - DAG(s) 'example_python_decorator' retrieved from /home/airflow/.local/lib/python3.12/site-packages/airflow/example_dags/example_python_decorator.py
[2024-10-15T16:15:44.165+0000] {logging_mixin.py:190} INFO - [2024-10-15T16:15:44.164+0000] {override.py:1900} INFO - Created Permission View: can read on DAG:example_python_decorator
[2024-10-15T16:15:44.173+0000] {logging_mixin.py:190} INFO - [2024-10-15T16:15:44.172+0000] {override.py:1900} INFO - Created Permission View: can delete on DAG:example_python_decorator
[2024-10-15T16:15:44.178+0000] {logging_mixin.py:190} INFO - [2024-10-15T16:15:44.178+0000] {override.py:1900} INFO - Created Permission View: can edit on DAG:example_python_decorator
[2024-10-15T16:15:44.185+0000] {logging_mixin.py:190} INFO - [2024-10-15T16:15:44.184+0000] {override.py:1900} INFO - Created Permission View: can read on DAG Run:example_python_decorator
[2024-10-15T16:15:44.190+0000] {logging_mixin.py:190} INFO - [2024-10-15T16:15:44.190+0000] {override.py:1900} INFO - Created Permission View: can create on DAG Run:example_python_decorator
[2024-10-15T16:15:44.196+0000] {logging_mixin.py:190} INFO - [2024-10-15T16:15:44.195+0000] {override.py:1900} INFO - Created Permission View: menu access on DAG Run:example_python_decorator
[2024-10-15T16:15:44.201+0000] {logging_mixin.py:190} INFO - [2024-10-15T16:15:44.201+0000] {override.py:1900} INFO - Created Permission View: can delete on DAG Run:example_python_decorator
[2024-10-15T16:15:44.202+0000] {logging_mixin.py:190} INFO - [2024-10-15T16:15:44.201+0000] {dag.py:3239} INFO - Sync 1 DAGs
[2024-10-15T16:15:44.211+0000] {logging_mixin.py:190} INFO - [2024-10-15T16:15:44.211+0000] {dag.py:3262} INFO - Creating ORM DAG for example_python_decorator
[2024-10-15T16:15:44.211+0000] {logging_mixin.py:190} INFO - [2024-10-15T16:15:44.211+0000] {dag.py:4180} INFO - Setting next_dagrun for example_python_decorator to None, run_after=None
[2024-10-15T16:15:44.224+0000] {processor.py:208} INFO - Processing /home/airflow/.local/lib/python3.12/site-packages/airflow/example_dags/example_python_decorator.py took 0.157 seconds
[2024-10-15T16:16:14.836+0000] {processor.py:186} INFO - Started process (PID=133) to work on /home/airflow/.local/lib/python3.12/site-packages/airflow/example_dags/example_python_decorator.py
[2024-10-15T16:16:14.836+0000] {processor.py:914} INFO - Processing file /home/airflow/.local/lib/python3.12/site-packages/airflow/example_dags/example_python_decorator.py for tasks to queue
[2024-10-15T16:16:14.838+0000] {logging_mixin.py:190} INFO - [2024-10-15T16:16:14.838+0000] {dagbag.py:588} INFO - Filling up the DagBag from /home/airflow/.local/lib/python3.12/site-packages/airflow/example_dags/example_python_decorator.py
[2024-10-15T16:16:14.847+0000] {processor.py:925} INFO - DAG(s) 'example_python_decorator' retrieved from /home/airflow/.local/lib/python3.12/site-packages/airflow/example_dags/example_python_decorator.py
[2024-10-15T16:16:14.860+0000] {logging_mixin.py:190} INFO - [2024-10-15T16:16:14.860+0000] {dag.py:3239} INFO - Sync 1 DAGs
[2024-10-15T16:16:14.868+0000] {logging_mixin.py:190} INFO - [2024-10-15T16:16:14.868+0000] {dag.py:4180} INFO - Setting next_dagrun for example_python_decorator to None, run_after=None
[2024-10-15T16:16:14.883+0000] {processor.py:208} INFO - Processing /home/airflow/.local/lib/python3.12/site-packages/airflow/example_dags/example_python_decorator.py took 0.051 seconds
[2024-10-15T16:16:45.746+0000] {processor.py:186} INFO - Started process (PID=195) to work on /home/airflow/.local/lib/python3.12/site-packages/airflow/example_dags/example_python_decorator.py
[2024-10-15T16:16:45.747+0000] {processor.py:914} INFO - Processing file /home/airflow/.local/lib/python3.12/site-packages/airflow/example_dags/example_python_decorator.py for tasks to queue
[2024-10-15T16:16:45.749+0000] {logging_mixin.py:190} INFO - [2024-10-15T16:16:45.749+0000] {dagbag.py:588} INFO - Filling up the DagBag from /home/airflow/.local/lib/python3.12/site-packages/airflow/example_dags/example_python_decorator.py
[2024-10-15T16:16:45.760+0000] {processor.py:925} INFO - DAG(s) 'example_python_decorator' retrieved from /home/airflow/.local/lib/python3.12/site-packages/airflow/example_dags/example_python_decorator.py
[2024-10-15T16:16:45.779+0000] {logging_mixin.py:190} INFO - [2024-10-15T16:16:45.778+0000] {dag.py:3239} INFO - Sync 1 DAGs
[2024-10-15T16:16:45.789+0000] {logging_mixin.py:190} INFO - [2024-10-15T16:16:45.789+0000] {dag.py:4180} INFO - Setting next_dagrun for example_python_decorator to None, run_after=None
[2024-10-15T16:16:45.806+0000] {processor.py:208} INFO - Processing /home/airflow/.local/lib/python3.12/site-packages/airflow/example_dags/example_python_decorator.py took 0.065 seconds
[2024-10-15T16:17:16.468+0000] {processor.py:186} INFO - Started process (PID=263) to work on /home/airflow/.local/lib/python3.12/site-packages/airflow/example_dags/example_python_decorator.py
[2024-10-15T16:17:16.469+0000] {processor.py:914} INFO - Processing file /home/airflow/.local/lib/python3.12/site-packages/airflow/example_dags/example_python_decorator.py for tasks to queue
[2024-10-15T16:17:16.470+0000] {logging_mixin.py:190} INFO - [2024-10-15T16:17:16.470+0000] {dagbag.py:588} INFO - Filling up the DagBag from /home/airflow/.local/lib/python3.12/site-packages/airflow/example_dags/example_python_decorator.py
[2024-10-15T16:17:16.480+0000] {processor.py:925} INFO - DAG(s) 'example_python_decorator' retrieved from /home/airflow/.local/lib/python3.12/site-packages/airflow/example_dags/example_python_decorator.py
[2024-10-15T16:17:16.495+0000] {logging_mixin.py:190} INFO - [2024-10-15T16:17:16.495+0000] {dag.py:3239} INFO - Sync 1 DAGs
[2024-10-15T16:17:16.504+0000] {logging_mixin.py:190} INFO - [2024-10-15T16:17:16.504+0000] {dag.py:4180} INFO - Setting next_dagrun for example_python_decorator to None, run_after=None
[2024-10-15T16:17:16.519+0000] {processor.py:208} INFO - Processing /home/airflow/.local/lib/python3.12/site-packages/airflow/example_dags/example_python_decorator.py took 0.055 seconds
[2024-10-15T16:17:47.345+0000] {processor.py:186} INFO - Started process (PID=325) to work on /home/airflow/.local/lib/python3.12/site-packages/airflow/example_dags/example_python_decorator.py
[2024-10-15T16:17:47.345+0000] {processor.py:914} INFO - Processing file /home/airflow/.local/lib/python3.12/site-packages/airflow/example_dags/example_python_decorator.py for tasks to queue
[2024-10-15T16:17:47.347+0000] {logging_mixin.py:190} INFO - [2024-10-15T16:17:47.347+0000] {dagbag.py:588} INFO - Filling up the DagBag from /home/airflow/.local/lib/python3.12/site-packages/airflow/example_dags/example_python_decorator.py
[2024-10-15T16:17:47.356+0000] {processor.py:925} INFO - DAG(s) 'example_python_decorator' retrieved from /home/airflow/.local/lib/python3.12/site-packages/airflow/example_dags/example_python_decorator.py
[2024-10-15T16:17:47.370+0000] {logging_mixin.py:190} INFO - [2024-10-15T16:17:47.370+0000] {dag.py:3239} INFO - Sync 1 DAGs
[2024-10-15T16:17:47.379+0000] {logging_mixin.py:190} INFO - [2024-10-15T16:17:47.379+0000] {dag.py:4180} INFO - Setting next_dagrun for example_python_decorator to None, run_after=None
[2024-10-15T16:17:47.397+0000] {processor.py:208} INFO - Processing /home/airflow/.local/lib/python3.12/site-packages/airflow/example_dags/example_python_decorator.py took 0.056 seconds
[2024-10-15T16:18:18.163+0000] {processor.py:186} INFO - Started process (PID=387) to work on /home/airflow/.local/lib/python3.12/site-packages/airflow/example_dags/example_python_decorator.py
[2024-10-15T16:18:18.164+0000] {processor.py:914} INFO - Processing file /home/airflow/.local/lib/python3.12/site-packages/airflow/example_dags/example_python_decorator.py for tasks to queue
[2024-10-15T16:18:18.166+0000] {logging_mixin.py:190} INFO - [2024-10-15T16:18:18.165+0000] {dagbag.py:588} INFO - Filling up the DagBag from /home/airflow/.local/lib/python3.12/site-packages/airflow/example_dags/example_python_decorator.py
[2024-10-15T16:18:18.178+0000] {processor.py:925} INFO - DAG(s) 'example_python_decorator' retrieved from /home/airflow/.local/lib/python3.12/site-packages/airflow/example_dags/example_python_decorator.py
[2024-10-15T16:18:18.196+0000] {logging_mixin.py:190} INFO - [2024-10-15T16:18:18.196+0000] {dag.py:3239} INFO - Sync 1 DAGs
[2024-10-15T16:18:18.209+0000] {logging_mixin.py:190} INFO - [2024-10-15T16:18:18.209+0000] {dag.py:4180} INFO - Setting next_dagrun for example_python_decorator to None, run_after=None
[2024-10-15T16:18:18.225+0000] {processor.py:208} INFO - Processing /home/airflow/.local/lib/python3.12/site-packages/airflow/example_dags/example_python_decorator.py took 0.066 seconds
[2024-10-15T16:18:48.430+0000] {processor.py:186} INFO - Started process (PID=449) to work on /home/airflow/.local/lib/python3.12/site-packages/airflow/example_dags/example_python_decorator.py
[2024-10-15T16:18:48.431+0000] {processor.py:914} INFO - Processing file /home/airflow/.local/lib/python3.12/site-packages/airflow/example_dags/example_python_decorator.py for tasks to queue
[2024-10-15T16:18:48.435+0000] {logging_mixin.py:190} INFO - [2024-10-15T16:18:48.434+0000] {dagbag.py:588} INFO - Filling up the DagBag from /home/airflow/.local/lib/python3.12/site-packages/airflow/example_dags/example_python_decorator.py
[2024-10-15T16:18:48.445+0000] {processor.py:925} INFO - DAG(s) 'example_python_decorator' retrieved from /home/airflow/.local/lib/python3.12/site-packages/airflow/example_dags/example_python_decorator.py
[2024-10-15T16:18:48.460+0000] {logging_mixin.py:190} INFO - [2024-10-15T16:18:48.460+0000] {dag.py:3239} INFO - Sync 1 DAGs
[2024-10-15T16:18:48.470+0000] {logging_mixin.py:190} INFO - [2024-10-15T16:18:48.470+0000] {dag.py:4180} INFO - Setting next_dagrun for example_python_decorator to None, run_after=None
[2024-10-15T16:18:48.485+0000] {processor.py:208} INFO - Processing /home/airflow/.local/lib/python3.12/site-packages/airflow/example_dags/example_python_decorator.py took 0.059 seconds
[2024-10-15T16:19:19.425+0000] {processor.py:186} INFO - Started process (PID=511) to work on /home/airflow/.local/lib/python3.12/site-packages/airflow/example_dags/example_python_decorator.py
[2024-10-15T16:19:19.426+0000] {processor.py:914} INFO - Processing file /home/airflow/.local/lib/python3.12/site-packages/airflow/example_dags/example_python_decorator.py for tasks to queue
[2024-10-15T16:19:19.427+0000] {logging_mixin.py:190} INFO - [2024-10-15T16:19:19.427+0000] {dagbag.py:588} INFO - Filling up the DagBag from /home/airflow/.local/lib/python3.12/site-packages/airflow/example_dags/example_python_decorator.py
[2024-10-15T16:19:19.438+0000] {processor.py:925} INFO - DAG(s) 'example_python_decorator' retrieved from /home/airflow/.local/lib/python3.12/site-packages/airflow/example_dags/example_python_decorator.py
[2024-10-15T16:19:19.461+0000] {logging_mixin.py:190} INFO - [2024-10-15T16:19:19.461+0000] {dag.py:3239} INFO - Sync 1 DAGs
[2024-10-15T16:19:19.471+0000] {logging_mixin.py:190} INFO - [2024-10-15T16:19:19.471+0000] {dag.py:4180} INFO - Setting next_dagrun for example_python_decorator to None, run_after=None
[2024-10-15T16:19:19.485+0000] {processor.py:208} INFO - Processing /home/airflow/.local/lib/python3.12/site-packages/airflow/example_dags/example_python_decorator.py took 0.064 seconds
[2024-10-15T16:19:50.408+0000] {processor.py:186} INFO - Started process (PID=573) to work on /home/airflow/.local/lib/python3.12/site-packages/airflow/example_dags/example_python_decorator.py
[2024-10-15T16:19:50.409+0000] {processor.py:914} INFO - Processing file /home/airflow/.local/lib/python3.12/site-packages/airflow/example_dags/example_python_decorator.py for tasks to queue
[2024-10-15T16:19:50.413+0000] {logging_mixin.py:190} INFO - [2024-10-15T16:19:50.412+0000] {dagbag.py:588} INFO - Filling up the DagBag from /home/airflow/.local/lib/python3.12/site-packages/airflow/example_dags/example_python_decorator.py
[2024-10-15T16:19:50.425+0000] {processor.py:925} INFO - DAG(s) 'example_python_decorator' retrieved from /home/airflow/.local/lib/python3.12/site-packages/airflow/example_dags/example_python_decorator.py
[2024-10-15T16:19:50.443+0000] {logging_mixin.py:190} INFO - [2024-10-15T16:19:50.443+0000] {dag.py:3239} INFO - Sync 1 DAGs
[2024-10-15T16:19:50.455+0000] {logging_mixin.py:190} INFO - [2024-10-15T16:19:50.455+0000] {dag.py:4180} INFO - Setting next_dagrun for example_python_decorator to None, run_after=None
[2024-10-15T16:19:50.479+0000] {processor.py:208} INFO - Processing /home/airflow/.local/lib/python3.12/site-packages/airflow/example_dags/example_python_decorator.py took 0.077 seconds
[2024-10-15T16:20:21.537+0000] {processor.py:186} INFO - Started process (PID=635) to work on /home/airflow/.local/lib/python3.12/site-packages/airflow/example_dags/example_python_decorator.py
[2024-10-15T16:20:21.538+0000] {processor.py:914} INFO - Processing file /home/airflow/.local/lib/python3.12/site-packages/airflow/example_dags/example_python_decorator.py for tasks to queue
[2024-10-15T16:20:21.540+0000] {logging_mixin.py:190} INFO - [2024-10-15T16:20:21.540+0000] {dagbag.py:588} INFO - Filling up the DagBag from /home/airflow/.local/lib/python3.12/site-packages/airflow/example_dags/example_python_decorator.py
[2024-10-15T16:20:21.553+0000] {processor.py:925} INFO - DAG(s) 'example_python_decorator' retrieved from /home/airflow/.local/lib/python3.12/site-packages/airflow/example_dags/example_python_decorator.py
[2024-10-15T16:20:21.572+0000] {logging_mixin.py:190} INFO - [2024-10-15T16:20:21.572+0000] {dag.py:3239} INFO - Sync 1 DAGs
[2024-10-15T16:20:21.584+0000] {logging_mixin.py:190} INFO - [2024-10-15T16:20:21.583+0000] {dag.py:4180} INFO - Setting next_dagrun for example_python_decorator to None, run_after=None
[2024-10-15T16:20:21.600+0000] {processor.py:208} INFO - Processing /home/airflow/.local/lib/python3.12/site-packages/airflow/example_dags/example_python_decorator.py took 0.068 seconds
[2024-10-15T16:20:52.468+0000] {processor.py:186} INFO - Started process (PID=697) to work on /home/airflow/.local/lib/python3.12/site-packages/airflow/example_dags/example_python_decorator.py
[2024-10-15T16:20:52.469+0000] {processor.py:914} INFO - Processing file /home/airflow/.local/lib/python3.12/site-packages/airflow/example_dags/example_python_decorator.py for tasks to queue
[2024-10-15T16:20:52.471+0000] {logging_mixin.py:190} INFO - [2024-10-15T16:20:52.471+0000] {dagbag.py:588} INFO - Filling up the DagBag from /home/airflow/.local/lib/python3.12/site-packages/airflow/example_dags/example_python_decorator.py
[2024-10-15T16:20:52.481+0000] {processor.py:925} INFO - DAG(s) 'example_python_decorator' retrieved from /home/airflow/.local/lib/python3.12/site-packages/airflow/example_dags/example_python_decorator.py
[2024-10-15T16:20:52.503+0000] {logging_mixin.py:190} INFO - [2024-10-15T16:20:52.503+0000] {dag.py:3239} INFO - Sync 1 DAGs
[2024-10-15T16:20:52.516+0000] {logging_mixin.py:190} INFO - [2024-10-15T16:20:52.516+0000] {dag.py:4180} INFO - Setting next_dagrun for example_python_decorator to None, run_after=None
[2024-10-15T16:20:52.533+0000] {processor.py:208} INFO - Processing /home/airflow/.local/lib/python3.12/site-packages/airflow/example_dags/example_python_decorator.py took 0.069 seconds
[2024-10-15T16:21:23.433+0000] {processor.py:186} INFO - Started process (PID=759) to work on /home/airflow/.local/lib/python3.12/site-packages/airflow/example_dags/example_python_decorator.py
[2024-10-15T16:21:23.434+0000] {processor.py:914} INFO - Processing file /home/airflow/.local/lib/python3.12/site-packages/airflow/example_dags/example_python_decorator.py for tasks to queue
[2024-10-15T16:21:23.436+0000] {logging_mixin.py:190} INFO - [2024-10-15T16:21:23.436+0000] {dagbag.py:588} INFO - Filling up the DagBag from /home/airflow/.local/lib/python3.12/site-packages/airflow/example_dags/example_python_decorator.py
[2024-10-15T16:21:23.451+0000] {processor.py:925} INFO - DAG(s) 'example_python_decorator' retrieved from /home/airflow/.local/lib/python3.12/site-packages/airflow/example_dags/example_python_decorator.py
[2024-10-15T16:21:23.470+0000] {logging_mixin.py:190} INFO - [2024-10-15T16:21:23.469+0000] {dag.py:3239} INFO - Sync 1 DAGs
[2024-10-15T16:21:23.482+0000] {logging_mixin.py:190} INFO - [2024-10-15T16:21:23.482+0000] {dag.py:4180} INFO - Setting next_dagrun for example_python_decorator to None, run_after=None
[2024-10-15T16:21:23.500+0000] {processor.py:208} INFO - Processing /home/airflow/.local/lib/python3.12/site-packages/airflow/example_dags/example_python_decorator.py took 0.075 seconds
[2024-10-15T16:21:54.383+0000] {processor.py:186} INFO - Started process (PID=821) to work on /home/airflow/.local/lib/python3.12/site-packages/airflow/example_dags/example_python_decorator.py
[2024-10-15T16:21:54.384+0000] {processor.py:914} INFO - Processing file /home/airflow/.local/lib/python3.12/site-packages/airflow/example_dags/example_python_decorator.py for tasks to queue
[2024-10-15T16:21:54.385+0000] {logging_mixin.py:190} INFO - [2024-10-15T16:21:54.385+0000] {dagbag.py:588} INFO - Filling up the DagBag from /home/airflow/.local/lib/python3.12/site-packages/airflow/example_dags/example_python_decorator.py
[2024-10-15T16:21:54.395+0000] {processor.py:925} INFO - DAG(s) 'example_python_decorator' retrieved from /home/airflow/.local/lib/python3.12/site-packages/airflow/example_dags/example_python_decorator.py
[2024-10-15T16:21:54.412+0000] {logging_mixin.py:190} INFO - [2024-10-15T16:21:54.411+0000] {dag.py:3239} INFO - Sync 1 DAGs
[2024-10-15T16:21:54.422+0000] {logging_mixin.py:190} INFO - [2024-10-15T16:21:54.422+0000] {dag.py:4180} INFO - Setting next_dagrun for example_python_decorator to None, run_after=None
[2024-10-15T16:21:54.437+0000] {processor.py:208} INFO - Processing /home/airflow/.local/lib/python3.12/site-packages/airflow/example_dags/example_python_decorator.py took 0.059 seconds
[2024-10-15T16:22:24.693+0000] {processor.py:186} INFO - Started process (PID=883) to work on /home/airflow/.local/lib/python3.12/site-packages/airflow/example_dags/example_python_decorator.py
[2024-10-15T16:22:24.694+0000] {processor.py:914} INFO - Processing file /home/airflow/.local/lib/python3.12/site-packages/airflow/example_dags/example_python_decorator.py for tasks to queue
[2024-10-15T16:22:24.696+0000] {logging_mixin.py:190} INFO - [2024-10-15T16:22:24.695+0000] {dagbag.py:588} INFO - Filling up the DagBag from /home/airflow/.local/lib/python3.12/site-packages/airflow/example_dags/example_python_decorator.py
[2024-10-15T16:22:24.706+0000] {processor.py:925} INFO - DAG(s) 'example_python_decorator' retrieved from /home/airflow/.local/lib/python3.12/site-packages/airflow/example_dags/example_python_decorator.py
[2024-10-15T16:22:24.722+0000] {logging_mixin.py:190} INFO - [2024-10-15T16:22:24.722+0000] {dag.py:3239} INFO - Sync 1 DAGs
[2024-10-15T16:22:24.733+0000] {logging_mixin.py:190} INFO - [2024-10-15T16:22:24.733+0000] {dag.py:4180} INFO - Setting next_dagrun for example_python_decorator to None, run_after=None
[2024-10-15T16:22:24.746+0000] {processor.py:208} INFO - Processing /home/airflow/.local/lib/python3.12/site-packages/airflow/example_dags/example_python_decorator.py took 0.057 seconds
[2024-10-15T16:22:55.713+0000] {processor.py:186} INFO - Started process (PID=945) to work on /home/airflow/.local/lib/python3.12/site-packages/airflow/example_dags/example_python_decorator.py
[2024-10-15T16:22:55.714+0000] {processor.py:914} INFO - Processing file /home/airflow/.local/lib/python3.12/site-packages/airflow/example_dags/example_python_decorator.py for tasks to queue
[2024-10-15T16:22:55.716+0000] {logging_mixin.py:190} INFO - [2024-10-15T16:22:55.715+0000] {dagbag.py:588} INFO - Filling up the DagBag from /home/airflow/.local/lib/python3.12/site-packages/airflow/example_dags/example_python_decorator.py
[2024-10-15T16:22:55.727+0000] {processor.py:925} INFO - DAG(s) 'example_python_decorator' retrieved from /home/airflow/.local/lib/python3.12/site-packages/airflow/example_dags/example_python_decorator.py
[2024-10-15T16:22:55.742+0000] {logging_mixin.py:190} INFO - [2024-10-15T16:22:55.742+0000] {dag.py:3239} INFO - Sync 1 DAGs
[2024-10-15T16:22:55.753+0000] {logging_mixin.py:190} INFO - [2024-10-15T16:22:55.753+0000] {dag.py:4180} INFO - Setting next_dagrun for example_python_decorator to None, run_after=None
[2024-10-15T16:22:55.773+0000] {processor.py:208} INFO - Processing /home/airflow/.local/lib/python3.12/site-packages/airflow/example_dags/example_python_decorator.py took 0.064 seconds
[2024-10-15T16:23:26.684+0000] {processor.py:186} INFO - Started process (PID=1007) to work on /home/airflow/.local/lib/python3.12/site-packages/airflow/example_dags/example_python_decorator.py
[2024-10-15T16:23:26.685+0000] {processor.py:914} INFO - Processing file /home/airflow/.local/lib/python3.12/site-packages/airflow/example_dags/example_python_decorator.py for tasks to queue
[2024-10-15T16:23:26.686+0000] {logging_mixin.py:190} INFO - [2024-10-15T16:23:26.686+0000] {dagbag.py:588} INFO - Filling up the DagBag from /home/airflow/.local/lib/python3.12/site-packages/airflow/example_dags/example_python_decorator.py
[2024-10-15T16:23:26.698+0000] {processor.py:925} INFO - DAG(s) 'example_python_decorator' retrieved from /home/airflow/.local/lib/python3.12/site-packages/airflow/example_dags/example_python_decorator.py
[2024-10-15T16:23:26.714+0000] {logging_mixin.py:190} INFO - [2024-10-15T16:23:26.714+0000] {dag.py:3239} INFO - Sync 1 DAGs
[2024-10-15T16:23:26.725+0000] {logging_mixin.py:190} INFO - [2024-10-15T16:23:26.725+0000] {dag.py:4180} INFO - Setting next_dagrun for example_python_decorator to None, run_after=None
[2024-10-15T16:23:26.741+0000] {processor.py:208} INFO - Processing /home/airflow/.local/lib/python3.12/site-packages/airflow/example_dags/example_python_decorator.py took 0.061 seconds
[2024-10-15T16:23:56.935+0000] {processor.py:186} INFO - Started process (PID=1069) to work on /home/airflow/.local/lib/python3.12/site-packages/airflow/example_dags/example_python_decorator.py
[2024-10-15T16:23:56.935+0000] {processor.py:914} INFO - Processing file /home/airflow/.local/lib/python3.12/site-packages/airflow/example_dags/example_python_decorator.py for tasks to queue
[2024-10-15T16:23:56.937+0000] {logging_mixin.py:190} INFO - [2024-10-15T16:23:56.937+0000] {dagbag.py:588} INFO - Filling up the DagBag from /home/airflow/.local/lib/python3.12/site-packages/airflow/example_dags/example_python_decorator.py
[2024-10-15T16:23:56.947+0000] {processor.py:925} INFO - DAG(s) 'example_python_decorator' retrieved from /home/airflow/.local/lib/python3.12/site-packages/airflow/example_dags/example_python_decorator.py
[2024-10-15T16:23:56.963+0000] {logging_mixin.py:190} INFO - [2024-10-15T16:23:56.963+0000] {dag.py:3239} INFO - Sync 1 DAGs
[2024-10-15T16:23:56.975+0000] {logging_mixin.py:190} INFO - [2024-10-15T16:23:56.974+0000] {dag.py:4180} INFO - Setting next_dagrun for example_python_decorator to None, run_after=None
[2024-10-15T16:23:56.990+0000] {processor.py:208} INFO - Processing /home/airflow/.local/lib/python3.12/site-packages/airflow/example_dags/example_python_decorator.py took 0.062 seconds
[2024-10-15T16:24:27.215+0000] {processor.py:186} INFO - Started process (PID=1131) to work on /home/airflow/.local/lib/python3.12/site-packages/airflow/example_dags/example_python_decorator.py
[2024-10-15T16:24:27.216+0000] {processor.py:914} INFO - Processing file /home/airflow/.local/lib/python3.12/site-packages/airflow/example_dags/example_python_decorator.py for tasks to queue
[2024-10-15T16:24:27.217+0000] {logging_mixin.py:190} INFO - [2024-10-15T16:24:27.217+0000] {dagbag.py:588} INFO - Filling up the DagBag from /home/airflow/.local/lib/python3.12/site-packages/airflow/example_dags/example_python_decorator.py
[2024-10-15T16:24:27.228+0000] {processor.py:925} INFO - DAG(s) 'example_python_decorator' retrieved from /home/airflow/.local/lib/python3.12/site-packages/airflow/example_dags/example_python_decorator.py
[2024-10-15T16:24:27.245+0000] {logging_mixin.py:190} INFO - [2024-10-15T16:24:27.245+0000] {dag.py:3239} INFO - Sync 1 DAGs
[2024-10-15T16:24:27.256+0000] {logging_mixin.py:190} INFO - [2024-10-15T16:24:27.256+0000] {dag.py:4180} INFO - Setting next_dagrun for example_python_decorator to None, run_after=None
[2024-10-15T16:24:27.270+0000] {processor.py:208} INFO - Processing /home/airflow/.local/lib/python3.12/site-packages/airflow/example_dags/example_python_decorator.py took 0.060 seconds
[2024-10-15T16:24:58.048+0000] {processor.py:186} INFO - Started process (PID=1193) to work on /home/airflow/.local/lib/python3.12/site-packages/airflow/example_dags/example_python_decorator.py
[2024-10-15T16:24:58.048+0000] {processor.py:914} INFO - Processing file /home/airflow/.local/lib/python3.12/site-packages/airflow/example_dags/example_python_decorator.py for tasks to queue
[2024-10-15T16:24:58.050+0000] {logging_mixin.py:190} INFO - [2024-10-15T16:24:58.050+0000] {dagbag.py:588} INFO - Filling up the DagBag from /home/airflow/.local/lib/python3.12/site-packages/airflow/example_dags/example_python_decorator.py
[2024-10-15T16:24:58.060+0000] {processor.py:925} INFO - DAG(s) 'example_python_decorator' retrieved from /home/airflow/.local/lib/python3.12/site-packages/airflow/example_dags/example_python_decorator.py
[2024-10-15T16:24:58.075+0000] {logging_mixin.py:190} INFO - [2024-10-15T16:24:58.075+0000] {dag.py:3239} INFO - Sync 1 DAGs
[2024-10-15T16:24:58.086+0000] {logging_mixin.py:190} INFO - [2024-10-15T16:24:58.086+0000] {dag.py:4180} INFO - Setting next_dagrun for example_python_decorator to None, run_after=None
[2024-10-15T16:24:58.099+0000] {processor.py:208} INFO - Processing /home/airflow/.local/lib/python3.12/site-packages/airflow/example_dags/example_python_decorator.py took 0.056 seconds
[2024-10-15T16:25:28.704+0000] {processor.py:186} INFO - Started process (PID=1255) to work on /home/airflow/.local/lib/python3.12/site-packages/airflow/example_dags/example_python_decorator.py
[2024-10-15T16:25:28.705+0000] {processor.py:914} INFO - Processing file /home/airflow/.local/lib/python3.12/site-packages/airflow/example_dags/example_python_decorator.py for tasks to queue
[2024-10-15T16:25:28.707+0000] {logging_mixin.py:190} INFO - [2024-10-15T16:25:28.707+0000] {dagbag.py:588} INFO - Filling up the DagBag from /home/airflow/.local/lib/python3.12/site-packages/airflow/example_dags/example_python_decorator.py
[2024-10-15T16:25:28.717+0000] {processor.py:925} INFO - DAG(s) 'example_python_decorator' retrieved from /home/airflow/.local/lib/python3.12/site-packages/airflow/example_dags/example_python_decorator.py
[2024-10-15T16:25:28.732+0000] {logging_mixin.py:190} INFO - [2024-10-15T16:25:28.732+0000] {dag.py:3239} INFO - Sync 1 DAGs
[2024-10-15T16:25:28.742+0000] {logging_mixin.py:190} INFO - [2024-10-15T16:25:28.742+0000] {dag.py:4180} INFO - Setting next_dagrun for example_python_decorator to None, run_after=None
[2024-10-15T16:25:28.754+0000] {processor.py:208} INFO - Processing /home/airflow/.local/lib/python3.12/site-packages/airflow/example_dags/example_python_decorator.py took 0.054 seconds
[2024-10-15T16:25:59.484+0000] {processor.py:186} INFO - Started process (PID=1317) to work on /home/airflow/.local/lib/python3.12/site-packages/airflow/example_dags/example_python_decorator.py
[2024-10-15T16:25:59.485+0000] {processor.py:914} INFO - Processing file /home/airflow/.local/lib/python3.12/site-packages/airflow/example_dags/example_python_decorator.py for tasks to queue
[2024-10-15T16:25:59.487+0000] {logging_mixin.py:190} INFO - [2024-10-15T16:25:59.487+0000] {dagbag.py:588} INFO - Filling up the DagBag from /home/airflow/.local/lib/python3.12/site-packages/airflow/example_dags/example_python_decorator.py
[2024-10-15T16:25:59.497+0000] {processor.py:925} INFO - DAG(s) 'example_python_decorator' retrieved from /home/airflow/.local/lib/python3.12/site-packages/airflow/example_dags/example_python_decorator.py
[2024-10-15T16:25:59.513+0000] {logging_mixin.py:190} INFO - [2024-10-15T16:25:59.512+0000] {dag.py:3239} INFO - Sync 1 DAGs
[2024-10-15T16:25:59.523+0000] {logging_mixin.py:190} INFO - [2024-10-15T16:25:59.522+0000] {dag.py:4180} INFO - Setting next_dagrun for example_python_decorator to None, run_after=None
[2024-10-15T16:25:59.535+0000] {processor.py:208} INFO - Processing /home/airflow/.local/lib/python3.12/site-packages/airflow/example_dags/example_python_decorator.py took 0.054 seconds
[2024-10-15T16:26:30.196+0000] {processor.py:186} INFO - Started process (PID=1379) to work on /home/airflow/.local/lib/python3.12/site-packages/airflow/example_dags/example_python_decorator.py
[2024-10-15T16:26:30.196+0000] {processor.py:914} INFO - Processing file /home/airflow/.local/lib/python3.12/site-packages/airflow/example_dags/example_python_decorator.py for tasks to queue
[2024-10-15T16:26:30.198+0000] {logging_mixin.py:190} INFO - [2024-10-15T16:26:30.198+0000] {dagbag.py:588} INFO - Filling up the DagBag from /home/airflow/.local/lib/python3.12/site-packages/airflow/example_dags/example_python_decorator.py
[2024-10-15T16:26:30.209+0000] {processor.py:925} INFO - DAG(s) 'example_python_decorator' retrieved from /home/airflow/.local/lib/python3.12/site-packages/airflow/example_dags/example_python_decorator.py
[2024-10-15T16:26:30.223+0000] {logging_mixin.py:190} INFO - [2024-10-15T16:26:30.223+0000] {dag.py:3239} INFO - Sync 1 DAGs
[2024-10-15T16:26:30.234+0000] {logging_mixin.py:190} INFO - [2024-10-15T16:26:30.234+0000] {dag.py:4180} INFO - Setting next_dagrun for example_python_decorator to None, run_after=None
[2024-10-15T16:26:30.251+0000] {processor.py:208} INFO - Processing /home/airflow/.local/lib/python3.12/site-packages/airflow/example_dags/example_python_decorator.py took 0.061 seconds
[2024-10-15T16:27:01.163+0000] {processor.py:186} INFO - Started process (PID=1441) to work on /home/airflow/.local/lib/python3.12/site-packages/airflow/example_dags/example_python_decorator.py
[2024-10-15T16:27:01.164+0000] {processor.py:914} INFO - Processing file /home/airflow/.local/lib/python3.12/site-packages/airflow/example_dags/example_python_decorator.py for tasks to queue
[2024-10-15T16:27:01.166+0000] {logging_mixin.py:190} INFO - [2024-10-15T16:27:01.166+0000] {dagbag.py:588} INFO - Filling up the DagBag from /home/airflow/.local/lib/python3.12/site-packages/airflow/example_dags/example_python_decorator.py
[2024-10-15T16:27:01.178+0000] {processor.py:925} INFO - DAG(s) 'example_python_decorator' retrieved from /home/airflow/.local/lib/python3.12/site-packages/airflow/example_dags/example_python_decorator.py
[2024-10-15T16:27:01.194+0000] {logging_mixin.py:190} INFO - [2024-10-15T16:27:01.194+0000] {dag.py:3239} INFO - Sync 1 DAGs
[2024-10-15T16:27:01.206+0000] {logging_mixin.py:190} INFO - [2024-10-15T16:27:01.206+0000] {dag.py:4180} INFO - Setting next_dagrun for example_python_decorator to None, run_after=None
[2024-10-15T16:27:01.221+0000] {processor.py:208} INFO - Processing /home/airflow/.local/lib/python3.12/site-packages/airflow/example_dags/example_python_decorator.py took 0.062 seconds
[2024-10-15T16:27:31.497+0000] {processor.py:186} INFO - Started process (PID=1503) to work on /home/airflow/.local/lib/python3.12/site-packages/airflow/example_dags/example_python_decorator.py
[2024-10-15T16:27:31.498+0000] {processor.py:914} INFO - Processing file /home/airflow/.local/lib/python3.12/site-packages/airflow/example_dags/example_python_decorator.py for tasks to queue
[2024-10-15T16:27:31.499+0000] {logging_mixin.py:190} INFO - [2024-10-15T16:27:31.499+0000] {dagbag.py:588} INFO - Filling up the DagBag from /home/airflow/.local/lib/python3.12/site-packages/airflow/example_dags/example_python_decorator.py
[2024-10-15T16:27:31.510+0000] {processor.py:925} INFO - DAG(s) 'example_python_decorator' retrieved from /home/airflow/.local/lib/python3.12/site-packages/airflow/example_dags/example_python_decorator.py
[2024-10-15T16:27:31.529+0000] {logging_mixin.py:190} INFO - [2024-10-15T16:27:31.529+0000] {dag.py:3239} INFO - Sync 1 DAGs
[2024-10-15T16:27:31.540+0000] {logging_mixin.py:190} INFO - [2024-10-15T16:27:31.540+0000] {dag.py:4180} INFO - Setting next_dagrun for example_python_decorator to None, run_after=None
[2024-10-15T16:27:31.556+0000] {processor.py:208} INFO - Processing /home/airflow/.local/lib/python3.12/site-packages/airflow/example_dags/example_python_decorator.py took 0.064 seconds
[2024-10-15T16:28:01.745+0000] {processor.py:186} INFO - Started process (PID=1565) to work on /home/airflow/.local/lib/python3.12/site-packages/airflow/example_dags/example_python_decorator.py
[2024-10-15T16:28:01.746+0000] {processor.py:914} INFO - Processing file /home/airflow/.local/lib/python3.12/site-packages/airflow/example_dags/example_python_decorator.py for tasks to queue
[2024-10-15T16:28:01.748+0000] {logging_mixin.py:190} INFO - [2024-10-15T16:28:01.747+0000] {dagbag.py:588} INFO - Filling up the DagBag from /home/airflow/.local/lib/python3.12/site-packages/airflow/example_dags/example_python_decorator.py
[2024-10-15T16:28:01.759+0000] {processor.py:925} INFO - DAG(s) 'example_python_decorator' retrieved from /home/airflow/.local/lib/python3.12/site-packages/airflow/example_dags/example_python_decorator.py
[2024-10-15T16:28:01.776+0000] {logging_mixin.py:190} INFO - [2024-10-15T16:28:01.775+0000] {dag.py:3239} INFO - Sync 1 DAGs
[2024-10-15T16:28:01.787+0000] {logging_mixin.py:190} INFO - [2024-10-15T16:28:01.787+0000] {dag.py:4180} INFO - Setting next_dagrun for example_python_decorator to None, run_after=None
[2024-10-15T16:28:01.801+0000] {processor.py:208} INFO - Processing /home/airflow/.local/lib/python3.12/site-packages/airflow/example_dags/example_python_decorator.py took 0.061 seconds
[2024-10-15T16:28:32.269+0000] {processor.py:186} INFO - Started process (PID=1627) to work on /home/airflow/.local/lib/python3.12/site-packages/airflow/example_dags/example_python_decorator.py
[2024-10-15T16:28:32.270+0000] {processor.py:914} INFO - Processing file /home/airflow/.local/lib/python3.12/site-packages/airflow/example_dags/example_python_decorator.py for tasks to queue
[2024-10-15T16:28:32.272+0000] {logging_mixin.py:190} INFO - [2024-10-15T16:28:32.272+0000] {dagbag.py:588} INFO - Filling up the DagBag from /home/airflow/.local/lib/python3.12/site-packages/airflow/example_dags/example_python_decorator.py
[2024-10-15T16:28:32.283+0000] {processor.py:925} INFO - DAG(s) 'example_python_decorator' retrieved from /home/airflow/.local/lib/python3.12/site-packages/airflow/example_dags/example_python_decorator.py
[2024-10-15T16:28:32.298+0000] {logging_mixin.py:190} INFO - [2024-10-15T16:28:32.298+0000] {dag.py:3239} INFO - Sync 1 DAGs
[2024-10-15T16:28:32.310+0000] {logging_mixin.py:190} INFO - [2024-10-15T16:28:32.310+0000] {dag.py:4180} INFO - Setting next_dagrun for example_python_decorator to None, run_after=None
[2024-10-15T16:28:32.412+0000] {processor.py:208} INFO - Processing /home/airflow/.local/lib/python3.12/site-packages/airflow/example_dags/example_python_decorator.py took 0.147 seconds
[2024-10-15T16:29:03.297+0000] {processor.py:186} INFO - Started process (PID=1689) to work on /home/airflow/.local/lib/python3.12/site-packages/airflow/example_dags/example_python_decorator.py
[2024-10-15T16:29:03.298+0000] {processor.py:914} INFO - Processing file /home/airflow/.local/lib/python3.12/site-packages/airflow/example_dags/example_python_decorator.py for tasks to queue
[2024-10-15T16:29:03.300+0000] {logging_mixin.py:190} INFO - [2024-10-15T16:29:03.300+0000] {dagbag.py:588} INFO - Filling up the DagBag from /home/airflow/.local/lib/python3.12/site-packages/airflow/example_dags/example_python_decorator.py
[2024-10-15T16:29:03.311+0000] {processor.py:925} INFO - DAG(s) 'example_python_decorator' retrieved from /home/airflow/.local/lib/python3.12/site-packages/airflow/example_dags/example_python_decorator.py
[2024-10-15T16:29:03.326+0000] {logging_mixin.py:190} INFO - [2024-10-15T16:29:03.326+0000] {dag.py:3239} INFO - Sync 1 DAGs
[2024-10-15T16:29:03.336+0000] {logging_mixin.py:190} INFO - [2024-10-15T16:29:03.336+0000] {dag.py:4180} INFO - Setting next_dagrun for example_python_decorator to None, run_after=None
[2024-10-15T16:29:03.352+0000] {processor.py:208} INFO - Processing /home/airflow/.local/lib/python3.12/site-packages/airflow/example_dags/example_python_decorator.py took 0.059 seconds
[2024-10-15T16:29:33.411+0000] {processor.py:186} INFO - Started process (PID=1750) to work on /home/airflow/.local/lib/python3.12/site-packages/airflow/example_dags/example_python_decorator.py
[2024-10-15T16:29:33.411+0000] {processor.py:914} INFO - Processing file /home/airflow/.local/lib/python3.12/site-packages/airflow/example_dags/example_python_decorator.py for tasks to queue
[2024-10-15T16:29:33.413+0000] {logging_mixin.py:190} INFO - [2024-10-15T16:29:33.413+0000] {dagbag.py:588} INFO - Filling up the DagBag from /home/airflow/.local/lib/python3.12/site-packages/airflow/example_dags/example_python_decorator.py
[2024-10-15T16:29:33.423+0000] {processor.py:925} INFO - DAG(s) 'example_python_decorator' retrieved from /home/airflow/.local/lib/python3.12/site-packages/airflow/example_dags/example_python_decorator.py
[2024-10-15T16:29:33.439+0000] {logging_mixin.py:190} INFO - [2024-10-15T16:29:33.439+0000] {dag.py:3239} INFO - Sync 1 DAGs
[2024-10-15T16:29:33.450+0000] {logging_mixin.py:190} INFO - [2024-10-15T16:29:33.450+0000] {dag.py:4180} INFO - Setting next_dagrun for example_python_decorator to None, run_after=None
[2024-10-15T16:29:33.468+0000] {processor.py:208} INFO - Processing /home/airflow/.local/lib/python3.12/site-packages/airflow/example_dags/example_python_decorator.py took 0.061 seconds
