[2024-10-15T16:15:46.573+0000] {processor.py:186} INFO - Started process (PID=102) to work on /home/airflow/.local/lib/python3.12/site-packages/airflow/example_dags/example_inlet_event_extra.py
[2024-10-15T16:15:46.573+0000] {processor.py:914} INFO - Processing file /home/airflow/.local/lib/python3.12/site-packages/airflow/example_dags/example_inlet_event_extra.py for tasks to queue
[2024-10-15T16:15:46.575+0000] {logging_mixin.py:190} INFO - [2024-10-15T16:15:46.575+0000] {dagbag.py:588} INFO - Filling up the DagBag from /home/airflow/.local/lib/python3.12/site-packages/airflow/example_dags/example_inlet_event_extra.py
[2024-10-15T16:15:46.690+0000] {processor.py:925} INFO - DAG(s) 'read_dataset_event_from_classic', 'read_dataset_event' retrieved from /home/airflow/.local/lib/python3.12/site-packages/airflow/example_dags/example_inlet_event_extra.py
[2024-10-15T16:15:46.761+0000] {logging_mixin.py:190} INFO - [2024-10-15T16:15:46.761+0000] {override.py:1900} INFO - Created Permission View: can read on DAG:read_dataset_event_from_classic
[2024-10-15T16:15:46.772+0000] {logging_mixin.py:190} INFO - [2024-10-15T16:15:46.771+0000] {override.py:1900} INFO - Created Permission View: can delete on DAG:read_dataset_event_from_classic
[2024-10-15T16:15:46.777+0000] {logging_mixin.py:190} INFO - [2024-10-15T16:15:46.777+0000] {override.py:1900} INFO - Created Permission View: can edit on DAG:read_dataset_event_from_classic
[2024-10-15T16:15:46.783+0000] {logging_mixin.py:190} INFO - [2024-10-15T16:15:46.783+0000] {override.py:1900} INFO - Created Permission View: can read on DAG Run:read_dataset_event_from_classic
[2024-10-15T16:15:46.789+0000] {logging_mixin.py:190} INFO - [2024-10-15T16:15:46.788+0000] {override.py:1900} INFO - Created Permission View: can create on DAG Run:read_dataset_event_from_classic
[2024-10-15T16:15:46.793+0000] {logging_mixin.py:190} INFO - [2024-10-15T16:15:46.793+0000] {override.py:1900} INFO - Created Permission View: menu access on DAG Run:read_dataset_event_from_classic
[2024-10-15T16:15:46.798+0000] {logging_mixin.py:190} INFO - [2024-10-15T16:15:46.798+0000] {override.py:1900} INFO - Created Permission View: can delete on DAG Run:read_dataset_event_from_classic
[2024-10-15T16:15:46.807+0000] {logging_mixin.py:190} INFO - [2024-10-15T16:15:46.807+0000] {override.py:1900} INFO - Created Permission View: can read on DAG:read_dataset_event
[2024-10-15T16:15:46.813+0000] {logging_mixin.py:190} INFO - [2024-10-15T16:15:46.812+0000] {override.py:1900} INFO - Created Permission View: can delete on DAG:read_dataset_event
[2024-10-15T16:15:46.818+0000] {logging_mixin.py:190} INFO - [2024-10-15T16:15:46.817+0000] {override.py:1900} INFO - Created Permission View: can edit on DAG:read_dataset_event
[2024-10-15T16:15:46.823+0000] {logging_mixin.py:190} INFO - [2024-10-15T16:15:46.823+0000] {override.py:1900} INFO - Created Permission View: can read on DAG Run:read_dataset_event
[2024-10-15T16:15:46.828+0000] {logging_mixin.py:190} INFO - [2024-10-15T16:15:46.828+0000] {override.py:1900} INFO - Created Permission View: can create on DAG Run:read_dataset_event
[2024-10-15T16:15:46.832+0000] {logging_mixin.py:190} INFO - [2024-10-15T16:15:46.832+0000] {override.py:1900} INFO - Created Permission View: menu access on DAG Run:read_dataset_event
[2024-10-15T16:15:46.837+0000] {logging_mixin.py:190} INFO - [2024-10-15T16:15:46.837+0000] {override.py:1900} INFO - Created Permission View: can delete on DAG Run:read_dataset_event
[2024-10-15T16:15:46.837+0000] {logging_mixin.py:190} INFO - [2024-10-15T16:15:46.837+0000] {dag.py:3239} INFO - Sync 2 DAGs
[2024-10-15T16:15:46.847+0000] {logging_mixin.py:190} INFO - [2024-10-15T16:15:46.847+0000] {dag.py:3262} INFO - Creating ORM DAG for read_dataset_event_from_classic
[2024-10-15T16:15:46.848+0000] {logging_mixin.py:190} INFO - [2024-10-15T16:15:46.848+0000] {dag.py:3262} INFO - Creating ORM DAG for read_dataset_event
[2024-10-15T16:15:46.856+0000] {logging_mixin.py:190} INFO - [2024-10-15T16:15:46.855+0000] {dag.py:4180} INFO - Setting next_dagrun for read_dataset_event to 2024-10-14 00:00:00+00:00, run_after=2024-10-15 00:00:00+00:00
[2024-10-15T16:15:46.857+0000] {logging_mixin.py:190} INFO - [2024-10-15T16:15:46.857+0000] {dag.py:4180} INFO - Setting next_dagrun for read_dataset_event_from_classic to 2024-10-14 00:00:00+00:00, run_after=2024-10-15 00:00:00+00:00
[2024-10-15T16:15:46.869+0000] {processor.py:208} INFO - Processing /home/airflow/.local/lib/python3.12/site-packages/airflow/example_dags/example_inlet_event_extra.py took 0.300 seconds
[2024-10-15T16:16:17.189+0000] {processor.py:186} INFO - Started process (PID=164) to work on /home/airflow/.local/lib/python3.12/site-packages/airflow/example_dags/example_inlet_event_extra.py
[2024-10-15T16:16:17.189+0000] {processor.py:914} INFO - Processing file /home/airflow/.local/lib/python3.12/site-packages/airflow/example_dags/example_inlet_event_extra.py for tasks to queue
[2024-10-15T16:16:17.191+0000] {logging_mixin.py:190} INFO - [2024-10-15T16:16:17.191+0000] {dagbag.py:588} INFO - Filling up the DagBag from /home/airflow/.local/lib/python3.12/site-packages/airflow/example_dags/example_inlet_event_extra.py
[2024-10-15T16:16:17.288+0000] {processor.py:925} INFO - DAG(s) 'read_dataset_event_from_classic', 'read_dataset_event' retrieved from /home/airflow/.local/lib/python3.12/site-packages/airflow/example_dags/example_inlet_event_extra.py
[2024-10-15T16:16:17.302+0000] {logging_mixin.py:190} INFO - [2024-10-15T16:16:17.302+0000] {dag.py:3239} INFO - Sync 2 DAGs
[2024-10-15T16:16:17.318+0000] {logging_mixin.py:190} INFO - [2024-10-15T16:16:17.318+0000] {dag.py:4180} INFO - Setting next_dagrun for read_dataset_event to 2024-10-14 00:00:00+00:00, run_after=2024-10-15 00:00:00+00:00
[2024-10-15T16:16:17.322+0000] {logging_mixin.py:190} INFO - [2024-10-15T16:16:17.321+0000] {dag.py:4180} INFO - Setting next_dagrun for read_dataset_event_from_classic to 2024-10-14 00:00:00+00:00, run_after=2024-10-15 00:00:00+00:00
[2024-10-15T16:16:17.337+0000] {processor.py:208} INFO - Processing /home/airflow/.local/lib/python3.12/site-packages/airflow/example_dags/example_inlet_event_extra.py took 0.153 seconds
[2024-10-15T16:16:47.862+0000] {processor.py:186} INFO - Started process (PID=226) to work on /home/airflow/.local/lib/python3.12/site-packages/airflow/example_dags/example_inlet_event_extra.py
[2024-10-15T16:16:47.863+0000] {processor.py:914} INFO - Processing file /home/airflow/.local/lib/python3.12/site-packages/airflow/example_dags/example_inlet_event_extra.py for tasks to queue
[2024-10-15T16:16:47.865+0000] {logging_mixin.py:190} INFO - [2024-10-15T16:16:47.864+0000] {dagbag.py:588} INFO - Filling up the DagBag from /home/airflow/.local/lib/python3.12/site-packages/airflow/example_dags/example_inlet_event_extra.py
[2024-10-15T16:16:47.976+0000] {processor.py:925} INFO - DAG(s) 'read_dataset_event', 'read_dataset_event_from_classic' retrieved from /home/airflow/.local/lib/python3.12/site-packages/airflow/example_dags/example_inlet_event_extra.py
[2024-10-15T16:16:47.991+0000] {logging_mixin.py:190} INFO - [2024-10-15T16:16:47.991+0000] {dag.py:3239} INFO - Sync 2 DAGs
[2024-10-15T16:16:48.013+0000] {logging_mixin.py:190} INFO - [2024-10-15T16:16:48.013+0000] {dag.py:4180} INFO - Setting next_dagrun for read_dataset_event to 2024-10-14 00:00:00+00:00, run_after=2024-10-15 00:00:00+00:00
[2024-10-15T16:16:48.018+0000] {logging_mixin.py:190} INFO - [2024-10-15T16:16:48.018+0000] {dag.py:4180} INFO - Setting next_dagrun for read_dataset_event_from_classic to 2024-10-14 00:00:00+00:00, run_after=2024-10-15 00:00:00+00:00
[2024-10-15T16:16:48.035+0000] {processor.py:208} INFO - Processing /home/airflow/.local/lib/python3.12/site-packages/airflow/example_dags/example_inlet_event_extra.py took 0.177 seconds
[2024-10-15T16:17:18.755+0000] {processor.py:186} INFO - Started process (PID=288) to work on /home/airflow/.local/lib/python3.12/site-packages/airflow/example_dags/example_inlet_event_extra.py
[2024-10-15T16:17:18.756+0000] {processor.py:914} INFO - Processing file /home/airflow/.local/lib/python3.12/site-packages/airflow/example_dags/example_inlet_event_extra.py for tasks to queue
[2024-10-15T16:17:18.758+0000] {logging_mixin.py:190} INFO - [2024-10-15T16:17:18.758+0000] {dagbag.py:588} INFO - Filling up the DagBag from /home/airflow/.local/lib/python3.12/site-packages/airflow/example_dags/example_inlet_event_extra.py
[2024-10-15T16:17:18.863+0000] {processor.py:925} INFO - DAG(s) 'read_dataset_event', 'read_dataset_event_from_classic' retrieved from /home/airflow/.local/lib/python3.12/site-packages/airflow/example_dags/example_inlet_event_extra.py
[2024-10-15T16:17:18.880+0000] {logging_mixin.py:190} INFO - [2024-10-15T16:17:18.880+0000] {dag.py:3239} INFO - Sync 2 DAGs
[2024-10-15T16:17:18.905+0000] {logging_mixin.py:190} INFO - [2024-10-15T16:17:18.904+0000] {dag.py:4180} INFO - Setting next_dagrun for read_dataset_event to 2024-10-14 00:00:00+00:00, run_after=2024-10-15 00:00:00+00:00
[2024-10-15T16:17:18.910+0000] {logging_mixin.py:190} INFO - [2024-10-15T16:17:18.910+0000] {dag.py:4180} INFO - Setting next_dagrun for read_dataset_event_from_classic to 2024-10-14 00:00:00+00:00, run_after=2024-10-15 00:00:00+00:00
[2024-10-15T16:17:18.927+0000] {processor.py:208} INFO - Processing /home/airflow/.local/lib/python3.12/site-packages/airflow/example_dags/example_inlet_event_extra.py took 0.177 seconds
[2024-10-15T16:17:49.560+0000] {processor.py:186} INFO - Started process (PID=350) to work on /home/airflow/.local/lib/python3.12/site-packages/airflow/example_dags/example_inlet_event_extra.py
[2024-10-15T16:17:49.561+0000] {processor.py:914} INFO - Processing file /home/airflow/.local/lib/python3.12/site-packages/airflow/example_dags/example_inlet_event_extra.py for tasks to queue
[2024-10-15T16:17:49.563+0000] {logging_mixin.py:190} INFO - [2024-10-15T16:17:49.563+0000] {dagbag.py:588} INFO - Filling up the DagBag from /home/airflow/.local/lib/python3.12/site-packages/airflow/example_dags/example_inlet_event_extra.py
[2024-10-15T16:17:49.668+0000] {processor.py:925} INFO - DAG(s) 'read_dataset_event', 'read_dataset_event_from_classic' retrieved from /home/airflow/.local/lib/python3.12/site-packages/airflow/example_dags/example_inlet_event_extra.py
[2024-10-15T16:17:49.682+0000] {logging_mixin.py:190} INFO - [2024-10-15T16:17:49.682+0000] {dag.py:3239} INFO - Sync 2 DAGs
[2024-10-15T16:17:49.701+0000] {logging_mixin.py:190} INFO - [2024-10-15T16:17:49.701+0000] {dag.py:4180} INFO - Setting next_dagrun for read_dataset_event to 2024-10-14 00:00:00+00:00, run_after=2024-10-15 00:00:00+00:00
[2024-10-15T16:17:49.705+0000] {logging_mixin.py:190} INFO - [2024-10-15T16:17:49.705+0000] {dag.py:4180} INFO - Setting next_dagrun for read_dataset_event_from_classic to 2024-10-14 00:00:00+00:00, run_after=2024-10-15 00:00:00+00:00
[2024-10-15T16:17:49.722+0000] {processor.py:208} INFO - Processing /home/airflow/.local/lib/python3.12/site-packages/airflow/example_dags/example_inlet_event_extra.py took 0.166 seconds
[2024-10-15T16:18:20.578+0000] {processor.py:186} INFO - Started process (PID=412) to work on /home/airflow/.local/lib/python3.12/site-packages/airflow/example_dags/example_inlet_event_extra.py
[2024-10-15T16:18:20.579+0000] {processor.py:914} INFO - Processing file /home/airflow/.local/lib/python3.12/site-packages/airflow/example_dags/example_inlet_event_extra.py for tasks to queue
[2024-10-15T16:18:20.581+0000] {logging_mixin.py:190} INFO - [2024-10-15T16:18:20.581+0000] {dagbag.py:588} INFO - Filling up the DagBag from /home/airflow/.local/lib/python3.12/site-packages/airflow/example_dags/example_inlet_event_extra.py
[2024-10-15T16:18:20.710+0000] {processor.py:925} INFO - DAG(s) 'read_dataset_event_from_classic', 'read_dataset_event' retrieved from /home/airflow/.local/lib/python3.12/site-packages/airflow/example_dags/example_inlet_event_extra.py
[2024-10-15T16:18:20.731+0000] {logging_mixin.py:190} INFO - [2024-10-15T16:18:20.730+0000] {dag.py:3239} INFO - Sync 2 DAGs
[2024-10-15T16:18:20.759+0000] {logging_mixin.py:190} INFO - [2024-10-15T16:18:20.758+0000] {dag.py:4180} INFO - Setting next_dagrun for read_dataset_event to 2024-10-14 00:00:00+00:00, run_after=2024-10-15 00:00:00+00:00
[2024-10-15T16:18:20.763+0000] {logging_mixin.py:190} INFO - [2024-10-15T16:18:20.763+0000] {dag.py:4180} INFO - Setting next_dagrun for read_dataset_event_from_classic to 2024-10-14 00:00:00+00:00, run_after=2024-10-15 00:00:00+00:00
[2024-10-15T16:18:20.782+0000] {processor.py:208} INFO - Processing /home/airflow/.local/lib/python3.12/site-packages/airflow/example_dags/example_inlet_event_extra.py took 0.208 seconds
[2024-10-15T16:18:51.764+0000] {processor.py:186} INFO - Started process (PID=474) to work on /home/airflow/.local/lib/python3.12/site-packages/airflow/example_dags/example_inlet_event_extra.py
[2024-10-15T16:18:51.766+0000] {processor.py:914} INFO - Processing file /home/airflow/.local/lib/python3.12/site-packages/airflow/example_dags/example_inlet_event_extra.py for tasks to queue
[2024-10-15T16:18:51.768+0000] {logging_mixin.py:190} INFO - [2024-10-15T16:18:51.767+0000] {dagbag.py:588} INFO - Filling up the DagBag from /home/airflow/.local/lib/python3.12/site-packages/airflow/example_dags/example_inlet_event_extra.py
[2024-10-15T16:18:51.878+0000] {processor.py:925} INFO - DAG(s) 'read_dataset_event_from_classic', 'read_dataset_event' retrieved from /home/airflow/.local/lib/python3.12/site-packages/airflow/example_dags/example_inlet_event_extra.py
[2024-10-15T16:18:51.892+0000] {logging_mixin.py:190} INFO - [2024-10-15T16:18:51.892+0000] {dag.py:3239} INFO - Sync 2 DAGs
[2024-10-15T16:18:51.908+0000] {logging_mixin.py:190} INFO - [2024-10-15T16:18:51.908+0000] {dag.py:4180} INFO - Setting next_dagrun for read_dataset_event to 2024-10-14 00:00:00+00:00, run_after=2024-10-15 00:00:00+00:00
[2024-10-15T16:18:51.912+0000] {logging_mixin.py:190} INFO - [2024-10-15T16:18:51.911+0000] {dag.py:4180} INFO - Setting next_dagrun for read_dataset_event_from_classic to 2024-10-14 00:00:00+00:00, run_after=2024-10-15 00:00:00+00:00
[2024-10-15T16:18:51.926+0000] {processor.py:208} INFO - Processing /home/airflow/.local/lib/python3.12/site-packages/airflow/example_dags/example_inlet_event_extra.py took 0.167 seconds
[2024-10-15T16:19:22.755+0000] {processor.py:186} INFO - Started process (PID=536) to work on /home/airflow/.local/lib/python3.12/site-packages/airflow/example_dags/example_inlet_event_extra.py
[2024-10-15T16:19:22.756+0000] {processor.py:914} INFO - Processing file /home/airflow/.local/lib/python3.12/site-packages/airflow/example_dags/example_inlet_event_extra.py for tasks to queue
[2024-10-15T16:19:22.758+0000] {logging_mixin.py:190} INFO - [2024-10-15T16:19:22.757+0000] {dagbag.py:588} INFO - Filling up the DagBag from /home/airflow/.local/lib/python3.12/site-packages/airflow/example_dags/example_inlet_event_extra.py
[2024-10-15T16:19:22.880+0000] {processor.py:925} INFO - DAG(s) 'read_dataset_event', 'read_dataset_event_from_classic' retrieved from /home/airflow/.local/lib/python3.12/site-packages/airflow/example_dags/example_inlet_event_extra.py
[2024-10-15T16:19:22.898+0000] {logging_mixin.py:190} INFO - [2024-10-15T16:19:22.898+0000] {dag.py:3239} INFO - Sync 2 DAGs
[2024-10-15T16:19:22.916+0000] {logging_mixin.py:190} INFO - [2024-10-15T16:19:22.916+0000] {dag.py:4180} INFO - Setting next_dagrun for read_dataset_event to 2024-10-14 00:00:00+00:00, run_after=2024-10-15 00:00:00+00:00
[2024-10-15T16:19:22.919+0000] {logging_mixin.py:190} INFO - [2024-10-15T16:19:22.919+0000] {dag.py:4180} INFO - Setting next_dagrun for read_dataset_event_from_classic to 2024-10-14 00:00:00+00:00, run_after=2024-10-15 00:00:00+00:00
[2024-10-15T16:19:22.931+0000] {processor.py:208} INFO - Processing /home/airflow/.local/lib/python3.12/site-packages/airflow/example_dags/example_inlet_event_extra.py took 0.181 seconds
[2024-10-15T16:19:53.733+0000] {processor.py:186} INFO - Started process (PID=598) to work on /home/airflow/.local/lib/python3.12/site-packages/airflow/example_dags/example_inlet_event_extra.py
[2024-10-15T16:19:53.734+0000] {processor.py:914} INFO - Processing file /home/airflow/.local/lib/python3.12/site-packages/airflow/example_dags/example_inlet_event_extra.py for tasks to queue
[2024-10-15T16:19:53.735+0000] {logging_mixin.py:190} INFO - [2024-10-15T16:19:53.735+0000] {dagbag.py:588} INFO - Filling up the DagBag from /home/airflow/.local/lib/python3.12/site-packages/airflow/example_dags/example_inlet_event_extra.py
[2024-10-15T16:19:53.847+0000] {processor.py:925} INFO - DAG(s) 'read_dataset_event', 'read_dataset_event_from_classic' retrieved from /home/airflow/.local/lib/python3.12/site-packages/airflow/example_dags/example_inlet_event_extra.py
[2024-10-15T16:19:53.868+0000] {logging_mixin.py:190} INFO - [2024-10-15T16:19:53.868+0000] {dag.py:3239} INFO - Sync 2 DAGs
[2024-10-15T16:19:53.886+0000] {logging_mixin.py:190} INFO - [2024-10-15T16:19:53.886+0000] {dag.py:4180} INFO - Setting next_dagrun for read_dataset_event to 2024-10-14 00:00:00+00:00, run_after=2024-10-15 00:00:00+00:00
[2024-10-15T16:19:53.889+0000] {logging_mixin.py:190} INFO - [2024-10-15T16:19:53.889+0000] {dag.py:4180} INFO - Setting next_dagrun for read_dataset_event_from_classic to 2024-10-14 00:00:00+00:00, run_after=2024-10-15 00:00:00+00:00
[2024-10-15T16:19:53.902+0000] {processor.py:208} INFO - Processing /home/airflow/.local/lib/python3.12/site-packages/airflow/example_dags/example_inlet_event_extra.py took 0.174 seconds
[2024-10-15T16:20:24.737+0000] {processor.py:186} INFO - Started process (PID=660) to work on /home/airflow/.local/lib/python3.12/site-packages/airflow/example_dags/example_inlet_event_extra.py
[2024-10-15T16:20:24.738+0000] {processor.py:914} INFO - Processing file /home/airflow/.local/lib/python3.12/site-packages/airflow/example_dags/example_inlet_event_extra.py for tasks to queue
[2024-10-15T16:20:24.740+0000] {logging_mixin.py:190} INFO - [2024-10-15T16:20:24.739+0000] {dagbag.py:588} INFO - Filling up the DagBag from /home/airflow/.local/lib/python3.12/site-packages/airflow/example_dags/example_inlet_event_extra.py
[2024-10-15T16:20:24.848+0000] {processor.py:925} INFO - DAG(s) 'read_dataset_event', 'read_dataset_event_from_classic' retrieved from /home/airflow/.local/lib/python3.12/site-packages/airflow/example_dags/example_inlet_event_extra.py
[2024-10-15T16:20:24.862+0000] {logging_mixin.py:190} INFO - [2024-10-15T16:20:24.862+0000] {dag.py:3239} INFO - Sync 2 DAGs
[2024-10-15T16:20:24.879+0000] {logging_mixin.py:190} INFO - [2024-10-15T16:20:24.879+0000] {dag.py:4180} INFO - Setting next_dagrun for read_dataset_event to 2024-10-14 00:00:00+00:00, run_after=2024-10-15 00:00:00+00:00
[2024-10-15T16:20:24.883+0000] {logging_mixin.py:190} INFO - [2024-10-15T16:20:24.882+0000] {dag.py:4180} INFO - Setting next_dagrun for read_dataset_event_from_classic to 2024-10-14 00:00:00+00:00, run_after=2024-10-15 00:00:00+00:00
[2024-10-15T16:20:24.894+0000] {processor.py:208} INFO - Processing /home/airflow/.local/lib/python3.12/site-packages/airflow/example_dags/example_inlet_event_extra.py took 0.161 seconds
[2024-10-15T16:20:55.643+0000] {processor.py:186} INFO - Started process (PID=722) to work on /home/airflow/.local/lib/python3.12/site-packages/airflow/example_dags/example_inlet_event_extra.py
[2024-10-15T16:20:55.644+0000] {processor.py:914} INFO - Processing file /home/airflow/.local/lib/python3.12/site-packages/airflow/example_dags/example_inlet_event_extra.py for tasks to queue
[2024-10-15T16:20:55.646+0000] {logging_mixin.py:190} INFO - [2024-10-15T16:20:55.645+0000] {dagbag.py:588} INFO - Filling up the DagBag from /home/airflow/.local/lib/python3.12/site-packages/airflow/example_dags/example_inlet_event_extra.py
[2024-10-15T16:20:55.762+0000] {processor.py:925} INFO - DAG(s) 'read_dataset_event_from_classic', 'read_dataset_event' retrieved from /home/airflow/.local/lib/python3.12/site-packages/airflow/example_dags/example_inlet_event_extra.py
[2024-10-15T16:20:55.778+0000] {logging_mixin.py:190} INFO - [2024-10-15T16:20:55.778+0000] {dag.py:3239} INFO - Sync 2 DAGs
[2024-10-15T16:20:55.798+0000] {logging_mixin.py:190} INFO - [2024-10-15T16:20:55.798+0000] {dag.py:4180} INFO - Setting next_dagrun for read_dataset_event to 2024-10-14 00:00:00+00:00, run_after=2024-10-15 00:00:00+00:00
[2024-10-15T16:20:55.805+0000] {logging_mixin.py:190} INFO - [2024-10-15T16:20:55.804+0000] {dag.py:4180} INFO - Setting next_dagrun for read_dataset_event_from_classic to 2024-10-14 00:00:00+00:00, run_after=2024-10-15 00:00:00+00:00
[2024-10-15T16:20:55.820+0000] {processor.py:208} INFO - Processing /home/airflow/.local/lib/python3.12/site-packages/airflow/example_dags/example_inlet_event_extra.py took 0.180 seconds
[2024-10-15T16:21:26.671+0000] {processor.py:186} INFO - Started process (PID=784) to work on /home/airflow/.local/lib/python3.12/site-packages/airflow/example_dags/example_inlet_event_extra.py
[2024-10-15T16:21:26.672+0000] {processor.py:914} INFO - Processing file /home/airflow/.local/lib/python3.12/site-packages/airflow/example_dags/example_inlet_event_extra.py for tasks to queue
[2024-10-15T16:21:26.673+0000] {logging_mixin.py:190} INFO - [2024-10-15T16:21:26.673+0000] {dagbag.py:588} INFO - Filling up the DagBag from /home/airflow/.local/lib/python3.12/site-packages/airflow/example_dags/example_inlet_event_extra.py
[2024-10-15T16:21:26.782+0000] {processor.py:925} INFO - DAG(s) 'read_dataset_event_from_classic', 'read_dataset_event' retrieved from /home/airflow/.local/lib/python3.12/site-packages/airflow/example_dags/example_inlet_event_extra.py
[2024-10-15T16:21:26.799+0000] {logging_mixin.py:190} INFO - [2024-10-15T16:21:26.799+0000] {dag.py:3239} INFO - Sync 2 DAGs
[2024-10-15T16:21:26.817+0000] {logging_mixin.py:190} INFO - [2024-10-15T16:21:26.817+0000] {dag.py:4180} INFO - Setting next_dagrun for read_dataset_event to 2024-10-14 00:00:00+00:00, run_after=2024-10-15 00:00:00+00:00
[2024-10-15T16:21:26.821+0000] {logging_mixin.py:190} INFO - [2024-10-15T16:21:26.821+0000] {dag.py:4180} INFO - Setting next_dagrun for read_dataset_event_from_classic to 2024-10-14 00:00:00+00:00, run_after=2024-10-15 00:00:00+00:00
[2024-10-15T16:21:26.836+0000] {processor.py:208} INFO - Processing /home/airflow/.local/lib/python3.12/site-packages/airflow/example_dags/example_inlet_event_extra.py took 0.171 seconds
[2024-10-15T16:21:57.689+0000] {processor.py:186} INFO - Started process (PID=846) to work on /home/airflow/.local/lib/python3.12/site-packages/airflow/example_dags/example_inlet_event_extra.py
[2024-10-15T16:21:57.690+0000] {processor.py:914} INFO - Processing file /home/airflow/.local/lib/python3.12/site-packages/airflow/example_dags/example_inlet_event_extra.py for tasks to queue
[2024-10-15T16:21:57.691+0000] {logging_mixin.py:190} INFO - [2024-10-15T16:21:57.691+0000] {dagbag.py:588} INFO - Filling up the DagBag from /home/airflow/.local/lib/python3.12/site-packages/airflow/example_dags/example_inlet_event_extra.py
[2024-10-15T16:21:57.830+0000] {processor.py:925} INFO - DAG(s) 'read_dataset_event_from_classic', 'read_dataset_event' retrieved from /home/airflow/.local/lib/python3.12/site-packages/airflow/example_dags/example_inlet_event_extra.py
[2024-10-15T16:21:57.850+0000] {logging_mixin.py:190} INFO - [2024-10-15T16:21:57.850+0000] {dag.py:3239} INFO - Sync 2 DAGs
[2024-10-15T16:21:57.870+0000] {logging_mixin.py:190} INFO - [2024-10-15T16:21:57.870+0000] {dag.py:4180} INFO - Setting next_dagrun for read_dataset_event to 2024-10-14 00:00:00+00:00, run_after=2024-10-15 00:00:00+00:00
[2024-10-15T16:21:57.875+0000] {logging_mixin.py:190} INFO - [2024-10-15T16:21:57.875+0000] {dag.py:4180} INFO - Setting next_dagrun for read_dataset_event_from_classic to 2024-10-14 00:00:00+00:00, run_after=2024-10-15 00:00:00+00:00
[2024-10-15T16:21:57.891+0000] {processor.py:208} INFO - Processing /home/airflow/.local/lib/python3.12/site-packages/airflow/example_dags/example_inlet_event_extra.py took 0.209 seconds
[2024-10-15T16:22:27.975+0000] {processor.py:186} INFO - Started process (PID=908) to work on /home/airflow/.local/lib/python3.12/site-packages/airflow/example_dags/example_inlet_event_extra.py
[2024-10-15T16:22:27.976+0000] {processor.py:914} INFO - Processing file /home/airflow/.local/lib/python3.12/site-packages/airflow/example_dags/example_inlet_event_extra.py for tasks to queue
[2024-10-15T16:22:27.978+0000] {logging_mixin.py:190} INFO - [2024-10-15T16:22:27.978+0000] {dagbag.py:588} INFO - Filling up the DagBag from /home/airflow/.local/lib/python3.12/site-packages/airflow/example_dags/example_inlet_event_extra.py
[2024-10-15T16:22:28.088+0000] {processor.py:925} INFO - DAG(s) 'read_dataset_event_from_classic', 'read_dataset_event' retrieved from /home/airflow/.local/lib/python3.12/site-packages/airflow/example_dags/example_inlet_event_extra.py
[2024-10-15T16:22:28.101+0000] {logging_mixin.py:190} INFO - [2024-10-15T16:22:28.101+0000] {dag.py:3239} INFO - Sync 2 DAGs
[2024-10-15T16:22:28.119+0000] {logging_mixin.py:190} INFO - [2024-10-15T16:22:28.119+0000] {dag.py:4180} INFO - Setting next_dagrun for read_dataset_event to 2024-10-14 00:00:00+00:00, run_after=2024-10-15 00:00:00+00:00
[2024-10-15T16:22:28.122+0000] {logging_mixin.py:190} INFO - [2024-10-15T16:22:28.122+0000] {dag.py:4180} INFO - Setting next_dagrun for read_dataset_event_from_classic to 2024-10-14 00:00:00+00:00, run_after=2024-10-15 00:00:00+00:00
[2024-10-15T16:22:28.134+0000] {processor.py:208} INFO - Processing /home/airflow/.local/lib/python3.12/site-packages/airflow/example_dags/example_inlet_event_extra.py took 0.164 seconds
[2024-10-15T16:22:58.968+0000] {processor.py:186} INFO - Started process (PID=970) to work on /home/airflow/.local/lib/python3.12/site-packages/airflow/example_dags/example_inlet_event_extra.py
[2024-10-15T16:22:58.969+0000] {processor.py:914} INFO - Processing file /home/airflow/.local/lib/python3.12/site-packages/airflow/example_dags/example_inlet_event_extra.py for tasks to queue
[2024-10-15T16:22:58.971+0000] {logging_mixin.py:190} INFO - [2024-10-15T16:22:58.971+0000] {dagbag.py:588} INFO - Filling up the DagBag from /home/airflow/.local/lib/python3.12/site-packages/airflow/example_dags/example_inlet_event_extra.py
[2024-10-15T16:22:59.085+0000] {processor.py:925} INFO - DAG(s) 'read_dataset_event_from_classic', 'read_dataset_event' retrieved from /home/airflow/.local/lib/python3.12/site-packages/airflow/example_dags/example_inlet_event_extra.py
[2024-10-15T16:22:59.103+0000] {logging_mixin.py:190} INFO - [2024-10-15T16:22:59.102+0000] {dag.py:3239} INFO - Sync 2 DAGs
[2024-10-15T16:22:59.121+0000] {logging_mixin.py:190} INFO - [2024-10-15T16:22:59.120+0000] {dag.py:4180} INFO - Setting next_dagrun for read_dataset_event to 2024-10-14 00:00:00+00:00, run_after=2024-10-15 00:00:00+00:00
[2024-10-15T16:22:59.124+0000] {logging_mixin.py:190} INFO - [2024-10-15T16:22:59.124+0000] {dag.py:4180} INFO - Setting next_dagrun for read_dataset_event_from_classic to 2024-10-14 00:00:00+00:00, run_after=2024-10-15 00:00:00+00:00
[2024-10-15T16:22:59.135+0000] {processor.py:208} INFO - Processing /home/airflow/.local/lib/python3.12/site-packages/airflow/example_dags/example_inlet_event_extra.py took 0.172 seconds
[2024-10-15T16:23:29.209+0000] {processor.py:186} INFO - Started process (PID=1032) to work on /home/airflow/.local/lib/python3.12/site-packages/airflow/example_dags/example_inlet_event_extra.py
[2024-10-15T16:23:29.210+0000] {processor.py:914} INFO - Processing file /home/airflow/.local/lib/python3.12/site-packages/airflow/example_dags/example_inlet_event_extra.py for tasks to queue
[2024-10-15T16:23:29.212+0000] {logging_mixin.py:190} INFO - [2024-10-15T16:23:29.212+0000] {dagbag.py:588} INFO - Filling up the DagBag from /home/airflow/.local/lib/python3.12/site-packages/airflow/example_dags/example_inlet_event_extra.py
[2024-10-15T16:23:29.330+0000] {processor.py:925} INFO - DAG(s) 'read_dataset_event', 'read_dataset_event_from_classic' retrieved from /home/airflow/.local/lib/python3.12/site-packages/airflow/example_dags/example_inlet_event_extra.py
[2024-10-15T16:23:29.346+0000] {logging_mixin.py:190} INFO - [2024-10-15T16:23:29.346+0000] {dag.py:3239} INFO - Sync 2 DAGs
[2024-10-15T16:23:29.372+0000] {logging_mixin.py:190} INFO - [2024-10-15T16:23:29.372+0000] {dag.py:4180} INFO - Setting next_dagrun for read_dataset_event to 2024-10-14 00:00:00+00:00, run_after=2024-10-15 00:00:00+00:00
[2024-10-15T16:23:29.376+0000] {logging_mixin.py:190} INFO - [2024-10-15T16:23:29.376+0000] {dag.py:4180} INFO - Setting next_dagrun for read_dataset_event_from_classic to 2024-10-14 00:00:00+00:00, run_after=2024-10-15 00:00:00+00:00
[2024-10-15T16:23:29.389+0000] {processor.py:208} INFO - Processing /home/airflow/.local/lib/python3.12/site-packages/airflow/example_dags/example_inlet_event_extra.py took 0.184 seconds
[2024-10-15T16:23:59.432+0000] {processor.py:186} INFO - Started process (PID=1094) to work on /home/airflow/.local/lib/python3.12/site-packages/airflow/example_dags/example_inlet_event_extra.py
[2024-10-15T16:23:59.434+0000] {processor.py:914} INFO - Processing file /home/airflow/.local/lib/python3.12/site-packages/airflow/example_dags/example_inlet_event_extra.py for tasks to queue
[2024-10-15T16:23:59.437+0000] {logging_mixin.py:190} INFO - [2024-10-15T16:23:59.436+0000] {dagbag.py:588} INFO - Filling up the DagBag from /home/airflow/.local/lib/python3.12/site-packages/airflow/example_dags/example_inlet_event_extra.py
[2024-10-15T16:23:59.547+0000] {processor.py:925} INFO - DAG(s) 'read_dataset_event_from_classic', 'read_dataset_event' retrieved from /home/airflow/.local/lib/python3.12/site-packages/airflow/example_dags/example_inlet_event_extra.py
[2024-10-15T16:23:59.563+0000] {logging_mixin.py:190} INFO - [2024-10-15T16:23:59.563+0000] {dag.py:3239} INFO - Sync 2 DAGs
[2024-10-15T16:23:59.581+0000] {logging_mixin.py:190} INFO - [2024-10-15T16:23:59.581+0000] {dag.py:4180} INFO - Setting next_dagrun for read_dataset_event to 2024-10-14 00:00:00+00:00, run_after=2024-10-15 00:00:00+00:00
[2024-10-15T16:23:59.585+0000] {logging_mixin.py:190} INFO - [2024-10-15T16:23:59.585+0000] {dag.py:4180} INFO - Setting next_dagrun for read_dataset_event_from_classic to 2024-10-14 00:00:00+00:00, run_after=2024-10-15 00:00:00+00:00
[2024-10-15T16:23:59.598+0000] {processor.py:208} INFO - Processing /home/airflow/.local/lib/python3.12/site-packages/airflow/example_dags/example_inlet_event_extra.py took 0.170 seconds
[2024-10-15T16:24:30.397+0000] {processor.py:186} INFO - Started process (PID=1156) to work on /home/airflow/.local/lib/python3.12/site-packages/airflow/example_dags/example_inlet_event_extra.py
[2024-10-15T16:24:30.398+0000] {processor.py:914} INFO - Processing file /home/airflow/.local/lib/python3.12/site-packages/airflow/example_dags/example_inlet_event_extra.py for tasks to queue
[2024-10-15T16:24:30.399+0000] {logging_mixin.py:190} INFO - [2024-10-15T16:24:30.399+0000] {dagbag.py:588} INFO - Filling up the DagBag from /home/airflow/.local/lib/python3.12/site-packages/airflow/example_dags/example_inlet_event_extra.py
[2024-10-15T16:24:30.498+0000] {processor.py:925} INFO - DAG(s) 'read_dataset_event_from_classic', 'read_dataset_event' retrieved from /home/airflow/.local/lib/python3.12/site-packages/airflow/example_dags/example_inlet_event_extra.py
[2024-10-15T16:24:30.514+0000] {logging_mixin.py:190} INFO - [2024-10-15T16:24:30.514+0000] {dag.py:3239} INFO - Sync 2 DAGs
[2024-10-15T16:24:30.535+0000] {logging_mixin.py:190} INFO - [2024-10-15T16:24:30.535+0000] {dag.py:4180} INFO - Setting next_dagrun for read_dataset_event to 2024-10-14 00:00:00+00:00, run_after=2024-10-15 00:00:00+00:00
[2024-10-15T16:24:30.539+0000] {logging_mixin.py:190} INFO - [2024-10-15T16:24:30.539+0000] {dag.py:4180} INFO - Setting next_dagrun for read_dataset_event_from_classic to 2024-10-14 00:00:00+00:00, run_after=2024-10-15 00:00:00+00:00
[2024-10-15T16:24:30.555+0000] {processor.py:208} INFO - Processing /home/airflow/.local/lib/python3.12/site-packages/airflow/example_dags/example_inlet_event_extra.py took 0.162 seconds
[2024-10-15T16:25:01.219+0000] {processor.py:186} INFO - Started process (PID=1218) to work on /home/airflow/.local/lib/python3.12/site-packages/airflow/example_dags/example_inlet_event_extra.py
[2024-10-15T16:25:01.220+0000] {processor.py:914} INFO - Processing file /home/airflow/.local/lib/python3.12/site-packages/airflow/example_dags/example_inlet_event_extra.py for tasks to queue
[2024-10-15T16:25:01.222+0000] {logging_mixin.py:190} INFO - [2024-10-15T16:25:01.222+0000] {dagbag.py:588} INFO - Filling up the DagBag from /home/airflow/.local/lib/python3.12/site-packages/airflow/example_dags/example_inlet_event_extra.py
[2024-10-15T16:25:01.336+0000] {processor.py:925} INFO - DAG(s) 'read_dataset_event', 'read_dataset_event_from_classic' retrieved from /home/airflow/.local/lib/python3.12/site-packages/airflow/example_dags/example_inlet_event_extra.py
[2024-10-15T16:25:01.352+0000] {logging_mixin.py:190} INFO - [2024-10-15T16:25:01.352+0000] {dag.py:3239} INFO - Sync 2 DAGs
[2024-10-15T16:25:01.372+0000] {logging_mixin.py:190} INFO - [2024-10-15T16:25:01.372+0000] {dag.py:4180} INFO - Setting next_dagrun for read_dataset_event to 2024-10-14 00:00:00+00:00, run_after=2024-10-15 00:00:00+00:00
[2024-10-15T16:25:01.377+0000] {logging_mixin.py:190} INFO - [2024-10-15T16:25:01.377+0000] {dag.py:4180} INFO - Setting next_dagrun for read_dataset_event_from_classic to 2024-10-14 00:00:00+00:00, run_after=2024-10-15 00:00:00+00:00
[2024-10-15T16:25:01.391+0000] {processor.py:208} INFO - Processing /home/airflow/.local/lib/python3.12/site-packages/airflow/example_dags/example_inlet_event_extra.py took 0.176 seconds
[2024-10-15T16:25:31.787+0000] {processor.py:186} INFO - Started process (PID=1280) to work on /home/airflow/.local/lib/python3.12/site-packages/airflow/example_dags/example_inlet_event_extra.py
[2024-10-15T16:25:31.788+0000] {processor.py:914} INFO - Processing file /home/airflow/.local/lib/python3.12/site-packages/airflow/example_dags/example_inlet_event_extra.py for tasks to queue
[2024-10-15T16:25:31.790+0000] {logging_mixin.py:190} INFO - [2024-10-15T16:25:31.790+0000] {dagbag.py:588} INFO - Filling up the DagBag from /home/airflow/.local/lib/python3.12/site-packages/airflow/example_dags/example_inlet_event_extra.py
[2024-10-15T16:25:31.890+0000] {processor.py:925} INFO - DAG(s) 'read_dataset_event', 'read_dataset_event_from_classic' retrieved from /home/airflow/.local/lib/python3.12/site-packages/airflow/example_dags/example_inlet_event_extra.py
[2024-10-15T16:25:31.904+0000] {logging_mixin.py:190} INFO - [2024-10-15T16:25:31.904+0000] {dag.py:3239} INFO - Sync 2 DAGs
[2024-10-15T16:25:31.921+0000] {logging_mixin.py:190} INFO - [2024-10-15T16:25:31.920+0000] {dag.py:4180} INFO - Setting next_dagrun for read_dataset_event to 2024-10-14 00:00:00+00:00, run_after=2024-10-15 00:00:00+00:00
[2024-10-15T16:25:31.924+0000] {logging_mixin.py:190} INFO - [2024-10-15T16:25:31.924+0000] {dag.py:4180} INFO - Setting next_dagrun for read_dataset_event_from_classic to 2024-10-14 00:00:00+00:00, run_after=2024-10-15 00:00:00+00:00
[2024-10-15T16:25:31.938+0000] {processor.py:208} INFO - Processing /home/airflow/.local/lib/python3.12/site-packages/airflow/example_dags/example_inlet_event_extra.py took 0.155 seconds
[2024-10-15T16:26:02.644+0000] {processor.py:186} INFO - Started process (PID=1342) to work on /home/airflow/.local/lib/python3.12/site-packages/airflow/example_dags/example_inlet_event_extra.py
[2024-10-15T16:26:02.644+0000] {processor.py:914} INFO - Processing file /home/airflow/.local/lib/python3.12/site-packages/airflow/example_dags/example_inlet_event_extra.py for tasks to queue
[2024-10-15T16:26:02.646+0000] {logging_mixin.py:190} INFO - [2024-10-15T16:26:02.646+0000] {dagbag.py:588} INFO - Filling up the DagBag from /home/airflow/.local/lib/python3.12/site-packages/airflow/example_dags/example_inlet_event_extra.py
[2024-10-15T16:26:02.736+0000] {processor.py:925} INFO - DAG(s) 'read_dataset_event_from_classic', 'read_dataset_event' retrieved from /home/airflow/.local/lib/python3.12/site-packages/airflow/example_dags/example_inlet_event_extra.py
[2024-10-15T16:26:02.752+0000] {logging_mixin.py:190} INFO - [2024-10-15T16:26:02.752+0000] {dag.py:3239} INFO - Sync 2 DAGs
[2024-10-15T16:26:02.770+0000] {logging_mixin.py:190} INFO - [2024-10-15T16:26:02.770+0000] {dag.py:4180} INFO - Setting next_dagrun for read_dataset_event to 2024-10-14 00:00:00+00:00, run_after=2024-10-15 00:00:00+00:00
[2024-10-15T16:26:02.775+0000] {logging_mixin.py:190} INFO - [2024-10-15T16:26:02.774+0000] {dag.py:4180} INFO - Setting next_dagrun for read_dataset_event_from_classic to 2024-10-14 00:00:00+00:00, run_after=2024-10-15 00:00:00+00:00
[2024-10-15T16:26:02.792+0000] {processor.py:208} INFO - Processing /home/airflow/.local/lib/python3.12/site-packages/airflow/example_dags/example_inlet_event_extra.py took 0.152 seconds
[2024-10-15T16:26:33.409+0000] {processor.py:186} INFO - Started process (PID=1404) to work on /home/airflow/.local/lib/python3.12/site-packages/airflow/example_dags/example_inlet_event_extra.py
[2024-10-15T16:26:33.410+0000] {processor.py:914} INFO - Processing file /home/airflow/.local/lib/python3.12/site-packages/airflow/example_dags/example_inlet_event_extra.py for tasks to queue
[2024-10-15T16:26:33.411+0000] {logging_mixin.py:190} INFO - [2024-10-15T16:26:33.411+0000] {dagbag.py:588} INFO - Filling up the DagBag from /home/airflow/.local/lib/python3.12/site-packages/airflow/example_dags/example_inlet_event_extra.py
[2024-10-15T16:26:33.516+0000] {processor.py:925} INFO - DAG(s) 'read_dataset_event', 'read_dataset_event_from_classic' retrieved from /home/airflow/.local/lib/python3.12/site-packages/airflow/example_dags/example_inlet_event_extra.py
[2024-10-15T16:26:33.530+0000] {logging_mixin.py:190} INFO - [2024-10-15T16:26:33.530+0000] {dag.py:3239} INFO - Sync 2 DAGs
[2024-10-15T16:26:33.690+0000] {logging_mixin.py:190} INFO - [2024-10-15T16:26:33.690+0000] {dag.py:4180} INFO - Setting next_dagrun for read_dataset_event to 2024-10-14 00:00:00+00:00, run_after=2024-10-15 00:00:00+00:00
[2024-10-15T16:26:33.694+0000] {logging_mixin.py:190} INFO - [2024-10-15T16:26:33.693+0000] {dag.py:4180} INFO - Setting next_dagrun for read_dataset_event_from_classic to 2024-10-14 00:00:00+00:00, run_after=2024-10-15 00:00:00+00:00
[2024-10-15T16:26:33.705+0000] {processor.py:208} INFO - Processing /home/airflow/.local/lib/python3.12/site-packages/airflow/example_dags/example_inlet_event_extra.py took 0.300 seconds
[2024-10-15T16:27:04.466+0000] {processor.py:186} INFO - Started process (PID=1466) to work on /home/airflow/.local/lib/python3.12/site-packages/airflow/example_dags/example_inlet_event_extra.py
[2024-10-15T16:27:04.467+0000] {processor.py:914} INFO - Processing file /home/airflow/.local/lib/python3.12/site-packages/airflow/example_dags/example_inlet_event_extra.py for tasks to queue
[2024-10-15T16:27:04.469+0000] {logging_mixin.py:190} INFO - [2024-10-15T16:27:04.469+0000] {dagbag.py:588} INFO - Filling up the DagBag from /home/airflow/.local/lib/python3.12/site-packages/airflow/example_dags/example_inlet_event_extra.py
[2024-10-15T16:27:04.565+0000] {processor.py:925} INFO - DAG(s) 'read_dataset_event', 'read_dataset_event_from_classic' retrieved from /home/airflow/.local/lib/python3.12/site-packages/airflow/example_dags/example_inlet_event_extra.py
[2024-10-15T16:27:04.582+0000] {logging_mixin.py:190} INFO - [2024-10-15T16:27:04.581+0000] {dag.py:3239} INFO - Sync 2 DAGs
[2024-10-15T16:27:04.601+0000] {logging_mixin.py:190} INFO - [2024-10-15T16:27:04.601+0000] {dag.py:4180} INFO - Setting next_dagrun for read_dataset_event to 2024-10-14 00:00:00+00:00, run_after=2024-10-15 00:00:00+00:00
[2024-10-15T16:27:04.606+0000] {logging_mixin.py:190} INFO - [2024-10-15T16:27:04.606+0000] {dag.py:4180} INFO - Setting next_dagrun for read_dataset_event_from_classic to 2024-10-14 00:00:00+00:00, run_after=2024-10-15 00:00:00+00:00
[2024-10-15T16:27:04.773+0000] {processor.py:208} INFO - Processing /home/airflow/.local/lib/python3.12/site-packages/airflow/example_dags/example_inlet_event_extra.py took 0.311 seconds
[2024-10-15T16:27:34.928+0000] {processor.py:186} INFO - Started process (PID=1528) to work on /home/airflow/.local/lib/python3.12/site-packages/airflow/example_dags/example_inlet_event_extra.py
[2024-10-15T16:27:34.929+0000] {processor.py:914} INFO - Processing file /home/airflow/.local/lib/python3.12/site-packages/airflow/example_dags/example_inlet_event_extra.py for tasks to queue
[2024-10-15T16:27:34.931+0000] {logging_mixin.py:190} INFO - [2024-10-15T16:27:34.931+0000] {dagbag.py:588} INFO - Filling up the DagBag from /home/airflow/.local/lib/python3.12/site-packages/airflow/example_dags/example_inlet_event_extra.py
[2024-10-15T16:27:35.031+0000] {processor.py:925} INFO - DAG(s) 'read_dataset_event', 'read_dataset_event_from_classic' retrieved from /home/airflow/.local/lib/python3.12/site-packages/airflow/example_dags/example_inlet_event_extra.py
[2024-10-15T16:27:35.044+0000] {logging_mixin.py:190} INFO - [2024-10-15T16:27:35.044+0000] {dag.py:3239} INFO - Sync 2 DAGs
[2024-10-15T16:27:35.062+0000] {logging_mixin.py:190} INFO - [2024-10-15T16:27:35.062+0000] {dag.py:4180} INFO - Setting next_dagrun for read_dataset_event to 2024-10-14 00:00:00+00:00, run_after=2024-10-15 00:00:00+00:00
[2024-10-15T16:27:35.065+0000] {logging_mixin.py:190} INFO - [2024-10-15T16:27:35.065+0000] {dag.py:4180} INFO - Setting next_dagrun for read_dataset_event_from_classic to 2024-10-14 00:00:00+00:00, run_after=2024-10-15 00:00:00+00:00
[2024-10-15T16:27:35.080+0000] {processor.py:208} INFO - Processing /home/airflow/.local/lib/python3.12/site-packages/airflow/example_dags/example_inlet_event_extra.py took 0.156 seconds
[2024-10-15T16:28:05.521+0000] {processor.py:186} INFO - Started process (PID=1590) to work on /home/airflow/.local/lib/python3.12/site-packages/airflow/example_dags/example_inlet_event_extra.py
[2024-10-15T16:28:05.521+0000] {processor.py:914} INFO - Processing file /home/airflow/.local/lib/python3.12/site-packages/airflow/example_dags/example_inlet_event_extra.py for tasks to queue
[2024-10-15T16:28:05.523+0000] {logging_mixin.py:190} INFO - [2024-10-15T16:28:05.523+0000] {dagbag.py:588} INFO - Filling up the DagBag from /home/airflow/.local/lib/python3.12/site-packages/airflow/example_dags/example_inlet_event_extra.py
[2024-10-15T16:28:05.625+0000] {processor.py:925} INFO - DAG(s) 'read_dataset_event_from_classic', 'read_dataset_event' retrieved from /home/airflow/.local/lib/python3.12/site-packages/airflow/example_dags/example_inlet_event_extra.py
[2024-10-15T16:28:05.641+0000] {logging_mixin.py:190} INFO - [2024-10-15T16:28:05.641+0000] {dag.py:3239} INFO - Sync 2 DAGs
[2024-10-15T16:28:05.658+0000] {logging_mixin.py:190} INFO - [2024-10-15T16:28:05.658+0000] {dag.py:4180} INFO - Setting next_dagrun for read_dataset_event to 2024-10-14 00:00:00+00:00, run_after=2024-10-15 00:00:00+00:00
[2024-10-15T16:28:05.662+0000] {logging_mixin.py:190} INFO - [2024-10-15T16:28:05.662+0000] {dag.py:4180} INFO - Setting next_dagrun for read_dataset_event_from_classic to 2024-10-14 00:00:00+00:00, run_after=2024-10-15 00:00:00+00:00
[2024-10-15T16:28:05.690+0000] {processor.py:208} INFO - Processing /home/airflow/.local/lib/python3.12/site-packages/airflow/example_dags/example_inlet_event_extra.py took 0.174 seconds
[2024-10-15T16:28:35.857+0000] {processor.py:186} INFO - Started process (PID=1652) to work on /home/airflow/.local/lib/python3.12/site-packages/airflow/example_dags/example_inlet_event_extra.py
[2024-10-15T16:28:35.858+0000] {processor.py:914} INFO - Processing file /home/airflow/.local/lib/python3.12/site-packages/airflow/example_dags/example_inlet_event_extra.py for tasks to queue
[2024-10-15T16:28:35.860+0000] {logging_mixin.py:190} INFO - [2024-10-15T16:28:35.859+0000] {dagbag.py:588} INFO - Filling up the DagBag from /home/airflow/.local/lib/python3.12/site-packages/airflow/example_dags/example_inlet_event_extra.py
[2024-10-15T16:28:35.978+0000] {processor.py:925} INFO - DAG(s) 'read_dataset_event_from_classic', 'read_dataset_event' retrieved from /home/airflow/.local/lib/python3.12/site-packages/airflow/example_dags/example_inlet_event_extra.py
[2024-10-15T16:28:36.174+0000] {logging_mixin.py:190} INFO - [2024-10-15T16:28:36.174+0000] {dag.py:3239} INFO - Sync 2 DAGs
[2024-10-15T16:28:36.199+0000] {logging_mixin.py:190} INFO - [2024-10-15T16:28:36.199+0000] {dag.py:4180} INFO - Setting next_dagrun for read_dataset_event to 2024-10-14 00:00:00+00:00, run_after=2024-10-15 00:00:00+00:00
[2024-10-15T16:28:36.205+0000] {logging_mixin.py:190} INFO - [2024-10-15T16:28:36.205+0000] {dag.py:4180} INFO - Setting next_dagrun for read_dataset_event_from_classic to 2024-10-14 00:00:00+00:00, run_after=2024-10-15 00:00:00+00:00
[2024-10-15T16:28:36.292+0000] {processor.py:208} INFO - Processing /home/airflow/.local/lib/python3.12/site-packages/airflow/example_dags/example_inlet_event_extra.py took 0.441 seconds
[2024-10-15T16:29:06.630+0000] {processor.py:186} INFO - Started process (PID=1714) to work on /home/airflow/.local/lib/python3.12/site-packages/airflow/example_dags/example_inlet_event_extra.py
[2024-10-15T16:29:06.630+0000] {processor.py:914} INFO - Processing file /home/airflow/.local/lib/python3.12/site-packages/airflow/example_dags/example_inlet_event_extra.py for tasks to queue
[2024-10-15T16:29:06.633+0000] {logging_mixin.py:190} INFO - [2024-10-15T16:29:06.633+0000] {dagbag.py:588} INFO - Filling up the DagBag from /home/airflow/.local/lib/python3.12/site-packages/airflow/example_dags/example_inlet_event_extra.py
[2024-10-15T16:29:06.738+0000] {processor.py:925} INFO - DAG(s) 'read_dataset_event', 'read_dataset_event_from_classic' retrieved from /home/airflow/.local/lib/python3.12/site-packages/airflow/example_dags/example_inlet_event_extra.py
[2024-10-15T16:29:06.755+0000] {logging_mixin.py:190} INFO - [2024-10-15T16:29:06.755+0000] {dag.py:3239} INFO - Sync 2 DAGs
[2024-10-15T16:29:06.906+0000] {logging_mixin.py:190} INFO - [2024-10-15T16:29:06.906+0000] {dag.py:4180} INFO - Setting next_dagrun for read_dataset_event to 2024-10-14 00:00:00+00:00, run_after=2024-10-15 00:00:00+00:00
[2024-10-15T16:29:06.909+0000] {logging_mixin.py:190} INFO - [2024-10-15T16:29:06.909+0000] {dag.py:4180} INFO - Setting next_dagrun for read_dataset_event_from_classic to 2024-10-14 00:00:00+00:00, run_after=2024-10-15 00:00:00+00:00
[2024-10-15T16:29:06.924+0000] {processor.py:208} INFO - Processing /home/airflow/.local/lib/python3.12/site-packages/airflow/example_dags/example_inlet_event_extra.py took 0.298 seconds
[2024-10-15T16:29:36.951+0000] {processor.py:186} INFO - Started process (PID=1776) to work on /home/airflow/.local/lib/python3.12/site-packages/airflow/example_dags/example_inlet_event_extra.py
[2024-10-15T16:29:36.952+0000] {processor.py:914} INFO - Processing file /home/airflow/.local/lib/python3.12/site-packages/airflow/example_dags/example_inlet_event_extra.py for tasks to queue
[2024-10-15T16:29:36.953+0000] {logging_mixin.py:190} INFO - [2024-10-15T16:29:36.953+0000] {dagbag.py:588} INFO - Filling up the DagBag from /home/airflow/.local/lib/python3.12/site-packages/airflow/example_dags/example_inlet_event_extra.py
[2024-10-15T16:29:37.054+0000] {processor.py:925} INFO - DAG(s) 'read_dataset_event', 'read_dataset_event_from_classic' retrieved from /home/airflow/.local/lib/python3.12/site-packages/airflow/example_dags/example_inlet_event_extra.py
[2024-10-15T16:29:37.068+0000] {logging_mixin.py:190} INFO - [2024-10-15T16:29:37.068+0000] {dag.py:3239} INFO - Sync 2 DAGs
[2024-10-15T16:29:37.223+0000] {logging_mixin.py:190} INFO - [2024-10-15T16:29:37.223+0000] {dag.py:4180} INFO - Setting next_dagrun for read_dataset_event to 2024-10-14 00:00:00+00:00, run_after=2024-10-15 00:00:00+00:00
[2024-10-15T16:29:37.227+0000] {logging_mixin.py:190} INFO - [2024-10-15T16:29:37.227+0000] {dag.py:4180} INFO - Setting next_dagrun for read_dataset_event_from_classic to 2024-10-14 00:00:00+00:00, run_after=2024-10-15 00:00:00+00:00
[2024-10-15T16:29:37.239+0000] {processor.py:208} INFO - Processing /home/airflow/.local/lib/python3.12/site-packages/airflow/example_dags/example_inlet_event_extra.py took 0.292 seconds
