[2024-10-15T16:15:47.257+0000] {processor.py:186} INFO - Started process (PID=107) to work on /home/airflow/.local/lib/python3.12/site-packages/airflow/example_dags/example_branch_operator_decorator.py
[2024-10-15T16:15:47.258+0000] {processor.py:914} INFO - Processing file /home/airflow/.local/lib/python3.12/site-packages/airflow/example_dags/example_branch_operator_decorator.py for tasks to queue
[2024-10-15T16:15:47.260+0000] {logging_mixin.py:190} INFO - [2024-10-15T16:15:47.259+0000] {dagbag.py:588} INFO - Filling up the DagBag from /home/airflow/.local/lib/python3.12/site-packages/airflow/example_dags/example_branch_operator_decorator.py
[2024-10-15T16:15:47.274+0000] {processor.py:925} INFO - DAG(s) 'example_branch_python_operator_decorator' retrieved from /home/airflow/.local/lib/python3.12/site-packages/airflow/example_dags/example_branch_operator_decorator.py
[2024-10-15T16:15:47.350+0000] {logging_mixin.py:190} INFO - [2024-10-15T16:15:47.350+0000] {override.py:1900} INFO - Created Permission View: can read on DAG:example_branch_python_operator_decorator
[2024-10-15T16:15:47.357+0000] {logging_mixin.py:190} INFO - [2024-10-15T16:15:47.357+0000] {override.py:1900} INFO - Created Permission View: can delete on DAG:example_branch_python_operator_decorator
[2024-10-15T16:15:47.362+0000] {logging_mixin.py:190} INFO - [2024-10-15T16:15:47.361+0000] {override.py:1900} INFO - Created Permission View: can edit on DAG:example_branch_python_operator_decorator
[2024-10-15T16:15:47.367+0000] {logging_mixin.py:190} INFO - [2024-10-15T16:15:47.367+0000] {override.py:1900} INFO - Created Permission View: can read on DAG Run:example_branch_python_operator_decorator
[2024-10-15T16:15:47.372+0000] {logging_mixin.py:190} INFO - [2024-10-15T16:15:47.372+0000] {override.py:1900} INFO - Created Permission View: can create on DAG Run:example_branch_python_operator_decorator
[2024-10-15T16:15:47.378+0000] {logging_mixin.py:190} INFO - [2024-10-15T16:15:47.377+0000] {override.py:1900} INFO - Created Permission View: menu access on DAG Run:example_branch_python_operator_decorator
[2024-10-15T16:15:47.382+0000] {logging_mixin.py:190} INFO - [2024-10-15T16:15:47.382+0000] {override.py:1900} INFO - Created Permission View: can delete on DAG Run:example_branch_python_operator_decorator
[2024-10-15T16:15:47.383+0000] {logging_mixin.py:190} INFO - [2024-10-15T16:15:47.382+0000] {dag.py:3239} INFO - Sync 1 DAGs
[2024-10-15T16:15:47.391+0000] {logging_mixin.py:190} INFO - [2024-10-15T16:15:47.391+0000] {dag.py:3262} INFO - Creating ORM DAG for example_branch_python_operator_decorator
[2024-10-15T16:15:47.397+0000] {logging_mixin.py:190} INFO - [2024-10-15T16:15:47.397+0000] {dag.py:4180} INFO - Setting next_dagrun for example_branch_python_operator_decorator to 2024-10-14 00:00:00+00:00, run_after=2024-10-15 00:00:00+00:00
[2024-10-15T16:15:47.408+0000] {processor.py:208} INFO - Processing /home/airflow/.local/lib/python3.12/site-packages/airflow/example_dags/example_branch_operator_decorator.py took 0.156 seconds
[2024-10-15T16:16:17.501+0000] {processor.py:186} INFO - Started process (PID=169) to work on /home/airflow/.local/lib/python3.12/site-packages/airflow/example_dags/example_branch_operator_decorator.py
[2024-10-15T16:16:17.502+0000] {processor.py:914} INFO - Processing file /home/airflow/.local/lib/python3.12/site-packages/airflow/example_dags/example_branch_operator_decorator.py for tasks to queue
[2024-10-15T16:16:17.504+0000] {logging_mixin.py:190} INFO - [2024-10-15T16:16:17.503+0000] {dagbag.py:588} INFO - Filling up the DagBag from /home/airflow/.local/lib/python3.12/site-packages/airflow/example_dags/example_branch_operator_decorator.py
[2024-10-15T16:16:17.519+0000] {processor.py:925} INFO - DAG(s) 'example_branch_python_operator_decorator' retrieved from /home/airflow/.local/lib/python3.12/site-packages/airflow/example_dags/example_branch_operator_decorator.py
[2024-10-15T16:16:17.540+0000] {logging_mixin.py:190} INFO - [2024-10-15T16:16:17.540+0000] {dag.py:3239} INFO - Sync 1 DAGs
[2024-10-15T16:16:17.556+0000] {logging_mixin.py:190} INFO - [2024-10-15T16:16:17.556+0000] {dag.py:4180} INFO - Setting next_dagrun for example_branch_python_operator_decorator to 2024-10-14 00:00:00+00:00, run_after=2024-10-15 00:00:00+00:00
[2024-10-15T16:16:17.572+0000] {processor.py:208} INFO - Processing /home/airflow/.local/lib/python3.12/site-packages/airflow/example_dags/example_branch_operator_decorator.py took 0.076 seconds
[2024-10-15T16:16:48.176+0000] {processor.py:186} INFO - Started process (PID=231) to work on /home/airflow/.local/lib/python3.12/site-packages/airflow/example_dags/example_branch_operator_decorator.py
[2024-10-15T16:16:48.177+0000] {processor.py:914} INFO - Processing file /home/airflow/.local/lib/python3.12/site-packages/airflow/example_dags/example_branch_operator_decorator.py for tasks to queue
[2024-10-15T16:16:48.178+0000] {logging_mixin.py:190} INFO - [2024-10-15T16:16:48.178+0000] {dagbag.py:588} INFO - Filling up the DagBag from /home/airflow/.local/lib/python3.12/site-packages/airflow/example_dags/example_branch_operator_decorator.py
[2024-10-15T16:16:48.195+0000] {processor.py:925} INFO - DAG(s) 'example_branch_python_operator_decorator' retrieved from /home/airflow/.local/lib/python3.12/site-packages/airflow/example_dags/example_branch_operator_decorator.py
[2024-10-15T16:16:48.214+0000] {logging_mixin.py:190} INFO - [2024-10-15T16:16:48.214+0000] {dag.py:3239} INFO - Sync 1 DAGs
[2024-10-15T16:16:48.229+0000] {logging_mixin.py:190} INFO - [2024-10-15T16:16:48.229+0000] {dag.py:4180} INFO - Setting next_dagrun for example_branch_python_operator_decorator to 2024-10-14 00:00:00+00:00, run_after=2024-10-15 00:00:00+00:00
[2024-10-15T16:16:48.244+0000] {processor.py:208} INFO - Processing /home/airflow/.local/lib/python3.12/site-packages/airflow/example_dags/example_branch_operator_decorator.py took 0.072 seconds
[2024-10-15T16:17:19.089+0000] {processor.py:186} INFO - Started process (PID=293) to work on /home/airflow/.local/lib/python3.12/site-packages/airflow/example_dags/example_branch_operator_decorator.py
[2024-10-15T16:17:19.090+0000] {processor.py:914} INFO - Processing file /home/airflow/.local/lib/python3.12/site-packages/airflow/example_dags/example_branch_operator_decorator.py for tasks to queue
[2024-10-15T16:17:19.092+0000] {logging_mixin.py:190} INFO - [2024-10-15T16:17:19.092+0000] {dagbag.py:588} INFO - Filling up the DagBag from /home/airflow/.local/lib/python3.12/site-packages/airflow/example_dags/example_branch_operator_decorator.py
[2024-10-15T16:17:19.106+0000] {processor.py:925} INFO - DAG(s) 'example_branch_python_operator_decorator' retrieved from /home/airflow/.local/lib/python3.12/site-packages/airflow/example_dags/example_branch_operator_decorator.py
[2024-10-15T16:17:19.126+0000] {logging_mixin.py:190} INFO - [2024-10-15T16:17:19.125+0000] {dag.py:3239} INFO - Sync 1 DAGs
[2024-10-15T16:17:19.143+0000] {logging_mixin.py:190} INFO - [2024-10-15T16:17:19.142+0000] {dag.py:4180} INFO - Setting next_dagrun for example_branch_python_operator_decorator to 2024-10-14 00:00:00+00:00, run_after=2024-10-15 00:00:00+00:00
[2024-10-15T16:17:19.159+0000] {processor.py:208} INFO - Processing /home/airflow/.local/lib/python3.12/site-packages/airflow/example_dags/example_branch_operator_decorator.py took 0.074 seconds
[2024-10-15T16:17:49.882+0000] {processor.py:186} INFO - Started process (PID=355) to work on /home/airflow/.local/lib/python3.12/site-packages/airflow/example_dags/example_branch_operator_decorator.py
[2024-10-15T16:17:49.882+0000] {processor.py:914} INFO - Processing file /home/airflow/.local/lib/python3.12/site-packages/airflow/example_dags/example_branch_operator_decorator.py for tasks to queue
[2024-10-15T16:17:49.884+0000] {logging_mixin.py:190} INFO - [2024-10-15T16:17:49.884+0000] {dagbag.py:588} INFO - Filling up the DagBag from /home/airflow/.local/lib/python3.12/site-packages/airflow/example_dags/example_branch_operator_decorator.py
[2024-10-15T16:17:49.901+0000] {processor.py:925} INFO - DAG(s) 'example_branch_python_operator_decorator' retrieved from /home/airflow/.local/lib/python3.12/site-packages/airflow/example_dags/example_branch_operator_decorator.py
[2024-10-15T16:17:49.919+0000] {logging_mixin.py:190} INFO - [2024-10-15T16:17:49.919+0000] {dag.py:3239} INFO - Sync 1 DAGs
[2024-10-15T16:17:49.934+0000] {logging_mixin.py:190} INFO - [2024-10-15T16:17:49.934+0000] {dag.py:4180} INFO - Setting next_dagrun for example_branch_python_operator_decorator to 2024-10-14 00:00:00+00:00, run_after=2024-10-15 00:00:00+00:00
[2024-10-15T16:17:49.950+0000] {processor.py:208} INFO - Processing /home/airflow/.local/lib/python3.12/site-packages/airflow/example_dags/example_branch_operator_decorator.py took 0.072 seconds
[2024-10-15T16:18:20.944+0000] {processor.py:186} INFO - Started process (PID=417) to work on /home/airflow/.local/lib/python3.12/site-packages/airflow/example_dags/example_branch_operator_decorator.py
[2024-10-15T16:18:20.945+0000] {processor.py:914} INFO - Processing file /home/airflow/.local/lib/python3.12/site-packages/airflow/example_dags/example_branch_operator_decorator.py for tasks to queue
[2024-10-15T16:18:20.947+0000] {logging_mixin.py:190} INFO - [2024-10-15T16:18:20.947+0000] {dagbag.py:588} INFO - Filling up the DagBag from /home/airflow/.local/lib/python3.12/site-packages/airflow/example_dags/example_branch_operator_decorator.py
[2024-10-15T16:18:20.965+0000] {processor.py:925} INFO - DAG(s) 'example_branch_python_operator_decorator' retrieved from /home/airflow/.local/lib/python3.12/site-packages/airflow/example_dags/example_branch_operator_decorator.py
[2024-10-15T16:18:20.989+0000] {logging_mixin.py:190} INFO - [2024-10-15T16:18:20.989+0000] {dag.py:3239} INFO - Sync 1 DAGs
[2024-10-15T16:18:21.009+0000] {logging_mixin.py:190} INFO - [2024-10-15T16:18:21.009+0000] {dag.py:4180} INFO - Setting next_dagrun for example_branch_python_operator_decorator to 2024-10-14 00:00:00+00:00, run_after=2024-10-15 00:00:00+00:00
[2024-10-15T16:18:21.024+0000] {processor.py:208} INFO - Processing /home/airflow/.local/lib/python3.12/site-packages/airflow/example_dags/example_branch_operator_decorator.py took 0.085 seconds
[2024-10-15T16:18:52.119+0000] {processor.py:186} INFO - Started process (PID=479) to work on /home/airflow/.local/lib/python3.12/site-packages/airflow/example_dags/example_branch_operator_decorator.py
[2024-10-15T16:18:52.119+0000] {processor.py:914} INFO - Processing file /home/airflow/.local/lib/python3.12/site-packages/airflow/example_dags/example_branch_operator_decorator.py for tasks to queue
[2024-10-15T16:18:52.121+0000] {logging_mixin.py:190} INFO - [2024-10-15T16:18:52.120+0000] {dagbag.py:588} INFO - Filling up the DagBag from /home/airflow/.local/lib/python3.12/site-packages/airflow/example_dags/example_branch_operator_decorator.py
[2024-10-15T16:18:52.135+0000] {processor.py:925} INFO - DAG(s) 'example_branch_python_operator_decorator' retrieved from /home/airflow/.local/lib/python3.12/site-packages/airflow/example_dags/example_branch_operator_decorator.py
[2024-10-15T16:18:52.155+0000] {logging_mixin.py:190} INFO - [2024-10-15T16:18:52.154+0000] {dag.py:3239} INFO - Sync 1 DAGs
[2024-10-15T16:18:52.171+0000] {logging_mixin.py:190} INFO - [2024-10-15T16:18:52.170+0000] {dag.py:4180} INFO - Setting next_dagrun for example_branch_python_operator_decorator to 2024-10-14 00:00:00+00:00, run_after=2024-10-15 00:00:00+00:00
[2024-10-15T16:18:52.188+0000] {processor.py:208} INFO - Processing /home/airflow/.local/lib/python3.12/site-packages/airflow/example_dags/example_branch_operator_decorator.py took 0.073 seconds
[2024-10-15T16:19:23.112+0000] {processor.py:186} INFO - Started process (PID=541) to work on /home/airflow/.local/lib/python3.12/site-packages/airflow/example_dags/example_branch_operator_decorator.py
[2024-10-15T16:19:23.113+0000] {processor.py:914} INFO - Processing file /home/airflow/.local/lib/python3.12/site-packages/airflow/example_dags/example_branch_operator_decorator.py for tasks to queue
[2024-10-15T16:19:23.115+0000] {logging_mixin.py:190} INFO - [2024-10-15T16:19:23.114+0000] {dagbag.py:588} INFO - Filling up the DagBag from /home/airflow/.local/lib/python3.12/site-packages/airflow/example_dags/example_branch_operator_decorator.py
[2024-10-15T16:19:23.129+0000] {processor.py:925} INFO - DAG(s) 'example_branch_python_operator_decorator' retrieved from /home/airflow/.local/lib/python3.12/site-packages/airflow/example_dags/example_branch_operator_decorator.py
[2024-10-15T16:19:23.148+0000] {logging_mixin.py:190} INFO - [2024-10-15T16:19:23.148+0000] {dag.py:3239} INFO - Sync 1 DAGs
[2024-10-15T16:19:23.163+0000] {logging_mixin.py:190} INFO - [2024-10-15T16:19:23.163+0000] {dag.py:4180} INFO - Setting next_dagrun for example_branch_python_operator_decorator to 2024-10-14 00:00:00+00:00, run_after=2024-10-15 00:00:00+00:00
[2024-10-15T16:19:23.177+0000] {processor.py:208} INFO - Processing /home/airflow/.local/lib/python3.12/site-packages/airflow/example_dags/example_branch_operator_decorator.py took 0.069 seconds
[2024-10-15T16:19:54.046+0000] {processor.py:186} INFO - Started process (PID=603) to work on /home/airflow/.local/lib/python3.12/site-packages/airflow/example_dags/example_branch_operator_decorator.py
[2024-10-15T16:19:54.047+0000] {processor.py:914} INFO - Processing file /home/airflow/.local/lib/python3.12/site-packages/airflow/example_dags/example_branch_operator_decorator.py for tasks to queue
[2024-10-15T16:19:54.049+0000] {logging_mixin.py:190} INFO - [2024-10-15T16:19:54.048+0000] {dagbag.py:588} INFO - Filling up the DagBag from /home/airflow/.local/lib/python3.12/site-packages/airflow/example_dags/example_branch_operator_decorator.py
[2024-10-15T16:19:54.065+0000] {processor.py:925} INFO - DAG(s) 'example_branch_python_operator_decorator' retrieved from /home/airflow/.local/lib/python3.12/site-packages/airflow/example_dags/example_branch_operator_decorator.py
[2024-10-15T16:19:54.089+0000] {logging_mixin.py:190} INFO - [2024-10-15T16:19:54.088+0000] {dag.py:3239} INFO - Sync 1 DAGs
[2024-10-15T16:19:54.111+0000] {logging_mixin.py:190} INFO - [2024-10-15T16:19:54.111+0000] {dag.py:4180} INFO - Setting next_dagrun for example_branch_python_operator_decorator to 2024-10-14 00:00:00+00:00, run_after=2024-10-15 00:00:00+00:00
[2024-10-15T16:19:54.130+0000] {processor.py:208} INFO - Processing /home/airflow/.local/lib/python3.12/site-packages/airflow/example_dags/example_branch_operator_decorator.py took 0.088 seconds
[2024-10-15T16:20:25.134+0000] {processor.py:186} INFO - Started process (PID=665) to work on /home/airflow/.local/lib/python3.12/site-packages/airflow/example_dags/example_branch_operator_decorator.py
[2024-10-15T16:20:25.135+0000] {processor.py:914} INFO - Processing file /home/airflow/.local/lib/python3.12/site-packages/airflow/example_dags/example_branch_operator_decorator.py for tasks to queue
[2024-10-15T16:20:25.136+0000] {logging_mixin.py:190} INFO - [2024-10-15T16:20:25.136+0000] {dagbag.py:588} INFO - Filling up the DagBag from /home/airflow/.local/lib/python3.12/site-packages/airflow/example_dags/example_branch_operator_decorator.py
[2024-10-15T16:20:25.152+0000] {processor.py:925} INFO - DAG(s) 'example_branch_python_operator_decorator' retrieved from /home/airflow/.local/lib/python3.12/site-packages/airflow/example_dags/example_branch_operator_decorator.py
[2024-10-15T16:20:25.172+0000] {logging_mixin.py:190} INFO - [2024-10-15T16:20:25.172+0000] {dag.py:3239} INFO - Sync 1 DAGs
[2024-10-15T16:20:25.187+0000] {logging_mixin.py:190} INFO - [2024-10-15T16:20:25.187+0000] {dag.py:4180} INFO - Setting next_dagrun for example_branch_python_operator_decorator to 2024-10-14 00:00:00+00:00, run_after=2024-10-15 00:00:00+00:00
[2024-10-15T16:20:25.202+0000] {processor.py:208} INFO - Processing /home/airflow/.local/lib/python3.12/site-packages/airflow/example_dags/example_branch_operator_decorator.py took 0.072 seconds
[2024-10-15T16:20:56.023+0000] {processor.py:186} INFO - Started process (PID=727) to work on /home/airflow/.local/lib/python3.12/site-packages/airflow/example_dags/example_branch_operator_decorator.py
[2024-10-15T16:20:56.024+0000] {processor.py:914} INFO - Processing file /home/airflow/.local/lib/python3.12/site-packages/airflow/example_dags/example_branch_operator_decorator.py for tasks to queue
[2024-10-15T16:20:56.026+0000] {logging_mixin.py:190} INFO - [2024-10-15T16:20:56.025+0000] {dagbag.py:588} INFO - Filling up the DagBag from /home/airflow/.local/lib/python3.12/site-packages/airflow/example_dags/example_branch_operator_decorator.py
[2024-10-15T16:20:56.041+0000] {processor.py:925} INFO - DAG(s) 'example_branch_python_operator_decorator' retrieved from /home/airflow/.local/lib/python3.12/site-packages/airflow/example_dags/example_branch_operator_decorator.py
[2024-10-15T16:20:56.066+0000] {logging_mixin.py:190} INFO - [2024-10-15T16:20:56.065+0000] {dag.py:3239} INFO - Sync 1 DAGs
[2024-10-15T16:20:56.084+0000] {logging_mixin.py:190} INFO - [2024-10-15T16:20:56.083+0000] {dag.py:4180} INFO - Setting next_dagrun for example_branch_python_operator_decorator to 2024-10-14 00:00:00+00:00, run_after=2024-10-15 00:00:00+00:00
[2024-10-15T16:20:56.103+0000] {processor.py:208} INFO - Processing /home/airflow/.local/lib/python3.12/site-packages/airflow/example_dags/example_branch_operator_decorator.py took 0.085 seconds
[2024-10-15T16:21:26.964+0000] {processor.py:186} INFO - Started process (PID=789) to work on /home/airflow/.local/lib/python3.12/site-packages/airflow/example_dags/example_branch_operator_decorator.py
[2024-10-15T16:21:26.965+0000] {processor.py:914} INFO - Processing file /home/airflow/.local/lib/python3.12/site-packages/airflow/example_dags/example_branch_operator_decorator.py for tasks to queue
[2024-10-15T16:21:26.967+0000] {logging_mixin.py:190} INFO - [2024-10-15T16:21:26.966+0000] {dagbag.py:588} INFO - Filling up the DagBag from /home/airflow/.local/lib/python3.12/site-packages/airflow/example_dags/example_branch_operator_decorator.py
[2024-10-15T16:21:26.992+0000] {processor.py:925} INFO - DAG(s) 'example_branch_python_operator_decorator' retrieved from /home/airflow/.local/lib/python3.12/site-packages/airflow/example_dags/example_branch_operator_decorator.py
[2024-10-15T16:21:27.014+0000] {logging_mixin.py:190} INFO - [2024-10-15T16:21:27.014+0000] {dag.py:3239} INFO - Sync 1 DAGs
[2024-10-15T16:21:27.036+0000] {logging_mixin.py:190} INFO - [2024-10-15T16:21:27.036+0000] {dag.py:4180} INFO - Setting next_dagrun for example_branch_python_operator_decorator to 2024-10-14 00:00:00+00:00, run_after=2024-10-15 00:00:00+00:00
[2024-10-15T16:21:27.051+0000] {processor.py:208} INFO - Processing /home/airflow/.local/lib/python3.12/site-packages/airflow/example_dags/example_branch_operator_decorator.py took 0.090 seconds
[2024-10-15T16:21:58.054+0000] {processor.py:186} INFO - Started process (PID=851) to work on /home/airflow/.local/lib/python3.12/site-packages/airflow/example_dags/example_branch_operator_decorator.py
[2024-10-15T16:21:58.055+0000] {processor.py:914} INFO - Processing file /home/airflow/.local/lib/python3.12/site-packages/airflow/example_dags/example_branch_operator_decorator.py for tasks to queue
[2024-10-15T16:21:58.058+0000] {logging_mixin.py:190} INFO - [2024-10-15T16:21:58.058+0000] {dagbag.py:588} INFO - Filling up the DagBag from /home/airflow/.local/lib/python3.12/site-packages/airflow/example_dags/example_branch_operator_decorator.py
[2024-10-15T16:21:58.077+0000] {processor.py:925} INFO - DAG(s) 'example_branch_python_operator_decorator' retrieved from /home/airflow/.local/lib/python3.12/site-packages/airflow/example_dags/example_branch_operator_decorator.py
[2024-10-15T16:21:58.103+0000] {logging_mixin.py:190} INFO - [2024-10-15T16:21:58.102+0000] {dag.py:3239} INFO - Sync 1 DAGs
[2024-10-15T16:21:58.129+0000] {logging_mixin.py:190} INFO - [2024-10-15T16:21:58.128+0000] {dag.py:4180} INFO - Setting next_dagrun for example_branch_python_operator_decorator to 2024-10-14 00:00:00+00:00, run_after=2024-10-15 00:00:00+00:00
[2024-10-15T16:21:58.152+0000] {processor.py:208} INFO - Processing /home/airflow/.local/lib/python3.12/site-packages/airflow/example_dags/example_branch_operator_decorator.py took 0.103 seconds
[2024-10-15T16:22:28.392+0000] {processor.py:186} INFO - Started process (PID=913) to work on /home/airflow/.local/lib/python3.12/site-packages/airflow/example_dags/example_branch_operator_decorator.py
[2024-10-15T16:22:28.393+0000] {processor.py:914} INFO - Processing file /home/airflow/.local/lib/python3.12/site-packages/airflow/example_dags/example_branch_operator_decorator.py for tasks to queue
[2024-10-15T16:22:28.395+0000] {logging_mixin.py:190} INFO - [2024-10-15T16:22:28.394+0000] {dagbag.py:588} INFO - Filling up the DagBag from /home/airflow/.local/lib/python3.12/site-packages/airflow/example_dags/example_branch_operator_decorator.py
[2024-10-15T16:22:28.412+0000] {processor.py:925} INFO - DAG(s) 'example_branch_python_operator_decorator' retrieved from /home/airflow/.local/lib/python3.12/site-packages/airflow/example_dags/example_branch_operator_decorator.py
[2024-10-15T16:22:28.436+0000] {logging_mixin.py:190} INFO - [2024-10-15T16:22:28.435+0000] {dag.py:3239} INFO - Sync 1 DAGs
[2024-10-15T16:22:28.456+0000] {logging_mixin.py:190} INFO - [2024-10-15T16:22:28.456+0000] {dag.py:4180} INFO - Setting next_dagrun for example_branch_python_operator_decorator to 2024-10-14 00:00:00+00:00, run_after=2024-10-15 00:00:00+00:00
[2024-10-15T16:22:28.474+0000] {processor.py:208} INFO - Processing /home/airflow/.local/lib/python3.12/site-packages/airflow/example_dags/example_branch_operator_decorator.py took 0.087 seconds
[2024-10-15T16:22:59.340+0000] {processor.py:186} INFO - Started process (PID=975) to work on /home/airflow/.local/lib/python3.12/site-packages/airflow/example_dags/example_branch_operator_decorator.py
[2024-10-15T16:22:59.341+0000] {processor.py:914} INFO - Processing file /home/airflow/.local/lib/python3.12/site-packages/airflow/example_dags/example_branch_operator_decorator.py for tasks to queue
[2024-10-15T16:22:59.343+0000] {logging_mixin.py:190} INFO - [2024-10-15T16:22:59.343+0000] {dagbag.py:588} INFO - Filling up the DagBag from /home/airflow/.local/lib/python3.12/site-packages/airflow/example_dags/example_branch_operator_decorator.py
[2024-10-15T16:22:59.360+0000] {processor.py:925} INFO - DAG(s) 'example_branch_python_operator_decorator' retrieved from /home/airflow/.local/lib/python3.12/site-packages/airflow/example_dags/example_branch_operator_decorator.py
[2024-10-15T16:22:59.380+0000] {logging_mixin.py:190} INFO - [2024-10-15T16:22:59.380+0000] {dag.py:3239} INFO - Sync 1 DAGs
[2024-10-15T16:22:59.400+0000] {logging_mixin.py:190} INFO - [2024-10-15T16:22:59.400+0000] {dag.py:4180} INFO - Setting next_dagrun for example_branch_python_operator_decorator to 2024-10-14 00:00:00+00:00, run_after=2024-10-15 00:00:00+00:00
[2024-10-15T16:22:59.415+0000] {processor.py:208} INFO - Processing /home/airflow/.local/lib/python3.12/site-packages/airflow/example_dags/example_branch_operator_decorator.py took 0.080 seconds
[2024-10-15T16:23:29.536+0000] {processor.py:186} INFO - Started process (PID=1037) to work on /home/airflow/.local/lib/python3.12/site-packages/airflow/example_dags/example_branch_operator_decorator.py
[2024-10-15T16:23:29.538+0000] {processor.py:914} INFO - Processing file /home/airflow/.local/lib/python3.12/site-packages/airflow/example_dags/example_branch_operator_decorator.py for tasks to queue
[2024-10-15T16:23:29.541+0000] {logging_mixin.py:190} INFO - [2024-10-15T16:23:29.540+0000] {dagbag.py:588} INFO - Filling up the DagBag from /home/airflow/.local/lib/python3.12/site-packages/airflow/example_dags/example_branch_operator_decorator.py
[2024-10-15T16:23:29.558+0000] {processor.py:925} INFO - DAG(s) 'example_branch_python_operator_decorator' retrieved from /home/airflow/.local/lib/python3.12/site-packages/airflow/example_dags/example_branch_operator_decorator.py
[2024-10-15T16:23:29.584+0000] {logging_mixin.py:190} INFO - [2024-10-15T16:23:29.584+0000] {dag.py:3239} INFO - Sync 1 DAGs
[2024-10-15T16:23:29.607+0000] {logging_mixin.py:190} INFO - [2024-10-15T16:23:29.606+0000] {dag.py:4180} INFO - Setting next_dagrun for example_branch_python_operator_decorator to 2024-10-14 00:00:00+00:00, run_after=2024-10-15 00:00:00+00:00
[2024-10-15T16:23:29.624+0000] {processor.py:208} INFO - Processing /home/airflow/.local/lib/python3.12/site-packages/airflow/example_dags/example_branch_operator_decorator.py took 0.093 seconds
[2024-10-15T16:23:59.780+0000] {processor.py:186} INFO - Started process (PID=1099) to work on /home/airflow/.local/lib/python3.12/site-packages/airflow/example_dags/example_branch_operator_decorator.py
[2024-10-15T16:23:59.781+0000] {processor.py:914} INFO - Processing file /home/airflow/.local/lib/python3.12/site-packages/airflow/example_dags/example_branch_operator_decorator.py for tasks to queue
[2024-10-15T16:23:59.783+0000] {logging_mixin.py:190} INFO - [2024-10-15T16:23:59.782+0000] {dagbag.py:588} INFO - Filling up the DagBag from /home/airflow/.local/lib/python3.12/site-packages/airflow/example_dags/example_branch_operator_decorator.py
[2024-10-15T16:23:59.799+0000] {processor.py:925} INFO - DAG(s) 'example_branch_python_operator_decorator' retrieved from /home/airflow/.local/lib/python3.12/site-packages/airflow/example_dags/example_branch_operator_decorator.py
[2024-10-15T16:23:59.820+0000] {logging_mixin.py:190} INFO - [2024-10-15T16:23:59.820+0000] {dag.py:3239} INFO - Sync 1 DAGs
[2024-10-15T16:23:59.843+0000] {logging_mixin.py:190} INFO - [2024-10-15T16:23:59.843+0000] {dag.py:4180} INFO - Setting next_dagrun for example_branch_python_operator_decorator to 2024-10-14 00:00:00+00:00, run_after=2024-10-15 00:00:00+00:00
[2024-10-15T16:23:59.858+0000] {processor.py:208} INFO - Processing /home/airflow/.local/lib/python3.12/site-packages/airflow/example_dags/example_branch_operator_decorator.py took 0.082 seconds
[2024-10-15T16:24:30.753+0000] {processor.py:186} INFO - Started process (PID=1161) to work on /home/airflow/.local/lib/python3.12/site-packages/airflow/example_dags/example_branch_operator_decorator.py
[2024-10-15T16:24:30.754+0000] {processor.py:914} INFO - Processing file /home/airflow/.local/lib/python3.12/site-packages/airflow/example_dags/example_branch_operator_decorator.py for tasks to queue
[2024-10-15T16:24:30.755+0000] {logging_mixin.py:190} INFO - [2024-10-15T16:24:30.755+0000] {dagbag.py:588} INFO - Filling up the DagBag from /home/airflow/.local/lib/python3.12/site-packages/airflow/example_dags/example_branch_operator_decorator.py
[2024-10-15T16:24:30.770+0000] {processor.py:925} INFO - DAG(s) 'example_branch_python_operator_decorator' retrieved from /home/airflow/.local/lib/python3.12/site-packages/airflow/example_dags/example_branch_operator_decorator.py
[2024-10-15T16:24:30.792+0000] {logging_mixin.py:190} INFO - [2024-10-15T16:24:30.792+0000] {dag.py:3239} INFO - Sync 1 DAGs
[2024-10-15T16:24:30.810+0000] {logging_mixin.py:190} INFO - [2024-10-15T16:24:30.810+0000] {dag.py:4180} INFO - Setting next_dagrun for example_branch_python_operator_decorator to 2024-10-14 00:00:00+00:00, run_after=2024-10-15 00:00:00+00:00
[2024-10-15T16:24:30.831+0000] {processor.py:208} INFO - Processing /home/airflow/.local/lib/python3.12/site-packages/airflow/example_dags/example_branch_operator_decorator.py took 0.082 seconds
[2024-10-15T16:25:01.599+0000] {processor.py:186} INFO - Started process (PID=1223) to work on /home/airflow/.local/lib/python3.12/site-packages/airflow/example_dags/example_branch_operator_decorator.py
[2024-10-15T16:25:01.601+0000] {processor.py:914} INFO - Processing file /home/airflow/.local/lib/python3.12/site-packages/airflow/example_dags/example_branch_operator_decorator.py for tasks to queue
[2024-10-15T16:25:01.603+0000] {logging_mixin.py:190} INFO - [2024-10-15T16:25:01.603+0000] {dagbag.py:588} INFO - Filling up the DagBag from /home/airflow/.local/lib/python3.12/site-packages/airflow/example_dags/example_branch_operator_decorator.py
[2024-10-15T16:25:01.628+0000] {processor.py:925} INFO - DAG(s) 'example_branch_python_operator_decorator' retrieved from /home/airflow/.local/lib/python3.12/site-packages/airflow/example_dags/example_branch_operator_decorator.py
[2024-10-15T16:25:01.657+0000] {logging_mixin.py:190} INFO - [2024-10-15T16:25:01.656+0000] {dag.py:3239} INFO - Sync 1 DAGs
[2024-10-15T16:25:01.684+0000] {logging_mixin.py:190} INFO - [2024-10-15T16:25:01.684+0000] {dag.py:4180} INFO - Setting next_dagrun for example_branch_python_operator_decorator to 2024-10-14 00:00:00+00:00, run_after=2024-10-15 00:00:00+00:00
[2024-10-15T16:25:01.702+0000] {processor.py:208} INFO - Processing /home/airflow/.local/lib/python3.12/site-packages/airflow/example_dags/example_branch_operator_decorator.py took 0.107 seconds
[2024-10-15T16:25:32.150+0000] {processor.py:186} INFO - Started process (PID=1285) to work on /home/airflow/.local/lib/python3.12/site-packages/airflow/example_dags/example_branch_operator_decorator.py
[2024-10-15T16:25:32.150+0000] {processor.py:914} INFO - Processing file /home/airflow/.local/lib/python3.12/site-packages/airflow/example_dags/example_branch_operator_decorator.py for tasks to queue
[2024-10-15T16:25:32.152+0000] {logging_mixin.py:190} INFO - [2024-10-15T16:25:32.152+0000] {dagbag.py:588} INFO - Filling up the DagBag from /home/airflow/.local/lib/python3.12/site-packages/airflow/example_dags/example_branch_operator_decorator.py
[2024-10-15T16:25:32.167+0000] {processor.py:925} INFO - DAG(s) 'example_branch_python_operator_decorator' retrieved from /home/airflow/.local/lib/python3.12/site-packages/airflow/example_dags/example_branch_operator_decorator.py
[2024-10-15T16:25:32.187+0000] {logging_mixin.py:190} INFO - [2024-10-15T16:25:32.186+0000] {dag.py:3239} INFO - Sync 1 DAGs
[2024-10-15T16:25:32.205+0000] {logging_mixin.py:190} INFO - [2024-10-15T16:25:32.204+0000] {dag.py:4180} INFO - Setting next_dagrun for example_branch_python_operator_decorator to 2024-10-14 00:00:00+00:00, run_after=2024-10-15 00:00:00+00:00
[2024-10-15T16:25:32.222+0000] {processor.py:208} INFO - Processing /home/airflow/.local/lib/python3.12/site-packages/airflow/example_dags/example_branch_operator_decorator.py took 0.077 seconds
[2024-10-15T16:26:02.915+0000] {processor.py:186} INFO - Started process (PID=1347) to work on /home/airflow/.local/lib/python3.12/site-packages/airflow/example_dags/example_branch_operator_decorator.py
[2024-10-15T16:26:02.915+0000] {processor.py:914} INFO - Processing file /home/airflow/.local/lib/python3.12/site-packages/airflow/example_dags/example_branch_operator_decorator.py for tasks to queue
[2024-10-15T16:26:02.917+0000] {logging_mixin.py:190} INFO - [2024-10-15T16:26:02.917+0000] {dagbag.py:588} INFO - Filling up the DagBag from /home/airflow/.local/lib/python3.12/site-packages/airflow/example_dags/example_branch_operator_decorator.py
[2024-10-15T16:26:02.932+0000] {processor.py:925} INFO - DAG(s) 'example_branch_python_operator_decorator' retrieved from /home/airflow/.local/lib/python3.12/site-packages/airflow/example_dags/example_branch_operator_decorator.py
[2024-10-15T16:26:02.951+0000] {logging_mixin.py:190} INFO - [2024-10-15T16:26:02.951+0000] {dag.py:3239} INFO - Sync 1 DAGs
[2024-10-15T16:26:02.968+0000] {logging_mixin.py:190} INFO - [2024-10-15T16:26:02.968+0000] {dag.py:4180} INFO - Setting next_dagrun for example_branch_python_operator_decorator to 2024-10-14 00:00:00+00:00, run_after=2024-10-15 00:00:00+00:00
[2024-10-15T16:26:02.987+0000] {processor.py:208} INFO - Processing /home/airflow/.local/lib/python3.12/site-packages/airflow/example_dags/example_branch_operator_decorator.py took 0.077 seconds
[2024-10-15T16:26:33.888+0000] {processor.py:186} INFO - Started process (PID=1409) to work on /home/airflow/.local/lib/python3.12/site-packages/airflow/example_dags/example_branch_operator_decorator.py
[2024-10-15T16:26:33.889+0000] {processor.py:914} INFO - Processing file /home/airflow/.local/lib/python3.12/site-packages/airflow/example_dags/example_branch_operator_decorator.py for tasks to queue
[2024-10-15T16:26:33.891+0000] {logging_mixin.py:190} INFO - [2024-10-15T16:26:33.890+0000] {dagbag.py:588} INFO - Filling up the DagBag from /home/airflow/.local/lib/python3.12/site-packages/airflow/example_dags/example_branch_operator_decorator.py
[2024-10-15T16:26:33.909+0000] {processor.py:925} INFO - DAG(s) 'example_branch_python_operator_decorator' retrieved from /home/airflow/.local/lib/python3.12/site-packages/airflow/example_dags/example_branch_operator_decorator.py
[2024-10-15T16:26:33.928+0000] {logging_mixin.py:190} INFO - [2024-10-15T16:26:33.928+0000] {dag.py:3239} INFO - Sync 1 DAGs
[2024-10-15T16:26:33.945+0000] {logging_mixin.py:190} INFO - [2024-10-15T16:26:33.945+0000] {dag.py:4180} INFO - Setting next_dagrun for example_branch_python_operator_decorator to 2024-10-14 00:00:00+00:00, run_after=2024-10-15 00:00:00+00:00
[2024-10-15T16:26:33.958+0000] {processor.py:208} INFO - Processing /home/airflow/.local/lib/python3.12/site-packages/airflow/example_dags/example_branch_operator_decorator.py took 0.074 seconds
[2024-10-15T16:27:04.958+0000] {processor.py:186} INFO - Started process (PID=1471) to work on /home/airflow/.local/lib/python3.12/site-packages/airflow/example_dags/example_branch_operator_decorator.py
[2024-10-15T16:27:04.958+0000] {processor.py:914} INFO - Processing file /home/airflow/.local/lib/python3.12/site-packages/airflow/example_dags/example_branch_operator_decorator.py for tasks to queue
[2024-10-15T16:27:04.960+0000] {logging_mixin.py:190} INFO - [2024-10-15T16:27:04.960+0000] {dagbag.py:588} INFO - Filling up the DagBag from /home/airflow/.local/lib/python3.12/site-packages/airflow/example_dags/example_branch_operator_decorator.py
[2024-10-15T16:27:04.975+0000] {processor.py:925} INFO - DAG(s) 'example_branch_python_operator_decorator' retrieved from /home/airflow/.local/lib/python3.12/site-packages/airflow/example_dags/example_branch_operator_decorator.py
[2024-10-15T16:27:04.996+0000] {logging_mixin.py:190} INFO - [2024-10-15T16:27:04.996+0000] {dag.py:3239} INFO - Sync 1 DAGs
[2024-10-15T16:27:05.012+0000] {logging_mixin.py:190} INFO - [2024-10-15T16:27:05.012+0000] {dag.py:4180} INFO - Setting next_dagrun for example_branch_python_operator_decorator to 2024-10-14 00:00:00+00:00, run_after=2024-10-15 00:00:00+00:00
[2024-10-15T16:27:05.026+0000] {processor.py:208} INFO - Processing /home/airflow/.local/lib/python3.12/site-packages/airflow/example_dags/example_branch_operator_decorator.py took 0.073 seconds
[2024-10-15T16:27:35.205+0000] {processor.py:186} INFO - Started process (PID=1533) to work on /home/airflow/.local/lib/python3.12/site-packages/airflow/example_dags/example_branch_operator_decorator.py
[2024-10-15T16:27:35.205+0000] {processor.py:914} INFO - Processing file /home/airflow/.local/lib/python3.12/site-packages/airflow/example_dags/example_branch_operator_decorator.py for tasks to queue
[2024-10-15T16:27:35.207+0000] {logging_mixin.py:190} INFO - [2024-10-15T16:27:35.207+0000] {dagbag.py:588} INFO - Filling up the DagBag from /home/airflow/.local/lib/python3.12/site-packages/airflow/example_dags/example_branch_operator_decorator.py
[2024-10-15T16:27:35.223+0000] {processor.py:925} INFO - DAG(s) 'example_branch_python_operator_decorator' retrieved from /home/airflow/.local/lib/python3.12/site-packages/airflow/example_dags/example_branch_operator_decorator.py
[2024-10-15T16:27:35.246+0000] {logging_mixin.py:190} INFO - [2024-10-15T16:27:35.245+0000] {dag.py:3239} INFO - Sync 1 DAGs
[2024-10-15T16:27:35.266+0000] {logging_mixin.py:190} INFO - [2024-10-15T16:27:35.265+0000] {dag.py:4180} INFO - Setting next_dagrun for example_branch_python_operator_decorator to 2024-10-14 00:00:00+00:00, run_after=2024-10-15 00:00:00+00:00
[2024-10-15T16:27:35.282+0000] {processor.py:208} INFO - Processing /home/airflow/.local/lib/python3.12/site-packages/airflow/example_dags/example_branch_operator_decorator.py took 0.082 seconds
[2024-10-15T16:28:06.067+0000] {processor.py:186} INFO - Started process (PID=1595) to work on /home/airflow/.local/lib/python3.12/site-packages/airflow/example_dags/example_branch_operator_decorator.py
[2024-10-15T16:28:06.067+0000] {processor.py:914} INFO - Processing file /home/airflow/.local/lib/python3.12/site-packages/airflow/example_dags/example_branch_operator_decorator.py for tasks to queue
[2024-10-15T16:28:06.069+0000] {logging_mixin.py:190} INFO - [2024-10-15T16:28:06.069+0000] {dagbag.py:588} INFO - Filling up the DagBag from /home/airflow/.local/lib/python3.12/site-packages/airflow/example_dags/example_branch_operator_decorator.py
[2024-10-15T16:28:06.084+0000] {processor.py:925} INFO - DAG(s) 'example_branch_python_operator_decorator' retrieved from /home/airflow/.local/lib/python3.12/site-packages/airflow/example_dags/example_branch_operator_decorator.py
[2024-10-15T16:28:06.104+0000] {logging_mixin.py:190} INFO - [2024-10-15T16:28:06.104+0000] {dag.py:3239} INFO - Sync 1 DAGs
[2024-10-15T16:28:06.120+0000] {logging_mixin.py:190} INFO - [2024-10-15T16:28:06.120+0000] {dag.py:4180} INFO - Setting next_dagrun for example_branch_python_operator_decorator to 2024-10-14 00:00:00+00:00, run_after=2024-10-15 00:00:00+00:00
[2024-10-15T16:28:06.132+0000] {processor.py:208} INFO - Processing /home/airflow/.local/lib/python3.12/site-packages/airflow/example_dags/example_branch_operator_decorator.py took 0.069 seconds
[2024-10-15T16:28:36.906+0000] {processor.py:186} INFO - Started process (PID=1657) to work on /home/airflow/.local/lib/python3.12/site-packages/airflow/example_dags/example_branch_operator_decorator.py
[2024-10-15T16:28:36.907+0000] {processor.py:914} INFO - Processing file /home/airflow/.local/lib/python3.12/site-packages/airflow/example_dags/example_branch_operator_decorator.py for tasks to queue
[2024-10-15T16:28:36.909+0000] {logging_mixin.py:190} INFO - [2024-10-15T16:28:36.909+0000] {dagbag.py:588} INFO - Filling up the DagBag from /home/airflow/.local/lib/python3.12/site-packages/airflow/example_dags/example_branch_operator_decorator.py
[2024-10-15T16:28:36.926+0000] {processor.py:925} INFO - DAG(s) 'example_branch_python_operator_decorator' retrieved from /home/airflow/.local/lib/python3.12/site-packages/airflow/example_dags/example_branch_operator_decorator.py
[2024-10-15T16:28:36.948+0000] {logging_mixin.py:190} INFO - [2024-10-15T16:28:36.948+0000] {dag.py:3239} INFO - Sync 1 DAGs
[2024-10-15T16:28:36.970+0000] {logging_mixin.py:190} INFO - [2024-10-15T16:28:36.969+0000] {dag.py:4180} INFO - Setting next_dagrun for example_branch_python_operator_decorator to 2024-10-14 00:00:00+00:00, run_after=2024-10-15 00:00:00+00:00
[2024-10-15T16:28:37.001+0000] {processor.py:208} INFO - Processing /home/airflow/.local/lib/python3.12/site-packages/airflow/example_dags/example_branch_operator_decorator.py took 0.100 seconds
[2024-10-15T16:29:07.114+0000] {processor.py:186} INFO - Started process (PID=1719) to work on /home/airflow/.local/lib/python3.12/site-packages/airflow/example_dags/example_branch_operator_decorator.py
[2024-10-15T16:29:07.114+0000] {processor.py:914} INFO - Processing file /home/airflow/.local/lib/python3.12/site-packages/airflow/example_dags/example_branch_operator_decorator.py for tasks to queue
[2024-10-15T16:29:07.116+0000] {logging_mixin.py:190} INFO - [2024-10-15T16:29:07.116+0000] {dagbag.py:588} INFO - Filling up the DagBag from /home/airflow/.local/lib/python3.12/site-packages/airflow/example_dags/example_branch_operator_decorator.py
[2024-10-15T16:29:07.130+0000] {processor.py:925} INFO - DAG(s) 'example_branch_python_operator_decorator' retrieved from /home/airflow/.local/lib/python3.12/site-packages/airflow/example_dags/example_branch_operator_decorator.py
[2024-10-15T16:29:07.150+0000] {logging_mixin.py:190} INFO - [2024-10-15T16:29:07.150+0000] {dag.py:3239} INFO - Sync 1 DAGs
[2024-10-15T16:29:07.167+0000] {logging_mixin.py:190} INFO - [2024-10-15T16:29:07.167+0000] {dag.py:4180} INFO - Setting next_dagrun for example_branch_python_operator_decorator to 2024-10-14 00:00:00+00:00, run_after=2024-10-15 00:00:00+00:00
[2024-10-15T16:29:07.183+0000] {processor.py:208} INFO - Processing /home/airflow/.local/lib/python3.12/site-packages/airflow/example_dags/example_branch_operator_decorator.py took 0.073 seconds
[2024-10-15T16:29:37.397+0000] {processor.py:186} INFO - Started process (PID=1781) to work on /home/airflow/.local/lib/python3.12/site-packages/airflow/example_dags/example_branch_operator_decorator.py
[2024-10-15T16:29:37.398+0000] {processor.py:914} INFO - Processing file /home/airflow/.local/lib/python3.12/site-packages/airflow/example_dags/example_branch_operator_decorator.py for tasks to queue
[2024-10-15T16:29:37.400+0000] {logging_mixin.py:190} INFO - [2024-10-15T16:29:37.399+0000] {dagbag.py:588} INFO - Filling up the DagBag from /home/airflow/.local/lib/python3.12/site-packages/airflow/example_dags/example_branch_operator_decorator.py
[2024-10-15T16:29:37.414+0000] {processor.py:925} INFO - DAG(s) 'example_branch_python_operator_decorator' retrieved from /home/airflow/.local/lib/python3.12/site-packages/airflow/example_dags/example_branch_operator_decorator.py
[2024-10-15T16:29:37.439+0000] {logging_mixin.py:190} INFO - [2024-10-15T16:29:37.438+0000] {dag.py:3239} INFO - Sync 1 DAGs
[2024-10-15T16:29:37.457+0000] {logging_mixin.py:190} INFO - [2024-10-15T16:29:37.457+0000] {dag.py:4180} INFO - Setting next_dagrun for example_branch_python_operator_decorator to 2024-10-14 00:00:00+00:00, run_after=2024-10-15 00:00:00+00:00
[2024-10-15T16:29:37.471+0000] {processor.py:208} INFO - Processing /home/airflow/.local/lib/python3.12/site-packages/airflow/example_dags/example_branch_operator_decorator.py took 0.078 seconds
