[2024-10-15T16:15:46.331+0000] {processor.py:186} INFO - Started process (PID=99) to work on /home/airflow/.local/lib/python3.12/site-packages/airflow/example_dags/example_branch_operator.py
[2024-10-15T16:15:46.331+0000] {processor.py:914} INFO - Processing file /home/airflow/.local/lib/python3.12/site-packages/airflow/example_dags/example_branch_operator.py for tasks to queue
[2024-10-15T16:15:46.333+0000] {logging_mixin.py:190} INFO - [2024-10-15T16:15:46.333+0000] {dagbag.py:588} INFO - Filling up the DagBag from /home/airflow/.local/lib/python3.12/site-packages/airflow/example_dags/example_branch_operator.py
[2024-10-15T16:15:46.347+0000] {processor.py:925} INFO - DAG(s) 'example_branch_operator' retrieved from /home/airflow/.local/lib/python3.12/site-packages/airflow/example_dags/example_branch_operator.py
[2024-10-15T16:15:46.425+0000] {logging_mixin.py:190} INFO - [2024-10-15T16:15:46.424+0000] {override.py:1900} INFO - Created Permission View: can read on DAG:example_branch_operator
[2024-10-15T16:15:46.432+0000] {logging_mixin.py:190} INFO - [2024-10-15T16:15:46.432+0000] {override.py:1900} INFO - Created Permission View: can delete on DAG:example_branch_operator
[2024-10-15T16:15:46.437+0000] {logging_mixin.py:190} INFO - [2024-10-15T16:15:46.436+0000] {override.py:1900} INFO - Created Permission View: can edit on DAG:example_branch_operator
[2024-10-15T16:15:46.442+0000] {logging_mixin.py:190} INFO - [2024-10-15T16:15:46.442+0000] {override.py:1900} INFO - Created Permission View: can read on DAG Run:example_branch_operator
[2024-10-15T16:15:46.447+0000] {logging_mixin.py:190} INFO - [2024-10-15T16:15:46.447+0000] {override.py:1900} INFO - Created Permission View: can create on DAG Run:example_branch_operator
[2024-10-15T16:15:46.453+0000] {logging_mixin.py:190} INFO - [2024-10-15T16:15:46.452+0000] {override.py:1900} INFO - Created Permission View: menu access on DAG Run:example_branch_operator
[2024-10-15T16:15:46.458+0000] {logging_mixin.py:190} INFO - [2024-10-15T16:15:46.457+0000] {override.py:1900} INFO - Created Permission View: can delete on DAG Run:example_branch_operator
[2024-10-15T16:15:46.458+0000] {logging_mixin.py:190} INFO - [2024-10-15T16:15:46.458+0000] {dag.py:3239} INFO - Sync 1 DAGs
[2024-10-15T16:15:46.467+0000] {logging_mixin.py:190} INFO - [2024-10-15T16:15:46.467+0000] {dag.py:3262} INFO - Creating ORM DAG for example_branch_operator
[2024-10-15T16:15:46.475+0000] {logging_mixin.py:190} INFO - [2024-10-15T16:15:46.475+0000] {dag.py:4180} INFO - Setting next_dagrun for example_branch_operator to 2024-10-14 00:00:00+00:00, run_after=2024-10-15 00:00:00+00:00
[2024-10-15T16:15:46.487+0000] {processor.py:208} INFO - Processing /home/airflow/.local/lib/python3.12/site-packages/airflow/example_dags/example_branch_operator.py took 0.162 seconds
[2024-10-15T16:16:17.061+0000] {processor.py:186} INFO - Started process (PID=161) to work on /home/airflow/.local/lib/python3.12/site-packages/airflow/example_dags/example_branch_operator.py
[2024-10-15T16:16:17.062+0000] {processor.py:914} INFO - Processing file /home/airflow/.local/lib/python3.12/site-packages/airflow/example_dags/example_branch_operator.py for tasks to queue
[2024-10-15T16:16:17.063+0000] {logging_mixin.py:190} INFO - [2024-10-15T16:16:17.063+0000] {dagbag.py:588} INFO - Filling up the DagBag from /home/airflow/.local/lib/python3.12/site-packages/airflow/example_dags/example_branch_operator.py
[2024-10-15T16:16:17.076+0000] {processor.py:925} INFO - DAG(s) 'example_branch_operator' retrieved from /home/airflow/.local/lib/python3.12/site-packages/airflow/example_dags/example_branch_operator.py
[2024-10-15T16:16:17.100+0000] {logging_mixin.py:190} INFO - [2024-10-15T16:16:17.100+0000] {dag.py:3239} INFO - Sync 1 DAGs
[2024-10-15T16:16:17.120+0000] {logging_mixin.py:190} INFO - [2024-10-15T16:16:17.120+0000] {dag.py:4180} INFO - Setting next_dagrun for example_branch_operator to 2024-10-14 00:00:00+00:00, run_after=2024-10-15 00:00:00+00:00
[2024-10-15T16:16:17.137+0000] {processor.py:208} INFO - Processing /home/airflow/.local/lib/python3.12/site-packages/airflow/example_dags/example_branch_operator.py took 0.080 seconds
[2024-10-15T16:16:47.750+0000] {processor.py:186} INFO - Started process (PID=223) to work on /home/airflow/.local/lib/python3.12/site-packages/airflow/example_dags/example_branch_operator.py
[2024-10-15T16:16:47.751+0000] {processor.py:914} INFO - Processing file /home/airflow/.local/lib/python3.12/site-packages/airflow/example_dags/example_branch_operator.py for tasks to queue
[2024-10-15T16:16:47.752+0000] {logging_mixin.py:190} INFO - [2024-10-15T16:16:47.752+0000] {dagbag.py:588} INFO - Filling up the DagBag from /home/airflow/.local/lib/python3.12/site-packages/airflow/example_dags/example_branch_operator.py
[2024-10-15T16:16:47.764+0000] {processor.py:925} INFO - DAG(s) 'example_branch_operator' retrieved from /home/airflow/.local/lib/python3.12/site-packages/airflow/example_dags/example_branch_operator.py
[2024-10-15T16:16:47.790+0000] {logging_mixin.py:190} INFO - [2024-10-15T16:16:47.790+0000] {dag.py:3239} INFO - Sync 1 DAGs
[2024-10-15T16:16:47.807+0000] {logging_mixin.py:190} INFO - [2024-10-15T16:16:47.807+0000] {dag.py:4180} INFO - Setting next_dagrun for example_branch_operator to 2024-10-14 00:00:00+00:00, run_after=2024-10-15 00:00:00+00:00
[2024-10-15T16:16:47.823+0000] {processor.py:208} INFO - Processing /home/airflow/.local/lib/python3.12/site-packages/airflow/example_dags/example_branch_operator.py took 0.077 seconds
[2024-10-15T16:17:18.617+0000] {processor.py:186} INFO - Started process (PID=285) to work on /home/airflow/.local/lib/python3.12/site-packages/airflow/example_dags/example_branch_operator.py
[2024-10-15T16:17:18.618+0000] {processor.py:914} INFO - Processing file /home/airflow/.local/lib/python3.12/site-packages/airflow/example_dags/example_branch_operator.py for tasks to queue
[2024-10-15T16:17:18.619+0000] {logging_mixin.py:190} INFO - [2024-10-15T16:17:18.619+0000] {dagbag.py:588} INFO - Filling up the DagBag from /home/airflow/.local/lib/python3.12/site-packages/airflow/example_dags/example_branch_operator.py
[2024-10-15T16:17:18.633+0000] {processor.py:925} INFO - DAG(s) 'example_branch_operator' retrieved from /home/airflow/.local/lib/python3.12/site-packages/airflow/example_dags/example_branch_operator.py
[2024-10-15T16:17:18.654+0000] {logging_mixin.py:190} INFO - [2024-10-15T16:17:18.654+0000] {dag.py:3239} INFO - Sync 1 DAGs
[2024-10-15T16:17:18.673+0000] {logging_mixin.py:190} INFO - [2024-10-15T16:17:18.673+0000] {dag.py:4180} INFO - Setting next_dagrun for example_branch_operator to 2024-10-14 00:00:00+00:00, run_after=2024-10-15 00:00:00+00:00
[2024-10-15T16:17:18.695+0000] {processor.py:208} INFO - Processing /home/airflow/.local/lib/python3.12/site-packages/airflow/example_dags/example_branch_operator.py took 0.082 seconds
[2024-10-15T16:17:49.442+0000] {processor.py:186} INFO - Started process (PID=347) to work on /home/airflow/.local/lib/python3.12/site-packages/airflow/example_dags/example_branch_operator.py
[2024-10-15T16:17:49.443+0000] {processor.py:914} INFO - Processing file /home/airflow/.local/lib/python3.12/site-packages/airflow/example_dags/example_branch_operator.py for tasks to queue
[2024-10-15T16:17:49.445+0000] {logging_mixin.py:190} INFO - [2024-10-15T16:17:49.445+0000] {dagbag.py:588} INFO - Filling up the DagBag from /home/airflow/.local/lib/python3.12/site-packages/airflow/example_dags/example_branch_operator.py
[2024-10-15T16:17:49.458+0000] {processor.py:925} INFO - DAG(s) 'example_branch_operator' retrieved from /home/airflow/.local/lib/python3.12/site-packages/airflow/example_dags/example_branch_operator.py
[2024-10-15T16:17:49.478+0000] {logging_mixin.py:190} INFO - [2024-10-15T16:17:49.478+0000] {dag.py:3239} INFO - Sync 1 DAGs
[2024-10-15T16:17:49.495+0000] {logging_mixin.py:190} INFO - [2024-10-15T16:17:49.495+0000] {dag.py:4180} INFO - Setting next_dagrun for example_branch_operator to 2024-10-14 00:00:00+00:00, run_after=2024-10-15 00:00:00+00:00
[2024-10-15T16:17:49.513+0000] {processor.py:208} INFO - Processing /home/airflow/.local/lib/python3.12/site-packages/airflow/example_dags/example_branch_operator.py took 0.075 seconds
[2024-10-15T16:18:20.381+0000] {processor.py:186} INFO - Started process (PID=409) to work on /home/airflow/.local/lib/python3.12/site-packages/airflow/example_dags/example_branch_operator.py
[2024-10-15T16:18:20.382+0000] {processor.py:914} INFO - Processing file /home/airflow/.local/lib/python3.12/site-packages/airflow/example_dags/example_branch_operator.py for tasks to queue
[2024-10-15T16:18:20.384+0000] {logging_mixin.py:190} INFO - [2024-10-15T16:18:20.384+0000] {dagbag.py:588} INFO - Filling up the DagBag from /home/airflow/.local/lib/python3.12/site-packages/airflow/example_dags/example_branch_operator.py
[2024-10-15T16:18:20.398+0000] {processor.py:925} INFO - DAG(s) 'example_branch_operator' retrieved from /home/airflow/.local/lib/python3.12/site-packages/airflow/example_dags/example_branch_operator.py
[2024-10-15T16:18:20.424+0000] {logging_mixin.py:190} INFO - [2024-10-15T16:18:20.424+0000] {dag.py:3239} INFO - Sync 1 DAGs
[2024-10-15T16:18:20.448+0000] {logging_mixin.py:190} INFO - [2024-10-15T16:18:20.448+0000] {dag.py:4180} INFO - Setting next_dagrun for example_branch_operator to 2024-10-14 00:00:00+00:00, run_after=2024-10-15 00:00:00+00:00
[2024-10-15T16:18:20.462+0000] {processor.py:208} INFO - Processing /home/airflow/.local/lib/python3.12/site-packages/airflow/example_dags/example_branch_operator.py took 0.085 seconds
[2024-10-15T16:18:50.636+0000] {processor.py:186} INFO - Started process (PID=471) to work on /home/airflow/.local/lib/python3.12/site-packages/airflow/example_dags/example_branch_operator.py
[2024-10-15T16:18:50.637+0000] {processor.py:914} INFO - Processing file /home/airflow/.local/lib/python3.12/site-packages/airflow/example_dags/example_branch_operator.py for tasks to queue
[2024-10-15T16:18:50.639+0000] {logging_mixin.py:190} INFO - [2024-10-15T16:18:50.638+0000] {dagbag.py:588} INFO - Filling up the DagBag from /home/airflow/.local/lib/python3.12/site-packages/airflow/example_dags/example_branch_operator.py
[2024-10-15T16:18:50.655+0000] {processor.py:925} INFO - DAG(s) 'example_branch_operator' retrieved from /home/airflow/.local/lib/python3.12/site-packages/airflow/example_dags/example_branch_operator.py
[2024-10-15T16:18:50.679+0000] {logging_mixin.py:190} INFO - [2024-10-15T16:18:50.679+0000] {dag.py:3239} INFO - Sync 1 DAGs
[2024-10-15T16:18:50.696+0000] {logging_mixin.py:190} INFO - [2024-10-15T16:18:50.696+0000] {dag.py:4180} INFO - Setting next_dagrun for example_branch_operator to 2024-10-14 00:00:00+00:00, run_after=2024-10-15 00:00:00+00:00
[2024-10-15T16:18:50.710+0000] {processor.py:208} INFO - Processing /home/airflow/.local/lib/python3.12/site-packages/airflow/example_dags/example_branch_operator.py took 0.078 seconds
[2024-10-15T16:19:21.624+0000] {processor.py:186} INFO - Started process (PID=533) to work on /home/airflow/.local/lib/python3.12/site-packages/airflow/example_dags/example_branch_operator.py
[2024-10-15T16:19:21.625+0000] {processor.py:914} INFO - Processing file /home/airflow/.local/lib/python3.12/site-packages/airflow/example_dags/example_branch_operator.py for tasks to queue
[2024-10-15T16:19:21.627+0000] {logging_mixin.py:190} INFO - [2024-10-15T16:19:21.626+0000] {dagbag.py:588} INFO - Filling up the DagBag from /home/airflow/.local/lib/python3.12/site-packages/airflow/example_dags/example_branch_operator.py
[2024-10-15T16:19:21.639+0000] {processor.py:925} INFO - DAG(s) 'example_branch_operator' retrieved from /home/airflow/.local/lib/python3.12/site-packages/airflow/example_dags/example_branch_operator.py
[2024-10-15T16:19:21.665+0000] {logging_mixin.py:190} INFO - [2024-10-15T16:19:21.664+0000] {dag.py:3239} INFO - Sync 1 DAGs
[2024-10-15T16:19:21.682+0000] {logging_mixin.py:190} INFO - [2024-10-15T16:19:21.682+0000] {dag.py:4180} INFO - Setting next_dagrun for example_branch_operator to 2024-10-14 00:00:00+00:00, run_after=2024-10-15 00:00:00+00:00
[2024-10-15T16:19:21.696+0000] {processor.py:208} INFO - Processing /home/airflow/.local/lib/python3.12/site-packages/airflow/example_dags/example_branch_operator.py took 0.076 seconds
[2024-10-15T16:19:52.594+0000] {processor.py:186} INFO - Started process (PID=595) to work on /home/airflow/.local/lib/python3.12/site-packages/airflow/example_dags/example_branch_operator.py
[2024-10-15T16:19:52.595+0000] {processor.py:914} INFO - Processing file /home/airflow/.local/lib/python3.12/site-packages/airflow/example_dags/example_branch_operator.py for tasks to queue
[2024-10-15T16:19:52.597+0000] {logging_mixin.py:190} INFO - [2024-10-15T16:19:52.597+0000] {dagbag.py:588} INFO - Filling up the DagBag from /home/airflow/.local/lib/python3.12/site-packages/airflow/example_dags/example_branch_operator.py
[2024-10-15T16:19:52.610+0000] {processor.py:925} INFO - DAG(s) 'example_branch_operator' retrieved from /home/airflow/.local/lib/python3.12/site-packages/airflow/example_dags/example_branch_operator.py
[2024-10-15T16:19:52.631+0000] {logging_mixin.py:190} INFO - [2024-10-15T16:19:52.631+0000] {dag.py:3239} INFO - Sync 1 DAGs
[2024-10-15T16:19:52.651+0000] {logging_mixin.py:190} INFO - [2024-10-15T16:19:52.650+0000] {dag.py:4180} INFO - Setting next_dagrun for example_branch_operator to 2024-10-14 00:00:00+00:00, run_after=2024-10-15 00:00:00+00:00
[2024-10-15T16:19:52.670+0000] {processor.py:208} INFO - Processing /home/airflow/.local/lib/python3.12/site-packages/airflow/example_dags/example_branch_operator.py took 0.080 seconds
[2024-10-15T16:20:23.620+0000] {processor.py:186} INFO - Started process (PID=657) to work on /home/airflow/.local/lib/python3.12/site-packages/airflow/example_dags/example_branch_operator.py
[2024-10-15T16:20:23.621+0000] {processor.py:914} INFO - Processing file /home/airflow/.local/lib/python3.12/site-packages/airflow/example_dags/example_branch_operator.py for tasks to queue
[2024-10-15T16:20:23.623+0000] {logging_mixin.py:190} INFO - [2024-10-15T16:20:23.622+0000] {dagbag.py:588} INFO - Filling up the DagBag from /home/airflow/.local/lib/python3.12/site-packages/airflow/example_dags/example_branch_operator.py
[2024-10-15T16:20:23.635+0000] {processor.py:925} INFO - DAG(s) 'example_branch_operator' retrieved from /home/airflow/.local/lib/python3.12/site-packages/airflow/example_dags/example_branch_operator.py
[2024-10-15T16:20:23.655+0000] {logging_mixin.py:190} INFO - [2024-10-15T16:20:23.655+0000] {dag.py:3239} INFO - Sync 1 DAGs
[2024-10-15T16:20:23.672+0000] {logging_mixin.py:190} INFO - [2024-10-15T16:20:23.672+0000] {dag.py:4180} INFO - Setting next_dagrun for example_branch_operator to 2024-10-14 00:00:00+00:00, run_after=2024-10-15 00:00:00+00:00
[2024-10-15T16:20:23.685+0000] {processor.py:208} INFO - Processing /home/airflow/.local/lib/python3.12/site-packages/airflow/example_dags/example_branch_operator.py took 0.068 seconds
[2024-10-15T16:20:54.510+0000] {processor.py:186} INFO - Started process (PID=719) to work on /home/airflow/.local/lib/python3.12/site-packages/airflow/example_dags/example_branch_operator.py
[2024-10-15T16:20:54.511+0000] {processor.py:914} INFO - Processing file /home/airflow/.local/lib/python3.12/site-packages/airflow/example_dags/example_branch_operator.py for tasks to queue
[2024-10-15T16:20:54.513+0000] {logging_mixin.py:190} INFO - [2024-10-15T16:20:54.513+0000] {dagbag.py:588} INFO - Filling up the DagBag from /home/airflow/.local/lib/python3.12/site-packages/airflow/example_dags/example_branch_operator.py
[2024-10-15T16:20:54.526+0000] {processor.py:925} INFO - DAG(s) 'example_branch_operator' retrieved from /home/airflow/.local/lib/python3.12/site-packages/airflow/example_dags/example_branch_operator.py
[2024-10-15T16:20:54.547+0000] {logging_mixin.py:190} INFO - [2024-10-15T16:20:54.547+0000] {dag.py:3239} INFO - Sync 1 DAGs
[2024-10-15T16:20:54.568+0000] {logging_mixin.py:190} INFO - [2024-10-15T16:20:54.568+0000] {dag.py:4180} INFO - Setting next_dagrun for example_branch_operator to 2024-10-14 00:00:00+00:00, run_after=2024-10-15 00:00:00+00:00
[2024-10-15T16:20:54.585+0000] {processor.py:208} INFO - Processing /home/airflow/.local/lib/python3.12/site-packages/airflow/example_dags/example_branch_operator.py took 0.082 seconds
[2024-10-15T16:21:25.518+0000] {processor.py:186} INFO - Started process (PID=781) to work on /home/airflow/.local/lib/python3.12/site-packages/airflow/example_dags/example_branch_operator.py
[2024-10-15T16:21:25.519+0000] {processor.py:914} INFO - Processing file /home/airflow/.local/lib/python3.12/site-packages/airflow/example_dags/example_branch_operator.py for tasks to queue
[2024-10-15T16:21:25.521+0000] {logging_mixin.py:190} INFO - [2024-10-15T16:21:25.521+0000] {dagbag.py:588} INFO - Filling up the DagBag from /home/airflow/.local/lib/python3.12/site-packages/airflow/example_dags/example_branch_operator.py
[2024-10-15T16:21:25.535+0000] {processor.py:925} INFO - DAG(s) 'example_branch_operator' retrieved from /home/airflow/.local/lib/python3.12/site-packages/airflow/example_dags/example_branch_operator.py
[2024-10-15T16:21:25.557+0000] {logging_mixin.py:190} INFO - [2024-10-15T16:21:25.557+0000] {dag.py:3239} INFO - Sync 1 DAGs
[2024-10-15T16:21:25.576+0000] {logging_mixin.py:190} INFO - [2024-10-15T16:21:25.576+0000] {dag.py:4180} INFO - Setting next_dagrun for example_branch_operator to 2024-10-14 00:00:00+00:00, run_after=2024-10-15 00:00:00+00:00
[2024-10-15T16:21:25.595+0000] {processor.py:208} INFO - Processing /home/airflow/.local/lib/python3.12/site-packages/airflow/example_dags/example_branch_operator.py took 0.081 seconds
[2024-10-15T16:21:56.549+0000] {processor.py:186} INFO - Started process (PID=843) to work on /home/airflow/.local/lib/python3.12/site-packages/airflow/example_dags/example_branch_operator.py
[2024-10-15T16:21:56.550+0000] {processor.py:914} INFO - Processing file /home/airflow/.local/lib/python3.12/site-packages/airflow/example_dags/example_branch_operator.py for tasks to queue
[2024-10-15T16:21:56.552+0000] {logging_mixin.py:190} INFO - [2024-10-15T16:21:56.552+0000] {dagbag.py:588} INFO - Filling up the DagBag from /home/airflow/.local/lib/python3.12/site-packages/airflow/example_dags/example_branch_operator.py
[2024-10-15T16:21:56.566+0000] {processor.py:925} INFO - DAG(s) 'example_branch_operator' retrieved from /home/airflow/.local/lib/python3.12/site-packages/airflow/example_dags/example_branch_operator.py
[2024-10-15T16:21:56.589+0000] {logging_mixin.py:190} INFO - [2024-10-15T16:21:56.589+0000] {dag.py:3239} INFO - Sync 1 DAGs
[2024-10-15T16:21:56.607+0000] {logging_mixin.py:190} INFO - [2024-10-15T16:21:56.606+0000] {dag.py:4180} INFO - Setting next_dagrun for example_branch_operator to 2024-10-14 00:00:00+00:00, run_after=2024-10-15 00:00:00+00:00
[2024-10-15T16:21:56.622+0000] {processor.py:208} INFO - Processing /home/airflow/.local/lib/python3.12/site-packages/airflow/example_dags/example_branch_operator.py took 0.079 seconds
[2024-10-15T16:22:26.837+0000] {processor.py:186} INFO - Started process (PID=905) to work on /home/airflow/.local/lib/python3.12/site-packages/airflow/example_dags/example_branch_operator.py
[2024-10-15T16:22:26.838+0000] {processor.py:914} INFO - Processing file /home/airflow/.local/lib/python3.12/site-packages/airflow/example_dags/example_branch_operator.py for tasks to queue
[2024-10-15T16:22:26.840+0000] {logging_mixin.py:190} INFO - [2024-10-15T16:22:26.840+0000] {dagbag.py:588} INFO - Filling up the DagBag from /home/airflow/.local/lib/python3.12/site-packages/airflow/example_dags/example_branch_operator.py
[2024-10-15T16:22:26.858+0000] {processor.py:925} INFO - DAG(s) 'example_branch_operator' retrieved from /home/airflow/.local/lib/python3.12/site-packages/airflow/example_dags/example_branch_operator.py
[2024-10-15T16:22:26.885+0000] {logging_mixin.py:190} INFO - [2024-10-15T16:22:26.885+0000] {dag.py:3239} INFO - Sync 1 DAGs
[2024-10-15T16:22:26.904+0000] {logging_mixin.py:190} INFO - [2024-10-15T16:22:26.903+0000] {dag.py:4180} INFO - Setting next_dagrun for example_branch_operator to 2024-10-14 00:00:00+00:00, run_after=2024-10-15 00:00:00+00:00
[2024-10-15T16:22:26.916+0000] {processor.py:208} INFO - Processing /home/airflow/.local/lib/python3.12/site-packages/airflow/example_dags/example_branch_operator.py took 0.085 seconds
[2024-10-15T16:22:57.829+0000] {processor.py:186} INFO - Started process (PID=967) to work on /home/airflow/.local/lib/python3.12/site-packages/airflow/example_dags/example_branch_operator.py
[2024-10-15T16:22:57.829+0000] {processor.py:914} INFO - Processing file /home/airflow/.local/lib/python3.12/site-packages/airflow/example_dags/example_branch_operator.py for tasks to queue
[2024-10-15T16:22:57.831+0000] {logging_mixin.py:190} INFO - [2024-10-15T16:22:57.831+0000] {dagbag.py:588} INFO - Filling up the DagBag from /home/airflow/.local/lib/python3.12/site-packages/airflow/example_dags/example_branch_operator.py
[2024-10-15T16:22:57.845+0000] {processor.py:925} INFO - DAG(s) 'example_branch_operator' retrieved from /home/airflow/.local/lib/python3.12/site-packages/airflow/example_dags/example_branch_operator.py
[2024-10-15T16:22:57.868+0000] {logging_mixin.py:190} INFO - [2024-10-15T16:22:57.868+0000] {dag.py:3239} INFO - Sync 1 DAGs
[2024-10-15T16:22:57.885+0000] {logging_mixin.py:190} INFO - [2024-10-15T16:22:57.885+0000] {dag.py:4180} INFO - Setting next_dagrun for example_branch_operator to 2024-10-14 00:00:00+00:00, run_after=2024-10-15 00:00:00+00:00
[2024-10-15T16:22:57.899+0000] {processor.py:208} INFO - Processing /home/airflow/.local/lib/python3.12/site-packages/airflow/example_dags/example_branch_operator.py took 0.075 seconds
[2024-10-15T16:23:28.074+0000] {processor.py:186} INFO - Started process (PID=1029) to work on /home/airflow/.local/lib/python3.12/site-packages/airflow/example_dags/example_branch_operator.py
[2024-10-15T16:23:28.075+0000] {processor.py:914} INFO - Processing file /home/airflow/.local/lib/python3.12/site-packages/airflow/example_dags/example_branch_operator.py for tasks to queue
[2024-10-15T16:23:28.077+0000] {logging_mixin.py:190} INFO - [2024-10-15T16:23:28.077+0000] {dagbag.py:588} INFO - Filling up the DagBag from /home/airflow/.local/lib/python3.12/site-packages/airflow/example_dags/example_branch_operator.py
[2024-10-15T16:23:28.094+0000] {processor.py:925} INFO - DAG(s) 'example_branch_operator' retrieved from /home/airflow/.local/lib/python3.12/site-packages/airflow/example_dags/example_branch_operator.py
[2024-10-15T16:23:28.118+0000] {logging_mixin.py:190} INFO - [2024-10-15T16:23:28.118+0000] {dag.py:3239} INFO - Sync 1 DAGs
[2024-10-15T16:23:28.138+0000] {logging_mixin.py:190} INFO - [2024-10-15T16:23:28.138+0000] {dag.py:4180} INFO - Setting next_dagrun for example_branch_operator to 2024-10-14 00:00:00+00:00, run_after=2024-10-15 00:00:00+00:00
[2024-10-15T16:23:28.152+0000] {processor.py:208} INFO - Processing /home/airflow/.local/lib/python3.12/site-packages/airflow/example_dags/example_branch_operator.py took 0.082 seconds
[2024-10-15T16:23:58.333+0000] {processor.py:186} INFO - Started process (PID=1091) to work on /home/airflow/.local/lib/python3.12/site-packages/airflow/example_dags/example_branch_operator.py
[2024-10-15T16:23:58.334+0000] {processor.py:914} INFO - Processing file /home/airflow/.local/lib/python3.12/site-packages/airflow/example_dags/example_branch_operator.py for tasks to queue
[2024-10-15T16:23:58.335+0000] {logging_mixin.py:190} INFO - [2024-10-15T16:23:58.335+0000] {dagbag.py:588} INFO - Filling up the DagBag from /home/airflow/.local/lib/python3.12/site-packages/airflow/example_dags/example_branch_operator.py
[2024-10-15T16:23:58.347+0000] {processor.py:925} INFO - DAG(s) 'example_branch_operator' retrieved from /home/airflow/.local/lib/python3.12/site-packages/airflow/example_dags/example_branch_operator.py
[2024-10-15T16:23:58.368+0000] {logging_mixin.py:190} INFO - [2024-10-15T16:23:58.368+0000] {dag.py:3239} INFO - Sync 1 DAGs
[2024-10-15T16:23:58.388+0000] {logging_mixin.py:190} INFO - [2024-10-15T16:23:58.388+0000] {dag.py:4180} INFO - Setting next_dagrun for example_branch_operator to 2024-10-14 00:00:00+00:00, run_after=2024-10-15 00:00:00+00:00
[2024-10-15T16:23:58.400+0000] {processor.py:208} INFO - Processing /home/airflow/.local/lib/python3.12/site-packages/airflow/example_dags/example_branch_operator.py took 0.072 seconds
[2024-10-15T16:24:29.233+0000] {processor.py:186} INFO - Started process (PID=1153) to work on /home/airflow/.local/lib/python3.12/site-packages/airflow/example_dags/example_branch_operator.py
[2024-10-15T16:24:29.234+0000] {processor.py:914} INFO - Processing file /home/airflow/.local/lib/python3.12/site-packages/airflow/example_dags/example_branch_operator.py for tasks to queue
[2024-10-15T16:24:29.236+0000] {logging_mixin.py:190} INFO - [2024-10-15T16:24:29.236+0000] {dagbag.py:588} INFO - Filling up the DagBag from /home/airflow/.local/lib/python3.12/site-packages/airflow/example_dags/example_branch_operator.py
[2024-10-15T16:24:29.253+0000] {processor.py:925} INFO - DAG(s) 'example_branch_operator' retrieved from /home/airflow/.local/lib/python3.12/site-packages/airflow/example_dags/example_branch_operator.py
[2024-10-15T16:24:29.276+0000] {logging_mixin.py:190} INFO - [2024-10-15T16:24:29.276+0000] {dag.py:3239} INFO - Sync 1 DAGs
[2024-10-15T16:24:29.297+0000] {logging_mixin.py:190} INFO - [2024-10-15T16:24:29.296+0000] {dag.py:4180} INFO - Setting next_dagrun for example_branch_operator to 2024-10-14 00:00:00+00:00, run_after=2024-10-15 00:00:00+00:00
[2024-10-15T16:24:29.317+0000] {processor.py:208} INFO - Processing /home/airflow/.local/lib/python3.12/site-packages/airflow/example_dags/example_branch_operator.py took 0.088 seconds
[2024-10-15T16:25:00.070+0000] {processor.py:186} INFO - Started process (PID=1215) to work on /home/airflow/.local/lib/python3.12/site-packages/airflow/example_dags/example_branch_operator.py
[2024-10-15T16:25:00.071+0000] {processor.py:914} INFO - Processing file /home/airflow/.local/lib/python3.12/site-packages/airflow/example_dags/example_branch_operator.py for tasks to queue
[2024-10-15T16:25:00.072+0000] {logging_mixin.py:190} INFO - [2024-10-15T16:25:00.072+0000] {dagbag.py:588} INFO - Filling up the DagBag from /home/airflow/.local/lib/python3.12/site-packages/airflow/example_dags/example_branch_operator.py
[2024-10-15T16:25:00.084+0000] {processor.py:925} INFO - DAG(s) 'example_branch_operator' retrieved from /home/airflow/.local/lib/python3.12/site-packages/airflow/example_dags/example_branch_operator.py
[2024-10-15T16:25:00.104+0000] {logging_mixin.py:190} INFO - [2024-10-15T16:25:00.103+0000] {dag.py:3239} INFO - Sync 1 DAGs
[2024-10-15T16:25:00.122+0000] {logging_mixin.py:190} INFO - [2024-10-15T16:25:00.122+0000] {dag.py:4180} INFO - Setting next_dagrun for example_branch_operator to 2024-10-14 00:00:00+00:00, run_after=2024-10-15 00:00:00+00:00
[2024-10-15T16:25:00.135+0000] {processor.py:208} INFO - Processing /home/airflow/.local/lib/python3.12/site-packages/airflow/example_dags/example_branch_operator.py took 0.069 seconds
[2024-10-15T16:25:30.630+0000] {processor.py:186} INFO - Started process (PID=1277) to work on /home/airflow/.local/lib/python3.12/site-packages/airflow/example_dags/example_branch_operator.py
[2024-10-15T16:25:30.630+0000] {processor.py:914} INFO - Processing file /home/airflow/.local/lib/python3.12/site-packages/airflow/example_dags/example_branch_operator.py for tasks to queue
[2024-10-15T16:25:30.632+0000] {logging_mixin.py:190} INFO - [2024-10-15T16:25:30.632+0000] {dagbag.py:588} INFO - Filling up the DagBag from /home/airflow/.local/lib/python3.12/site-packages/airflow/example_dags/example_branch_operator.py
[2024-10-15T16:25:30.648+0000] {processor.py:925} INFO - DAG(s) 'example_branch_operator' retrieved from /home/airflow/.local/lib/python3.12/site-packages/airflow/example_dags/example_branch_operator.py
[2024-10-15T16:25:30.675+0000] {logging_mixin.py:190} INFO - [2024-10-15T16:25:30.675+0000] {dag.py:3239} INFO - Sync 1 DAGs
[2024-10-15T16:25:30.699+0000] {logging_mixin.py:190} INFO - [2024-10-15T16:25:30.699+0000] {dag.py:4180} INFO - Setting next_dagrun for example_branch_operator to 2024-10-14 00:00:00+00:00, run_after=2024-10-15 00:00:00+00:00
[2024-10-15T16:25:30.719+0000] {processor.py:208} INFO - Processing /home/airflow/.local/lib/python3.12/site-packages/airflow/example_dags/example_branch_operator.py took 0.096 seconds
[2024-10-15T16:26:01.517+0000] {processor.py:186} INFO - Started process (PID=1339) to work on /home/airflow/.local/lib/python3.12/site-packages/airflow/example_dags/example_branch_operator.py
[2024-10-15T16:26:01.518+0000] {processor.py:914} INFO - Processing file /home/airflow/.local/lib/python3.12/site-packages/airflow/example_dags/example_branch_operator.py for tasks to queue
[2024-10-15T16:26:01.520+0000] {logging_mixin.py:190} INFO - [2024-10-15T16:26:01.519+0000] {dagbag.py:588} INFO - Filling up the DagBag from /home/airflow/.local/lib/python3.12/site-packages/airflow/example_dags/example_branch_operator.py
[2024-10-15T16:26:01.532+0000] {processor.py:925} INFO - DAG(s) 'example_branch_operator' retrieved from /home/airflow/.local/lib/python3.12/site-packages/airflow/example_dags/example_branch_operator.py
[2024-10-15T16:26:01.553+0000] {logging_mixin.py:190} INFO - [2024-10-15T16:26:01.552+0000] {dag.py:3239} INFO - Sync 1 DAGs
[2024-10-15T16:26:01.570+0000] {logging_mixin.py:190} INFO - [2024-10-15T16:26:01.570+0000] {dag.py:4180} INFO - Setting next_dagrun for example_branch_operator to 2024-10-14 00:00:00+00:00, run_after=2024-10-15 00:00:00+00:00
[2024-10-15T16:26:01.582+0000] {processor.py:208} INFO - Processing /home/airflow/.local/lib/python3.12/site-packages/airflow/example_dags/example_branch_operator.py took 0.070 seconds
[2024-10-15T16:26:32.273+0000] {processor.py:186} INFO - Started process (PID=1401) to work on /home/airflow/.local/lib/python3.12/site-packages/airflow/example_dags/example_branch_operator.py
[2024-10-15T16:26:32.275+0000] {processor.py:914} INFO - Processing file /home/airflow/.local/lib/python3.12/site-packages/airflow/example_dags/example_branch_operator.py for tasks to queue
[2024-10-15T16:26:32.277+0000] {logging_mixin.py:190} INFO - [2024-10-15T16:26:32.276+0000] {dagbag.py:588} INFO - Filling up the DagBag from /home/airflow/.local/lib/python3.12/site-packages/airflow/example_dags/example_branch_operator.py
[2024-10-15T16:26:32.293+0000] {processor.py:925} INFO - DAG(s) 'example_branch_operator' retrieved from /home/airflow/.local/lib/python3.12/site-packages/airflow/example_dags/example_branch_operator.py
[2024-10-15T16:26:32.318+0000] {logging_mixin.py:190} INFO - [2024-10-15T16:26:32.318+0000] {dag.py:3239} INFO - Sync 1 DAGs
[2024-10-15T16:26:32.337+0000] {logging_mixin.py:190} INFO - [2024-10-15T16:26:32.337+0000] {dag.py:4180} INFO - Setting next_dagrun for example_branch_operator to 2024-10-14 00:00:00+00:00, run_after=2024-10-15 00:00:00+00:00
[2024-10-15T16:26:32.356+0000] {processor.py:208} INFO - Processing /home/airflow/.local/lib/python3.12/site-packages/airflow/example_dags/example_branch_operator.py took 0.087 seconds
[2024-10-15T16:27:03.362+0000] {processor.py:186} INFO - Started process (PID=1463) to work on /home/airflow/.local/lib/python3.12/site-packages/airflow/example_dags/example_branch_operator.py
[2024-10-15T16:27:03.363+0000] {processor.py:914} INFO - Processing file /home/airflow/.local/lib/python3.12/site-packages/airflow/example_dags/example_branch_operator.py for tasks to queue
[2024-10-15T16:27:03.365+0000] {logging_mixin.py:190} INFO - [2024-10-15T16:27:03.365+0000] {dagbag.py:588} INFO - Filling up the DagBag from /home/airflow/.local/lib/python3.12/site-packages/airflow/example_dags/example_branch_operator.py
[2024-10-15T16:27:03.378+0000] {processor.py:925} INFO - DAG(s) 'example_branch_operator' retrieved from /home/airflow/.local/lib/python3.12/site-packages/airflow/example_dags/example_branch_operator.py
[2024-10-15T16:27:03.401+0000] {logging_mixin.py:190} INFO - [2024-10-15T16:27:03.401+0000] {dag.py:3239} INFO - Sync 1 DAGs
[2024-10-15T16:27:03.419+0000] {logging_mixin.py:190} INFO - [2024-10-15T16:27:03.419+0000] {dag.py:4180} INFO - Setting next_dagrun for example_branch_operator to 2024-10-14 00:00:00+00:00, run_after=2024-10-15 00:00:00+00:00
[2024-10-15T16:27:03.434+0000] {processor.py:208} INFO - Processing /home/airflow/.local/lib/python3.12/site-packages/airflow/example_dags/example_branch_operator.py took 0.075 seconds
[2024-10-15T16:27:33.781+0000] {processor.py:186} INFO - Started process (PID=1525) to work on /home/airflow/.local/lib/python3.12/site-packages/airflow/example_dags/example_branch_operator.py
[2024-10-15T16:27:33.782+0000] {processor.py:914} INFO - Processing file /home/airflow/.local/lib/python3.12/site-packages/airflow/example_dags/example_branch_operator.py for tasks to queue
[2024-10-15T16:27:33.785+0000] {logging_mixin.py:190} INFO - [2024-10-15T16:27:33.785+0000] {dagbag.py:588} INFO - Filling up the DagBag from /home/airflow/.local/lib/python3.12/site-packages/airflow/example_dags/example_branch_operator.py
[2024-10-15T16:27:33.804+0000] {processor.py:925} INFO - DAG(s) 'example_branch_operator' retrieved from /home/airflow/.local/lib/python3.12/site-packages/airflow/example_dags/example_branch_operator.py
[2024-10-15T16:27:33.833+0000] {logging_mixin.py:190} INFO - [2024-10-15T16:27:33.833+0000] {dag.py:3239} INFO - Sync 1 DAGs
[2024-10-15T16:27:33.852+0000] {logging_mixin.py:190} INFO - [2024-10-15T16:27:33.851+0000] {dag.py:4180} INFO - Setting next_dagrun for example_branch_operator to 2024-10-14 00:00:00+00:00, run_after=2024-10-15 00:00:00+00:00
[2024-10-15T16:27:33.868+0000] {processor.py:208} INFO - Processing /home/airflow/.local/lib/python3.12/site-packages/airflow/example_dags/example_branch_operator.py took 0.092 seconds
[2024-10-15T16:28:04.218+0000] {processor.py:186} INFO - Started process (PID=1587) to work on /home/airflow/.local/lib/python3.12/site-packages/airflow/example_dags/example_branch_operator.py
[2024-10-15T16:28:04.219+0000] {processor.py:914} INFO - Processing file /home/airflow/.local/lib/python3.12/site-packages/airflow/example_dags/example_branch_operator.py for tasks to queue
[2024-10-15T16:28:04.221+0000] {logging_mixin.py:190} INFO - [2024-10-15T16:28:04.220+0000] {dagbag.py:588} INFO - Filling up the DagBag from /home/airflow/.local/lib/python3.12/site-packages/airflow/example_dags/example_branch_operator.py
[2024-10-15T16:28:04.235+0000] {processor.py:925} INFO - DAG(s) 'example_branch_operator' retrieved from /home/airflow/.local/lib/python3.12/site-packages/airflow/example_dags/example_branch_operator.py
[2024-10-15T16:28:04.257+0000] {logging_mixin.py:190} INFO - [2024-10-15T16:28:04.257+0000] {dag.py:3239} INFO - Sync 1 DAGs
[2024-10-15T16:28:04.277+0000] {logging_mixin.py:190} INFO - [2024-10-15T16:28:04.277+0000] {dag.py:4180} INFO - Setting next_dagrun for example_branch_operator to 2024-10-14 00:00:00+00:00, run_after=2024-10-15 00:00:00+00:00
[2024-10-15T16:28:04.396+0000] {processor.py:208} INFO - Processing /home/airflow/.local/lib/python3.12/site-packages/airflow/example_dags/example_branch_operator.py took 0.182 seconds
[2024-10-15T16:28:34.753+0000] {processor.py:186} INFO - Started process (PID=1649) to work on /home/airflow/.local/lib/python3.12/site-packages/airflow/example_dags/example_branch_operator.py
[2024-10-15T16:28:34.753+0000] {processor.py:914} INFO - Processing file /home/airflow/.local/lib/python3.12/site-packages/airflow/example_dags/example_branch_operator.py for tasks to queue
[2024-10-15T16:28:34.755+0000] {logging_mixin.py:190} INFO - [2024-10-15T16:28:34.755+0000] {dagbag.py:588} INFO - Filling up the DagBag from /home/airflow/.local/lib/python3.12/site-packages/airflow/example_dags/example_branch_operator.py
[2024-10-15T16:28:34.767+0000] {processor.py:925} INFO - DAG(s) 'example_branch_operator' retrieved from /home/airflow/.local/lib/python3.12/site-packages/airflow/example_dags/example_branch_operator.py
[2024-10-15T16:28:34.788+0000] {logging_mixin.py:190} INFO - [2024-10-15T16:28:34.787+0000] {dag.py:3239} INFO - Sync 1 DAGs
[2024-10-15T16:28:34.804+0000] {logging_mixin.py:190} INFO - [2024-10-15T16:28:34.804+0000] {dag.py:4180} INFO - Setting next_dagrun for example_branch_operator to 2024-10-14 00:00:00+00:00, run_after=2024-10-15 00:00:00+00:00
[2024-10-15T16:28:34.821+0000] {processor.py:208} INFO - Processing /home/airflow/.local/lib/python3.12/site-packages/airflow/example_dags/example_branch_operator.py took 0.073 seconds
[2024-10-15T16:29:05.530+0000] {processor.py:186} INFO - Started process (PID=1711) to work on /home/airflow/.local/lib/python3.12/site-packages/airflow/example_dags/example_branch_operator.py
[2024-10-15T16:29:05.530+0000] {processor.py:914} INFO - Processing file /home/airflow/.local/lib/python3.12/site-packages/airflow/example_dags/example_branch_operator.py for tasks to queue
[2024-10-15T16:29:05.532+0000] {logging_mixin.py:190} INFO - [2024-10-15T16:29:05.532+0000] {dagbag.py:588} INFO - Filling up the DagBag from /home/airflow/.local/lib/python3.12/site-packages/airflow/example_dags/example_branch_operator.py
[2024-10-15T16:29:05.544+0000] {processor.py:925} INFO - DAG(s) 'example_branch_operator' retrieved from /home/airflow/.local/lib/python3.12/site-packages/airflow/example_dags/example_branch_operator.py
[2024-10-15T16:29:05.564+0000] {logging_mixin.py:190} INFO - [2024-10-15T16:29:05.563+0000] {dag.py:3239} INFO - Sync 1 DAGs
[2024-10-15T16:29:05.580+0000] {logging_mixin.py:190} INFO - [2024-10-15T16:29:05.580+0000] {dag.py:4180} INFO - Setting next_dagrun for example_branch_operator to 2024-10-14 00:00:00+00:00, run_after=2024-10-15 00:00:00+00:00
[2024-10-15T16:29:05.594+0000] {processor.py:208} INFO - Processing /home/airflow/.local/lib/python3.12/site-packages/airflow/example_dags/example_branch_operator.py took 0.068 seconds
[2024-10-15T16:29:35.693+0000] {processor.py:186} INFO - Started process (PID=1773) to work on /home/airflow/.local/lib/python3.12/site-packages/airflow/example_dags/example_branch_operator.py
[2024-10-15T16:29:35.694+0000] {processor.py:914} INFO - Processing file /home/airflow/.local/lib/python3.12/site-packages/airflow/example_dags/example_branch_operator.py for tasks to queue
[2024-10-15T16:29:35.695+0000] {logging_mixin.py:190} INFO - [2024-10-15T16:29:35.695+0000] {dagbag.py:588} INFO - Filling up the DagBag from /home/airflow/.local/lib/python3.12/site-packages/airflow/example_dags/example_branch_operator.py
[2024-10-15T16:29:35.711+0000] {processor.py:925} INFO - DAG(s) 'example_branch_operator' retrieved from /home/airflow/.local/lib/python3.12/site-packages/airflow/example_dags/example_branch_operator.py
[2024-10-15T16:29:35.730+0000] {logging_mixin.py:190} INFO - [2024-10-15T16:29:35.730+0000] {dag.py:3239} INFO - Sync 1 DAGs
[2024-10-15T16:29:35.747+0000] {logging_mixin.py:190} INFO - [2024-10-15T16:29:35.747+0000] {dag.py:4180} INFO - Setting next_dagrun for example_branch_operator to 2024-10-14 00:00:00+00:00, run_after=2024-10-15 00:00:00+00:00
[2024-10-15T16:29:35.764+0000] {processor.py:208} INFO - Processing /home/airflow/.local/lib/python3.12/site-packages/airflow/example_dags/example_branch_operator.py took 0.075 seconds
