[2024-10-15T16:15:42.006+0000] {processor.py:186} INFO - Started process (PID=54) to work on /home/airflow/.local/lib/python3.12/site-packages/airflow/example_dags/example_xcomargs.py
[2024-10-15T16:15:42.007+0000] {processor.py:914} INFO - Processing file /home/airflow/.local/lib/python3.12/site-packages/airflow/example_dags/example_xcomargs.py for tasks to queue
[2024-10-15T16:15:42.009+0000] {logging_mixin.py:190} INFO - [2024-10-15T16:15:42.008+0000] {dagbag.py:588} INFO - Filling up the DagBag from /home/airflow/.local/lib/python3.12/site-packages/airflow/example_dags/example_xcomargs.py
[2024-10-15T16:15:42.021+0000] {processor.py:925} INFO - DAG(s) 'example_xcom_args', 'example_xcom_args_with_operators' retrieved from /home/airflow/.local/lib/python3.12/site-packages/airflow/example_dags/example_xcomargs.py
[2024-10-15T16:15:42.192+0000] {logging_mixin.py:190} INFO - [2024-10-15T16:15:42.190+0000] {override.py:1900} INFO - Created Permission View: can read on DAG:example_xcom_args
[2024-10-15T16:15:42.200+0000] {logging_mixin.py:190} INFO - [2024-10-15T16:15:42.200+0000] {override.py:1900} INFO - Created Permission View: can delete on DAG:example_xcom_args
[2024-10-15T16:15:42.205+0000] {logging_mixin.py:190} INFO - [2024-10-15T16:15:42.205+0000] {override.py:1900} INFO - Created Permission View: can edit on DAG:example_xcom_args
[2024-10-15T16:15:42.212+0000] {logging_mixin.py:190} INFO - [2024-10-15T16:15:42.211+0000] {override.py:1900} INFO - Created Permission View: can read on DAG Run:example_xcom_args
[2024-10-15T16:15:42.218+0000] {logging_mixin.py:190} INFO - [2024-10-15T16:15:42.218+0000] {override.py:1900} INFO - Created Permission View: can create on DAG Run:example_xcom_args
[2024-10-15T16:15:42.224+0000] {logging_mixin.py:190} INFO - [2024-10-15T16:15:42.224+0000] {override.py:1900} INFO - Created Permission View: menu access on DAG Run:example_xcom_args
[2024-10-15T16:15:42.229+0000] {logging_mixin.py:190} INFO - [2024-10-15T16:15:42.229+0000] {override.py:1900} INFO - Created Permission View: can delete on DAG Run:example_xcom_args
[2024-10-15T16:15:42.241+0000] {logging_mixin.py:190} INFO - [2024-10-15T16:15:42.240+0000] {override.py:1900} INFO - Created Permission View: can read on DAG:example_xcom_args_with_operators
[2024-10-15T16:15:42.245+0000] {logging_mixin.py:190} INFO - [2024-10-15T16:15:42.245+0000] {override.py:1900} INFO - Created Permission View: can delete on DAG:example_xcom_args_with_operators
[2024-10-15T16:15:42.250+0000] {logging_mixin.py:190} INFO - [2024-10-15T16:15:42.250+0000] {override.py:1900} INFO - Created Permission View: can edit on DAG:example_xcom_args_with_operators
[2024-10-15T16:15:42.256+0000] {logging_mixin.py:190} INFO - [2024-10-15T16:15:42.255+0000] {override.py:1900} INFO - Created Permission View: can read on DAG Run:example_xcom_args_with_operators
[2024-10-15T16:15:42.261+0000] {logging_mixin.py:190} INFO - [2024-10-15T16:15:42.261+0000] {override.py:1900} INFO - Created Permission View: can create on DAG Run:example_xcom_args_with_operators
[2024-10-15T16:15:42.266+0000] {logging_mixin.py:190} INFO - [2024-10-15T16:15:42.266+0000] {override.py:1900} INFO - Created Permission View: menu access on DAG Run:example_xcom_args_with_operators
[2024-10-15T16:15:42.272+0000] {logging_mixin.py:190} INFO - [2024-10-15T16:15:42.272+0000] {override.py:1900} INFO - Created Permission View: can delete on DAG Run:example_xcom_args_with_operators
[2024-10-15T16:15:42.272+0000] {logging_mixin.py:190} INFO - [2024-10-15T16:15:42.272+0000] {dag.py:3239} INFO - Sync 2 DAGs
[2024-10-15T16:15:42.284+0000] {logging_mixin.py:190} INFO - [2024-10-15T16:15:42.284+0000] {dag.py:3262} INFO - Creating ORM DAG for example_xcom_args_with_operators
[2024-10-15T16:15:42.285+0000] {logging_mixin.py:190} INFO - [2024-10-15T16:15:42.284+0000] {dag.py:3262} INFO - Creating ORM DAG for example_xcom_args
[2024-10-15T16:15:42.285+0000] {logging_mixin.py:190} INFO - [2024-10-15T16:15:42.285+0000] {dag.py:4180} INFO - Setting next_dagrun for example_xcom_args to None, run_after=None
[2024-10-15T16:15:42.286+0000] {logging_mixin.py:190} INFO - [2024-10-15T16:15:42.286+0000] {dag.py:4180} INFO - Setting next_dagrun for example_xcom_args_with_operators to None, run_after=None
[2024-10-15T16:15:42.299+0000] {processor.py:208} INFO - Processing /home/airflow/.local/lib/python3.12/site-packages/airflow/example_dags/example_xcomargs.py took 0.298 seconds
[2024-10-15T16:16:12.964+0000] {processor.py:186} INFO - Started process (PID=116) to work on /home/airflow/.local/lib/python3.12/site-packages/airflow/example_dags/example_xcomargs.py
[2024-10-15T16:16:12.965+0000] {processor.py:914} INFO - Processing file /home/airflow/.local/lib/python3.12/site-packages/airflow/example_dags/example_xcomargs.py for tasks to queue
[2024-10-15T16:16:12.966+0000] {logging_mixin.py:190} INFO - [2024-10-15T16:16:12.966+0000] {dagbag.py:588} INFO - Filling up the DagBag from /home/airflow/.local/lib/python3.12/site-packages/airflow/example_dags/example_xcomargs.py
[2024-10-15T16:16:12.975+0000] {processor.py:925} INFO - DAG(s) 'example_xcom_args', 'example_xcom_args_with_operators' retrieved from /home/airflow/.local/lib/python3.12/site-packages/airflow/example_dags/example_xcomargs.py
[2024-10-15T16:16:12.991+0000] {logging_mixin.py:190} INFO - [2024-10-15T16:16:12.991+0000] {dag.py:3239} INFO - Sync 2 DAGs
[2024-10-15T16:16:13.001+0000] {logging_mixin.py:190} INFO - [2024-10-15T16:16:13.001+0000] {dag.py:4180} INFO - Setting next_dagrun for example_xcom_args to None, run_after=None
[2024-10-15T16:16:13.003+0000] {logging_mixin.py:190} INFO - [2024-10-15T16:16:13.003+0000] {dag.py:4180} INFO - Setting next_dagrun for example_xcom_args_with_operators to None, run_after=None
[2024-10-15T16:16:13.018+0000] {processor.py:208} INFO - Processing /home/airflow/.local/lib/python3.12/site-packages/airflow/example_dags/example_xcomargs.py took 0.058 seconds
[2024-10-15T16:16:43.946+0000] {processor.py:186} INFO - Started process (PID=178) to work on /home/airflow/.local/lib/python3.12/site-packages/airflow/example_dags/example_xcomargs.py
[2024-10-15T16:16:43.946+0000] {processor.py:914} INFO - Processing file /home/airflow/.local/lib/python3.12/site-packages/airflow/example_dags/example_xcomargs.py for tasks to queue
[2024-10-15T16:16:43.949+0000] {logging_mixin.py:190} INFO - [2024-10-15T16:16:43.948+0000] {dagbag.py:588} INFO - Filling up the DagBag from /home/airflow/.local/lib/python3.12/site-packages/airflow/example_dags/example_xcomargs.py
[2024-10-15T16:16:43.957+0000] {processor.py:925} INFO - DAG(s) 'example_xcom_args', 'example_xcom_args_with_operators' retrieved from /home/airflow/.local/lib/python3.12/site-packages/airflow/example_dags/example_xcomargs.py
[2024-10-15T16:16:43.974+0000] {logging_mixin.py:190} INFO - [2024-10-15T16:16:43.974+0000] {dag.py:3239} INFO - Sync 2 DAGs
[2024-10-15T16:16:43.986+0000] {logging_mixin.py:190} INFO - [2024-10-15T16:16:43.985+0000] {dag.py:4180} INFO - Setting next_dagrun for example_xcom_args to None, run_after=None
[2024-10-15T16:16:43.989+0000] {logging_mixin.py:190} INFO - [2024-10-15T16:16:43.989+0000] {dag.py:4180} INFO - Setting next_dagrun for example_xcom_args_with_operators to None, run_after=None
[2024-10-15T16:16:44.004+0000] {processor.py:208} INFO - Processing /home/airflow/.local/lib/python3.12/site-packages/airflow/example_dags/example_xcomargs.py took 0.063 seconds
[2024-10-15T16:17:14.586+0000] {processor.py:186} INFO - Started process (PID=240) to work on /home/airflow/.local/lib/python3.12/site-packages/airflow/example_dags/example_xcomargs.py
[2024-10-15T16:17:14.587+0000] {processor.py:914} INFO - Processing file /home/airflow/.local/lib/python3.12/site-packages/airflow/example_dags/example_xcomargs.py for tasks to queue
[2024-10-15T16:17:14.589+0000] {logging_mixin.py:190} INFO - [2024-10-15T16:17:14.589+0000] {dagbag.py:588} INFO - Filling up the DagBag from /home/airflow/.local/lib/python3.12/site-packages/airflow/example_dags/example_xcomargs.py
[2024-10-15T16:17:14.597+0000] {processor.py:925} INFO - DAG(s) 'example_xcom_args_with_operators', 'example_xcom_args' retrieved from /home/airflow/.local/lib/python3.12/site-packages/airflow/example_dags/example_xcomargs.py
[2024-10-15T16:17:14.613+0000] {logging_mixin.py:190} INFO - [2024-10-15T16:17:14.613+0000] {dag.py:3239} INFO - Sync 2 DAGs
[2024-10-15T16:17:14.623+0000] {logging_mixin.py:190} INFO - [2024-10-15T16:17:14.623+0000] {dag.py:4180} INFO - Setting next_dagrun for example_xcom_args to None, run_after=None
[2024-10-15T16:17:14.626+0000] {logging_mixin.py:190} INFO - [2024-10-15T16:17:14.626+0000] {dag.py:4180} INFO - Setting next_dagrun for example_xcom_args_with_operators to None, run_after=None
[2024-10-15T16:17:14.639+0000] {processor.py:208} INFO - Processing /home/airflow/.local/lib/python3.12/site-packages/airflow/example_dags/example_xcomargs.py took 0.059 seconds
[2024-10-15T16:17:45.472+0000] {processor.py:186} INFO - Started process (PID=302) to work on /home/airflow/.local/lib/python3.12/site-packages/airflow/example_dags/example_xcomargs.py
[2024-10-15T16:17:45.473+0000] {processor.py:914} INFO - Processing file /home/airflow/.local/lib/python3.12/site-packages/airflow/example_dags/example_xcomargs.py for tasks to queue
[2024-10-15T16:17:45.476+0000] {logging_mixin.py:190} INFO - [2024-10-15T16:17:45.476+0000] {dagbag.py:588} INFO - Filling up the DagBag from /home/airflow/.local/lib/python3.12/site-packages/airflow/example_dags/example_xcomargs.py
[2024-10-15T16:17:45.483+0000] {processor.py:925} INFO - DAG(s) 'example_xcom_args_with_operators', 'example_xcom_args' retrieved from /home/airflow/.local/lib/python3.12/site-packages/airflow/example_dags/example_xcomargs.py
[2024-10-15T16:17:45.501+0000] {logging_mixin.py:190} INFO - [2024-10-15T16:17:45.501+0000] {dag.py:3239} INFO - Sync 2 DAGs
[2024-10-15T16:17:45.511+0000] {logging_mixin.py:190} INFO - [2024-10-15T16:17:45.511+0000] {dag.py:4180} INFO - Setting next_dagrun for example_xcom_args to None, run_after=None
[2024-10-15T16:17:45.514+0000] {logging_mixin.py:190} INFO - [2024-10-15T16:17:45.514+0000] {dag.py:4180} INFO - Setting next_dagrun for example_xcom_args_with_operators to None, run_after=None
[2024-10-15T16:17:45.529+0000] {processor.py:208} INFO - Processing /home/airflow/.local/lib/python3.12/site-packages/airflow/example_dags/example_xcomargs.py took 0.062 seconds
[2024-10-15T16:18:16.310+0000] {processor.py:186} INFO - Started process (PID=370) to work on /home/airflow/.local/lib/python3.12/site-packages/airflow/example_dags/example_xcomargs.py
[2024-10-15T16:18:16.311+0000] {processor.py:914} INFO - Processing file /home/airflow/.local/lib/python3.12/site-packages/airflow/example_dags/example_xcomargs.py for tasks to queue
[2024-10-15T16:18:16.312+0000] {logging_mixin.py:190} INFO - [2024-10-15T16:18:16.312+0000] {dagbag.py:588} INFO - Filling up the DagBag from /home/airflow/.local/lib/python3.12/site-packages/airflow/example_dags/example_xcomargs.py
[2024-10-15T16:18:16.319+0000] {processor.py:925} INFO - DAG(s) 'example_xcom_args', 'example_xcom_args_with_operators' retrieved from /home/airflow/.local/lib/python3.12/site-packages/airflow/example_dags/example_xcomargs.py
[2024-10-15T16:18:16.336+0000] {logging_mixin.py:190} INFO - [2024-10-15T16:18:16.336+0000] {dag.py:3239} INFO - Sync 2 DAGs
[2024-10-15T16:18:16.346+0000] {logging_mixin.py:190} INFO - [2024-10-15T16:18:16.346+0000] {dag.py:4180} INFO - Setting next_dagrun for example_xcom_args to None, run_after=None
[2024-10-15T16:18:16.349+0000] {logging_mixin.py:190} INFO - [2024-10-15T16:18:16.349+0000] {dag.py:4180} INFO - Setting next_dagrun for example_xcom_args_with_operators to None, run_after=None
[2024-10-15T16:18:16.367+0000] {processor.py:208} INFO - Processing /home/airflow/.local/lib/python3.12/site-packages/airflow/example_dags/example_xcomargs.py took 0.062 seconds
[2024-10-15T16:18:46.402+0000] {processor.py:186} INFO - Started process (PID=432) to work on /home/airflow/.local/lib/python3.12/site-packages/airflow/example_dags/example_xcomargs.py
[2024-10-15T16:18:46.403+0000] {processor.py:914} INFO - Processing file /home/airflow/.local/lib/python3.12/site-packages/airflow/example_dags/example_xcomargs.py for tasks to queue
[2024-10-15T16:18:46.404+0000] {logging_mixin.py:190} INFO - [2024-10-15T16:18:46.404+0000] {dagbag.py:588} INFO - Filling up the DagBag from /home/airflow/.local/lib/python3.12/site-packages/airflow/example_dags/example_xcomargs.py
[2024-10-15T16:18:46.411+0000] {processor.py:925} INFO - DAG(s) 'example_xcom_args', 'example_xcom_args_with_operators' retrieved from /home/airflow/.local/lib/python3.12/site-packages/airflow/example_dags/example_xcomargs.py
[2024-10-15T16:18:46.430+0000] {logging_mixin.py:190} INFO - [2024-10-15T16:18:46.430+0000] {dag.py:3239} INFO - Sync 2 DAGs
[2024-10-15T16:18:46.441+0000] {logging_mixin.py:190} INFO - [2024-10-15T16:18:46.441+0000] {dag.py:4180} INFO - Setting next_dagrun for example_xcom_args to None, run_after=None
[2024-10-15T16:18:46.444+0000] {logging_mixin.py:190} INFO - [2024-10-15T16:18:46.444+0000] {dag.py:4180} INFO - Setting next_dagrun for example_xcom_args_with_operators to None, run_after=None
[2024-10-15T16:18:46.458+0000] {processor.py:208} INFO - Processing /home/airflow/.local/lib/python3.12/site-packages/airflow/example_dags/example_xcomargs.py took 0.060 seconds
[2024-10-15T16:19:16.499+0000] {processor.py:186} INFO - Started process (PID=494) to work on /home/airflow/.local/lib/python3.12/site-packages/airflow/example_dags/example_xcomargs.py
[2024-10-15T16:19:16.500+0000] {processor.py:914} INFO - Processing file /home/airflow/.local/lib/python3.12/site-packages/airflow/example_dags/example_xcomargs.py for tasks to queue
[2024-10-15T16:19:16.502+0000] {logging_mixin.py:190} INFO - [2024-10-15T16:19:16.501+0000] {dagbag.py:588} INFO - Filling up the DagBag from /home/airflow/.local/lib/python3.12/site-packages/airflow/example_dags/example_xcomargs.py
[2024-10-15T16:19:16.510+0000] {processor.py:925} INFO - DAG(s) 'example_xcom_args_with_operators', 'example_xcom_args' retrieved from /home/airflow/.local/lib/python3.12/site-packages/airflow/example_dags/example_xcomargs.py
[2024-10-15T16:19:16.527+0000] {logging_mixin.py:190} INFO - [2024-10-15T16:19:16.527+0000] {dag.py:3239} INFO - Sync 2 DAGs
[2024-10-15T16:19:16.538+0000] {logging_mixin.py:190} INFO - [2024-10-15T16:19:16.537+0000] {dag.py:4180} INFO - Setting next_dagrun for example_xcom_args to None, run_after=None
[2024-10-15T16:19:16.540+0000] {logging_mixin.py:190} INFO - [2024-10-15T16:19:16.540+0000] {dag.py:4180} INFO - Setting next_dagrun for example_xcom_args_with_operators to None, run_after=None
[2024-10-15T16:19:16.552+0000] {processor.py:208} INFO - Processing /home/airflow/.local/lib/python3.12/site-packages/airflow/example_dags/example_xcomargs.py took 0.058 seconds
[2024-10-15T16:19:47.477+0000] {processor.py:186} INFO - Started process (PID=556) to work on /home/airflow/.local/lib/python3.12/site-packages/airflow/example_dags/example_xcomargs.py
[2024-10-15T16:19:47.478+0000] {processor.py:914} INFO - Processing file /home/airflow/.local/lib/python3.12/site-packages/airflow/example_dags/example_xcomargs.py for tasks to queue
[2024-10-15T16:19:47.480+0000] {logging_mixin.py:190} INFO - [2024-10-15T16:19:47.480+0000] {dagbag.py:588} INFO - Filling up the DagBag from /home/airflow/.local/lib/python3.12/site-packages/airflow/example_dags/example_xcomargs.py
[2024-10-15T16:19:47.487+0000] {processor.py:925} INFO - DAG(s) 'example_xcom_args', 'example_xcom_args_with_operators' retrieved from /home/airflow/.local/lib/python3.12/site-packages/airflow/example_dags/example_xcomargs.py
[2024-10-15T16:19:47.507+0000] {logging_mixin.py:190} INFO - [2024-10-15T16:19:47.507+0000] {dag.py:3239} INFO - Sync 2 DAGs
[2024-10-15T16:19:47.520+0000] {logging_mixin.py:190} INFO - [2024-10-15T16:19:47.520+0000] {dag.py:4180} INFO - Setting next_dagrun for example_xcom_args to None, run_after=None
[2024-10-15T16:19:47.523+0000] {logging_mixin.py:190} INFO - [2024-10-15T16:19:47.523+0000] {dag.py:4180} INFO - Setting next_dagrun for example_xcom_args_with_operators to None, run_after=None
[2024-10-15T16:19:47.538+0000] {processor.py:208} INFO - Processing /home/airflow/.local/lib/python3.12/site-packages/airflow/example_dags/example_xcomargs.py took 0.066 seconds
[2024-10-15T16:20:18.492+0000] {processor.py:186} INFO - Started process (PID=618) to work on /home/airflow/.local/lib/python3.12/site-packages/airflow/example_dags/example_xcomargs.py
[2024-10-15T16:20:18.493+0000] {processor.py:914} INFO - Processing file /home/airflow/.local/lib/python3.12/site-packages/airflow/example_dags/example_xcomargs.py for tasks to queue
[2024-10-15T16:20:18.494+0000] {logging_mixin.py:190} INFO - [2024-10-15T16:20:18.494+0000] {dagbag.py:588} INFO - Filling up the DagBag from /home/airflow/.local/lib/python3.12/site-packages/airflow/example_dags/example_xcomargs.py
[2024-10-15T16:20:18.504+0000] {processor.py:925} INFO - DAG(s) 'example_xcom_args', 'example_xcom_args_with_operators' retrieved from /home/airflow/.local/lib/python3.12/site-packages/airflow/example_dags/example_xcomargs.py
[2024-10-15T16:20:18.532+0000] {logging_mixin.py:190} INFO - [2024-10-15T16:20:18.531+0000] {dag.py:3239} INFO - Sync 2 DAGs
[2024-10-15T16:20:18.547+0000] {logging_mixin.py:190} INFO - [2024-10-15T16:20:18.547+0000] {dag.py:4180} INFO - Setting next_dagrun for example_xcom_args to None, run_after=None
[2024-10-15T16:20:18.551+0000] {logging_mixin.py:190} INFO - [2024-10-15T16:20:18.551+0000] {dag.py:4180} INFO - Setting next_dagrun for example_xcom_args_with_operators to None, run_after=None
[2024-10-15T16:20:18.568+0000] {processor.py:208} INFO - Processing /home/airflow/.local/lib/python3.12/site-packages/airflow/example_dags/example_xcomargs.py took 0.081 seconds
[2024-10-15T16:20:49.583+0000] {processor.py:186} INFO - Started process (PID=680) to work on /home/airflow/.local/lib/python3.12/site-packages/airflow/example_dags/example_xcomargs.py
[2024-10-15T16:20:49.584+0000] {processor.py:914} INFO - Processing file /home/airflow/.local/lib/python3.12/site-packages/airflow/example_dags/example_xcomargs.py for tasks to queue
[2024-10-15T16:20:49.587+0000] {logging_mixin.py:190} INFO - [2024-10-15T16:20:49.586+0000] {dagbag.py:588} INFO - Filling up the DagBag from /home/airflow/.local/lib/python3.12/site-packages/airflow/example_dags/example_xcomargs.py
[2024-10-15T16:20:49.594+0000] {processor.py:925} INFO - DAG(s) 'example_xcom_args_with_operators', 'example_xcom_args' retrieved from /home/airflow/.local/lib/python3.12/site-packages/airflow/example_dags/example_xcomargs.py
[2024-10-15T16:20:49.618+0000] {logging_mixin.py:190} INFO - [2024-10-15T16:20:49.617+0000] {dag.py:3239} INFO - Sync 2 DAGs
[2024-10-15T16:20:49.631+0000] {logging_mixin.py:190} INFO - [2024-10-15T16:20:49.631+0000] {dag.py:4180} INFO - Setting next_dagrun for example_xcom_args to None, run_after=None
[2024-10-15T16:20:49.634+0000] {logging_mixin.py:190} INFO - [2024-10-15T16:20:49.634+0000] {dag.py:4180} INFO - Setting next_dagrun for example_xcom_args_with_operators to None, run_after=None
[2024-10-15T16:20:49.646+0000] {processor.py:208} INFO - Processing /home/airflow/.local/lib/python3.12/site-packages/airflow/example_dags/example_xcomargs.py took 0.070 seconds
[2024-10-15T16:21:20.442+0000] {processor.py:186} INFO - Started process (PID=742) to work on /home/airflow/.local/lib/python3.12/site-packages/airflow/example_dags/example_xcomargs.py
[2024-10-15T16:21:20.443+0000] {processor.py:914} INFO - Processing file /home/airflow/.local/lib/python3.12/site-packages/airflow/example_dags/example_xcomargs.py for tasks to queue
[2024-10-15T16:21:20.444+0000] {logging_mixin.py:190} INFO - [2024-10-15T16:21:20.444+0000] {dagbag.py:588} INFO - Filling up the DagBag from /home/airflow/.local/lib/python3.12/site-packages/airflow/example_dags/example_xcomargs.py
[2024-10-15T16:21:20.451+0000] {processor.py:925} INFO - DAG(s) 'example_xcom_args_with_operators', 'example_xcom_args' retrieved from /home/airflow/.local/lib/python3.12/site-packages/airflow/example_dags/example_xcomargs.py
[2024-10-15T16:21:20.479+0000] {logging_mixin.py:190} INFO - [2024-10-15T16:21:20.479+0000] {dag.py:3239} INFO - Sync 2 DAGs
[2024-10-15T16:21:20.491+0000] {logging_mixin.py:190} INFO - [2024-10-15T16:21:20.491+0000] {dag.py:4180} INFO - Setting next_dagrun for example_xcom_args to None, run_after=None
[2024-10-15T16:21:20.495+0000] {logging_mixin.py:190} INFO - [2024-10-15T16:21:20.494+0000] {dag.py:4180} INFO - Setting next_dagrun for example_xcom_args_with_operators to None, run_after=None
[2024-10-15T16:21:20.512+0000] {processor.py:208} INFO - Processing /home/airflow/.local/lib/python3.12/site-packages/airflow/example_dags/example_xcomargs.py took 0.074 seconds
[2024-10-15T16:21:51.401+0000] {processor.py:186} INFO - Started process (PID=804) to work on /home/airflow/.local/lib/python3.12/site-packages/airflow/example_dags/example_xcomargs.py
[2024-10-15T16:21:51.402+0000] {processor.py:914} INFO - Processing file /home/airflow/.local/lib/python3.12/site-packages/airflow/example_dags/example_xcomargs.py for tasks to queue
[2024-10-15T16:21:51.405+0000] {logging_mixin.py:190} INFO - [2024-10-15T16:21:51.404+0000] {dagbag.py:588} INFO - Filling up the DagBag from /home/airflow/.local/lib/python3.12/site-packages/airflow/example_dags/example_xcomargs.py
[2024-10-15T16:21:51.414+0000] {processor.py:925} INFO - DAG(s) 'example_xcom_args', 'example_xcom_args_with_operators' retrieved from /home/airflow/.local/lib/python3.12/site-packages/airflow/example_dags/example_xcomargs.py
[2024-10-15T16:21:51.436+0000] {logging_mixin.py:190} INFO - [2024-10-15T16:21:51.436+0000] {dag.py:3239} INFO - Sync 2 DAGs
[2024-10-15T16:21:51.477+0000] {logging_mixin.py:190} INFO - [2024-10-15T16:21:51.477+0000] {dag.py:4180} INFO - Setting next_dagrun for example_xcom_args to None, run_after=None
[2024-10-15T16:21:51.480+0000] {logging_mixin.py:190} INFO - [2024-10-15T16:21:51.479+0000] {dag.py:4180} INFO - Setting next_dagrun for example_xcom_args_with_operators to None, run_after=None
[2024-10-15T16:21:51.492+0000] {processor.py:208} INFO - Processing /home/airflow/.local/lib/python3.12/site-packages/airflow/example_dags/example_xcomargs.py took 0.096 seconds
[2024-10-15T16:22:21.548+0000] {processor.py:186} INFO - Started process (PID=866) to work on /home/airflow/.local/lib/python3.12/site-packages/airflow/example_dags/example_xcomargs.py
[2024-10-15T16:22:21.548+0000] {processor.py:914} INFO - Processing file /home/airflow/.local/lib/python3.12/site-packages/airflow/example_dags/example_xcomargs.py for tasks to queue
[2024-10-15T16:22:21.550+0000] {logging_mixin.py:190} INFO - [2024-10-15T16:22:21.550+0000] {dagbag.py:588} INFO - Filling up the DagBag from /home/airflow/.local/lib/python3.12/site-packages/airflow/example_dags/example_xcomargs.py
[2024-10-15T16:22:21.559+0000] {processor.py:925} INFO - DAG(s) 'example_xcom_args', 'example_xcom_args_with_operators' retrieved from /home/airflow/.local/lib/python3.12/site-packages/airflow/example_dags/example_xcomargs.py
[2024-10-15T16:22:21.583+0000] {logging_mixin.py:190} INFO - [2024-10-15T16:22:21.582+0000] {dag.py:3239} INFO - Sync 2 DAGs
[2024-10-15T16:22:21.594+0000] {logging_mixin.py:190} INFO - [2024-10-15T16:22:21.593+0000] {dag.py:4180} INFO - Setting next_dagrun for example_xcom_args to None, run_after=None
[2024-10-15T16:22:21.597+0000] {logging_mixin.py:190} INFO - [2024-10-15T16:22:21.596+0000] {dag.py:4180} INFO - Setting next_dagrun for example_xcom_args_with_operators to None, run_after=None
[2024-10-15T16:22:21.613+0000] {processor.py:208} INFO - Processing /home/airflow/.local/lib/python3.12/site-packages/airflow/example_dags/example_xcomargs.py took 0.073 seconds
[2024-10-15T16:22:51.852+0000] {processor.py:186} INFO - Started process (PID=928) to work on /home/airflow/.local/lib/python3.12/site-packages/airflow/example_dags/example_xcomargs.py
[2024-10-15T16:22:51.853+0000] {processor.py:914} INFO - Processing file /home/airflow/.local/lib/python3.12/site-packages/airflow/example_dags/example_xcomargs.py for tasks to queue
[2024-10-15T16:22:51.855+0000] {logging_mixin.py:190} INFO - [2024-10-15T16:22:51.855+0000] {dagbag.py:588} INFO - Filling up the DagBag from /home/airflow/.local/lib/python3.12/site-packages/airflow/example_dags/example_xcomargs.py
[2024-10-15T16:22:51.865+0000] {processor.py:925} INFO - DAG(s) 'example_xcom_args', 'example_xcom_args_with_operators' retrieved from /home/airflow/.local/lib/python3.12/site-packages/airflow/example_dags/example_xcomargs.py
[2024-10-15T16:22:51.888+0000] {logging_mixin.py:190} INFO - [2024-10-15T16:22:51.888+0000] {dag.py:3239} INFO - Sync 2 DAGs
[2024-10-15T16:22:51.909+0000] {logging_mixin.py:190} INFO - [2024-10-15T16:22:51.909+0000] {dag.py:4180} INFO - Setting next_dagrun for example_xcom_args to None, run_after=None
[2024-10-15T16:22:51.912+0000] {logging_mixin.py:190} INFO - [2024-10-15T16:22:51.912+0000] {dag.py:4180} INFO - Setting next_dagrun for example_xcom_args_with_operators to None, run_after=None
[2024-10-15T16:22:51.942+0000] {processor.py:208} INFO - Processing /home/airflow/.local/lib/python3.12/site-packages/airflow/example_dags/example_xcomargs.py took 0.095 seconds
[2024-10-15T16:23:22.770+0000] {processor.py:186} INFO - Started process (PID=990) to work on /home/airflow/.local/lib/python3.12/site-packages/airflow/example_dags/example_xcomargs.py
[2024-10-15T16:23:22.771+0000] {processor.py:914} INFO - Processing file /home/airflow/.local/lib/python3.12/site-packages/airflow/example_dags/example_xcomargs.py for tasks to queue
[2024-10-15T16:23:22.773+0000] {logging_mixin.py:190} INFO - [2024-10-15T16:23:22.773+0000] {dagbag.py:588} INFO - Filling up the DagBag from /home/airflow/.local/lib/python3.12/site-packages/airflow/example_dags/example_xcomargs.py
[2024-10-15T16:23:22.780+0000] {processor.py:925} INFO - DAG(s) 'example_xcom_args', 'example_xcom_args_with_operators' retrieved from /home/airflow/.local/lib/python3.12/site-packages/airflow/example_dags/example_xcomargs.py
[2024-10-15T16:23:22.799+0000] {logging_mixin.py:190} INFO - [2024-10-15T16:23:22.799+0000] {dag.py:3239} INFO - Sync 2 DAGs
[2024-10-15T16:23:22.811+0000] {logging_mixin.py:190} INFO - [2024-10-15T16:23:22.810+0000] {dag.py:4180} INFO - Setting next_dagrun for example_xcom_args to None, run_after=None
[2024-10-15T16:23:22.813+0000] {logging_mixin.py:190} INFO - [2024-10-15T16:23:22.813+0000] {dag.py:4180} INFO - Setting next_dagrun for example_xcom_args_with_operators to None, run_after=None
[2024-10-15T16:23:22.826+0000] {processor.py:208} INFO - Processing /home/airflow/.local/lib/python3.12/site-packages/airflow/example_dags/example_xcomargs.py took 0.065 seconds
[2024-10-15T16:23:53.005+0000] {processor.py:186} INFO - Started process (PID=1052) to work on /home/airflow/.local/lib/python3.12/site-packages/airflow/example_dags/example_xcomargs.py
[2024-10-15T16:23:53.006+0000] {processor.py:914} INFO - Processing file /home/airflow/.local/lib/python3.12/site-packages/airflow/example_dags/example_xcomargs.py for tasks to queue
[2024-10-15T16:23:53.009+0000] {logging_mixin.py:190} INFO - [2024-10-15T16:23:53.008+0000] {dagbag.py:588} INFO - Filling up the DagBag from /home/airflow/.local/lib/python3.12/site-packages/airflow/example_dags/example_xcomargs.py
[2024-10-15T16:23:53.019+0000] {processor.py:925} INFO - DAG(s) 'example_xcom_args', 'example_xcom_args_with_operators' retrieved from /home/airflow/.local/lib/python3.12/site-packages/airflow/example_dags/example_xcomargs.py
[2024-10-15T16:23:53.043+0000] {logging_mixin.py:190} INFO - [2024-10-15T16:23:53.043+0000] {dag.py:3239} INFO - Sync 2 DAGs
[2024-10-15T16:23:53.061+0000] {logging_mixin.py:190} INFO - [2024-10-15T16:23:53.061+0000] {dag.py:4180} INFO - Setting next_dagrun for example_xcom_args to None, run_after=None
[2024-10-15T16:23:53.064+0000] {logging_mixin.py:190} INFO - [2024-10-15T16:23:53.064+0000] {dag.py:4180} INFO - Setting next_dagrun for example_xcom_args_with_operators to None, run_after=None
[2024-10-15T16:23:53.087+0000] {processor.py:208} INFO - Processing /home/airflow/.local/lib/python3.12/site-packages/airflow/example_dags/example_xcomargs.py took 0.089 seconds
[2024-10-15T16:24:23.303+0000] {processor.py:186} INFO - Started process (PID=1114) to work on /home/airflow/.local/lib/python3.12/site-packages/airflow/example_dags/example_xcomargs.py
[2024-10-15T16:24:23.303+0000] {processor.py:914} INFO - Processing file /home/airflow/.local/lib/python3.12/site-packages/airflow/example_dags/example_xcomargs.py for tasks to queue
[2024-10-15T16:24:23.305+0000] {logging_mixin.py:190} INFO - [2024-10-15T16:24:23.305+0000] {dagbag.py:588} INFO - Filling up the DagBag from /home/airflow/.local/lib/python3.12/site-packages/airflow/example_dags/example_xcomargs.py
[2024-10-15T16:24:23.325+0000] {processor.py:925} INFO - DAG(s) 'example_xcom_args', 'example_xcom_args_with_operators' retrieved from /home/airflow/.local/lib/python3.12/site-packages/airflow/example_dags/example_xcomargs.py
[2024-10-15T16:24:23.356+0000] {logging_mixin.py:190} INFO - [2024-10-15T16:24:23.356+0000] {dag.py:3239} INFO - Sync 2 DAGs
[2024-10-15T16:24:23.374+0000] {logging_mixin.py:190} INFO - [2024-10-15T16:24:23.374+0000] {dag.py:4180} INFO - Setting next_dagrun for example_xcom_args to None, run_after=None
[2024-10-15T16:24:23.379+0000] {logging_mixin.py:190} INFO - [2024-10-15T16:24:23.378+0000] {dag.py:4180} INFO - Setting next_dagrun for example_xcom_args_with_operators to None, run_after=None
[2024-10-15T16:24:23.395+0000] {processor.py:208} INFO - Processing /home/airflow/.local/lib/python3.12/site-packages/airflow/example_dags/example_xcomargs.py took 0.119 seconds
[2024-10-15T16:24:54.165+0000] {processor.py:186} INFO - Started process (PID=1176) to work on /home/airflow/.local/lib/python3.12/site-packages/airflow/example_dags/example_xcomargs.py
[2024-10-15T16:24:54.166+0000] {processor.py:914} INFO - Processing file /home/airflow/.local/lib/python3.12/site-packages/airflow/example_dags/example_xcomargs.py for tasks to queue
[2024-10-15T16:24:54.169+0000] {logging_mixin.py:190} INFO - [2024-10-15T16:24:54.168+0000] {dagbag.py:588} INFO - Filling up the DagBag from /home/airflow/.local/lib/python3.12/site-packages/airflow/example_dags/example_xcomargs.py
[2024-10-15T16:24:54.200+0000] {processor.py:925} INFO - DAG(s) 'example_xcom_args', 'example_xcom_args_with_operators' retrieved from /home/airflow/.local/lib/python3.12/site-packages/airflow/example_dags/example_xcomargs.py
[2024-10-15T16:24:54.218+0000] {logging_mixin.py:190} INFO - [2024-10-15T16:24:54.218+0000] {dag.py:3239} INFO - Sync 2 DAGs
[2024-10-15T16:24:54.229+0000] {logging_mixin.py:190} INFO - [2024-10-15T16:24:54.228+0000] {dag.py:4180} INFO - Setting next_dagrun for example_xcom_args to None, run_after=None
[2024-10-15T16:24:54.231+0000] {logging_mixin.py:190} INFO - [2024-10-15T16:24:54.231+0000] {dag.py:4180} INFO - Setting next_dagrun for example_xcom_args_with_operators to None, run_after=None
[2024-10-15T16:24:54.244+0000] {processor.py:208} INFO - Processing /home/airflow/.local/lib/python3.12/site-packages/airflow/example_dags/example_xcomargs.py took 0.085 seconds
[2024-10-15T16:25:25.033+0000] {processor.py:186} INFO - Started process (PID=1238) to work on /home/airflow/.local/lib/python3.12/site-packages/airflow/example_dags/example_xcomargs.py
[2024-10-15T16:25:25.034+0000] {processor.py:914} INFO - Processing file /home/airflow/.local/lib/python3.12/site-packages/airflow/example_dags/example_xcomargs.py for tasks to queue
[2024-10-15T16:25:25.035+0000] {logging_mixin.py:190} INFO - [2024-10-15T16:25:25.035+0000] {dagbag.py:588} INFO - Filling up the DagBag from /home/airflow/.local/lib/python3.12/site-packages/airflow/example_dags/example_xcomargs.py
[2024-10-15T16:25:25.043+0000] {processor.py:925} INFO - DAG(s) 'example_xcom_args_with_operators', 'example_xcom_args' retrieved from /home/airflow/.local/lib/python3.12/site-packages/airflow/example_dags/example_xcomargs.py
[2024-10-15T16:25:25.059+0000] {logging_mixin.py:190} INFO - [2024-10-15T16:25:25.058+0000] {dag.py:3239} INFO - Sync 2 DAGs
[2024-10-15T16:25:25.069+0000] {logging_mixin.py:190} INFO - [2024-10-15T16:25:25.068+0000] {dag.py:4180} INFO - Setting next_dagrun for example_xcom_args to None, run_after=None
[2024-10-15T16:25:25.072+0000] {logging_mixin.py:190} INFO - [2024-10-15T16:25:25.071+0000] {dag.py:4180} INFO - Setting next_dagrun for example_xcom_args_with_operators to None, run_after=None
[2024-10-15T16:25:25.084+0000] {processor.py:208} INFO - Processing /home/airflow/.local/lib/python3.12/site-packages/airflow/example_dags/example_xcomargs.py took 0.055 seconds
[2024-10-15T16:25:55.607+0000] {processor.py:186} INFO - Started process (PID=1300) to work on /home/airflow/.local/lib/python3.12/site-packages/airflow/example_dags/example_xcomargs.py
[2024-10-15T16:25:55.608+0000] {processor.py:914} INFO - Processing file /home/airflow/.local/lib/python3.12/site-packages/airflow/example_dags/example_xcomargs.py for tasks to queue
[2024-10-15T16:25:55.610+0000] {logging_mixin.py:190} INFO - [2024-10-15T16:25:55.610+0000] {dagbag.py:588} INFO - Filling up the DagBag from /home/airflow/.local/lib/python3.12/site-packages/airflow/example_dags/example_xcomargs.py
[2024-10-15T16:25:55.618+0000] {processor.py:925} INFO - DAG(s) 'example_xcom_args', 'example_xcom_args_with_operators' retrieved from /home/airflow/.local/lib/python3.12/site-packages/airflow/example_dags/example_xcomargs.py
[2024-10-15T16:25:55.637+0000] {logging_mixin.py:190} INFO - [2024-10-15T16:25:55.637+0000] {dag.py:3239} INFO - Sync 2 DAGs
[2024-10-15T16:25:55.650+0000] {logging_mixin.py:190} INFO - [2024-10-15T16:25:55.649+0000] {dag.py:4180} INFO - Setting next_dagrun for example_xcom_args to None, run_after=None
[2024-10-15T16:25:55.652+0000] {logging_mixin.py:190} INFO - [2024-10-15T16:25:55.652+0000] {dag.py:4180} INFO - Setting next_dagrun for example_xcom_args_with_operators to None, run_after=None
[2024-10-15T16:25:55.663+0000] {processor.py:208} INFO - Processing /home/airflow/.local/lib/python3.12/site-packages/airflow/example_dags/example_xcomargs.py took 0.062 seconds
[2024-10-15T16:26:26.326+0000] {processor.py:186} INFO - Started process (PID=1362) to work on /home/airflow/.local/lib/python3.12/site-packages/airflow/example_dags/example_xcomargs.py
[2024-10-15T16:26:26.326+0000] {processor.py:914} INFO - Processing file /home/airflow/.local/lib/python3.12/site-packages/airflow/example_dags/example_xcomargs.py for tasks to queue
[2024-10-15T16:26:26.328+0000] {logging_mixin.py:190} INFO - [2024-10-15T16:26:26.328+0000] {dagbag.py:588} INFO - Filling up the DagBag from /home/airflow/.local/lib/python3.12/site-packages/airflow/example_dags/example_xcomargs.py
[2024-10-15T16:26:26.336+0000] {processor.py:925} INFO - DAG(s) 'example_xcom_args', 'example_xcom_args_with_operators' retrieved from /home/airflow/.local/lib/python3.12/site-packages/airflow/example_dags/example_xcomargs.py
[2024-10-15T16:26:26.352+0000] {logging_mixin.py:190} INFO - [2024-10-15T16:26:26.352+0000] {dag.py:3239} INFO - Sync 2 DAGs
[2024-10-15T16:26:26.363+0000] {logging_mixin.py:190} INFO - [2024-10-15T16:26:26.362+0000] {dag.py:4180} INFO - Setting next_dagrun for example_xcom_args to None, run_after=None
[2024-10-15T16:26:26.365+0000] {logging_mixin.py:190} INFO - [2024-10-15T16:26:26.365+0000] {dag.py:4180} INFO - Setting next_dagrun for example_xcom_args_with_operators to None, run_after=None
[2024-10-15T16:26:26.379+0000] {processor.py:208} INFO - Processing /home/airflow/.local/lib/python3.12/site-packages/airflow/example_dags/example_xcomargs.py took 0.059 seconds
[2024-10-15T16:26:57.277+0000] {processor.py:186} INFO - Started process (PID=1424) to work on /home/airflow/.local/lib/python3.12/site-packages/airflow/example_dags/example_xcomargs.py
[2024-10-15T16:26:57.277+0000] {processor.py:914} INFO - Processing file /home/airflow/.local/lib/python3.12/site-packages/airflow/example_dags/example_xcomargs.py for tasks to queue
[2024-10-15T16:26:57.279+0000] {logging_mixin.py:190} INFO - [2024-10-15T16:26:57.279+0000] {dagbag.py:588} INFO - Filling up the DagBag from /home/airflow/.local/lib/python3.12/site-packages/airflow/example_dags/example_xcomargs.py
[2024-10-15T16:26:57.288+0000] {processor.py:925} INFO - DAG(s) 'example_xcom_args', 'example_xcom_args_with_operators' retrieved from /home/airflow/.local/lib/python3.12/site-packages/airflow/example_dags/example_xcomargs.py
[2024-10-15T16:26:57.305+0000] {logging_mixin.py:190} INFO - [2024-10-15T16:26:57.305+0000] {dag.py:3239} INFO - Sync 2 DAGs
[2024-10-15T16:26:57.317+0000] {logging_mixin.py:190} INFO - [2024-10-15T16:26:57.316+0000] {dag.py:4180} INFO - Setting next_dagrun for example_xcom_args to None, run_after=None
[2024-10-15T16:26:57.320+0000] {logging_mixin.py:190} INFO - [2024-10-15T16:26:57.319+0000] {dag.py:4180} INFO - Setting next_dagrun for example_xcom_args_with_operators to None, run_after=None
[2024-10-15T16:26:57.337+0000] {processor.py:208} INFO - Processing /home/airflow/.local/lib/python3.12/site-packages/airflow/example_dags/example_xcomargs.py took 0.065 seconds
[2024-10-15T16:27:28.346+0000] {processor.py:186} INFO - Started process (PID=1486) to work on /home/airflow/.local/lib/python3.12/site-packages/airflow/example_dags/example_xcomargs.py
[2024-10-15T16:27:28.347+0000] {processor.py:914} INFO - Processing file /home/airflow/.local/lib/python3.12/site-packages/airflow/example_dags/example_xcomargs.py for tasks to queue
[2024-10-15T16:27:28.349+0000] {logging_mixin.py:190} INFO - [2024-10-15T16:27:28.348+0000] {dagbag.py:588} INFO - Filling up the DagBag from /home/airflow/.local/lib/python3.12/site-packages/airflow/example_dags/example_xcomargs.py
[2024-10-15T16:27:28.356+0000] {processor.py:925} INFO - DAG(s) 'example_xcom_args', 'example_xcom_args_with_operators' retrieved from /home/airflow/.local/lib/python3.12/site-packages/airflow/example_dags/example_xcomargs.py
[2024-10-15T16:27:28.371+0000] {logging_mixin.py:190} INFO - [2024-10-15T16:27:28.371+0000] {dag.py:3239} INFO - Sync 2 DAGs
[2024-10-15T16:27:28.381+0000] {logging_mixin.py:190} INFO - [2024-10-15T16:27:28.381+0000] {dag.py:4180} INFO - Setting next_dagrun for example_xcom_args to None, run_after=None
[2024-10-15T16:27:28.383+0000] {logging_mixin.py:190} INFO - [2024-10-15T16:27:28.383+0000] {dag.py:4180} INFO - Setting next_dagrun for example_xcom_args_with_operators to None, run_after=None
[2024-10-15T16:27:28.396+0000] {processor.py:208} INFO - Processing /home/airflow/.local/lib/python3.12/site-packages/airflow/example_dags/example_xcomargs.py took 0.055 seconds
[2024-10-15T16:27:58.650+0000] {processor.py:186} INFO - Started process (PID=1548) to work on /home/airflow/.local/lib/python3.12/site-packages/airflow/example_dags/example_xcomargs.py
[2024-10-15T16:27:58.651+0000] {processor.py:914} INFO - Processing file /home/airflow/.local/lib/python3.12/site-packages/airflow/example_dags/example_xcomargs.py for tasks to queue
[2024-10-15T16:27:58.653+0000] {logging_mixin.py:190} INFO - [2024-10-15T16:27:58.652+0000] {dagbag.py:588} INFO - Filling up the DagBag from /home/airflow/.local/lib/python3.12/site-packages/airflow/example_dags/example_xcomargs.py
[2024-10-15T16:27:58.659+0000] {processor.py:925} INFO - DAG(s) 'example_xcom_args', 'example_xcom_args_with_operators' retrieved from /home/airflow/.local/lib/python3.12/site-packages/airflow/example_dags/example_xcomargs.py
[2024-10-15T16:27:58.676+0000] {logging_mixin.py:190} INFO - [2024-10-15T16:27:58.676+0000] {dag.py:3239} INFO - Sync 2 DAGs
[2024-10-15T16:27:58.687+0000] {logging_mixin.py:190} INFO - [2024-10-15T16:27:58.687+0000] {dag.py:4180} INFO - Setting next_dagrun for example_xcom_args to None, run_after=None
[2024-10-15T16:27:58.690+0000] {logging_mixin.py:190} INFO - [2024-10-15T16:27:58.690+0000] {dag.py:4180} INFO - Setting next_dagrun for example_xcom_args_with_operators to None, run_after=None
[2024-10-15T16:27:58.702+0000] {processor.py:208} INFO - Processing /home/airflow/.local/lib/python3.12/site-packages/airflow/example_dags/example_xcomargs.py took 0.056 seconds
[2024-10-15T16:28:29.719+0000] {processor.py:186} INFO - Started process (PID=1610) to work on /home/airflow/.local/lib/python3.12/site-packages/airflow/example_dags/example_xcomargs.py
[2024-10-15T16:28:29.720+0000] {processor.py:914} INFO - Processing file /home/airflow/.local/lib/python3.12/site-packages/airflow/example_dags/example_xcomargs.py for tasks to queue
[2024-10-15T16:28:29.722+0000] {logging_mixin.py:190} INFO - [2024-10-15T16:28:29.722+0000] {dagbag.py:588} INFO - Filling up the DagBag from /home/airflow/.local/lib/python3.12/site-packages/airflow/example_dags/example_xcomargs.py
[2024-10-15T16:28:29.731+0000] {processor.py:925} INFO - DAG(s) 'example_xcom_args_with_operators', 'example_xcom_args' retrieved from /home/airflow/.local/lib/python3.12/site-packages/airflow/example_dags/example_xcomargs.py
[2024-10-15T16:28:29.749+0000] {logging_mixin.py:190} INFO - [2024-10-15T16:28:29.749+0000] {dag.py:3239} INFO - Sync 2 DAGs
[2024-10-15T16:28:29.760+0000] {logging_mixin.py:190} INFO - [2024-10-15T16:28:29.760+0000] {dag.py:4180} INFO - Setting next_dagrun for example_xcom_args to None, run_after=None
[2024-10-15T16:28:29.763+0000] {logging_mixin.py:190} INFO - [2024-10-15T16:28:29.762+0000] {dag.py:4180} INFO - Setting next_dagrun for example_xcom_args_with_operators to None, run_after=None
[2024-10-15T16:28:29.781+0000] {processor.py:208} INFO - Processing /home/airflow/.local/lib/python3.12/site-packages/airflow/example_dags/example_xcomargs.py took 0.067 seconds
[2024-10-15T16:29:00.465+0000] {processor.py:186} INFO - Started process (PID=1672) to work on /home/airflow/.local/lib/python3.12/site-packages/airflow/example_dags/example_xcomargs.py
[2024-10-15T16:29:00.466+0000] {processor.py:914} INFO - Processing file /home/airflow/.local/lib/python3.12/site-packages/airflow/example_dags/example_xcomargs.py for tasks to queue
[2024-10-15T16:29:00.468+0000] {logging_mixin.py:190} INFO - [2024-10-15T16:29:00.468+0000] {dagbag.py:588} INFO - Filling up the DagBag from /home/airflow/.local/lib/python3.12/site-packages/airflow/example_dags/example_xcomargs.py
[2024-10-15T16:29:00.477+0000] {processor.py:925} INFO - DAG(s) 'example_xcom_args_with_operators', 'example_xcom_args' retrieved from /home/airflow/.local/lib/python3.12/site-packages/airflow/example_dags/example_xcomargs.py
[2024-10-15T16:29:00.496+0000] {logging_mixin.py:190} INFO - [2024-10-15T16:29:00.496+0000] {dag.py:3239} INFO - Sync 2 DAGs
[2024-10-15T16:29:00.510+0000] {logging_mixin.py:190} INFO - [2024-10-15T16:29:00.510+0000] {dag.py:4180} INFO - Setting next_dagrun for example_xcom_args to None, run_after=None
[2024-10-15T16:29:00.513+0000] {logging_mixin.py:190} INFO - [2024-10-15T16:29:00.513+0000] {dag.py:4180} INFO - Setting next_dagrun for example_xcom_args_with_operators to None, run_after=None
[2024-10-15T16:29:00.530+0000] {processor.py:208} INFO - Processing /home/airflow/.local/lib/python3.12/site-packages/airflow/example_dags/example_xcomargs.py took 0.069 seconds
[2024-10-15T16:29:30.649+0000] {processor.py:186} INFO - Started process (PID=1734) to work on /home/airflow/.local/lib/python3.12/site-packages/airflow/example_dags/example_xcomargs.py
[2024-10-15T16:29:30.650+0000] {processor.py:914} INFO - Processing file /home/airflow/.local/lib/python3.12/site-packages/airflow/example_dags/example_xcomargs.py for tasks to queue
[2024-10-15T16:29:30.652+0000] {logging_mixin.py:190} INFO - [2024-10-15T16:29:30.652+0000] {dagbag.py:588} INFO - Filling up the DagBag from /home/airflow/.local/lib/python3.12/site-packages/airflow/example_dags/example_xcomargs.py
[2024-10-15T16:29:30.660+0000] {processor.py:925} INFO - DAG(s) 'example_xcom_args_with_operators', 'example_xcom_args' retrieved from /home/airflow/.local/lib/python3.12/site-packages/airflow/example_dags/example_xcomargs.py
[2024-10-15T16:29:30.679+0000] {logging_mixin.py:190} INFO - [2024-10-15T16:29:30.679+0000] {dag.py:3239} INFO - Sync 2 DAGs
[2024-10-15T16:29:30.690+0000] {logging_mixin.py:190} INFO - [2024-10-15T16:29:30.690+0000] {dag.py:4180} INFO - Setting next_dagrun for example_xcom_args to None, run_after=None
[2024-10-15T16:29:30.694+0000] {logging_mixin.py:190} INFO - [2024-10-15T16:29:30.694+0000] {dag.py:4180} INFO - Setting next_dagrun for example_xcom_args_with_operators to None, run_after=None
[2024-10-15T16:29:30.710+0000] {processor.py:208} INFO - Processing /home/airflow/.local/lib/python3.12/site-packages/airflow/example_dags/example_xcomargs.py took 0.067 seconds
