[2024-10-15T16:15:43.478+0000] {processor.py:186} INFO - Started process (PID=64) to work on /home/airflow/.local/lib/python3.12/site-packages/airflow/example_dags/example_setup_teardown.py
[2024-10-15T16:15:43.479+0000] {processor.py:914} INFO - Processing file /home/airflow/.local/lib/python3.12/site-packages/airflow/example_dags/example_setup_teardown.py for tasks to queue
[2024-10-15T16:15:43.480+0000] {logging_mixin.py:190} INFO - [2024-10-15T16:15:43.480+0000] {dagbag.py:588} INFO - Filling up the DagBag from /home/airflow/.local/lib/python3.12/site-packages/airflow/example_dags/example_setup_teardown.py
[2024-10-15T16:15:43.486+0000] {processor.py:925} INFO - DAG(s) 'example_setup_teardown' retrieved from /home/airflow/.local/lib/python3.12/site-packages/airflow/example_dags/example_setup_teardown.py
[2024-10-15T16:15:43.571+0000] {logging_mixin.py:190} INFO - [2024-10-15T16:15:43.570+0000] {override.py:1900} INFO - Created Permission View: can read on DAG:example_setup_teardown
[2024-10-15T16:15:43.580+0000] {logging_mixin.py:190} INFO - [2024-10-15T16:15:43.580+0000] {override.py:1900} INFO - Created Permission View: can delete on DAG:example_setup_teardown
[2024-10-15T16:15:43.585+0000] {logging_mixin.py:190} INFO - [2024-10-15T16:15:43.585+0000] {override.py:1900} INFO - Created Permission View: can edit on DAG:example_setup_teardown
[2024-10-15T16:15:43.591+0000] {logging_mixin.py:190} INFO - [2024-10-15T16:15:43.591+0000] {override.py:1900} INFO - Created Permission View: can read on DAG Run:example_setup_teardown
[2024-10-15T16:15:43.596+0000] {logging_mixin.py:190} INFO - [2024-10-15T16:15:43.596+0000] {override.py:1900} INFO - Created Permission View: can create on DAG Run:example_setup_teardown
[2024-10-15T16:15:43.601+0000] {logging_mixin.py:190} INFO - [2024-10-15T16:15:43.600+0000] {override.py:1900} INFO - Created Permission View: menu access on DAG Run:example_setup_teardown
[2024-10-15T16:15:43.606+0000] {logging_mixin.py:190} INFO - [2024-10-15T16:15:43.606+0000] {override.py:1900} INFO - Created Permission View: can delete on DAG Run:example_setup_teardown
[2024-10-15T16:15:43.606+0000] {logging_mixin.py:190} INFO - [2024-10-15T16:15:43.606+0000] {dag.py:3239} INFO - Sync 1 DAGs
[2024-10-15T16:15:43.615+0000] {logging_mixin.py:190} INFO - [2024-10-15T16:15:43.615+0000] {dag.py:3262} INFO - Creating ORM DAG for example_setup_teardown
[2024-10-15T16:15:43.616+0000] {logging_mixin.py:190} INFO - [2024-10-15T16:15:43.616+0000] {dag.py:4180} INFO - Setting next_dagrun for example_setup_teardown to None, run_after=None
[2024-10-15T16:15:43.627+0000] {processor.py:208} INFO - Processing /home/airflow/.local/lib/python3.12/site-packages/airflow/example_dags/example_setup_teardown.py took 0.153 seconds
[2024-10-15T16:16:14.471+0000] {processor.py:186} INFO - Started process (PID=126) to work on /home/airflow/.local/lib/python3.12/site-packages/airflow/example_dags/example_setup_teardown.py
[2024-10-15T16:16:14.472+0000] {processor.py:914} INFO - Processing file /home/airflow/.local/lib/python3.12/site-packages/airflow/example_dags/example_setup_teardown.py for tasks to queue
[2024-10-15T16:16:14.473+0000] {logging_mixin.py:190} INFO - [2024-10-15T16:16:14.473+0000] {dagbag.py:588} INFO - Filling up the DagBag from /home/airflow/.local/lib/python3.12/site-packages/airflow/example_dags/example_setup_teardown.py
[2024-10-15T16:16:14.478+0000] {processor.py:925} INFO - DAG(s) 'example_setup_teardown' retrieved from /home/airflow/.local/lib/python3.12/site-packages/airflow/example_dags/example_setup_teardown.py
[2024-10-15T16:16:14.491+0000] {logging_mixin.py:190} INFO - [2024-10-15T16:16:14.491+0000] {dag.py:3239} INFO - Sync 1 DAGs
[2024-10-15T16:16:14.503+0000] {logging_mixin.py:190} INFO - [2024-10-15T16:16:14.503+0000] {dag.py:4180} INFO - Setting next_dagrun for example_setup_teardown to None, run_after=None
[2024-10-15T16:16:14.519+0000] {processor.py:208} INFO - Processing /home/airflow/.local/lib/python3.12/site-packages/airflow/example_dags/example_setup_teardown.py took 0.051 seconds
[2024-10-15T16:16:45.396+0000] {processor.py:186} INFO - Started process (PID=188) to work on /home/airflow/.local/lib/python3.12/site-packages/airflow/example_dags/example_setup_teardown.py
[2024-10-15T16:16:45.397+0000] {processor.py:914} INFO - Processing file /home/airflow/.local/lib/python3.12/site-packages/airflow/example_dags/example_setup_teardown.py for tasks to queue
[2024-10-15T16:16:45.399+0000] {logging_mixin.py:190} INFO - [2024-10-15T16:16:45.398+0000] {dagbag.py:588} INFO - Filling up the DagBag from /home/airflow/.local/lib/python3.12/site-packages/airflow/example_dags/example_setup_teardown.py
[2024-10-15T16:16:45.404+0000] {processor.py:925} INFO - DAG(s) 'example_setup_teardown' retrieved from /home/airflow/.local/lib/python3.12/site-packages/airflow/example_dags/example_setup_teardown.py
[2024-10-15T16:16:45.418+0000] {logging_mixin.py:190} INFO - [2024-10-15T16:16:45.418+0000] {dag.py:3239} INFO - Sync 1 DAGs
[2024-10-15T16:16:45.427+0000] {logging_mixin.py:190} INFO - [2024-10-15T16:16:45.427+0000] {dag.py:4180} INFO - Setting next_dagrun for example_setup_teardown to None, run_after=None
[2024-10-15T16:16:45.444+0000] {processor.py:208} INFO - Processing /home/airflow/.local/lib/python3.12/site-packages/airflow/example_dags/example_setup_teardown.py took 0.052 seconds
[2024-10-15T16:17:16.076+0000] {processor.py:186} INFO - Started process (PID=250) to work on /home/airflow/.local/lib/python3.12/site-packages/airflow/example_dags/example_setup_teardown.py
[2024-10-15T16:17:16.077+0000] {processor.py:914} INFO - Processing file /home/airflow/.local/lib/python3.12/site-packages/airflow/example_dags/example_setup_teardown.py for tasks to queue
[2024-10-15T16:17:16.079+0000] {logging_mixin.py:190} INFO - [2024-10-15T16:17:16.079+0000] {dagbag.py:588} INFO - Filling up the DagBag from /home/airflow/.local/lib/python3.12/site-packages/airflow/example_dags/example_setup_teardown.py
[2024-10-15T16:17:16.085+0000] {processor.py:925} INFO - DAG(s) 'example_setup_teardown' retrieved from /home/airflow/.local/lib/python3.12/site-packages/airflow/example_dags/example_setup_teardown.py
[2024-10-15T16:17:16.100+0000] {logging_mixin.py:190} INFO - [2024-10-15T16:17:16.100+0000] {dag.py:3239} INFO - Sync 1 DAGs
[2024-10-15T16:17:16.111+0000] {logging_mixin.py:190} INFO - [2024-10-15T16:17:16.110+0000] {dag.py:4180} INFO - Setting next_dagrun for example_setup_teardown to None, run_after=None
[2024-10-15T16:17:16.126+0000] {processor.py:208} INFO - Processing /home/airflow/.local/lib/python3.12/site-packages/airflow/example_dags/example_setup_teardown.py took 0.055 seconds
[2024-10-15T16:17:46.967+0000] {processor.py:186} INFO - Started process (PID=318) to work on /home/airflow/.local/lib/python3.12/site-packages/airflow/example_dags/example_setup_teardown.py
[2024-10-15T16:17:46.968+0000] {processor.py:914} INFO - Processing file /home/airflow/.local/lib/python3.12/site-packages/airflow/example_dags/example_setup_teardown.py for tasks to queue
[2024-10-15T16:17:46.969+0000] {logging_mixin.py:190} INFO - [2024-10-15T16:17:46.969+0000] {dagbag.py:588} INFO - Filling up the DagBag from /home/airflow/.local/lib/python3.12/site-packages/airflow/example_dags/example_setup_teardown.py
[2024-10-15T16:17:46.975+0000] {processor.py:925} INFO - DAG(s) 'example_setup_teardown' retrieved from /home/airflow/.local/lib/python3.12/site-packages/airflow/example_dags/example_setup_teardown.py
[2024-10-15T16:17:46.989+0000] {logging_mixin.py:190} INFO - [2024-10-15T16:17:46.989+0000] {dag.py:3239} INFO - Sync 1 DAGs
[2024-10-15T16:17:46.999+0000] {logging_mixin.py:190} INFO - [2024-10-15T16:17:46.999+0000] {dag.py:4180} INFO - Setting next_dagrun for example_setup_teardown to None, run_after=None
[2024-10-15T16:17:47.016+0000] {processor.py:208} INFO - Processing /home/airflow/.local/lib/python3.12/site-packages/airflow/example_dags/example_setup_teardown.py took 0.053 seconds
[2024-10-15T16:18:17.784+0000] {processor.py:186} INFO - Started process (PID=380) to work on /home/airflow/.local/lib/python3.12/site-packages/airflow/example_dags/example_setup_teardown.py
[2024-10-15T16:18:17.785+0000] {processor.py:914} INFO - Processing file /home/airflow/.local/lib/python3.12/site-packages/airflow/example_dags/example_setup_teardown.py for tasks to queue
[2024-10-15T16:18:17.786+0000] {logging_mixin.py:190} INFO - [2024-10-15T16:18:17.786+0000] {dagbag.py:588} INFO - Filling up the DagBag from /home/airflow/.local/lib/python3.12/site-packages/airflow/example_dags/example_setup_teardown.py
[2024-10-15T16:18:17.793+0000] {processor.py:925} INFO - DAG(s) 'example_setup_teardown' retrieved from /home/airflow/.local/lib/python3.12/site-packages/airflow/example_dags/example_setup_teardown.py
[2024-10-15T16:18:17.808+0000] {logging_mixin.py:190} INFO - [2024-10-15T16:18:17.808+0000] {dag.py:3239} INFO - Sync 1 DAGs
[2024-10-15T16:18:17.818+0000] {logging_mixin.py:190} INFO - [2024-10-15T16:18:17.818+0000] {dag.py:4180} INFO - Setting next_dagrun for example_setup_teardown to None, run_after=None
[2024-10-15T16:18:17.834+0000] {processor.py:208} INFO - Processing /home/airflow/.local/lib/python3.12/site-packages/airflow/example_dags/example_setup_teardown.py took 0.054 seconds
[2024-10-15T16:18:47.956+0000] {processor.py:186} INFO - Started process (PID=441) to work on /home/airflow/.local/lib/python3.12/site-packages/airflow/example_dags/example_setup_teardown.py
[2024-10-15T16:18:47.957+0000] {processor.py:914} INFO - Processing file /home/airflow/.local/lib/python3.12/site-packages/airflow/example_dags/example_setup_teardown.py for tasks to queue
[2024-10-15T16:18:47.958+0000] {logging_mixin.py:190} INFO - [2024-10-15T16:18:47.958+0000] {dagbag.py:588} INFO - Filling up the DagBag from /home/airflow/.local/lib/python3.12/site-packages/airflow/example_dags/example_setup_teardown.py
[2024-10-15T16:18:47.964+0000] {processor.py:925} INFO - DAG(s) 'example_setup_teardown' retrieved from /home/airflow/.local/lib/python3.12/site-packages/airflow/example_dags/example_setup_teardown.py
[2024-10-15T16:18:47.977+0000] {logging_mixin.py:190} INFO - [2024-10-15T16:18:47.977+0000] {dag.py:3239} INFO - Sync 1 DAGs
[2024-10-15T16:18:47.986+0000] {logging_mixin.py:190} INFO - [2024-10-15T16:18:47.985+0000] {dag.py:4180} INFO - Setting next_dagrun for example_setup_teardown to None, run_after=None
[2024-10-15T16:18:47.998+0000] {processor.py:208} INFO - Processing /home/airflow/.local/lib/python3.12/site-packages/airflow/example_dags/example_setup_teardown.py took 0.047 seconds
[2024-10-15T16:19:18.981+0000] {processor.py:186} INFO - Started process (PID=504) to work on /home/airflow/.local/lib/python3.12/site-packages/airflow/example_dags/example_setup_teardown.py
[2024-10-15T16:19:18.982+0000] {processor.py:914} INFO - Processing file /home/airflow/.local/lib/python3.12/site-packages/airflow/example_dags/example_setup_teardown.py for tasks to queue
[2024-10-15T16:19:18.983+0000] {logging_mixin.py:190} INFO - [2024-10-15T16:19:18.983+0000] {dagbag.py:588} INFO - Filling up the DagBag from /home/airflow/.local/lib/python3.12/site-packages/airflow/example_dags/example_setup_teardown.py
[2024-10-15T16:19:18.990+0000] {processor.py:925} INFO - DAG(s) 'example_setup_teardown' retrieved from /home/airflow/.local/lib/python3.12/site-packages/airflow/example_dags/example_setup_teardown.py
[2024-10-15T16:19:19.005+0000] {logging_mixin.py:190} INFO - [2024-10-15T16:19:19.005+0000] {dag.py:3239} INFO - Sync 1 DAGs
[2024-10-15T16:19:19.016+0000] {logging_mixin.py:190} INFO - [2024-10-15T16:19:19.016+0000] {dag.py:4180} INFO - Setting next_dagrun for example_setup_teardown to None, run_after=None
[2024-10-15T16:19:19.033+0000] {processor.py:208} INFO - Processing /home/airflow/.local/lib/python3.12/site-packages/airflow/example_dags/example_setup_teardown.py took 0.056 seconds
[2024-10-15T16:19:49.993+0000] {processor.py:186} INFO - Started process (PID=566) to work on /home/airflow/.local/lib/python3.12/site-packages/airflow/example_dags/example_setup_teardown.py
[2024-10-15T16:19:49.994+0000] {processor.py:914} INFO - Processing file /home/airflow/.local/lib/python3.12/site-packages/airflow/example_dags/example_setup_teardown.py for tasks to queue
[2024-10-15T16:19:49.997+0000] {logging_mixin.py:190} INFO - [2024-10-15T16:19:49.996+0000] {dagbag.py:588} INFO - Filling up the DagBag from /home/airflow/.local/lib/python3.12/site-packages/airflow/example_dags/example_setup_teardown.py
[2024-10-15T16:19:50.011+0000] {processor.py:925} INFO - DAG(s) 'example_setup_teardown' retrieved from /home/airflow/.local/lib/python3.12/site-packages/airflow/example_dags/example_setup_teardown.py
[2024-10-15T16:19:50.029+0000] {logging_mixin.py:190} INFO - [2024-10-15T16:19:50.029+0000] {dag.py:3239} INFO - Sync 1 DAGs
[2024-10-15T16:19:50.044+0000] {logging_mixin.py:190} INFO - [2024-10-15T16:19:50.044+0000] {dag.py:4180} INFO - Setting next_dagrun for example_setup_teardown to None, run_after=None
[2024-10-15T16:19:50.059+0000] {processor.py:208} INFO - Processing /home/airflow/.local/lib/python3.12/site-packages/airflow/example_dags/example_setup_teardown.py took 0.070 seconds
[2024-10-15T16:20:21.017+0000] {processor.py:186} INFO - Started process (PID=628) to work on /home/airflow/.local/lib/python3.12/site-packages/airflow/example_dags/example_setup_teardown.py
[2024-10-15T16:20:21.018+0000] {processor.py:914} INFO - Processing file /home/airflow/.local/lib/python3.12/site-packages/airflow/example_dags/example_setup_teardown.py for tasks to queue
[2024-10-15T16:20:21.020+0000] {logging_mixin.py:190} INFO - [2024-10-15T16:20:21.020+0000] {dagbag.py:588} INFO - Filling up the DagBag from /home/airflow/.local/lib/python3.12/site-packages/airflow/example_dags/example_setup_teardown.py
[2024-10-15T16:20:21.027+0000] {processor.py:925} INFO - DAG(s) 'example_setup_teardown' retrieved from /home/airflow/.local/lib/python3.12/site-packages/airflow/example_dags/example_setup_teardown.py
[2024-10-15T16:20:21.045+0000] {logging_mixin.py:190} INFO - [2024-10-15T16:20:21.045+0000] {dag.py:3239} INFO - Sync 1 DAGs
[2024-10-15T16:20:21.057+0000] {logging_mixin.py:190} INFO - [2024-10-15T16:20:21.057+0000] {dag.py:4180} INFO - Setting next_dagrun for example_setup_teardown to None, run_after=None
[2024-10-15T16:20:21.072+0000] {processor.py:208} INFO - Processing /home/airflow/.local/lib/python3.12/site-packages/airflow/example_dags/example_setup_teardown.py took 0.060 seconds
[2024-10-15T16:20:51.102+0000] {processor.py:186} INFO - Started process (PID=689) to work on /home/airflow/.local/lib/python3.12/site-packages/airflow/example_dags/example_setup_teardown.py
[2024-10-15T16:20:51.104+0000] {processor.py:914} INFO - Processing file /home/airflow/.local/lib/python3.12/site-packages/airflow/example_dags/example_setup_teardown.py for tasks to queue
[2024-10-15T16:20:51.106+0000] {logging_mixin.py:190} INFO - [2024-10-15T16:20:51.105+0000] {dagbag.py:588} INFO - Filling up the DagBag from /home/airflow/.local/lib/python3.12/site-packages/airflow/example_dags/example_setup_teardown.py
[2024-10-15T16:20:51.114+0000] {processor.py:925} INFO - DAG(s) 'example_setup_teardown' retrieved from /home/airflow/.local/lib/python3.12/site-packages/airflow/example_dags/example_setup_teardown.py
[2024-10-15T16:20:51.128+0000] {logging_mixin.py:190} INFO - [2024-10-15T16:20:51.128+0000] {dag.py:3239} INFO - Sync 1 DAGs
[2024-10-15T16:20:51.139+0000] {logging_mixin.py:190} INFO - [2024-10-15T16:20:51.139+0000] {dag.py:4180} INFO - Setting next_dagrun for example_setup_teardown to None, run_after=None
[2024-10-15T16:20:51.151+0000] {processor.py:208} INFO - Processing /home/airflow/.local/lib/python3.12/site-packages/airflow/example_dags/example_setup_teardown.py took 0.053 seconds
[2024-10-15T16:21:21.906+0000] {processor.py:186} INFO - Started process (PID=751) to work on /home/airflow/.local/lib/python3.12/site-packages/airflow/example_dags/example_setup_teardown.py
[2024-10-15T16:21:21.906+0000] {processor.py:914} INFO - Processing file /home/airflow/.local/lib/python3.12/site-packages/airflow/example_dags/example_setup_teardown.py for tasks to queue
[2024-10-15T16:21:21.908+0000] {logging_mixin.py:190} INFO - [2024-10-15T16:21:21.908+0000] {dagbag.py:588} INFO - Filling up the DagBag from /home/airflow/.local/lib/python3.12/site-packages/airflow/example_dags/example_setup_teardown.py
[2024-10-15T16:21:21.916+0000] {processor.py:925} INFO - DAG(s) 'example_setup_teardown' retrieved from /home/airflow/.local/lib/python3.12/site-packages/airflow/example_dags/example_setup_teardown.py
[2024-10-15T16:21:21.932+0000] {logging_mixin.py:190} INFO - [2024-10-15T16:21:21.932+0000] {dag.py:3239} INFO - Sync 1 DAGs
[2024-10-15T16:21:21.943+0000] {logging_mixin.py:190} INFO - [2024-10-15T16:21:21.942+0000] {dag.py:4180} INFO - Setting next_dagrun for example_setup_teardown to None, run_after=None
[2024-10-15T16:21:21.955+0000] {processor.py:208} INFO - Processing /home/airflow/.local/lib/python3.12/site-packages/airflow/example_dags/example_setup_teardown.py took 0.054 seconds
[2024-10-15T16:21:52.860+0000] {processor.py:186} INFO - Started process (PID=813) to work on /home/airflow/.local/lib/python3.12/site-packages/airflow/example_dags/example_setup_teardown.py
[2024-10-15T16:21:52.860+0000] {processor.py:914} INFO - Processing file /home/airflow/.local/lib/python3.12/site-packages/airflow/example_dags/example_setup_teardown.py for tasks to queue
[2024-10-15T16:21:52.863+0000] {logging_mixin.py:190} INFO - [2024-10-15T16:21:52.863+0000] {dagbag.py:588} INFO - Filling up the DagBag from /home/airflow/.local/lib/python3.12/site-packages/airflow/example_dags/example_setup_teardown.py
[2024-10-15T16:21:52.869+0000] {processor.py:925} INFO - DAG(s) 'example_setup_teardown' retrieved from /home/airflow/.local/lib/python3.12/site-packages/airflow/example_dags/example_setup_teardown.py
[2024-10-15T16:21:52.883+0000] {logging_mixin.py:190} INFO - [2024-10-15T16:21:52.883+0000] {dag.py:3239} INFO - Sync 1 DAGs
[2024-10-15T16:21:52.894+0000] {logging_mixin.py:190} INFO - [2024-10-15T16:21:52.894+0000] {dag.py:4180} INFO - Setting next_dagrun for example_setup_teardown to None, run_after=None
[2024-10-15T16:21:52.908+0000] {processor.py:208} INFO - Processing /home/airflow/.local/lib/python3.12/site-packages/airflow/example_dags/example_setup_teardown.py took 0.052 seconds
[2024-10-15T16:22:23.066+0000] {processor.py:186} INFO - Started process (PID=875) to work on /home/airflow/.local/lib/python3.12/site-packages/airflow/example_dags/example_setup_teardown.py
[2024-10-15T16:22:23.067+0000] {processor.py:914} INFO - Processing file /home/airflow/.local/lib/python3.12/site-packages/airflow/example_dags/example_setup_teardown.py for tasks to queue
[2024-10-15T16:22:23.069+0000] {logging_mixin.py:190} INFO - [2024-10-15T16:22:23.068+0000] {dagbag.py:588} INFO - Filling up the DagBag from /home/airflow/.local/lib/python3.12/site-packages/airflow/example_dags/example_setup_teardown.py
[2024-10-15T16:22:23.076+0000] {processor.py:925} INFO - DAG(s) 'example_setup_teardown' retrieved from /home/airflow/.local/lib/python3.12/site-packages/airflow/example_dags/example_setup_teardown.py
[2024-10-15T16:22:23.094+0000] {logging_mixin.py:190} INFO - [2024-10-15T16:22:23.094+0000] {dag.py:3239} INFO - Sync 1 DAGs
[2024-10-15T16:22:23.104+0000] {logging_mixin.py:190} INFO - [2024-10-15T16:22:23.104+0000] {dag.py:4180} INFO - Setting next_dagrun for example_setup_teardown to None, run_after=None
[2024-10-15T16:22:23.118+0000] {processor.py:208} INFO - Processing /home/airflow/.local/lib/python3.12/site-packages/airflow/example_dags/example_setup_teardown.py took 0.056 seconds
[2024-10-15T16:22:53.277+0000] {processor.py:186} INFO - Started process (PID=937) to work on /home/airflow/.local/lib/python3.12/site-packages/airflow/example_dags/example_setup_teardown.py
[2024-10-15T16:22:53.278+0000] {processor.py:914} INFO - Processing file /home/airflow/.local/lib/python3.12/site-packages/airflow/example_dags/example_setup_teardown.py for tasks to queue
[2024-10-15T16:22:53.279+0000] {logging_mixin.py:190} INFO - [2024-10-15T16:22:53.279+0000] {dagbag.py:588} INFO - Filling up the DagBag from /home/airflow/.local/lib/python3.12/site-packages/airflow/example_dags/example_setup_teardown.py
[2024-10-15T16:22:53.285+0000] {processor.py:925} INFO - DAG(s) 'example_setup_teardown' retrieved from /home/airflow/.local/lib/python3.12/site-packages/airflow/example_dags/example_setup_teardown.py
[2024-10-15T16:22:53.300+0000] {logging_mixin.py:190} INFO - [2024-10-15T16:22:53.300+0000] {dag.py:3239} INFO - Sync 1 DAGs
[2024-10-15T16:22:53.310+0000] {logging_mixin.py:190} INFO - [2024-10-15T16:22:53.310+0000] {dag.py:4180} INFO - Setting next_dagrun for example_setup_teardown to None, run_after=None
[2024-10-15T16:22:53.323+0000] {processor.py:208} INFO - Processing /home/airflow/.local/lib/python3.12/site-packages/airflow/example_dags/example_setup_teardown.py took 0.051 seconds
[2024-10-15T16:23:24.241+0000] {processor.py:186} INFO - Started process (PID=999) to work on /home/airflow/.local/lib/python3.12/site-packages/airflow/example_dags/example_setup_teardown.py
[2024-10-15T16:23:24.242+0000] {processor.py:914} INFO - Processing file /home/airflow/.local/lib/python3.12/site-packages/airflow/example_dags/example_setup_teardown.py for tasks to queue
[2024-10-15T16:23:24.243+0000] {logging_mixin.py:190} INFO - [2024-10-15T16:23:24.243+0000] {dagbag.py:588} INFO - Filling up the DagBag from /home/airflow/.local/lib/python3.12/site-packages/airflow/example_dags/example_setup_teardown.py
[2024-10-15T16:23:24.249+0000] {processor.py:925} INFO - DAG(s) 'example_setup_teardown' retrieved from /home/airflow/.local/lib/python3.12/site-packages/airflow/example_dags/example_setup_teardown.py
[2024-10-15T16:23:24.264+0000] {logging_mixin.py:190} INFO - [2024-10-15T16:23:24.264+0000] {dag.py:3239} INFO - Sync 1 DAGs
[2024-10-15T16:23:24.276+0000] {logging_mixin.py:190} INFO - [2024-10-15T16:23:24.276+0000] {dag.py:4180} INFO - Setting next_dagrun for example_setup_teardown to None, run_after=None
[2024-10-15T16:23:24.288+0000] {processor.py:208} INFO - Processing /home/airflow/.local/lib/python3.12/site-packages/airflow/example_dags/example_setup_teardown.py took 0.052 seconds
[2024-10-15T16:23:54.509+0000] {processor.py:186} INFO - Started process (PID=1061) to work on /home/airflow/.local/lib/python3.12/site-packages/airflow/example_dags/example_setup_teardown.py
[2024-10-15T16:23:54.509+0000] {processor.py:914} INFO - Processing file /home/airflow/.local/lib/python3.12/site-packages/airflow/example_dags/example_setup_teardown.py for tasks to queue
[2024-10-15T16:23:54.511+0000] {logging_mixin.py:190} INFO - [2024-10-15T16:23:54.511+0000] {dagbag.py:588} INFO - Filling up the DagBag from /home/airflow/.local/lib/python3.12/site-packages/airflow/example_dags/example_setup_teardown.py
[2024-10-15T16:23:54.517+0000] {processor.py:925} INFO - DAG(s) 'example_setup_teardown' retrieved from /home/airflow/.local/lib/python3.12/site-packages/airflow/example_dags/example_setup_teardown.py
[2024-10-15T16:23:54.535+0000] {logging_mixin.py:190} INFO - [2024-10-15T16:23:54.535+0000] {dag.py:3239} INFO - Sync 1 DAGs
[2024-10-15T16:23:54.545+0000] {logging_mixin.py:190} INFO - [2024-10-15T16:23:54.545+0000] {dag.py:4180} INFO - Setting next_dagrun for example_setup_teardown to None, run_after=None
[2024-10-15T16:23:54.559+0000] {processor.py:208} INFO - Processing /home/airflow/.local/lib/python3.12/site-packages/airflow/example_dags/example_setup_teardown.py took 0.056 seconds
[2024-10-15T16:24:24.825+0000] {processor.py:186} INFO - Started process (PID=1123) to work on /home/airflow/.local/lib/python3.12/site-packages/airflow/example_dags/example_setup_teardown.py
[2024-10-15T16:24:24.826+0000] {processor.py:914} INFO - Processing file /home/airflow/.local/lib/python3.12/site-packages/airflow/example_dags/example_setup_teardown.py for tasks to queue
[2024-10-15T16:24:24.828+0000] {logging_mixin.py:190} INFO - [2024-10-15T16:24:24.827+0000] {dagbag.py:588} INFO - Filling up the DagBag from /home/airflow/.local/lib/python3.12/site-packages/airflow/example_dags/example_setup_teardown.py
[2024-10-15T16:24:24.833+0000] {processor.py:925} INFO - DAG(s) 'example_setup_teardown' retrieved from /home/airflow/.local/lib/python3.12/site-packages/airflow/example_dags/example_setup_teardown.py
[2024-10-15T16:24:24.854+0000] {logging_mixin.py:190} INFO - [2024-10-15T16:24:24.854+0000] {dag.py:3239} INFO - Sync 1 DAGs
[2024-10-15T16:24:24.868+0000] {logging_mixin.py:190} INFO - [2024-10-15T16:24:24.868+0000] {dag.py:4180} INFO - Setting next_dagrun for example_setup_teardown to None, run_after=None
[2024-10-15T16:24:24.883+0000] {processor.py:208} INFO - Processing /home/airflow/.local/lib/python3.12/site-packages/airflow/example_dags/example_setup_teardown.py took 0.063 seconds
[2024-10-15T16:24:55.634+0000] {processor.py:186} INFO - Started process (PID=1185) to work on /home/airflow/.local/lib/python3.12/site-packages/airflow/example_dags/example_setup_teardown.py
[2024-10-15T16:24:55.634+0000] {processor.py:914} INFO - Processing file /home/airflow/.local/lib/python3.12/site-packages/airflow/example_dags/example_setup_teardown.py for tasks to queue
[2024-10-15T16:24:55.636+0000] {logging_mixin.py:190} INFO - [2024-10-15T16:24:55.635+0000] {dagbag.py:588} INFO - Filling up the DagBag from /home/airflow/.local/lib/python3.12/site-packages/airflow/example_dags/example_setup_teardown.py
[2024-10-15T16:24:55.641+0000] {processor.py:925} INFO - DAG(s) 'example_setup_teardown' retrieved from /home/airflow/.local/lib/python3.12/site-packages/airflow/example_dags/example_setup_teardown.py
[2024-10-15T16:24:55.655+0000] {logging_mixin.py:190} INFO - [2024-10-15T16:24:55.654+0000] {dag.py:3239} INFO - Sync 1 DAGs
[2024-10-15T16:24:55.664+0000] {logging_mixin.py:190} INFO - [2024-10-15T16:24:55.664+0000] {dag.py:4180} INFO - Setting next_dagrun for example_setup_teardown to None, run_after=None
[2024-10-15T16:24:55.678+0000] {processor.py:208} INFO - Processing /home/airflow/.local/lib/python3.12/site-packages/airflow/example_dags/example_setup_teardown.py took 0.048 seconds
[2024-10-15T16:25:26.558+0000] {processor.py:186} INFO - Started process (PID=1247) to work on /home/airflow/.local/lib/python3.12/site-packages/airflow/example_dags/example_setup_teardown.py
[2024-10-15T16:25:26.559+0000] {processor.py:914} INFO - Processing file /home/airflow/.local/lib/python3.12/site-packages/airflow/example_dags/example_setup_teardown.py for tasks to queue
[2024-10-15T16:25:26.561+0000] {logging_mixin.py:190} INFO - [2024-10-15T16:25:26.561+0000] {dagbag.py:588} INFO - Filling up the DagBag from /home/airflow/.local/lib/python3.12/site-packages/airflow/example_dags/example_setup_teardown.py
[2024-10-15T16:25:26.568+0000] {processor.py:925} INFO - DAG(s) 'example_setup_teardown' retrieved from /home/airflow/.local/lib/python3.12/site-packages/airflow/example_dags/example_setup_teardown.py
[2024-10-15T16:25:26.582+0000] {logging_mixin.py:190} INFO - [2024-10-15T16:25:26.582+0000] {dag.py:3239} INFO - Sync 1 DAGs
[2024-10-15T16:25:26.594+0000] {logging_mixin.py:190} INFO - [2024-10-15T16:25:26.594+0000] {dag.py:4180} INFO - Setting next_dagrun for example_setup_teardown to None, run_after=None
[2024-10-15T16:25:26.607+0000] {processor.py:208} INFO - Processing /home/airflow/.local/lib/python3.12/site-packages/airflow/example_dags/example_setup_teardown.py took 0.054 seconds
[2024-10-15T16:25:56.961+0000] {processor.py:186} INFO - Started process (PID=1308) to work on /home/airflow/.local/lib/python3.12/site-packages/airflow/example_dags/example_setup_teardown.py
[2024-10-15T16:25:56.961+0000] {processor.py:914} INFO - Processing file /home/airflow/.local/lib/python3.12/site-packages/airflow/example_dags/example_setup_teardown.py for tasks to queue
[2024-10-15T16:25:56.963+0000] {logging_mixin.py:190} INFO - [2024-10-15T16:25:56.963+0000] {dagbag.py:588} INFO - Filling up the DagBag from /home/airflow/.local/lib/python3.12/site-packages/airflow/example_dags/example_setup_teardown.py
[2024-10-15T16:25:56.969+0000] {processor.py:925} INFO - DAG(s) 'example_setup_teardown' retrieved from /home/airflow/.local/lib/python3.12/site-packages/airflow/example_dags/example_setup_teardown.py
[2024-10-15T16:25:56.982+0000] {logging_mixin.py:190} INFO - [2024-10-15T16:25:56.982+0000] {dag.py:3239} INFO - Sync 1 DAGs
[2024-10-15T16:25:56.993+0000] {logging_mixin.py:190} INFO - [2024-10-15T16:25:56.993+0000] {dag.py:4180} INFO - Setting next_dagrun for example_setup_teardown to None, run_after=None
[2024-10-15T16:25:57.005+0000] {processor.py:208} INFO - Processing /home/airflow/.local/lib/python3.12/site-packages/airflow/example_dags/example_setup_teardown.py took 0.050 seconds
[2024-10-15T16:26:27.665+0000] {processor.py:186} INFO - Started process (PID=1370) to work on /home/airflow/.local/lib/python3.12/site-packages/airflow/example_dags/example_setup_teardown.py
[2024-10-15T16:26:27.665+0000] {processor.py:914} INFO - Processing file /home/airflow/.local/lib/python3.12/site-packages/airflow/example_dags/example_setup_teardown.py for tasks to queue
[2024-10-15T16:26:27.668+0000] {logging_mixin.py:190} INFO - [2024-10-15T16:26:27.667+0000] {dagbag.py:588} INFO - Filling up the DagBag from /home/airflow/.local/lib/python3.12/site-packages/airflow/example_dags/example_setup_teardown.py
[2024-10-15T16:26:27.675+0000] {processor.py:925} INFO - DAG(s) 'example_setup_teardown' retrieved from /home/airflow/.local/lib/python3.12/site-packages/airflow/example_dags/example_setup_teardown.py
[2024-10-15T16:26:27.692+0000] {logging_mixin.py:190} INFO - [2024-10-15T16:26:27.692+0000] {dag.py:3239} INFO - Sync 1 DAGs
[2024-10-15T16:26:27.705+0000] {logging_mixin.py:190} INFO - [2024-10-15T16:26:27.705+0000] {dag.py:4180} INFO - Setting next_dagrun for example_setup_teardown to None, run_after=None
[2024-10-15T16:26:27.723+0000] {processor.py:208} INFO - Processing /home/airflow/.local/lib/python3.12/site-packages/airflow/example_dags/example_setup_teardown.py took 0.063 seconds
[2024-10-15T16:26:58.612+0000] {processor.py:186} INFO - Started process (PID=1432) to work on /home/airflow/.local/lib/python3.12/site-packages/airflow/example_dags/example_setup_teardown.py
[2024-10-15T16:26:58.612+0000] {processor.py:914} INFO - Processing file /home/airflow/.local/lib/python3.12/site-packages/airflow/example_dags/example_setup_teardown.py for tasks to queue
[2024-10-15T16:26:58.614+0000] {logging_mixin.py:190} INFO - [2024-10-15T16:26:58.614+0000] {dagbag.py:588} INFO - Filling up the DagBag from /home/airflow/.local/lib/python3.12/site-packages/airflow/example_dags/example_setup_teardown.py
[2024-10-15T16:26:58.620+0000] {processor.py:925} INFO - DAG(s) 'example_setup_teardown' retrieved from /home/airflow/.local/lib/python3.12/site-packages/airflow/example_dags/example_setup_teardown.py
[2024-10-15T16:26:58.635+0000] {logging_mixin.py:190} INFO - [2024-10-15T16:26:58.634+0000] {dag.py:3239} INFO - Sync 1 DAGs
[2024-10-15T16:26:58.646+0000] {logging_mixin.py:190} INFO - [2024-10-15T16:26:58.646+0000] {dag.py:4180} INFO - Setting next_dagrun for example_setup_teardown to None, run_after=None
[2024-10-15T16:26:58.663+0000] {processor.py:208} INFO - Processing /home/airflow/.local/lib/python3.12/site-packages/airflow/example_dags/example_setup_teardown.py took 0.056 seconds
[2024-10-15T16:27:29.654+0000] {processor.py:186} INFO - Started process (PID=1494) to work on /home/airflow/.local/lib/python3.12/site-packages/airflow/example_dags/example_setup_teardown.py
[2024-10-15T16:27:29.655+0000] {processor.py:914} INFO - Processing file /home/airflow/.local/lib/python3.12/site-packages/airflow/example_dags/example_setup_teardown.py for tasks to queue
[2024-10-15T16:27:29.656+0000] {logging_mixin.py:190} INFO - [2024-10-15T16:27:29.656+0000] {dagbag.py:588} INFO - Filling up the DagBag from /home/airflow/.local/lib/python3.12/site-packages/airflow/example_dags/example_setup_teardown.py
[2024-10-15T16:27:29.662+0000] {processor.py:925} INFO - DAG(s) 'example_setup_teardown' retrieved from /home/airflow/.local/lib/python3.12/site-packages/airflow/example_dags/example_setup_teardown.py
[2024-10-15T16:27:29.676+0000] {logging_mixin.py:190} INFO - [2024-10-15T16:27:29.676+0000] {dag.py:3239} INFO - Sync 1 DAGs
[2024-10-15T16:27:29.686+0000] {logging_mixin.py:190} INFO - [2024-10-15T16:27:29.686+0000] {dag.py:4180} INFO - Setting next_dagrun for example_setup_teardown to None, run_after=None
[2024-10-15T16:27:29.707+0000] {processor.py:208} INFO - Processing /home/airflow/.local/lib/python3.12/site-packages/airflow/example_dags/example_setup_teardown.py took 0.056 seconds
[2024-10-15T16:27:59.962+0000] {processor.py:186} INFO - Started process (PID=1556) to work on /home/airflow/.local/lib/python3.12/site-packages/airflow/example_dags/example_setup_teardown.py
[2024-10-15T16:27:59.963+0000] {processor.py:914} INFO - Processing file /home/airflow/.local/lib/python3.12/site-packages/airflow/example_dags/example_setup_teardown.py for tasks to queue
[2024-10-15T16:27:59.964+0000] {logging_mixin.py:190} INFO - [2024-10-15T16:27:59.964+0000] {dagbag.py:588} INFO - Filling up the DagBag from /home/airflow/.local/lib/python3.12/site-packages/airflow/example_dags/example_setup_teardown.py
[2024-10-15T16:27:59.970+0000] {processor.py:925} INFO - DAG(s) 'example_setup_teardown' retrieved from /home/airflow/.local/lib/python3.12/site-packages/airflow/example_dags/example_setup_teardown.py
[2024-10-15T16:27:59.983+0000] {logging_mixin.py:190} INFO - [2024-10-15T16:27:59.983+0000] {dag.py:3239} INFO - Sync 1 DAGs
[2024-10-15T16:27:59.994+0000] {logging_mixin.py:190} INFO - [2024-10-15T16:27:59.993+0000] {dag.py:4180} INFO - Setting next_dagrun for example_setup_teardown to None, run_after=None
[2024-10-15T16:28:00.008+0000] {processor.py:208} INFO - Processing /home/airflow/.local/lib/python3.12/site-packages/airflow/example_dags/example_setup_teardown.py took 0.051 seconds
[2024-10-15T16:28:30.431+0000] {processor.py:186} INFO - Started process (PID=1618) to work on /home/airflow/.local/lib/python3.12/site-packages/airflow/example_dags/example_setup_teardown.py
[2024-10-15T16:28:30.432+0000] {processor.py:914} INFO - Processing file /home/airflow/.local/lib/python3.12/site-packages/airflow/example_dags/example_setup_teardown.py for tasks to queue
[2024-10-15T16:28:30.433+0000] {logging_mixin.py:190} INFO - [2024-10-15T16:28:30.433+0000] {dagbag.py:588} INFO - Filling up the DagBag from /home/airflow/.local/lib/python3.12/site-packages/airflow/example_dags/example_setup_teardown.py
[2024-10-15T16:28:30.439+0000] {processor.py:925} INFO - DAG(s) 'example_setup_teardown' retrieved from /home/airflow/.local/lib/python3.12/site-packages/airflow/example_dags/example_setup_teardown.py
[2024-10-15T16:28:30.454+0000] {logging_mixin.py:190} INFO - [2024-10-15T16:28:30.454+0000] {dag.py:3239} INFO - Sync 1 DAGs
[2024-10-15T16:28:30.464+0000] {logging_mixin.py:190} INFO - [2024-10-15T16:28:30.464+0000] {dag.py:4180} INFO - Setting next_dagrun for example_setup_teardown to None, run_after=None
[2024-10-15T16:28:30.477+0000] {processor.py:208} INFO - Processing /home/airflow/.local/lib/python3.12/site-packages/airflow/example_dags/example_setup_teardown.py took 0.051 seconds
[2024-10-15T16:29:00.858+0000] {processor.py:186} INFO - Started process (PID=1680) to work on /home/airflow/.local/lib/python3.12/site-packages/airflow/example_dags/example_setup_teardown.py
[2024-10-15T16:29:00.859+0000] {processor.py:914} INFO - Processing file /home/airflow/.local/lib/python3.12/site-packages/airflow/example_dags/example_setup_teardown.py for tasks to queue
[2024-10-15T16:29:00.860+0000] {logging_mixin.py:190} INFO - [2024-10-15T16:29:00.860+0000] {dagbag.py:588} INFO - Filling up the DagBag from /home/airflow/.local/lib/python3.12/site-packages/airflow/example_dags/example_setup_teardown.py
[2024-10-15T16:29:00.866+0000] {processor.py:925} INFO - DAG(s) 'example_setup_teardown' retrieved from /home/airflow/.local/lib/python3.12/site-packages/airflow/example_dags/example_setup_teardown.py
[2024-10-15T16:29:00.879+0000] {logging_mixin.py:190} INFO - [2024-10-15T16:29:00.879+0000] {dag.py:3239} INFO - Sync 1 DAGs
[2024-10-15T16:29:00.890+0000] {logging_mixin.py:190} INFO - [2024-10-15T16:29:00.889+0000] {dag.py:4180} INFO - Setting next_dagrun for example_setup_teardown to None, run_after=None
[2024-10-15T16:29:00.905+0000] {processor.py:208} INFO - Processing /home/airflow/.local/lib/python3.12/site-packages/airflow/example_dags/example_setup_teardown.py took 0.051 seconds
[2024-10-15T16:29:31.040+0000] {processor.py:186} INFO - Started process (PID=1742) to work on /home/airflow/.local/lib/python3.12/site-packages/airflow/example_dags/example_setup_teardown.py
[2024-10-15T16:29:31.041+0000] {processor.py:914} INFO - Processing file /home/airflow/.local/lib/python3.12/site-packages/airflow/example_dags/example_setup_teardown.py for tasks to queue
[2024-10-15T16:29:31.042+0000] {logging_mixin.py:190} INFO - [2024-10-15T16:29:31.042+0000] {dagbag.py:588} INFO - Filling up the DagBag from /home/airflow/.local/lib/python3.12/site-packages/airflow/example_dags/example_setup_teardown.py
[2024-10-15T16:29:31.049+0000] {processor.py:925} INFO - DAG(s) 'example_setup_teardown' retrieved from /home/airflow/.local/lib/python3.12/site-packages/airflow/example_dags/example_setup_teardown.py
[2024-10-15T16:29:31.062+0000] {logging_mixin.py:190} INFO - [2024-10-15T16:29:31.062+0000] {dag.py:3239} INFO - Sync 1 DAGs
[2024-10-15T16:29:31.072+0000] {logging_mixin.py:190} INFO - [2024-10-15T16:29:31.071+0000] {dag.py:4180} INFO - Setting next_dagrun for example_setup_teardown to None, run_after=None
[2024-10-15T16:29:31.088+0000] {processor.py:208} INFO - Processing /home/airflow/.local/lib/python3.12/site-packages/airflow/example_dags/example_setup_teardown.py took 0.053 seconds
