[2024-10-15T16:15:47.438+0000] {processor.py:186} INFO - Started process (PID=109) to work on /home/airflow/.local/lib/python3.12/site-packages/airflow/example_dags/tutorial_dag.py
[2024-10-15T16:15:47.439+0000] {processor.py:914} INFO - Processing file /home/airflow/.local/lib/python3.12/site-packages/airflow/example_dags/tutorial_dag.py for tasks to queue
[2024-10-15T16:15:47.440+0000] {logging_mixin.py:190} INFO - [2024-10-15T16:15:47.440+0000] {dagbag.py:588} INFO - Filling up the DagBag from /home/airflow/.local/lib/python3.12/site-packages/airflow/example_dags/tutorial_dag.py
[2024-10-15T16:15:47.446+0000] {processor.py:925} INFO - DAG(s) 'tutorial_dag' retrieved from /home/airflow/.local/lib/python3.12/site-packages/airflow/example_dags/tutorial_dag.py
[2024-10-15T16:15:47.524+0000] {logging_mixin.py:190} INFO - [2024-10-15T16:15:47.523+0000] {override.py:1900} INFO - Created Permission View: can read on DAG:tutorial_dag
[2024-10-15T16:15:47.533+0000] {logging_mixin.py:190} INFO - [2024-10-15T16:15:47.532+0000] {override.py:1900} INFO - Created Permission View: can delete on DAG:tutorial_dag
[2024-10-15T16:15:47.538+0000] {logging_mixin.py:190} INFO - [2024-10-15T16:15:47.537+0000] {override.py:1900} INFO - Created Permission View: can edit on DAG:tutorial_dag
[2024-10-15T16:15:47.544+0000] {logging_mixin.py:190} INFO - [2024-10-15T16:15:47.543+0000] {override.py:1900} INFO - Created Permission View: can read on DAG Run:tutorial_dag
[2024-10-15T16:15:47.549+0000] {logging_mixin.py:190} INFO - [2024-10-15T16:15:47.549+0000] {override.py:1900} INFO - Created Permission View: can create on DAG Run:tutorial_dag
[2024-10-15T16:15:47.554+0000] {logging_mixin.py:190} INFO - [2024-10-15T16:15:47.554+0000] {override.py:1900} INFO - Created Permission View: menu access on DAG Run:tutorial_dag
[2024-10-15T16:15:47.559+0000] {logging_mixin.py:190} INFO - [2024-10-15T16:15:47.559+0000] {override.py:1900} INFO - Created Permission View: can delete on DAG Run:tutorial_dag
[2024-10-15T16:15:47.560+0000] {logging_mixin.py:190} INFO - [2024-10-15T16:15:47.560+0000] {dag.py:3239} INFO - Sync 1 DAGs
[2024-10-15T16:15:47.569+0000] {logging_mixin.py:190} INFO - [2024-10-15T16:15:47.569+0000] {dag.py:3262} INFO - Creating ORM DAG for tutorial_dag
[2024-10-15T16:15:47.570+0000] {logging_mixin.py:190} INFO - [2024-10-15T16:15:47.570+0000] {dag.py:4180} INFO - Setting next_dagrun for tutorial_dag to None, run_after=None
[2024-10-15T16:15:47.583+0000] {processor.py:208} INFO - Processing /home/airflow/.local/lib/python3.12/site-packages/airflow/example_dags/tutorial_dag.py took 0.149 seconds
[2024-10-15T16:16:18.560+0000] {processor.py:186} INFO - Started process (PID=171) to work on /home/airflow/.local/lib/python3.12/site-packages/airflow/example_dags/tutorial_dag.py
[2024-10-15T16:16:18.561+0000] {processor.py:914} INFO - Processing file /home/airflow/.local/lib/python3.12/site-packages/airflow/example_dags/tutorial_dag.py for tasks to queue
[2024-10-15T16:16:18.563+0000] {logging_mixin.py:190} INFO - [2024-10-15T16:16:18.562+0000] {dagbag.py:588} INFO - Filling up the DagBag from /home/airflow/.local/lib/python3.12/site-packages/airflow/example_dags/tutorial_dag.py
[2024-10-15T16:16:18.568+0000] {processor.py:925} INFO - DAG(s) 'tutorial_dag' retrieved from /home/airflow/.local/lib/python3.12/site-packages/airflow/example_dags/tutorial_dag.py
[2024-10-15T16:16:18.582+0000] {logging_mixin.py:190} INFO - [2024-10-15T16:16:18.582+0000] {dag.py:3239} INFO - Sync 1 DAGs
[2024-10-15T16:16:18.592+0000] {logging_mixin.py:190} INFO - [2024-10-15T16:16:18.592+0000] {dag.py:4180} INFO - Setting next_dagrun for tutorial_dag to None, run_after=None
[2024-10-15T16:16:18.604+0000] {processor.py:208} INFO - Processing /home/airflow/.local/lib/python3.12/site-packages/airflow/example_dags/tutorial_dag.py took 0.048 seconds
[2024-10-15T16:16:49.237+0000] {processor.py:186} INFO - Started process (PID=233) to work on /home/airflow/.local/lib/python3.12/site-packages/airflow/example_dags/tutorial_dag.py
[2024-10-15T16:16:49.238+0000] {processor.py:914} INFO - Processing file /home/airflow/.local/lib/python3.12/site-packages/airflow/example_dags/tutorial_dag.py for tasks to queue
[2024-10-15T16:16:49.240+0000] {logging_mixin.py:190} INFO - [2024-10-15T16:16:49.240+0000] {dagbag.py:588} INFO - Filling up the DagBag from /home/airflow/.local/lib/python3.12/site-packages/airflow/example_dags/tutorial_dag.py
[2024-10-15T16:16:49.245+0000] {processor.py:925} INFO - DAG(s) 'tutorial_dag' retrieved from /home/airflow/.local/lib/python3.12/site-packages/airflow/example_dags/tutorial_dag.py
[2024-10-15T16:16:49.259+0000] {logging_mixin.py:190} INFO - [2024-10-15T16:16:49.259+0000] {dag.py:3239} INFO - Sync 1 DAGs
[2024-10-15T16:16:49.270+0000] {logging_mixin.py:190} INFO - [2024-10-15T16:16:49.270+0000] {dag.py:4180} INFO - Setting next_dagrun for tutorial_dag to None, run_after=None
[2024-10-15T16:16:49.288+0000] {processor.py:208} INFO - Processing /home/airflow/.local/lib/python3.12/site-packages/airflow/example_dags/tutorial_dag.py took 0.055 seconds
[2024-10-15T16:17:20.135+0000] {processor.py:186} INFO - Started process (PID=295) to work on /home/airflow/.local/lib/python3.12/site-packages/airflow/example_dags/tutorial_dag.py
[2024-10-15T16:17:20.136+0000] {processor.py:914} INFO - Processing file /home/airflow/.local/lib/python3.12/site-packages/airflow/example_dags/tutorial_dag.py for tasks to queue
[2024-10-15T16:17:20.137+0000] {logging_mixin.py:190} INFO - [2024-10-15T16:17:20.137+0000] {dagbag.py:588} INFO - Filling up the DagBag from /home/airflow/.local/lib/python3.12/site-packages/airflow/example_dags/tutorial_dag.py
[2024-10-15T16:17:20.143+0000] {processor.py:925} INFO - DAG(s) 'tutorial_dag' retrieved from /home/airflow/.local/lib/python3.12/site-packages/airflow/example_dags/tutorial_dag.py
[2024-10-15T16:17:20.156+0000] {logging_mixin.py:190} INFO - [2024-10-15T16:17:20.156+0000] {dag.py:3239} INFO - Sync 1 DAGs
[2024-10-15T16:17:20.166+0000] {logging_mixin.py:190} INFO - [2024-10-15T16:17:20.166+0000] {dag.py:4180} INFO - Setting next_dagrun for tutorial_dag to None, run_after=None
[2024-10-15T16:17:20.184+0000] {processor.py:208} INFO - Processing /home/airflow/.local/lib/python3.12/site-packages/airflow/example_dags/tutorial_dag.py took 0.054 seconds
[2024-10-15T16:17:50.925+0000] {processor.py:186} INFO - Started process (PID=357) to work on /home/airflow/.local/lib/python3.12/site-packages/airflow/example_dags/tutorial_dag.py
[2024-10-15T16:17:50.925+0000] {processor.py:914} INFO - Processing file /home/airflow/.local/lib/python3.12/site-packages/airflow/example_dags/tutorial_dag.py for tasks to queue
[2024-10-15T16:17:50.927+0000] {logging_mixin.py:190} INFO - [2024-10-15T16:17:50.927+0000] {dagbag.py:588} INFO - Filling up the DagBag from /home/airflow/.local/lib/python3.12/site-packages/airflow/example_dags/tutorial_dag.py
[2024-10-15T16:17:50.932+0000] {processor.py:925} INFO - DAG(s) 'tutorial_dag' retrieved from /home/airflow/.local/lib/python3.12/site-packages/airflow/example_dags/tutorial_dag.py
[2024-10-15T16:17:50.945+0000] {logging_mixin.py:190} INFO - [2024-10-15T16:17:50.945+0000] {dag.py:3239} INFO - Sync 1 DAGs
[2024-10-15T16:17:50.957+0000] {logging_mixin.py:190} INFO - [2024-10-15T16:17:50.957+0000] {dag.py:4180} INFO - Setting next_dagrun for tutorial_dag to None, run_after=None
[2024-10-15T16:17:50.975+0000] {processor.py:208} INFO - Processing /home/airflow/.local/lib/python3.12/site-packages/airflow/example_dags/tutorial_dag.py took 0.054 seconds
[2024-10-15T16:18:21.053+0000] {processor.py:186} INFO - Started process (PID=419) to work on /home/airflow/.local/lib/python3.12/site-packages/airflow/example_dags/tutorial_dag.py
[2024-10-15T16:18:21.054+0000] {processor.py:914} INFO - Processing file /home/airflow/.local/lib/python3.12/site-packages/airflow/example_dags/tutorial_dag.py for tasks to queue
[2024-10-15T16:18:21.056+0000] {logging_mixin.py:190} INFO - [2024-10-15T16:18:21.056+0000] {dagbag.py:588} INFO - Filling up the DagBag from /home/airflow/.local/lib/python3.12/site-packages/airflow/example_dags/tutorial_dag.py
[2024-10-15T16:18:21.062+0000] {processor.py:925} INFO - DAG(s) 'tutorial_dag' retrieved from /home/airflow/.local/lib/python3.12/site-packages/airflow/example_dags/tutorial_dag.py
[2024-10-15T16:18:21.077+0000] {logging_mixin.py:190} INFO - [2024-10-15T16:18:21.077+0000] {dag.py:3239} INFO - Sync 1 DAGs
[2024-10-15T16:18:21.089+0000] {logging_mixin.py:190} INFO - [2024-10-15T16:18:21.089+0000] {dag.py:4180} INFO - Setting next_dagrun for tutorial_dag to None, run_after=None
[2024-10-15T16:18:21.105+0000] {processor.py:208} INFO - Processing /home/airflow/.local/lib/python3.12/site-packages/airflow/example_dags/tutorial_dag.py took 0.058 seconds
[2024-10-15T16:18:52.191+0000] {processor.py:186} INFO - Started process (PID=481) to work on /home/airflow/.local/lib/python3.12/site-packages/airflow/example_dags/tutorial_dag.py
[2024-10-15T16:18:52.191+0000] {processor.py:914} INFO - Processing file /home/airflow/.local/lib/python3.12/site-packages/airflow/example_dags/tutorial_dag.py for tasks to queue
[2024-10-15T16:18:52.193+0000] {logging_mixin.py:190} INFO - [2024-10-15T16:18:52.193+0000] {dagbag.py:588} INFO - Filling up the DagBag from /home/airflow/.local/lib/python3.12/site-packages/airflow/example_dags/tutorial_dag.py
[2024-10-15T16:18:52.198+0000] {processor.py:925} INFO - DAG(s) 'tutorial_dag' retrieved from /home/airflow/.local/lib/python3.12/site-packages/airflow/example_dags/tutorial_dag.py
[2024-10-15T16:18:52.215+0000] {logging_mixin.py:190} INFO - [2024-10-15T16:18:52.214+0000] {dag.py:3239} INFO - Sync 1 DAGs
[2024-10-15T16:18:52.229+0000] {logging_mixin.py:190} INFO - [2024-10-15T16:18:52.229+0000] {dag.py:4180} INFO - Setting next_dagrun for tutorial_dag to None, run_after=None
[2024-10-15T16:18:52.250+0000] {processor.py:208} INFO - Processing /home/airflow/.local/lib/python3.12/site-packages/airflow/example_dags/tutorial_dag.py took 0.064 seconds
[2024-10-15T16:19:23.180+0000] {processor.py:186} INFO - Started process (PID=543) to work on /home/airflow/.local/lib/python3.12/site-packages/airflow/example_dags/tutorial_dag.py
[2024-10-15T16:19:23.181+0000] {processor.py:914} INFO - Processing file /home/airflow/.local/lib/python3.12/site-packages/airflow/example_dags/tutorial_dag.py for tasks to queue
[2024-10-15T16:19:23.183+0000] {logging_mixin.py:190} INFO - [2024-10-15T16:19:23.183+0000] {dagbag.py:588} INFO - Filling up the DagBag from /home/airflow/.local/lib/python3.12/site-packages/airflow/example_dags/tutorial_dag.py
[2024-10-15T16:19:23.189+0000] {processor.py:925} INFO - DAG(s) 'tutorial_dag' retrieved from /home/airflow/.local/lib/python3.12/site-packages/airflow/example_dags/tutorial_dag.py
[2024-10-15T16:19:23.203+0000] {logging_mixin.py:190} INFO - [2024-10-15T16:19:23.202+0000] {dag.py:3239} INFO - Sync 1 DAGs
[2024-10-15T16:19:23.212+0000] {logging_mixin.py:190} INFO - [2024-10-15T16:19:23.211+0000] {dag.py:4180} INFO - Setting next_dagrun for tutorial_dag to None, run_after=None
[2024-10-15T16:19:23.224+0000] {processor.py:208} INFO - Processing /home/airflow/.local/lib/python3.12/site-packages/airflow/example_dags/tutorial_dag.py took 0.047 seconds
[2024-10-15T16:19:54.156+0000] {processor.py:186} INFO - Started process (PID=605) to work on /home/airflow/.local/lib/python3.12/site-packages/airflow/example_dags/tutorial_dag.py
[2024-10-15T16:19:54.157+0000] {processor.py:914} INFO - Processing file /home/airflow/.local/lib/python3.12/site-packages/airflow/example_dags/tutorial_dag.py for tasks to queue
[2024-10-15T16:19:54.159+0000] {logging_mixin.py:190} INFO - [2024-10-15T16:19:54.159+0000] {dagbag.py:588} INFO - Filling up the DagBag from /home/airflow/.local/lib/python3.12/site-packages/airflow/example_dags/tutorial_dag.py
[2024-10-15T16:19:54.164+0000] {processor.py:925} INFO - DAG(s) 'tutorial_dag' retrieved from /home/airflow/.local/lib/python3.12/site-packages/airflow/example_dags/tutorial_dag.py
[2024-10-15T16:19:54.181+0000] {logging_mixin.py:190} INFO - [2024-10-15T16:19:54.181+0000] {dag.py:3239} INFO - Sync 1 DAGs
[2024-10-15T16:19:54.195+0000] {logging_mixin.py:190} INFO - [2024-10-15T16:19:54.195+0000] {dag.py:4180} INFO - Setting next_dagrun for tutorial_dag to None, run_after=None
[2024-10-15T16:19:54.209+0000] {processor.py:208} INFO - Processing /home/airflow/.local/lib/python3.12/site-packages/airflow/example_dags/tutorial_dag.py took 0.057 seconds
[2024-10-15T16:20:25.210+0000] {processor.py:186} INFO - Started process (PID=667) to work on /home/airflow/.local/lib/python3.12/site-packages/airflow/example_dags/tutorial_dag.py
[2024-10-15T16:20:25.211+0000] {processor.py:914} INFO - Processing file /home/airflow/.local/lib/python3.12/site-packages/airflow/example_dags/tutorial_dag.py for tasks to queue
[2024-10-15T16:20:25.213+0000] {logging_mixin.py:190} INFO - [2024-10-15T16:20:25.212+0000] {dagbag.py:588} INFO - Filling up the DagBag from /home/airflow/.local/lib/python3.12/site-packages/airflow/example_dags/tutorial_dag.py
[2024-10-15T16:20:25.217+0000] {processor.py:925} INFO - DAG(s) 'tutorial_dag' retrieved from /home/airflow/.local/lib/python3.12/site-packages/airflow/example_dags/tutorial_dag.py
[2024-10-15T16:20:25.230+0000] {logging_mixin.py:190} INFO - [2024-10-15T16:20:25.230+0000] {dag.py:3239} INFO - Sync 1 DAGs
[2024-10-15T16:20:25.240+0000] {logging_mixin.py:190} INFO - [2024-10-15T16:20:25.240+0000] {dag.py:4180} INFO - Setting next_dagrun for tutorial_dag to None, run_after=None
[2024-10-15T16:20:25.253+0000] {processor.py:208} INFO - Processing /home/airflow/.local/lib/python3.12/site-packages/airflow/example_dags/tutorial_dag.py took 0.047 seconds
[2024-10-15T16:20:56.108+0000] {processor.py:186} INFO - Started process (PID=729) to work on /home/airflow/.local/lib/python3.12/site-packages/airflow/example_dags/tutorial_dag.py
[2024-10-15T16:20:56.109+0000] {processor.py:914} INFO - Processing file /home/airflow/.local/lib/python3.12/site-packages/airflow/example_dags/tutorial_dag.py for tasks to queue
[2024-10-15T16:20:56.111+0000] {logging_mixin.py:190} INFO - [2024-10-15T16:20:56.111+0000] {dagbag.py:588} INFO - Filling up the DagBag from /home/airflow/.local/lib/python3.12/site-packages/airflow/example_dags/tutorial_dag.py
[2024-10-15T16:20:56.116+0000] {processor.py:925} INFO - DAG(s) 'tutorial_dag' retrieved from /home/airflow/.local/lib/python3.12/site-packages/airflow/example_dags/tutorial_dag.py
[2024-10-15T16:20:56.130+0000] {logging_mixin.py:190} INFO - [2024-10-15T16:20:56.130+0000] {dag.py:3239} INFO - Sync 1 DAGs
[2024-10-15T16:20:56.140+0000] {logging_mixin.py:190} INFO - [2024-10-15T16:20:56.140+0000] {dag.py:4180} INFO - Setting next_dagrun for tutorial_dag to None, run_after=None
[2024-10-15T16:20:56.155+0000] {processor.py:208} INFO - Processing /home/airflow/.local/lib/python3.12/site-packages/airflow/example_dags/tutorial_dag.py took 0.051 seconds
[2024-10-15T16:21:27.073+0000] {processor.py:186} INFO - Started process (PID=791) to work on /home/airflow/.local/lib/python3.12/site-packages/airflow/example_dags/tutorial_dag.py
[2024-10-15T16:21:27.074+0000] {processor.py:914} INFO - Processing file /home/airflow/.local/lib/python3.12/site-packages/airflow/example_dags/tutorial_dag.py for tasks to queue
[2024-10-15T16:21:27.075+0000] {logging_mixin.py:190} INFO - [2024-10-15T16:21:27.075+0000] {dagbag.py:588} INFO - Filling up the DagBag from /home/airflow/.local/lib/python3.12/site-packages/airflow/example_dags/tutorial_dag.py
[2024-10-15T16:21:27.085+0000] {processor.py:925} INFO - DAG(s) 'tutorial_dag' retrieved from /home/airflow/.local/lib/python3.12/site-packages/airflow/example_dags/tutorial_dag.py
[2024-10-15T16:21:27.101+0000] {logging_mixin.py:190} INFO - [2024-10-15T16:21:27.101+0000] {dag.py:3239} INFO - Sync 1 DAGs
[2024-10-15T16:21:27.112+0000] {logging_mixin.py:190} INFO - [2024-10-15T16:21:27.112+0000] {dag.py:4180} INFO - Setting next_dagrun for tutorial_dag to None, run_after=None
[2024-10-15T16:21:27.126+0000] {processor.py:208} INFO - Processing /home/airflow/.local/lib/python3.12/site-packages/airflow/example_dags/tutorial_dag.py took 0.057 seconds
[2024-10-15T16:21:58.182+0000] {processor.py:186} INFO - Started process (PID=853) to work on /home/airflow/.local/lib/python3.12/site-packages/airflow/example_dags/tutorial_dag.py
[2024-10-15T16:21:58.183+0000] {processor.py:914} INFO - Processing file /home/airflow/.local/lib/python3.12/site-packages/airflow/example_dags/tutorial_dag.py for tasks to queue
[2024-10-15T16:21:58.185+0000] {logging_mixin.py:190} INFO - [2024-10-15T16:21:58.185+0000] {dagbag.py:588} INFO - Filling up the DagBag from /home/airflow/.local/lib/python3.12/site-packages/airflow/example_dags/tutorial_dag.py
[2024-10-15T16:21:58.192+0000] {processor.py:925} INFO - DAG(s) 'tutorial_dag' retrieved from /home/airflow/.local/lib/python3.12/site-packages/airflow/example_dags/tutorial_dag.py
[2024-10-15T16:21:58.210+0000] {logging_mixin.py:190} INFO - [2024-10-15T16:21:58.209+0000] {dag.py:3239} INFO - Sync 1 DAGs
[2024-10-15T16:21:58.224+0000] {logging_mixin.py:190} INFO - [2024-10-15T16:21:58.224+0000] {dag.py:4180} INFO - Setting next_dagrun for tutorial_dag to None, run_after=None
[2024-10-15T16:21:58.245+0000] {processor.py:208} INFO - Processing /home/airflow/.local/lib/python3.12/site-packages/airflow/example_dags/tutorial_dag.py took 0.068 seconds
[2024-10-15T16:22:28.483+0000] {processor.py:186} INFO - Started process (PID=915) to work on /home/airflow/.local/lib/python3.12/site-packages/airflow/example_dags/tutorial_dag.py
[2024-10-15T16:22:28.483+0000] {processor.py:914} INFO - Processing file /home/airflow/.local/lib/python3.12/site-packages/airflow/example_dags/tutorial_dag.py for tasks to queue
[2024-10-15T16:22:28.485+0000] {logging_mixin.py:190} INFO - [2024-10-15T16:22:28.485+0000] {dagbag.py:588} INFO - Filling up the DagBag from /home/airflow/.local/lib/python3.12/site-packages/airflow/example_dags/tutorial_dag.py
[2024-10-15T16:22:28.491+0000] {processor.py:925} INFO - DAG(s) 'tutorial_dag' retrieved from /home/airflow/.local/lib/python3.12/site-packages/airflow/example_dags/tutorial_dag.py
[2024-10-15T16:22:28.509+0000] {logging_mixin.py:190} INFO - [2024-10-15T16:22:28.508+0000] {dag.py:3239} INFO - Sync 1 DAGs
[2024-10-15T16:22:28.523+0000] {logging_mixin.py:190} INFO - [2024-10-15T16:22:28.523+0000] {dag.py:4180} INFO - Setting next_dagrun for tutorial_dag to None, run_after=None
[2024-10-15T16:22:28.539+0000] {processor.py:208} INFO - Processing /home/airflow/.local/lib/python3.12/site-packages/airflow/example_dags/tutorial_dag.py took 0.062 seconds
[2024-10-15T16:22:59.419+0000] {processor.py:186} INFO - Started process (PID=977) to work on /home/airflow/.local/lib/python3.12/site-packages/airflow/example_dags/tutorial_dag.py
[2024-10-15T16:22:59.419+0000] {processor.py:914} INFO - Processing file /home/airflow/.local/lib/python3.12/site-packages/airflow/example_dags/tutorial_dag.py for tasks to queue
[2024-10-15T16:22:59.422+0000] {logging_mixin.py:190} INFO - [2024-10-15T16:22:59.421+0000] {dagbag.py:588} INFO - Filling up the DagBag from /home/airflow/.local/lib/python3.12/site-packages/airflow/example_dags/tutorial_dag.py
[2024-10-15T16:22:59.428+0000] {processor.py:925} INFO - DAG(s) 'tutorial_dag' retrieved from /home/airflow/.local/lib/python3.12/site-packages/airflow/example_dags/tutorial_dag.py
[2024-10-15T16:22:59.443+0000] {logging_mixin.py:190} INFO - [2024-10-15T16:22:59.442+0000] {dag.py:3239} INFO - Sync 1 DAGs
[2024-10-15T16:22:59.459+0000] {logging_mixin.py:190} INFO - [2024-10-15T16:22:59.459+0000] {dag.py:4180} INFO - Setting next_dagrun for tutorial_dag to None, run_after=None
[2024-10-15T16:22:59.473+0000] {processor.py:208} INFO - Processing /home/airflow/.local/lib/python3.12/site-packages/airflow/example_dags/tutorial_dag.py took 0.058 seconds
[2024-10-15T16:23:29.651+0000] {processor.py:186} INFO - Started process (PID=1039) to work on /home/airflow/.local/lib/python3.12/site-packages/airflow/example_dags/tutorial_dag.py
[2024-10-15T16:23:29.652+0000] {processor.py:914} INFO - Processing file /home/airflow/.local/lib/python3.12/site-packages/airflow/example_dags/tutorial_dag.py for tasks to queue
[2024-10-15T16:23:29.654+0000] {logging_mixin.py:190} INFO - [2024-10-15T16:23:29.653+0000] {dagbag.py:588} INFO - Filling up the DagBag from /home/airflow/.local/lib/python3.12/site-packages/airflow/example_dags/tutorial_dag.py
[2024-10-15T16:23:29.660+0000] {processor.py:925} INFO - DAG(s) 'tutorial_dag' retrieved from /home/airflow/.local/lib/python3.12/site-packages/airflow/example_dags/tutorial_dag.py
[2024-10-15T16:23:29.675+0000] {logging_mixin.py:190} INFO - [2024-10-15T16:23:29.675+0000] {dag.py:3239} INFO - Sync 1 DAGs
[2024-10-15T16:23:29.693+0000] {logging_mixin.py:190} INFO - [2024-10-15T16:23:29.693+0000] {dag.py:4180} INFO - Setting next_dagrun for tutorial_dag to None, run_after=None
[2024-10-15T16:23:29.709+0000] {processor.py:208} INFO - Processing /home/airflow/.local/lib/python3.12/site-packages/airflow/example_dags/tutorial_dag.py took 0.062 seconds
[2024-10-15T16:23:59.887+0000] {processor.py:186} INFO - Started process (PID=1101) to work on /home/airflow/.local/lib/python3.12/site-packages/airflow/example_dags/tutorial_dag.py
[2024-10-15T16:23:59.888+0000] {processor.py:914} INFO - Processing file /home/airflow/.local/lib/python3.12/site-packages/airflow/example_dags/tutorial_dag.py for tasks to queue
[2024-10-15T16:23:59.890+0000] {logging_mixin.py:190} INFO - [2024-10-15T16:23:59.889+0000] {dagbag.py:588} INFO - Filling up the DagBag from /home/airflow/.local/lib/python3.12/site-packages/airflow/example_dags/tutorial_dag.py
[2024-10-15T16:23:59.895+0000] {processor.py:925} INFO - DAG(s) 'tutorial_dag' retrieved from /home/airflow/.local/lib/python3.12/site-packages/airflow/example_dags/tutorial_dag.py
[2024-10-15T16:23:59.910+0000] {logging_mixin.py:190} INFO - [2024-10-15T16:23:59.910+0000] {dag.py:3239} INFO - Sync 1 DAGs
[2024-10-15T16:23:59.924+0000] {logging_mixin.py:190} INFO - [2024-10-15T16:23:59.923+0000] {dag.py:4180} INFO - Setting next_dagrun for tutorial_dag to None, run_after=None
[2024-10-15T16:23:59.937+0000] {processor.py:208} INFO - Processing /home/airflow/.local/lib/python3.12/site-packages/airflow/example_dags/tutorial_dag.py took 0.055 seconds
[2024-10-15T16:24:30.836+0000] {processor.py:186} INFO - Started process (PID=1163) to work on /home/airflow/.local/lib/python3.12/site-packages/airflow/example_dags/tutorial_dag.py
[2024-10-15T16:24:30.837+0000] {processor.py:914} INFO - Processing file /home/airflow/.local/lib/python3.12/site-packages/airflow/example_dags/tutorial_dag.py for tasks to queue
[2024-10-15T16:24:30.839+0000] {logging_mixin.py:190} INFO - [2024-10-15T16:24:30.839+0000] {dagbag.py:588} INFO - Filling up the DagBag from /home/airflow/.local/lib/python3.12/site-packages/airflow/example_dags/tutorial_dag.py
[2024-10-15T16:24:30.845+0000] {processor.py:925} INFO - DAG(s) 'tutorial_dag' retrieved from /home/airflow/.local/lib/python3.12/site-packages/airflow/example_dags/tutorial_dag.py
[2024-10-15T16:24:30.859+0000] {logging_mixin.py:190} INFO - [2024-10-15T16:24:30.858+0000] {dag.py:3239} INFO - Sync 1 DAGs
[2024-10-15T16:24:30.869+0000] {logging_mixin.py:190} INFO - [2024-10-15T16:24:30.869+0000] {dag.py:4180} INFO - Setting next_dagrun for tutorial_dag to None, run_after=None
[2024-10-15T16:24:30.888+0000] {processor.py:208} INFO - Processing /home/airflow/.local/lib/python3.12/site-packages/airflow/example_dags/tutorial_dag.py took 0.056 seconds
[2024-10-15T16:25:01.704+0000] {processor.py:186} INFO - Started process (PID=1225) to work on /home/airflow/.local/lib/python3.12/site-packages/airflow/example_dags/tutorial_dag.py
[2024-10-15T16:25:01.705+0000] {processor.py:914} INFO - Processing file /home/airflow/.local/lib/python3.12/site-packages/airflow/example_dags/tutorial_dag.py for tasks to queue
[2024-10-15T16:25:01.707+0000] {logging_mixin.py:190} INFO - [2024-10-15T16:25:01.706+0000] {dagbag.py:588} INFO - Filling up the DagBag from /home/airflow/.local/lib/python3.12/site-packages/airflow/example_dags/tutorial_dag.py
[2024-10-15T16:25:01.713+0000] {processor.py:925} INFO - DAG(s) 'tutorial_dag' retrieved from /home/airflow/.local/lib/python3.12/site-packages/airflow/example_dags/tutorial_dag.py
[2024-10-15T16:25:01.729+0000] {logging_mixin.py:190} INFO - [2024-10-15T16:25:01.729+0000] {dag.py:3239} INFO - Sync 1 DAGs
[2024-10-15T16:25:01.741+0000] {logging_mixin.py:190} INFO - [2024-10-15T16:25:01.741+0000] {dag.py:4180} INFO - Setting next_dagrun for tutorial_dag to None, run_after=None
[2024-10-15T16:25:01.755+0000] {processor.py:208} INFO - Processing /home/airflow/.local/lib/python3.12/site-packages/airflow/example_dags/tutorial_dag.py took 0.056 seconds
[2024-10-15T16:25:32.227+0000] {processor.py:186} INFO - Started process (PID=1287) to work on /home/airflow/.local/lib/python3.12/site-packages/airflow/example_dags/tutorial_dag.py
[2024-10-15T16:25:32.228+0000] {processor.py:914} INFO - Processing file /home/airflow/.local/lib/python3.12/site-packages/airflow/example_dags/tutorial_dag.py for tasks to queue
[2024-10-15T16:25:32.230+0000] {logging_mixin.py:190} INFO - [2024-10-15T16:25:32.230+0000] {dagbag.py:588} INFO - Filling up the DagBag from /home/airflow/.local/lib/python3.12/site-packages/airflow/example_dags/tutorial_dag.py
[2024-10-15T16:25:32.236+0000] {processor.py:925} INFO - DAG(s) 'tutorial_dag' retrieved from /home/airflow/.local/lib/python3.12/site-packages/airflow/example_dags/tutorial_dag.py
[2024-10-15T16:25:32.252+0000] {logging_mixin.py:190} INFO - [2024-10-15T16:25:32.252+0000] {dag.py:3239} INFO - Sync 1 DAGs
[2024-10-15T16:25:32.263+0000] {logging_mixin.py:190} INFO - [2024-10-15T16:25:32.263+0000] {dag.py:4180} INFO - Setting next_dagrun for tutorial_dag to None, run_after=None
[2024-10-15T16:25:32.286+0000] {processor.py:208} INFO - Processing /home/airflow/.local/lib/python3.12/site-packages/airflow/example_dags/tutorial_dag.py took 0.063 seconds
[2024-10-15T16:26:03.010+0000] {processor.py:186} INFO - Started process (PID=1349) to work on /home/airflow/.local/lib/python3.12/site-packages/airflow/example_dags/tutorial_dag.py
[2024-10-15T16:26:03.011+0000] {processor.py:914} INFO - Processing file /home/airflow/.local/lib/python3.12/site-packages/airflow/example_dags/tutorial_dag.py for tasks to queue
[2024-10-15T16:26:03.012+0000] {logging_mixin.py:190} INFO - [2024-10-15T16:26:03.012+0000] {dagbag.py:588} INFO - Filling up the DagBag from /home/airflow/.local/lib/python3.12/site-packages/airflow/example_dags/tutorial_dag.py
[2024-10-15T16:26:03.017+0000] {processor.py:925} INFO - DAG(s) 'tutorial_dag' retrieved from /home/airflow/.local/lib/python3.12/site-packages/airflow/example_dags/tutorial_dag.py
[2024-10-15T16:26:03.031+0000] {logging_mixin.py:190} INFO - [2024-10-15T16:26:03.030+0000] {dag.py:3239} INFO - Sync 1 DAGs
[2024-10-15T16:26:03.042+0000] {logging_mixin.py:190} INFO - [2024-10-15T16:26:03.042+0000] {dag.py:4180} INFO - Setting next_dagrun for tutorial_dag to None, run_after=None
[2024-10-15T16:26:03.059+0000] {processor.py:208} INFO - Processing /home/airflow/.local/lib/python3.12/site-packages/airflow/example_dags/tutorial_dag.py took 0.053 seconds
[2024-10-15T16:26:33.961+0000] {processor.py:186} INFO - Started process (PID=1411) to work on /home/airflow/.local/lib/python3.12/site-packages/airflow/example_dags/tutorial_dag.py
[2024-10-15T16:26:33.961+0000] {processor.py:914} INFO - Processing file /home/airflow/.local/lib/python3.12/site-packages/airflow/example_dags/tutorial_dag.py for tasks to queue
[2024-10-15T16:26:33.963+0000] {logging_mixin.py:190} INFO - [2024-10-15T16:26:33.963+0000] {dagbag.py:588} INFO - Filling up the DagBag from /home/airflow/.local/lib/python3.12/site-packages/airflow/example_dags/tutorial_dag.py
[2024-10-15T16:26:33.968+0000] {processor.py:925} INFO - DAG(s) 'tutorial_dag' retrieved from /home/airflow/.local/lib/python3.12/site-packages/airflow/example_dags/tutorial_dag.py
[2024-10-15T16:26:33.981+0000] {logging_mixin.py:190} INFO - [2024-10-15T16:26:33.981+0000] {dag.py:3239} INFO - Sync 1 DAGs
[2024-10-15T16:26:33.991+0000] {logging_mixin.py:190} INFO - [2024-10-15T16:26:33.991+0000] {dag.py:4180} INFO - Setting next_dagrun for tutorial_dag to None, run_after=None
[2024-10-15T16:26:34.002+0000] {processor.py:208} INFO - Processing /home/airflow/.local/lib/python3.12/site-packages/airflow/example_dags/tutorial_dag.py took 0.046 seconds
[2024-10-15T16:27:05.033+0000] {processor.py:186} INFO - Started process (PID=1473) to work on /home/airflow/.local/lib/python3.12/site-packages/airflow/example_dags/tutorial_dag.py
[2024-10-15T16:27:05.033+0000] {processor.py:914} INFO - Processing file /home/airflow/.local/lib/python3.12/site-packages/airflow/example_dags/tutorial_dag.py for tasks to queue
[2024-10-15T16:27:05.035+0000] {logging_mixin.py:190} INFO - [2024-10-15T16:27:05.035+0000] {dagbag.py:588} INFO - Filling up the DagBag from /home/airflow/.local/lib/python3.12/site-packages/airflow/example_dags/tutorial_dag.py
[2024-10-15T16:27:05.041+0000] {processor.py:925} INFO - DAG(s) 'tutorial_dag' retrieved from /home/airflow/.local/lib/python3.12/site-packages/airflow/example_dags/tutorial_dag.py
[2024-10-15T16:27:05.056+0000] {logging_mixin.py:190} INFO - [2024-10-15T16:27:05.055+0000] {dag.py:3239} INFO - Sync 1 DAGs
[2024-10-15T16:27:05.067+0000] {logging_mixin.py:190} INFO - [2024-10-15T16:27:05.066+0000] {dag.py:4180} INFO - Setting next_dagrun for tutorial_dag to None, run_after=None
[2024-10-15T16:27:05.080+0000] {processor.py:208} INFO - Processing /home/airflow/.local/lib/python3.12/site-packages/airflow/example_dags/tutorial_dag.py took 0.052 seconds
[2024-10-15T16:27:35.306+0000] {processor.py:186} INFO - Started process (PID=1535) to work on /home/airflow/.local/lib/python3.12/site-packages/airflow/example_dags/tutorial_dag.py
[2024-10-15T16:27:35.307+0000] {processor.py:914} INFO - Processing file /home/airflow/.local/lib/python3.12/site-packages/airflow/example_dags/tutorial_dag.py for tasks to queue
[2024-10-15T16:27:35.309+0000] {logging_mixin.py:190} INFO - [2024-10-15T16:27:35.309+0000] {dagbag.py:588} INFO - Filling up the DagBag from /home/airflow/.local/lib/python3.12/site-packages/airflow/example_dags/tutorial_dag.py
[2024-10-15T16:27:35.315+0000] {processor.py:925} INFO - DAG(s) 'tutorial_dag' retrieved from /home/airflow/.local/lib/python3.12/site-packages/airflow/example_dags/tutorial_dag.py
[2024-10-15T16:27:35.330+0000] {logging_mixin.py:190} INFO - [2024-10-15T16:27:35.330+0000] {dag.py:3239} INFO - Sync 1 DAGs
[2024-10-15T16:27:35.342+0000] {logging_mixin.py:190} INFO - [2024-10-15T16:27:35.342+0000] {dag.py:4180} INFO - Setting next_dagrun for tutorial_dag to None, run_after=None
[2024-10-15T16:27:35.359+0000] {processor.py:208} INFO - Processing /home/airflow/.local/lib/python3.12/site-packages/airflow/example_dags/tutorial_dag.py took 0.058 seconds
[2024-10-15T16:28:06.157+0000] {processor.py:186} INFO - Started process (PID=1597) to work on /home/airflow/.local/lib/python3.12/site-packages/airflow/example_dags/tutorial_dag.py
[2024-10-15T16:28:06.158+0000] {processor.py:914} INFO - Processing file /home/airflow/.local/lib/python3.12/site-packages/airflow/example_dags/tutorial_dag.py for tasks to queue
[2024-10-15T16:28:06.159+0000] {logging_mixin.py:190} INFO - [2024-10-15T16:28:06.159+0000] {dagbag.py:588} INFO - Filling up the DagBag from /home/airflow/.local/lib/python3.12/site-packages/airflow/example_dags/tutorial_dag.py
[2024-10-15T16:28:06.164+0000] {processor.py:925} INFO - DAG(s) 'tutorial_dag' retrieved from /home/airflow/.local/lib/python3.12/site-packages/airflow/example_dags/tutorial_dag.py
[2024-10-15T16:28:06.177+0000] {logging_mixin.py:190} INFO - [2024-10-15T16:28:06.177+0000] {dag.py:3239} INFO - Sync 1 DAGs
[2024-10-15T16:28:06.188+0000] {logging_mixin.py:190} INFO - [2024-10-15T16:28:06.188+0000] {dag.py:4180} INFO - Setting next_dagrun for tutorial_dag to None, run_after=None
[2024-10-15T16:28:06.282+0000] {processor.py:208} INFO - Processing /home/airflow/.local/lib/python3.12/site-packages/airflow/example_dags/tutorial_dag.py took 0.129 seconds
[2024-10-15T16:28:37.034+0000] {processor.py:186} INFO - Started process (PID=1659) to work on /home/airflow/.local/lib/python3.12/site-packages/airflow/example_dags/tutorial_dag.py
[2024-10-15T16:28:37.035+0000] {processor.py:914} INFO - Processing file /home/airflow/.local/lib/python3.12/site-packages/airflow/example_dags/tutorial_dag.py for tasks to queue
[2024-10-15T16:28:37.037+0000] {logging_mixin.py:190} INFO - [2024-10-15T16:28:37.037+0000] {dagbag.py:588} INFO - Filling up the DagBag from /home/airflow/.local/lib/python3.12/site-packages/airflow/example_dags/tutorial_dag.py
[2024-10-15T16:28:37.043+0000] {processor.py:925} INFO - DAG(s) 'tutorial_dag' retrieved from /home/airflow/.local/lib/python3.12/site-packages/airflow/example_dags/tutorial_dag.py
[2024-10-15T16:28:37.059+0000] {logging_mixin.py:190} INFO - [2024-10-15T16:28:37.058+0000] {dag.py:3239} INFO - Sync 1 DAGs
[2024-10-15T16:28:37.071+0000] {logging_mixin.py:190} INFO - [2024-10-15T16:28:37.071+0000] {dag.py:4180} INFO - Setting next_dagrun for tutorial_dag to None, run_after=None
[2024-10-15T16:28:37.100+0000] {processor.py:208} INFO - Processing /home/airflow/.local/lib/python3.12/site-packages/airflow/example_dags/tutorial_dag.py took 0.072 seconds
[2024-10-15T16:29:07.211+0000] {processor.py:186} INFO - Started process (PID=1721) to work on /home/airflow/.local/lib/python3.12/site-packages/airflow/example_dags/tutorial_dag.py
[2024-10-15T16:29:07.211+0000] {processor.py:914} INFO - Processing file /home/airflow/.local/lib/python3.12/site-packages/airflow/example_dags/tutorial_dag.py for tasks to queue
[2024-10-15T16:29:07.213+0000] {logging_mixin.py:190} INFO - [2024-10-15T16:29:07.213+0000] {dagbag.py:588} INFO - Filling up the DagBag from /home/airflow/.local/lib/python3.12/site-packages/airflow/example_dags/tutorial_dag.py
[2024-10-15T16:29:07.219+0000] {processor.py:925} INFO - DAG(s) 'tutorial_dag' retrieved from /home/airflow/.local/lib/python3.12/site-packages/airflow/example_dags/tutorial_dag.py
[2024-10-15T16:29:07.232+0000] {logging_mixin.py:190} INFO - [2024-10-15T16:29:07.232+0000] {dag.py:3239} INFO - Sync 1 DAGs
[2024-10-15T16:29:07.243+0000] {logging_mixin.py:190} INFO - [2024-10-15T16:29:07.242+0000] {dag.py:4180} INFO - Setting next_dagrun for tutorial_dag to None, run_after=None
[2024-10-15T16:29:07.260+0000] {processor.py:208} INFO - Processing /home/airflow/.local/lib/python3.12/site-packages/airflow/example_dags/tutorial_dag.py took 0.054 seconds
[2024-10-15T16:29:37.493+0000] {processor.py:186} INFO - Started process (PID=1783) to work on /home/airflow/.local/lib/python3.12/site-packages/airflow/example_dags/tutorial_dag.py
[2024-10-15T16:29:37.493+0000] {processor.py:914} INFO - Processing file /home/airflow/.local/lib/python3.12/site-packages/airflow/example_dags/tutorial_dag.py for tasks to queue
[2024-10-15T16:29:37.495+0000] {logging_mixin.py:190} INFO - [2024-10-15T16:29:37.495+0000] {dagbag.py:588} INFO - Filling up the DagBag from /home/airflow/.local/lib/python3.12/site-packages/airflow/example_dags/tutorial_dag.py
[2024-10-15T16:29:37.500+0000] {processor.py:925} INFO - DAG(s) 'tutorial_dag' retrieved from /home/airflow/.local/lib/python3.12/site-packages/airflow/example_dags/tutorial_dag.py
[2024-10-15T16:29:37.514+0000] {logging_mixin.py:190} INFO - [2024-10-15T16:29:37.514+0000] {dag.py:3239} INFO - Sync 1 DAGs
[2024-10-15T16:29:37.524+0000] {logging_mixin.py:190} INFO - [2024-10-15T16:29:37.524+0000] {dag.py:4180} INFO - Setting next_dagrun for tutorial_dag to None, run_after=None
[2024-10-15T16:29:37.536+0000] {processor.py:208} INFO - Processing /home/airflow/.local/lib/python3.12/site-packages/airflow/example_dags/tutorial_dag.py took 0.048 seconds
