[2024-10-15T16:15:46.240+0000] {processor.py:186} INFO - Started process (PID=98) to work on /home/airflow/.local/lib/python3.12/site-packages/airflow/example_dags/tutorial_taskflow_api.py
[2024-10-15T16:15:46.241+0000] {processor.py:914} INFO - Processing file /home/airflow/.local/lib/python3.12/site-packages/airflow/example_dags/tutorial_taskflow_api.py for tasks to queue
[2024-10-15T16:15:46.242+0000] {logging_mixin.py:190} INFO - [2024-10-15T16:15:46.242+0000] {dagbag.py:588} INFO - Filling up the DagBag from /home/airflow/.local/lib/python3.12/site-packages/airflow/example_dags/tutorial_taskflow_api.py
[2024-10-15T16:15:46.249+0000] {processor.py:925} INFO - DAG(s) 'tutorial_taskflow_api' retrieved from /home/airflow/.local/lib/python3.12/site-packages/airflow/example_dags/tutorial_taskflow_api.py
[2024-10-15T16:15:46.323+0000] {logging_mixin.py:190} INFO - [2024-10-15T16:15:46.322+0000] {override.py:1900} INFO - Created Permission View: can read on DAG:tutorial_taskflow_api
[2024-10-15T16:15:46.331+0000] {logging_mixin.py:190} INFO - [2024-10-15T16:15:46.331+0000] {override.py:1900} INFO - Created Permission View: can delete on DAG:tutorial_taskflow_api
[2024-10-15T16:15:46.337+0000] {logging_mixin.py:190} INFO - [2024-10-15T16:15:46.336+0000] {override.py:1900} INFO - Created Permission View: can edit on DAG:tutorial_taskflow_api
[2024-10-15T16:15:46.343+0000] {logging_mixin.py:190} INFO - [2024-10-15T16:15:46.342+0000] {override.py:1900} INFO - Created Permission View: can read on DAG Run:tutorial_taskflow_api
[2024-10-15T16:15:46.348+0000] {logging_mixin.py:190} INFO - [2024-10-15T16:15:46.347+0000] {override.py:1900} INFO - Created Permission View: can create on DAG Run:tutorial_taskflow_api
[2024-10-15T16:15:46.353+0000] {logging_mixin.py:190} INFO - [2024-10-15T16:15:46.353+0000] {override.py:1900} INFO - Created Permission View: menu access on DAG Run:tutorial_taskflow_api
[2024-10-15T16:15:46.358+0000] {logging_mixin.py:190} INFO - [2024-10-15T16:15:46.358+0000] {override.py:1900} INFO - Created Permission View: can delete on DAG Run:tutorial_taskflow_api
[2024-10-15T16:15:46.358+0000] {logging_mixin.py:190} INFO - [2024-10-15T16:15:46.358+0000] {dag.py:3239} INFO - Sync 1 DAGs
[2024-10-15T16:15:46.367+0000] {logging_mixin.py:190} INFO - [2024-10-15T16:15:46.367+0000] {dag.py:3262} INFO - Creating ORM DAG for tutorial_taskflow_api
[2024-10-15T16:15:46.368+0000] {logging_mixin.py:190} INFO - [2024-10-15T16:15:46.368+0000] {dag.py:4180} INFO - Setting next_dagrun for tutorial_taskflow_api to None, run_after=None
[2024-10-15T16:15:46.378+0000] {processor.py:208} INFO - Processing /home/airflow/.local/lib/python3.12/site-packages/airflow/example_dags/tutorial_taskflow_api.py took 0.143 seconds
[2024-10-15T16:16:16.986+0000] {processor.py:186} INFO - Started process (PID=160) to work on /home/airflow/.local/lib/python3.12/site-packages/airflow/example_dags/tutorial_taskflow_api.py
[2024-10-15T16:16:16.987+0000] {processor.py:914} INFO - Processing file /home/airflow/.local/lib/python3.12/site-packages/airflow/example_dags/tutorial_taskflow_api.py for tasks to queue
[2024-10-15T16:16:16.988+0000] {logging_mixin.py:190} INFO - [2024-10-15T16:16:16.988+0000] {dagbag.py:588} INFO - Filling up the DagBag from /home/airflow/.local/lib/python3.12/site-packages/airflow/example_dags/tutorial_taskflow_api.py
[2024-10-15T16:16:16.994+0000] {processor.py:925} INFO - DAG(s) 'tutorial_taskflow_api' retrieved from /home/airflow/.local/lib/python3.12/site-packages/airflow/example_dags/tutorial_taskflow_api.py
[2024-10-15T16:16:17.007+0000] {logging_mixin.py:190} INFO - [2024-10-15T16:16:17.007+0000] {dag.py:3239} INFO - Sync 1 DAGs
[2024-10-15T16:16:17.018+0000] {logging_mixin.py:190} INFO - [2024-10-15T16:16:17.018+0000] {dag.py:4180} INFO - Setting next_dagrun for tutorial_taskflow_api to None, run_after=None
[2024-10-15T16:16:17.035+0000] {processor.py:208} INFO - Processing /home/airflow/.local/lib/python3.12/site-packages/airflow/example_dags/tutorial_taskflow_api.py took 0.053 seconds
[2024-10-15T16:16:47.677+0000] {processor.py:186} INFO - Started process (PID=222) to work on /home/airflow/.local/lib/python3.12/site-packages/airflow/example_dags/tutorial_taskflow_api.py
[2024-10-15T16:16:47.678+0000] {processor.py:914} INFO - Processing file /home/airflow/.local/lib/python3.12/site-packages/airflow/example_dags/tutorial_taskflow_api.py for tasks to queue
[2024-10-15T16:16:47.680+0000] {logging_mixin.py:190} INFO - [2024-10-15T16:16:47.679+0000] {dagbag.py:588} INFO - Filling up the DagBag from /home/airflow/.local/lib/python3.12/site-packages/airflow/example_dags/tutorial_taskflow_api.py
[2024-10-15T16:16:47.685+0000] {processor.py:925} INFO - DAG(s) 'tutorial_taskflow_api' retrieved from /home/airflow/.local/lib/python3.12/site-packages/airflow/example_dags/tutorial_taskflow_api.py
[2024-10-15T16:16:47.697+0000] {logging_mixin.py:190} INFO - [2024-10-15T16:16:47.697+0000] {dag.py:3239} INFO - Sync 1 DAGs
[2024-10-15T16:16:47.707+0000] {logging_mixin.py:190} INFO - [2024-10-15T16:16:47.707+0000] {dag.py:4180} INFO - Setting next_dagrun for tutorial_taskflow_api to None, run_after=None
[2024-10-15T16:16:47.725+0000] {processor.py:208} INFO - Processing /home/airflow/.local/lib/python3.12/site-packages/airflow/example_dags/tutorial_taskflow_api.py took 0.052 seconds
[2024-10-15T16:17:18.549+0000] {processor.py:186} INFO - Started process (PID=284) to work on /home/airflow/.local/lib/python3.12/site-packages/airflow/example_dags/tutorial_taskflow_api.py
[2024-10-15T16:17:18.549+0000] {processor.py:914} INFO - Processing file /home/airflow/.local/lib/python3.12/site-packages/airflow/example_dags/tutorial_taskflow_api.py for tasks to queue
[2024-10-15T16:17:18.551+0000] {logging_mixin.py:190} INFO - [2024-10-15T16:17:18.551+0000] {dagbag.py:588} INFO - Filling up the DagBag from /home/airflow/.local/lib/python3.12/site-packages/airflow/example_dags/tutorial_taskflow_api.py
[2024-10-15T16:17:18.557+0000] {processor.py:925} INFO - DAG(s) 'tutorial_taskflow_api' retrieved from /home/airflow/.local/lib/python3.12/site-packages/airflow/example_dags/tutorial_taskflow_api.py
[2024-10-15T16:17:18.569+0000] {logging_mixin.py:190} INFO - [2024-10-15T16:17:18.569+0000] {dag.py:3239} INFO - Sync 1 DAGs
[2024-10-15T16:17:18.579+0000] {logging_mixin.py:190} INFO - [2024-10-15T16:17:18.578+0000] {dag.py:4180} INFO - Setting next_dagrun for tutorial_taskflow_api to None, run_after=None
[2024-10-15T16:17:18.594+0000] {processor.py:208} INFO - Processing /home/airflow/.local/lib/python3.12/site-packages/airflow/example_dags/tutorial_taskflow_api.py took 0.051 seconds
[2024-10-15T16:17:49.366+0000] {processor.py:186} INFO - Started process (PID=346) to work on /home/airflow/.local/lib/python3.12/site-packages/airflow/example_dags/tutorial_taskflow_api.py
[2024-10-15T16:17:49.367+0000] {processor.py:914} INFO - Processing file /home/airflow/.local/lib/python3.12/site-packages/airflow/example_dags/tutorial_taskflow_api.py for tasks to queue
[2024-10-15T16:17:49.368+0000] {logging_mixin.py:190} INFO - [2024-10-15T16:17:49.368+0000] {dagbag.py:588} INFO - Filling up the DagBag from /home/airflow/.local/lib/python3.12/site-packages/airflow/example_dags/tutorial_taskflow_api.py
[2024-10-15T16:17:49.374+0000] {processor.py:925} INFO - DAG(s) 'tutorial_taskflow_api' retrieved from /home/airflow/.local/lib/python3.12/site-packages/airflow/example_dags/tutorial_taskflow_api.py
[2024-10-15T16:17:49.389+0000] {logging_mixin.py:190} INFO - [2024-10-15T16:17:49.389+0000] {dag.py:3239} INFO - Sync 1 DAGs
[2024-10-15T16:17:49.400+0000] {logging_mixin.py:190} INFO - [2024-10-15T16:17:49.400+0000] {dag.py:4180} INFO - Setting next_dagrun for tutorial_taskflow_api to None, run_after=None
[2024-10-15T16:17:49.417+0000] {processor.py:208} INFO - Processing /home/airflow/.local/lib/python3.12/site-packages/airflow/example_dags/tutorial_taskflow_api.py took 0.055 seconds
[2024-10-15T16:18:20.303+0000] {processor.py:186} INFO - Started process (PID=408) to work on /home/airflow/.local/lib/python3.12/site-packages/airflow/example_dags/tutorial_taskflow_api.py
[2024-10-15T16:18:20.304+0000] {processor.py:914} INFO - Processing file /home/airflow/.local/lib/python3.12/site-packages/airflow/example_dags/tutorial_taskflow_api.py for tasks to queue
[2024-10-15T16:18:20.306+0000] {logging_mixin.py:190} INFO - [2024-10-15T16:18:20.305+0000] {dagbag.py:588} INFO - Filling up the DagBag from /home/airflow/.local/lib/python3.12/site-packages/airflow/example_dags/tutorial_taskflow_api.py
[2024-10-15T16:18:20.313+0000] {processor.py:925} INFO - DAG(s) 'tutorial_taskflow_api' retrieved from /home/airflow/.local/lib/python3.12/site-packages/airflow/example_dags/tutorial_taskflow_api.py
[2024-10-15T16:18:20.332+0000] {logging_mixin.py:190} INFO - [2024-10-15T16:18:20.332+0000] {dag.py:3239} INFO - Sync 1 DAGs
[2024-10-15T16:18:20.348+0000] {logging_mixin.py:190} INFO - [2024-10-15T16:18:20.347+0000] {dag.py:4180} INFO - Setting next_dagrun for tutorial_taskflow_api to None, run_after=None
[2024-10-15T16:18:20.371+0000] {processor.py:208} INFO - Processing /home/airflow/.local/lib/python3.12/site-packages/airflow/example_dags/tutorial_taskflow_api.py took 0.072 seconds
[2024-10-15T16:18:50.559+0000] {processor.py:186} INFO - Started process (PID=470) to work on /home/airflow/.local/lib/python3.12/site-packages/airflow/example_dags/tutorial_taskflow_api.py
[2024-10-15T16:18:50.560+0000] {processor.py:914} INFO - Processing file /home/airflow/.local/lib/python3.12/site-packages/airflow/example_dags/tutorial_taskflow_api.py for tasks to queue
[2024-10-15T16:18:50.561+0000] {logging_mixin.py:190} INFO - [2024-10-15T16:18:50.561+0000] {dagbag.py:588} INFO - Filling up the DagBag from /home/airflow/.local/lib/python3.12/site-packages/airflow/example_dags/tutorial_taskflow_api.py
[2024-10-15T16:18:50.568+0000] {processor.py:925} INFO - DAG(s) 'tutorial_taskflow_api' retrieved from /home/airflow/.local/lib/python3.12/site-packages/airflow/example_dags/tutorial_taskflow_api.py
[2024-10-15T16:18:50.583+0000] {logging_mixin.py:190} INFO - [2024-10-15T16:18:50.583+0000] {dag.py:3239} INFO - Sync 1 DAGs
[2024-10-15T16:18:50.594+0000] {logging_mixin.py:190} INFO - [2024-10-15T16:18:50.594+0000] {dag.py:4180} INFO - Setting next_dagrun for tutorial_taskflow_api to None, run_after=None
[2024-10-15T16:18:50.610+0000] {processor.py:208} INFO - Processing /home/airflow/.local/lib/python3.12/site-packages/airflow/example_dags/tutorial_taskflow_api.py took 0.055 seconds
[2024-10-15T16:19:21.557+0000] {processor.py:186} INFO - Started process (PID=532) to work on /home/airflow/.local/lib/python3.12/site-packages/airflow/example_dags/tutorial_taskflow_api.py
[2024-10-15T16:19:21.558+0000] {processor.py:914} INFO - Processing file /home/airflow/.local/lib/python3.12/site-packages/airflow/example_dags/tutorial_taskflow_api.py for tasks to queue
[2024-10-15T16:19:21.559+0000] {logging_mixin.py:190} INFO - [2024-10-15T16:19:21.559+0000] {dagbag.py:588} INFO - Filling up the DagBag from /home/airflow/.local/lib/python3.12/site-packages/airflow/example_dags/tutorial_taskflow_api.py
[2024-10-15T16:19:21.565+0000] {processor.py:925} INFO - DAG(s) 'tutorial_taskflow_api' retrieved from /home/airflow/.local/lib/python3.12/site-packages/airflow/example_dags/tutorial_taskflow_api.py
[2024-10-15T16:19:21.578+0000] {logging_mixin.py:190} INFO - [2024-10-15T16:19:21.578+0000] {dag.py:3239} INFO - Sync 1 DAGs
[2024-10-15T16:19:21.588+0000] {logging_mixin.py:190} INFO - [2024-10-15T16:19:21.587+0000] {dag.py:4180} INFO - Setting next_dagrun for tutorial_taskflow_api to None, run_after=None
[2024-10-15T16:19:21.602+0000] {processor.py:208} INFO - Processing /home/airflow/.local/lib/python3.12/site-packages/airflow/example_dags/tutorial_taskflow_api.py took 0.048 seconds
[2024-10-15T16:19:52.553+0000] {processor.py:186} INFO - Started process (PID=594) to work on /home/airflow/.local/lib/python3.12/site-packages/airflow/example_dags/tutorial_taskflow_api.py
[2024-10-15T16:19:52.554+0000] {processor.py:914} INFO - Processing file /home/airflow/.local/lib/python3.12/site-packages/airflow/example_dags/tutorial_taskflow_api.py for tasks to queue
[2024-10-15T16:19:52.555+0000] {logging_mixin.py:190} INFO - [2024-10-15T16:19:52.555+0000] {dagbag.py:588} INFO - Filling up the DagBag from /home/airflow/.local/lib/python3.12/site-packages/airflow/example_dags/tutorial_taskflow_api.py
[2024-10-15T16:19:52.562+0000] {processor.py:925} INFO - DAG(s) 'tutorial_taskflow_api' retrieved from /home/airflow/.local/lib/python3.12/site-packages/airflow/example_dags/tutorial_taskflow_api.py
[2024-10-15T16:19:52.578+0000] {logging_mixin.py:190} INFO - [2024-10-15T16:19:52.577+0000] {dag.py:3239} INFO - Sync 1 DAGs
[2024-10-15T16:19:52.588+0000] {logging_mixin.py:190} INFO - [2024-10-15T16:19:52.588+0000] {dag.py:4180} INFO - Setting next_dagrun for tutorial_taskflow_api to None, run_after=None
[2024-10-15T16:19:52.606+0000] {processor.py:208} INFO - Processing /home/airflow/.local/lib/python3.12/site-packages/airflow/example_dags/tutorial_taskflow_api.py took 0.058 seconds
[2024-10-15T16:20:23.557+0000] {processor.py:186} INFO - Started process (PID=656) to work on /home/airflow/.local/lib/python3.12/site-packages/airflow/example_dags/tutorial_taskflow_api.py
[2024-10-15T16:20:23.558+0000] {processor.py:914} INFO - Processing file /home/airflow/.local/lib/python3.12/site-packages/airflow/example_dags/tutorial_taskflow_api.py for tasks to queue
[2024-10-15T16:20:23.559+0000] {logging_mixin.py:190} INFO - [2024-10-15T16:20:23.559+0000] {dagbag.py:588} INFO - Filling up the DagBag from /home/airflow/.local/lib/python3.12/site-packages/airflow/example_dags/tutorial_taskflow_api.py
[2024-10-15T16:20:23.564+0000] {processor.py:925} INFO - DAG(s) 'tutorial_taskflow_api' retrieved from /home/airflow/.local/lib/python3.12/site-packages/airflow/example_dags/tutorial_taskflow_api.py
[2024-10-15T16:20:23.576+0000] {logging_mixin.py:190} INFO - [2024-10-15T16:20:23.576+0000] {dag.py:3239} INFO - Sync 1 DAGs
[2024-10-15T16:20:23.585+0000] {logging_mixin.py:190} INFO - [2024-10-15T16:20:23.585+0000] {dag.py:4180} INFO - Setting next_dagrun for tutorial_taskflow_api to None, run_after=None
[2024-10-15T16:20:23.598+0000] {processor.py:208} INFO - Processing /home/airflow/.local/lib/python3.12/site-packages/airflow/example_dags/tutorial_taskflow_api.py took 0.046 seconds
[2024-10-15T16:20:54.422+0000] {processor.py:186} INFO - Started process (PID=718) to work on /home/airflow/.local/lib/python3.12/site-packages/airflow/example_dags/tutorial_taskflow_api.py
[2024-10-15T16:20:54.422+0000] {processor.py:914} INFO - Processing file /home/airflow/.local/lib/python3.12/site-packages/airflow/example_dags/tutorial_taskflow_api.py for tasks to queue
[2024-10-15T16:20:54.424+0000] {logging_mixin.py:190} INFO - [2024-10-15T16:20:54.424+0000] {dagbag.py:588} INFO - Filling up the DagBag from /home/airflow/.local/lib/python3.12/site-packages/airflow/example_dags/tutorial_taskflow_api.py
[2024-10-15T16:20:54.430+0000] {processor.py:925} INFO - DAG(s) 'tutorial_taskflow_api' retrieved from /home/airflow/.local/lib/python3.12/site-packages/airflow/example_dags/tutorial_taskflow_api.py
[2024-10-15T16:20:54.445+0000] {logging_mixin.py:190} INFO - [2024-10-15T16:20:54.445+0000] {dag.py:3239} INFO - Sync 1 DAGs
[2024-10-15T16:20:54.456+0000] {logging_mixin.py:190} INFO - [2024-10-15T16:20:54.456+0000] {dag.py:4180} INFO - Setting next_dagrun for tutorial_taskflow_api to None, run_after=None
[2024-10-15T16:20:54.475+0000] {processor.py:208} INFO - Processing /home/airflow/.local/lib/python3.12/site-packages/airflow/example_dags/tutorial_taskflow_api.py took 0.058 seconds
[2024-10-15T16:21:25.466+0000] {processor.py:186} INFO - Started process (PID=780) to work on /home/airflow/.local/lib/python3.12/site-packages/airflow/example_dags/tutorial_taskflow_api.py
[2024-10-15T16:21:25.467+0000] {processor.py:914} INFO - Processing file /home/airflow/.local/lib/python3.12/site-packages/airflow/example_dags/tutorial_taskflow_api.py for tasks to queue
[2024-10-15T16:21:25.470+0000] {logging_mixin.py:190} INFO - [2024-10-15T16:21:25.469+0000] {dagbag.py:588} INFO - Filling up the DagBag from /home/airflow/.local/lib/python3.12/site-packages/airflow/example_dags/tutorial_taskflow_api.py
[2024-10-15T16:21:25.477+0000] {processor.py:925} INFO - DAG(s) 'tutorial_taskflow_api' retrieved from /home/airflow/.local/lib/python3.12/site-packages/airflow/example_dags/tutorial_taskflow_api.py
[2024-10-15T16:21:25.493+0000] {logging_mixin.py:190} INFO - [2024-10-15T16:21:25.493+0000] {dag.py:3239} INFO - Sync 1 DAGs
[2024-10-15T16:21:25.504+0000] {logging_mixin.py:190} INFO - [2024-10-15T16:21:25.504+0000] {dag.py:4180} INFO - Setting next_dagrun for tutorial_taskflow_api to None, run_after=None
[2024-10-15T16:21:25.522+0000] {processor.py:208} INFO - Processing /home/airflow/.local/lib/python3.12/site-packages/airflow/example_dags/tutorial_taskflow_api.py took 0.061 seconds
[2024-10-15T16:21:56.465+0000] {processor.py:186} INFO - Started process (PID=842) to work on /home/airflow/.local/lib/python3.12/site-packages/airflow/example_dags/tutorial_taskflow_api.py
[2024-10-15T16:21:56.466+0000] {processor.py:914} INFO - Processing file /home/airflow/.local/lib/python3.12/site-packages/airflow/example_dags/tutorial_taskflow_api.py for tasks to queue
[2024-10-15T16:21:56.468+0000] {logging_mixin.py:190} INFO - [2024-10-15T16:21:56.468+0000] {dagbag.py:588} INFO - Filling up the DagBag from /home/airflow/.local/lib/python3.12/site-packages/airflow/example_dags/tutorial_taskflow_api.py
[2024-10-15T16:21:56.475+0000] {processor.py:925} INFO - DAG(s) 'tutorial_taskflow_api' retrieved from /home/airflow/.local/lib/python3.12/site-packages/airflow/example_dags/tutorial_taskflow_api.py
[2024-10-15T16:21:56.489+0000] {logging_mixin.py:190} INFO - [2024-10-15T16:21:56.489+0000] {dag.py:3239} INFO - Sync 1 DAGs
[2024-10-15T16:21:56.500+0000] {logging_mixin.py:190} INFO - [2024-10-15T16:21:56.500+0000] {dag.py:4180} INFO - Setting next_dagrun for tutorial_taskflow_api to None, run_after=None
[2024-10-15T16:21:56.520+0000] {processor.py:208} INFO - Processing /home/airflow/.local/lib/python3.12/site-packages/airflow/example_dags/tutorial_taskflow_api.py took 0.058 seconds
[2024-10-15T16:22:26.750+0000] {processor.py:186} INFO - Started process (PID=904) to work on /home/airflow/.local/lib/python3.12/site-packages/airflow/example_dags/tutorial_taskflow_api.py
[2024-10-15T16:22:26.750+0000] {processor.py:914} INFO - Processing file /home/airflow/.local/lib/python3.12/site-packages/airflow/example_dags/tutorial_taskflow_api.py for tasks to queue
[2024-10-15T16:22:26.752+0000] {logging_mixin.py:190} INFO - [2024-10-15T16:22:26.752+0000] {dagbag.py:588} INFO - Filling up the DagBag from /home/airflow/.local/lib/python3.12/site-packages/airflow/example_dags/tutorial_taskflow_api.py
[2024-10-15T16:22:26.759+0000] {processor.py:925} INFO - DAG(s) 'tutorial_taskflow_api' retrieved from /home/airflow/.local/lib/python3.12/site-packages/airflow/example_dags/tutorial_taskflow_api.py
[2024-10-15T16:22:26.775+0000] {logging_mixin.py:190} INFO - [2024-10-15T16:22:26.775+0000] {dag.py:3239} INFO - Sync 1 DAGs
[2024-10-15T16:22:26.787+0000] {logging_mixin.py:190} INFO - [2024-10-15T16:22:26.786+0000] {dag.py:4180} INFO - Setting next_dagrun for tutorial_taskflow_api to None, run_after=None
[2024-10-15T16:22:26.804+0000] {processor.py:208} INFO - Processing /home/airflow/.local/lib/python3.12/site-packages/airflow/example_dags/tutorial_taskflow_api.py took 0.059 seconds
[2024-10-15T16:22:57.752+0000] {processor.py:186} INFO - Started process (PID=966) to work on /home/airflow/.local/lib/python3.12/site-packages/airflow/example_dags/tutorial_taskflow_api.py
[2024-10-15T16:22:57.753+0000] {processor.py:914} INFO - Processing file /home/airflow/.local/lib/python3.12/site-packages/airflow/example_dags/tutorial_taskflow_api.py for tasks to queue
[2024-10-15T16:22:57.756+0000] {logging_mixin.py:190} INFO - [2024-10-15T16:22:57.755+0000] {dagbag.py:588} INFO - Filling up the DagBag from /home/airflow/.local/lib/python3.12/site-packages/airflow/example_dags/tutorial_taskflow_api.py
[2024-10-15T16:22:57.764+0000] {processor.py:925} INFO - DAG(s) 'tutorial_taskflow_api' retrieved from /home/airflow/.local/lib/python3.12/site-packages/airflow/example_dags/tutorial_taskflow_api.py
[2024-10-15T16:22:57.781+0000] {logging_mixin.py:190} INFO - [2024-10-15T16:22:57.781+0000] {dag.py:3239} INFO - Sync 1 DAGs
[2024-10-15T16:22:57.791+0000] {logging_mixin.py:190} INFO - [2024-10-15T16:22:57.790+0000] {dag.py:4180} INFO - Setting next_dagrun for tutorial_taskflow_api to None, run_after=None
[2024-10-15T16:22:57.806+0000] {processor.py:208} INFO - Processing /home/airflow/.local/lib/python3.12/site-packages/airflow/example_dags/tutorial_taskflow_api.py took 0.062 seconds
[2024-10-15T16:23:27.996+0000] {processor.py:186} INFO - Started process (PID=1028) to work on /home/airflow/.local/lib/python3.12/site-packages/airflow/example_dags/tutorial_taskflow_api.py
[2024-10-15T16:23:27.997+0000] {processor.py:914} INFO - Processing file /home/airflow/.local/lib/python3.12/site-packages/airflow/example_dags/tutorial_taskflow_api.py for tasks to queue
[2024-10-15T16:23:28.000+0000] {logging_mixin.py:190} INFO - [2024-10-15T16:23:27.999+0000] {dagbag.py:588} INFO - Filling up the DagBag from /home/airflow/.local/lib/python3.12/site-packages/airflow/example_dags/tutorial_taskflow_api.py
[2024-10-15T16:23:28.006+0000] {processor.py:925} INFO - DAG(s) 'tutorial_taskflow_api' retrieved from /home/airflow/.local/lib/python3.12/site-packages/airflow/example_dags/tutorial_taskflow_api.py
[2024-10-15T16:23:28.022+0000] {logging_mixin.py:190} INFO - [2024-10-15T16:23:28.022+0000] {dag.py:3239} INFO - Sync 1 DAGs
[2024-10-15T16:23:28.035+0000] {logging_mixin.py:190} INFO - [2024-10-15T16:23:28.035+0000] {dag.py:4180} INFO - Setting next_dagrun for tutorial_taskflow_api to None, run_after=None
[2024-10-15T16:23:28.049+0000] {processor.py:208} INFO - Processing /home/airflow/.local/lib/python3.12/site-packages/airflow/example_dags/tutorial_taskflow_api.py took 0.058 seconds
[2024-10-15T16:23:58.252+0000] {processor.py:186} INFO - Started process (PID=1090) to work on /home/airflow/.local/lib/python3.12/site-packages/airflow/example_dags/tutorial_taskflow_api.py
[2024-10-15T16:23:58.253+0000] {processor.py:914} INFO - Processing file /home/airflow/.local/lib/python3.12/site-packages/airflow/example_dags/tutorial_taskflow_api.py for tasks to queue
[2024-10-15T16:23:58.254+0000] {logging_mixin.py:190} INFO - [2024-10-15T16:23:58.254+0000] {dagbag.py:588} INFO - Filling up the DagBag from /home/airflow/.local/lib/python3.12/site-packages/airflow/example_dags/tutorial_taskflow_api.py
[2024-10-15T16:23:58.260+0000] {processor.py:925} INFO - DAG(s) 'tutorial_taskflow_api' retrieved from /home/airflow/.local/lib/python3.12/site-packages/airflow/example_dags/tutorial_taskflow_api.py
[2024-10-15T16:23:58.273+0000] {logging_mixin.py:190} INFO - [2024-10-15T16:23:58.272+0000] {dag.py:3239} INFO - Sync 1 DAGs
[2024-10-15T16:23:58.286+0000] {logging_mixin.py:190} INFO - [2024-10-15T16:23:58.286+0000] {dag.py:4180} INFO - Setting next_dagrun for tutorial_taskflow_api to None, run_after=None
[2024-10-15T16:23:58.300+0000] {processor.py:208} INFO - Processing /home/airflow/.local/lib/python3.12/site-packages/airflow/example_dags/tutorial_taskflow_api.py took 0.052 seconds
[2024-10-15T16:24:29.158+0000] {processor.py:186} INFO - Started process (PID=1152) to work on /home/airflow/.local/lib/python3.12/site-packages/airflow/example_dags/tutorial_taskflow_api.py
[2024-10-15T16:24:29.159+0000] {processor.py:914} INFO - Processing file /home/airflow/.local/lib/python3.12/site-packages/airflow/example_dags/tutorial_taskflow_api.py for tasks to queue
[2024-10-15T16:24:29.161+0000] {logging_mixin.py:190} INFO - [2024-10-15T16:24:29.161+0000] {dagbag.py:588} INFO - Filling up the DagBag from /home/airflow/.local/lib/python3.12/site-packages/airflow/example_dags/tutorial_taskflow_api.py
[2024-10-15T16:24:29.168+0000] {processor.py:925} INFO - DAG(s) 'tutorial_taskflow_api' retrieved from /home/airflow/.local/lib/python3.12/site-packages/airflow/example_dags/tutorial_taskflow_api.py
[2024-10-15T16:24:29.181+0000] {logging_mixin.py:190} INFO - [2024-10-15T16:24:29.181+0000] {dag.py:3239} INFO - Sync 1 DAGs
[2024-10-15T16:24:29.193+0000] {logging_mixin.py:190} INFO - [2024-10-15T16:24:29.192+0000] {dag.py:4180} INFO - Setting next_dagrun for tutorial_taskflow_api to None, run_after=None
[2024-10-15T16:24:29.210+0000] {processor.py:208} INFO - Processing /home/airflow/.local/lib/python3.12/site-packages/airflow/example_dags/tutorial_taskflow_api.py took 0.056 seconds
[2024-10-15T16:24:59.996+0000] {processor.py:186} INFO - Started process (PID=1214) to work on /home/airflow/.local/lib/python3.12/site-packages/airflow/example_dags/tutorial_taskflow_api.py
[2024-10-15T16:24:59.997+0000] {processor.py:914} INFO - Processing file /home/airflow/.local/lib/python3.12/site-packages/airflow/example_dags/tutorial_taskflow_api.py for tasks to queue
[2024-10-15T16:24:59.998+0000] {logging_mixin.py:190} INFO - [2024-10-15T16:24:59.998+0000] {dagbag.py:588} INFO - Filling up the DagBag from /home/airflow/.local/lib/python3.12/site-packages/airflow/example_dags/tutorial_taskflow_api.py
[2024-10-15T16:25:00.006+0000] {processor.py:925} INFO - DAG(s) 'tutorial_taskflow_api' retrieved from /home/airflow/.local/lib/python3.12/site-packages/airflow/example_dags/tutorial_taskflow_api.py
[2024-10-15T16:25:00.020+0000] {logging_mixin.py:190} INFO - [2024-10-15T16:25:00.019+0000] {dag.py:3239} INFO - Sync 1 DAGs
[2024-10-15T16:25:00.029+0000] {logging_mixin.py:190} INFO - [2024-10-15T16:25:00.029+0000] {dag.py:4180} INFO - Setting next_dagrun for tutorial_taskflow_api to None, run_after=None
[2024-10-15T16:25:00.049+0000] {processor.py:208} INFO - Processing /home/airflow/.local/lib/python3.12/site-packages/airflow/example_dags/tutorial_taskflow_api.py took 0.057 seconds
[2024-10-15T16:25:30.548+0000] {processor.py:186} INFO - Started process (PID=1276) to work on /home/airflow/.local/lib/python3.12/site-packages/airflow/example_dags/tutorial_taskflow_api.py
[2024-10-15T16:25:30.549+0000] {processor.py:914} INFO - Processing file /home/airflow/.local/lib/python3.12/site-packages/airflow/example_dags/tutorial_taskflow_api.py for tasks to queue
[2024-10-15T16:25:30.550+0000] {logging_mixin.py:190} INFO - [2024-10-15T16:25:30.550+0000] {dagbag.py:588} INFO - Filling up the DagBag from /home/airflow/.local/lib/python3.12/site-packages/airflow/example_dags/tutorial_taskflow_api.py
[2024-10-15T16:25:30.556+0000] {processor.py:925} INFO - DAG(s) 'tutorial_taskflow_api' retrieved from /home/airflow/.local/lib/python3.12/site-packages/airflow/example_dags/tutorial_taskflow_api.py
[2024-10-15T16:25:30.574+0000] {logging_mixin.py:190} INFO - [2024-10-15T16:25:30.573+0000] {dag.py:3239} INFO - Sync 1 DAGs
[2024-10-15T16:25:30.587+0000] {logging_mixin.py:190} INFO - [2024-10-15T16:25:30.586+0000] {dag.py:4180} INFO - Setting next_dagrun for tutorial_taskflow_api to None, run_after=None
[2024-10-15T16:25:30.604+0000] {processor.py:208} INFO - Processing /home/airflow/.local/lib/python3.12/site-packages/airflow/example_dags/tutorial_taskflow_api.py took 0.060 seconds
[2024-10-15T16:26:01.448+0000] {processor.py:186} INFO - Started process (PID=1338) to work on /home/airflow/.local/lib/python3.12/site-packages/airflow/example_dags/tutorial_taskflow_api.py
[2024-10-15T16:26:01.449+0000] {processor.py:914} INFO - Processing file /home/airflow/.local/lib/python3.12/site-packages/airflow/example_dags/tutorial_taskflow_api.py for tasks to queue
[2024-10-15T16:26:01.451+0000] {logging_mixin.py:190} INFO - [2024-10-15T16:26:01.450+0000] {dagbag.py:588} INFO - Filling up the DagBag from /home/airflow/.local/lib/python3.12/site-packages/airflow/example_dags/tutorial_taskflow_api.py
[2024-10-15T16:26:01.456+0000] {processor.py:925} INFO - DAG(s) 'tutorial_taskflow_api' retrieved from /home/airflow/.local/lib/python3.12/site-packages/airflow/example_dags/tutorial_taskflow_api.py
[2024-10-15T16:26:01.470+0000] {logging_mixin.py:190} INFO - [2024-10-15T16:26:01.469+0000] {dag.py:3239} INFO - Sync 1 DAGs
[2024-10-15T16:26:01.481+0000] {logging_mixin.py:190} INFO - [2024-10-15T16:26:01.480+0000] {dag.py:4180} INFO - Setting next_dagrun for tutorial_taskflow_api to None, run_after=None
[2024-10-15T16:26:01.493+0000] {processor.py:208} INFO - Processing /home/airflow/.local/lib/python3.12/site-packages/airflow/example_dags/tutorial_taskflow_api.py took 0.050 seconds
[2024-10-15T16:26:32.229+0000] {processor.py:186} INFO - Started process (PID=1400) to work on /home/airflow/.local/lib/python3.12/site-packages/airflow/example_dags/tutorial_taskflow_api.py
[2024-10-15T16:26:32.230+0000] {processor.py:914} INFO - Processing file /home/airflow/.local/lib/python3.12/site-packages/airflow/example_dags/tutorial_taskflow_api.py for tasks to queue
[2024-10-15T16:26:32.233+0000] {logging_mixin.py:190} INFO - [2024-10-15T16:26:32.232+0000] {dagbag.py:588} INFO - Filling up the DagBag from /home/airflow/.local/lib/python3.12/site-packages/airflow/example_dags/tutorial_taskflow_api.py
[2024-10-15T16:26:32.240+0000] {processor.py:925} INFO - DAG(s) 'tutorial_taskflow_api' retrieved from /home/airflow/.local/lib/python3.12/site-packages/airflow/example_dags/tutorial_taskflow_api.py
[2024-10-15T16:26:32.256+0000] {logging_mixin.py:190} INFO - [2024-10-15T16:26:32.255+0000] {dag.py:3239} INFO - Sync 1 DAGs
[2024-10-15T16:26:32.269+0000] {logging_mixin.py:190} INFO - [2024-10-15T16:26:32.269+0000] {dag.py:4180} INFO - Setting next_dagrun for tutorial_taskflow_api to None, run_after=None
[2024-10-15T16:26:32.289+0000] {processor.py:208} INFO - Processing /home/airflow/.local/lib/python3.12/site-packages/airflow/example_dags/tutorial_taskflow_api.py took 0.064 seconds
[2024-10-15T16:27:03.287+0000] {processor.py:186} INFO - Started process (PID=1462) to work on /home/airflow/.local/lib/python3.12/site-packages/airflow/example_dags/tutorial_taskflow_api.py
[2024-10-15T16:27:03.287+0000] {processor.py:914} INFO - Processing file /home/airflow/.local/lib/python3.12/site-packages/airflow/example_dags/tutorial_taskflow_api.py for tasks to queue
[2024-10-15T16:27:03.289+0000] {logging_mixin.py:190} INFO - [2024-10-15T16:27:03.289+0000] {dagbag.py:588} INFO - Filling up the DagBag from /home/airflow/.local/lib/python3.12/site-packages/airflow/example_dags/tutorial_taskflow_api.py
[2024-10-15T16:27:03.295+0000] {processor.py:925} INFO - DAG(s) 'tutorial_taskflow_api' retrieved from /home/airflow/.local/lib/python3.12/site-packages/airflow/example_dags/tutorial_taskflow_api.py
[2024-10-15T16:27:03.312+0000] {logging_mixin.py:190} INFO - [2024-10-15T16:27:03.312+0000] {dag.py:3239} INFO - Sync 1 DAGs
[2024-10-15T16:27:03.324+0000] {logging_mixin.py:190} INFO - [2024-10-15T16:27:03.323+0000] {dag.py:4180} INFO - Setting next_dagrun for tutorial_taskflow_api to None, run_after=None
[2024-10-15T16:27:03.336+0000] {processor.py:208} INFO - Processing /home/airflow/.local/lib/python3.12/site-packages/airflow/example_dags/tutorial_taskflow_api.py took 0.055 seconds
[2024-10-15T16:27:33.683+0000] {processor.py:186} INFO - Started process (PID=1524) to work on /home/airflow/.local/lib/python3.12/site-packages/airflow/example_dags/tutorial_taskflow_api.py
[2024-10-15T16:27:33.683+0000] {processor.py:914} INFO - Processing file /home/airflow/.local/lib/python3.12/site-packages/airflow/example_dags/tutorial_taskflow_api.py for tasks to queue
[2024-10-15T16:27:33.685+0000] {logging_mixin.py:190} INFO - [2024-10-15T16:27:33.685+0000] {dagbag.py:588} INFO - Filling up the DagBag from /home/airflow/.local/lib/python3.12/site-packages/airflow/example_dags/tutorial_taskflow_api.py
[2024-10-15T16:27:33.691+0000] {processor.py:925} INFO - DAG(s) 'tutorial_taskflow_api' retrieved from /home/airflow/.local/lib/python3.12/site-packages/airflow/example_dags/tutorial_taskflow_api.py
[2024-10-15T16:27:33.706+0000] {logging_mixin.py:190} INFO - [2024-10-15T16:27:33.705+0000] {dag.py:3239} INFO - Sync 1 DAGs
[2024-10-15T16:27:33.724+0000] {logging_mixin.py:190} INFO - [2024-10-15T16:27:33.724+0000] {dag.py:4180} INFO - Setting next_dagrun for tutorial_taskflow_api to None, run_after=None
[2024-10-15T16:27:33.745+0000] {processor.py:208} INFO - Processing /home/airflow/.local/lib/python3.12/site-packages/airflow/example_dags/tutorial_taskflow_api.py took 0.067 seconds
[2024-10-15T16:28:04.215+0000] {processor.py:186} INFO - Started process (PID=1586) to work on /home/airflow/.local/lib/python3.12/site-packages/airflow/example_dags/tutorial_taskflow_api.py
[2024-10-15T16:28:04.216+0000] {processor.py:914} INFO - Processing file /home/airflow/.local/lib/python3.12/site-packages/airflow/example_dags/tutorial_taskflow_api.py for tasks to queue
[2024-10-15T16:28:04.218+0000] {logging_mixin.py:190} INFO - [2024-10-15T16:28:04.217+0000] {dagbag.py:588} INFO - Filling up the DagBag from /home/airflow/.local/lib/python3.12/site-packages/airflow/example_dags/tutorial_taskflow_api.py
[2024-10-15T16:28:04.224+0000] {processor.py:925} INFO - DAG(s) 'tutorial_taskflow_api' retrieved from /home/airflow/.local/lib/python3.12/site-packages/airflow/example_dags/tutorial_taskflow_api.py
[2024-10-15T16:28:04.240+0000] {logging_mixin.py:190} INFO - [2024-10-15T16:28:04.240+0000] {dag.py:3239} INFO - Sync 1 DAGs
[2024-10-15T16:28:04.253+0000] {logging_mixin.py:190} INFO - [2024-10-15T16:28:04.253+0000] {dag.py:4180} INFO - Setting next_dagrun for tutorial_taskflow_api to None, run_after=None
[2024-10-15T16:28:04.393+0000] {processor.py:208} INFO - Processing /home/airflow/.local/lib/python3.12/site-packages/airflow/example_dags/tutorial_taskflow_api.py took 0.183 seconds
[2024-10-15T16:28:34.595+0000] {processor.py:186} INFO - Started process (PID=1648) to work on /home/airflow/.local/lib/python3.12/site-packages/airflow/example_dags/tutorial_taskflow_api.py
[2024-10-15T16:28:34.596+0000] {processor.py:914} INFO - Processing file /home/airflow/.local/lib/python3.12/site-packages/airflow/example_dags/tutorial_taskflow_api.py for tasks to queue
[2024-10-15T16:28:34.598+0000] {logging_mixin.py:190} INFO - [2024-10-15T16:28:34.598+0000] {dagbag.py:588} INFO - Filling up the DagBag from /home/airflow/.local/lib/python3.12/site-packages/airflow/example_dags/tutorial_taskflow_api.py
[2024-10-15T16:28:34.605+0000] {processor.py:925} INFO - DAG(s) 'tutorial_taskflow_api' retrieved from /home/airflow/.local/lib/python3.12/site-packages/airflow/example_dags/tutorial_taskflow_api.py
[2024-10-15T16:28:34.619+0000] {logging_mixin.py:190} INFO - [2024-10-15T16:28:34.618+0000] {dag.py:3239} INFO - Sync 1 DAGs
[2024-10-15T16:28:34.628+0000] {logging_mixin.py:190} INFO - [2024-10-15T16:28:34.628+0000] {dag.py:4180} INFO - Setting next_dagrun for tutorial_taskflow_api to None, run_after=None
[2024-10-15T16:28:34.724+0000] {processor.py:208} INFO - Processing /home/airflow/.local/lib/python3.12/site-packages/airflow/example_dags/tutorial_taskflow_api.py took 0.133 seconds
[2024-10-15T16:29:05.461+0000] {processor.py:186} INFO - Started process (PID=1710) to work on /home/airflow/.local/lib/python3.12/site-packages/airflow/example_dags/tutorial_taskflow_api.py
[2024-10-15T16:29:05.462+0000] {processor.py:914} INFO - Processing file /home/airflow/.local/lib/python3.12/site-packages/airflow/example_dags/tutorial_taskflow_api.py for tasks to queue
[2024-10-15T16:29:05.464+0000] {logging_mixin.py:190} INFO - [2024-10-15T16:29:05.463+0000] {dagbag.py:588} INFO - Filling up the DagBag from /home/airflow/.local/lib/python3.12/site-packages/airflow/example_dags/tutorial_taskflow_api.py
[2024-10-15T16:29:05.469+0000] {processor.py:925} INFO - DAG(s) 'tutorial_taskflow_api' retrieved from /home/airflow/.local/lib/python3.12/site-packages/airflow/example_dags/tutorial_taskflow_api.py
[2024-10-15T16:29:05.484+0000] {logging_mixin.py:190} INFO - [2024-10-15T16:29:05.483+0000] {dag.py:3239} INFO - Sync 1 DAGs
[2024-10-15T16:29:05.494+0000] {logging_mixin.py:190} INFO - [2024-10-15T16:29:05.494+0000] {dag.py:4180} INFO - Setting next_dagrun for tutorial_taskflow_api to None, run_after=None
[2024-10-15T16:29:05.509+0000] {processor.py:208} INFO - Processing /home/airflow/.local/lib/python3.12/site-packages/airflow/example_dags/tutorial_taskflow_api.py took 0.052 seconds
[2024-10-15T16:29:35.618+0000] {processor.py:186} INFO - Started process (PID=1771) to work on /home/airflow/.local/lib/python3.12/site-packages/airflow/example_dags/tutorial_taskflow_api.py
[2024-10-15T16:29:35.619+0000] {processor.py:914} INFO - Processing file /home/airflow/.local/lib/python3.12/site-packages/airflow/example_dags/tutorial_taskflow_api.py for tasks to queue
[2024-10-15T16:29:35.621+0000] {logging_mixin.py:190} INFO - [2024-10-15T16:29:35.620+0000] {dagbag.py:588} INFO - Filling up the DagBag from /home/airflow/.local/lib/python3.12/site-packages/airflow/example_dags/tutorial_taskflow_api.py
[2024-10-15T16:29:35.626+0000] {processor.py:925} INFO - DAG(s) 'tutorial_taskflow_api' retrieved from /home/airflow/.local/lib/python3.12/site-packages/airflow/example_dags/tutorial_taskflow_api.py
[2024-10-15T16:29:35.642+0000] {logging_mixin.py:190} INFO - [2024-10-15T16:29:35.642+0000] {dag.py:3239} INFO - Sync 1 DAGs
[2024-10-15T16:29:35.654+0000] {logging_mixin.py:190} INFO - [2024-10-15T16:29:35.654+0000] {dag.py:4180} INFO - Setting next_dagrun for tutorial_taskflow_api to None, run_after=None
[2024-10-15T16:29:35.670+0000] {processor.py:208} INFO - Processing /home/airflow/.local/lib/python3.12/site-packages/airflow/example_dags/tutorial_taskflow_api.py took 0.056 seconds
