[2024-10-15T16:15:43.837+0000] {processor.py:186} INFO - Started process (PID=68) to work on /home/airflow/.local/lib/python3.12/site-packages/airflow/example_dags/tutorial.py
[2024-10-15T16:15:43.838+0000] {processor.py:914} INFO - Processing file /home/airflow/.local/lib/python3.12/site-packages/airflow/example_dags/tutorial.py for tasks to queue
[2024-10-15T16:15:43.840+0000] {logging_mixin.py:190} INFO - [2024-10-15T16:15:43.840+0000] {dagbag.py:588} INFO - Filling up the DagBag from /home/airflow/.local/lib/python3.12/site-packages/airflow/example_dags/tutorial.py
[2024-10-15T16:15:43.846+0000] {processor.py:925} INFO - DAG(s) 'tutorial' retrieved from /home/airflow/.local/lib/python3.12/site-packages/airflow/example_dags/tutorial.py
[2024-10-15T16:15:43.927+0000] {logging_mixin.py:190} INFO - [2024-10-15T16:15:43.926+0000] {override.py:1900} INFO - Created Permission View: can read on DAG:tutorial
[2024-10-15T16:15:43.934+0000] {logging_mixin.py:190} INFO - [2024-10-15T16:15:43.934+0000] {override.py:1900} INFO - Created Permission View: can delete on DAG:tutorial
[2024-10-15T16:15:43.940+0000] {logging_mixin.py:190} INFO - [2024-10-15T16:15:43.939+0000] {override.py:1900} INFO - Created Permission View: can edit on DAG:tutorial
[2024-10-15T16:15:43.945+0000] {logging_mixin.py:190} INFO - [2024-10-15T16:15:43.945+0000] {override.py:1900} INFO - Created Permission View: can read on DAG Run:tutorial
[2024-10-15T16:15:43.952+0000] {logging_mixin.py:190} INFO - [2024-10-15T16:15:43.951+0000] {override.py:1900} INFO - Created Permission View: can create on DAG Run:tutorial
[2024-10-15T16:15:43.957+0000] {logging_mixin.py:190} INFO - [2024-10-15T16:15:43.956+0000] {override.py:1900} INFO - Created Permission View: menu access on DAG Run:tutorial
[2024-10-15T16:15:43.961+0000] {logging_mixin.py:190} INFO - [2024-10-15T16:15:43.961+0000] {override.py:1900} INFO - Created Permission View: can delete on DAG Run:tutorial
[2024-10-15T16:15:43.962+0000] {logging_mixin.py:190} INFO - [2024-10-15T16:15:43.962+0000] {dag.py:3239} INFO - Sync 1 DAGs
[2024-10-15T16:15:43.971+0000] {logging_mixin.py:190} INFO - [2024-10-15T16:15:43.971+0000] {dag.py:3262} INFO - Creating ORM DAG for tutorial
[2024-10-15T16:15:43.979+0000] {logging_mixin.py:190} INFO - [2024-10-15T16:15:43.979+0000] {dag.py:4180} INFO - Setting next_dagrun for tutorial to 2024-10-14 00:00:00+00:00, run_after=2024-10-15 00:00:00+00:00
[2024-10-15T16:15:43.994+0000] {processor.py:208} INFO - Processing /home/airflow/.local/lib/python3.12/site-packages/airflow/example_dags/tutorial.py took 0.161 seconds
[2024-10-15T16:16:14.688+0000] {processor.py:186} INFO - Started process (PID=130) to work on /home/airflow/.local/lib/python3.12/site-packages/airflow/example_dags/tutorial.py
[2024-10-15T16:16:14.688+0000] {processor.py:914} INFO - Processing file /home/airflow/.local/lib/python3.12/site-packages/airflow/example_dags/tutorial.py for tasks to queue
[2024-10-15T16:16:14.690+0000] {logging_mixin.py:190} INFO - [2024-10-15T16:16:14.690+0000] {dagbag.py:588} INFO - Filling up the DagBag from /home/airflow/.local/lib/python3.12/site-packages/airflow/example_dags/tutorial.py
[2024-10-15T16:16:14.695+0000] {processor.py:925} INFO - DAG(s) 'tutorial' retrieved from /home/airflow/.local/lib/python3.12/site-packages/airflow/example_dags/tutorial.py
[2024-10-15T16:16:14.707+0000] {logging_mixin.py:190} INFO - [2024-10-15T16:16:14.707+0000] {dag.py:3239} INFO - Sync 1 DAGs
[2024-10-15T16:16:14.722+0000] {logging_mixin.py:190} INFO - [2024-10-15T16:16:14.722+0000] {dag.py:4180} INFO - Setting next_dagrun for tutorial to 2024-10-14 00:00:00+00:00, run_after=2024-10-15 00:00:00+00:00
[2024-10-15T16:16:14.738+0000] {processor.py:208} INFO - Processing /home/airflow/.local/lib/python3.12/site-packages/airflow/example_dags/tutorial.py took 0.054 seconds
[2024-10-15T16:16:45.631+0000] {processor.py:186} INFO - Started process (PID=192) to work on /home/airflow/.local/lib/python3.12/site-packages/airflow/example_dags/tutorial.py
[2024-10-15T16:16:45.631+0000] {processor.py:914} INFO - Processing file /home/airflow/.local/lib/python3.12/site-packages/airflow/example_dags/tutorial.py for tasks to queue
[2024-10-15T16:16:45.633+0000] {logging_mixin.py:190} INFO - [2024-10-15T16:16:45.633+0000] {dagbag.py:588} INFO - Filling up the DagBag from /home/airflow/.local/lib/python3.12/site-packages/airflow/example_dags/tutorial.py
[2024-10-15T16:16:45.639+0000] {processor.py:925} INFO - DAG(s) 'tutorial' retrieved from /home/airflow/.local/lib/python3.12/site-packages/airflow/example_dags/tutorial.py
[2024-10-15T16:16:45.656+0000] {logging_mixin.py:190} INFO - [2024-10-15T16:16:45.656+0000] {dag.py:3239} INFO - Sync 1 DAGs
[2024-10-15T16:16:45.678+0000] {logging_mixin.py:190} INFO - [2024-10-15T16:16:45.678+0000] {dag.py:4180} INFO - Setting next_dagrun for tutorial to 2024-10-14 00:00:00+00:00, run_after=2024-10-15 00:00:00+00:00
[2024-10-15T16:16:45.699+0000] {processor.py:208} INFO - Processing /home/airflow/.local/lib/python3.12/site-packages/airflow/example_dags/tutorial.py took 0.072 seconds
[2024-10-15T16:17:16.305+0000] {processor.py:186} INFO - Started process (PID=260) to work on /home/airflow/.local/lib/python3.12/site-packages/airflow/example_dags/tutorial.py
[2024-10-15T16:17:16.306+0000] {processor.py:914} INFO - Processing file /home/airflow/.local/lib/python3.12/site-packages/airflow/example_dags/tutorial.py for tasks to queue
[2024-10-15T16:17:16.308+0000] {logging_mixin.py:190} INFO - [2024-10-15T16:17:16.308+0000] {dagbag.py:588} INFO - Filling up the DagBag from /home/airflow/.local/lib/python3.12/site-packages/airflow/example_dags/tutorial.py
[2024-10-15T16:17:16.313+0000] {processor.py:925} INFO - DAG(s) 'tutorial' retrieved from /home/airflow/.local/lib/python3.12/site-packages/airflow/example_dags/tutorial.py
[2024-10-15T16:17:16.326+0000] {logging_mixin.py:190} INFO - [2024-10-15T16:17:16.326+0000] {dag.py:3239} INFO - Sync 1 DAGs
[2024-10-15T16:17:16.341+0000] {logging_mixin.py:190} INFO - [2024-10-15T16:17:16.341+0000] {dag.py:4180} INFO - Setting next_dagrun for tutorial to 2024-10-14 00:00:00+00:00, run_after=2024-10-15 00:00:00+00:00
[2024-10-15T16:17:16.357+0000] {processor.py:208} INFO - Processing /home/airflow/.local/lib/python3.12/site-packages/airflow/example_dags/tutorial.py took 0.056 seconds
[2024-10-15T16:17:47.187+0000] {processor.py:186} INFO - Started process (PID=322) to work on /home/airflow/.local/lib/python3.12/site-packages/airflow/example_dags/tutorial.py
[2024-10-15T16:17:47.187+0000] {processor.py:914} INFO - Processing file /home/airflow/.local/lib/python3.12/site-packages/airflow/example_dags/tutorial.py for tasks to queue
[2024-10-15T16:17:47.189+0000] {logging_mixin.py:190} INFO - [2024-10-15T16:17:47.188+0000] {dagbag.py:588} INFO - Filling up the DagBag from /home/airflow/.local/lib/python3.12/site-packages/airflow/example_dags/tutorial.py
[2024-10-15T16:17:47.194+0000] {processor.py:925} INFO - DAG(s) 'tutorial' retrieved from /home/airflow/.local/lib/python3.12/site-packages/airflow/example_dags/tutorial.py
[2024-10-15T16:17:47.207+0000] {logging_mixin.py:190} INFO - [2024-10-15T16:17:47.207+0000] {dag.py:3239} INFO - Sync 1 DAGs
[2024-10-15T16:17:47.223+0000] {logging_mixin.py:190} INFO - [2024-10-15T16:17:47.223+0000] {dag.py:4180} INFO - Setting next_dagrun for tutorial to 2024-10-14 00:00:00+00:00, run_after=2024-10-15 00:00:00+00:00
[2024-10-15T16:17:47.244+0000] {processor.py:208} INFO - Processing /home/airflow/.local/lib/python3.12/site-packages/airflow/example_dags/tutorial.py took 0.061 seconds
[2024-10-15T16:18:18.051+0000] {processor.py:186} INFO - Started process (PID=384) to work on /home/airflow/.local/lib/python3.12/site-packages/airflow/example_dags/tutorial.py
[2024-10-15T16:18:18.051+0000] {processor.py:914} INFO - Processing file /home/airflow/.local/lib/python3.12/site-packages/airflow/example_dags/tutorial.py for tasks to queue
[2024-10-15T16:18:18.053+0000] {logging_mixin.py:190} INFO - [2024-10-15T16:18:18.053+0000] {dagbag.py:588} INFO - Filling up the DagBag from /home/airflow/.local/lib/python3.12/site-packages/airflow/example_dags/tutorial.py
[2024-10-15T16:18:18.060+0000] {processor.py:925} INFO - DAG(s) 'tutorial' retrieved from /home/airflow/.local/lib/python3.12/site-packages/airflow/example_dags/tutorial.py
[2024-10-15T16:18:18.077+0000] {logging_mixin.py:190} INFO - [2024-10-15T16:18:18.077+0000] {dag.py:3239} INFO - Sync 1 DAGs
[2024-10-15T16:18:18.095+0000] {logging_mixin.py:190} INFO - [2024-10-15T16:18:18.095+0000] {dag.py:4180} INFO - Setting next_dagrun for tutorial to 2024-10-14 00:00:00+00:00, run_after=2024-10-15 00:00:00+00:00
[2024-10-15T16:18:18.110+0000] {processor.py:208} INFO - Processing /home/airflow/.local/lib/python3.12/site-packages/airflow/example_dags/tutorial.py took 0.063 seconds
[2024-10-15T16:18:48.275+0000] {processor.py:186} INFO - Started process (PID=446) to work on /home/airflow/.local/lib/python3.12/site-packages/airflow/example_dags/tutorial.py
[2024-10-15T16:18:48.276+0000] {processor.py:914} INFO - Processing file /home/airflow/.local/lib/python3.12/site-packages/airflow/example_dags/tutorial.py for tasks to queue
[2024-10-15T16:18:48.278+0000] {logging_mixin.py:190} INFO - [2024-10-15T16:18:48.277+0000] {dagbag.py:588} INFO - Filling up the DagBag from /home/airflow/.local/lib/python3.12/site-packages/airflow/example_dags/tutorial.py
[2024-10-15T16:18:48.283+0000] {processor.py:925} INFO - DAG(s) 'tutorial' retrieved from /home/airflow/.local/lib/python3.12/site-packages/airflow/example_dags/tutorial.py
[2024-10-15T16:18:48.296+0000] {logging_mixin.py:190} INFO - [2024-10-15T16:18:48.296+0000] {dag.py:3239} INFO - Sync 1 DAGs
[2024-10-15T16:18:48.317+0000] {logging_mixin.py:190} INFO - [2024-10-15T16:18:48.317+0000] {dag.py:4180} INFO - Setting next_dagrun for tutorial to 2024-10-14 00:00:00+00:00, run_after=2024-10-15 00:00:00+00:00
[2024-10-15T16:18:48.334+0000] {processor.py:208} INFO - Processing /home/airflow/.local/lib/python3.12/site-packages/airflow/example_dags/tutorial.py took 0.063 seconds
[2024-10-15T16:19:19.242+0000] {processor.py:186} INFO - Started process (PID=508) to work on /home/airflow/.local/lib/python3.12/site-packages/airflow/example_dags/tutorial.py
[2024-10-15T16:19:19.243+0000] {processor.py:914} INFO - Processing file /home/airflow/.local/lib/python3.12/site-packages/airflow/example_dags/tutorial.py for tasks to queue
[2024-10-15T16:19:19.245+0000] {logging_mixin.py:190} INFO - [2024-10-15T16:19:19.244+0000] {dagbag.py:588} INFO - Filling up the DagBag from /home/airflow/.local/lib/python3.12/site-packages/airflow/example_dags/tutorial.py
[2024-10-15T16:19:19.250+0000] {processor.py:925} INFO - DAG(s) 'tutorial' retrieved from /home/airflow/.local/lib/python3.12/site-packages/airflow/example_dags/tutorial.py
[2024-10-15T16:19:19.263+0000] {logging_mixin.py:190} INFO - [2024-10-15T16:19:19.263+0000] {dag.py:3239} INFO - Sync 1 DAGs
[2024-10-15T16:19:19.281+0000] {logging_mixin.py:190} INFO - [2024-10-15T16:19:19.280+0000] {dag.py:4180} INFO - Setting next_dagrun for tutorial to 2024-10-14 00:00:00+00:00, run_after=2024-10-15 00:00:00+00:00
[2024-10-15T16:19:19.298+0000] {processor.py:208} INFO - Processing /home/airflow/.local/lib/python3.12/site-packages/airflow/example_dags/tutorial.py took 0.060 seconds
[2024-10-15T16:19:50.286+0000] {processor.py:186} INFO - Started process (PID=570) to work on /home/airflow/.local/lib/python3.12/site-packages/airflow/example_dags/tutorial.py
[2024-10-15T16:19:50.286+0000] {processor.py:914} INFO - Processing file /home/airflow/.local/lib/python3.12/site-packages/airflow/example_dags/tutorial.py for tasks to queue
[2024-10-15T16:19:50.288+0000] {logging_mixin.py:190} INFO - [2024-10-15T16:19:50.288+0000] {dagbag.py:588} INFO - Filling up the DagBag from /home/airflow/.local/lib/python3.12/site-packages/airflow/example_dags/tutorial.py
[2024-10-15T16:19:50.296+0000] {processor.py:925} INFO - DAG(s) 'tutorial' retrieved from /home/airflow/.local/lib/python3.12/site-packages/airflow/example_dags/tutorial.py
[2024-10-15T16:19:50.313+0000] {logging_mixin.py:190} INFO - [2024-10-15T16:19:50.312+0000] {dag.py:3239} INFO - Sync 1 DAGs
[2024-10-15T16:19:50.333+0000] {logging_mixin.py:190} INFO - [2024-10-15T16:19:50.333+0000] {dag.py:4180} INFO - Setting next_dagrun for tutorial to 2024-10-14 00:00:00+00:00, run_after=2024-10-15 00:00:00+00:00
[2024-10-15T16:19:50.347+0000] {processor.py:208} INFO - Processing /home/airflow/.local/lib/python3.12/site-packages/airflow/example_dags/tutorial.py took 0.066 seconds
[2024-10-15T16:20:21.360+0000] {processor.py:186} INFO - Started process (PID=632) to work on /home/airflow/.local/lib/python3.12/site-packages/airflow/example_dags/tutorial.py
[2024-10-15T16:20:21.361+0000] {processor.py:914} INFO - Processing file /home/airflow/.local/lib/python3.12/site-packages/airflow/example_dags/tutorial.py for tasks to queue
[2024-10-15T16:20:21.362+0000] {logging_mixin.py:190} INFO - [2024-10-15T16:20:21.362+0000] {dagbag.py:588} INFO - Filling up the DagBag from /home/airflow/.local/lib/python3.12/site-packages/airflow/example_dags/tutorial.py
[2024-10-15T16:20:21.369+0000] {processor.py:925} INFO - DAG(s) 'tutorial' retrieved from /home/airflow/.local/lib/python3.12/site-packages/airflow/example_dags/tutorial.py
[2024-10-15T16:20:21.384+0000] {logging_mixin.py:190} INFO - [2024-10-15T16:20:21.384+0000] {dag.py:3239} INFO - Sync 1 DAGs
[2024-10-15T16:20:21.404+0000] {logging_mixin.py:190} INFO - [2024-10-15T16:20:21.404+0000] {dag.py:4180} INFO - Setting next_dagrun for tutorial to 2024-10-14 00:00:00+00:00, run_after=2024-10-15 00:00:00+00:00
[2024-10-15T16:20:21.419+0000] {processor.py:208} INFO - Processing /home/airflow/.local/lib/python3.12/site-packages/airflow/example_dags/tutorial.py took 0.064 seconds
[2024-10-15T16:20:52.371+0000] {processor.py:186} INFO - Started process (PID=694) to work on /home/airflow/.local/lib/python3.12/site-packages/airflow/example_dags/tutorial.py
[2024-10-15T16:20:52.372+0000] {processor.py:914} INFO - Processing file /home/airflow/.local/lib/python3.12/site-packages/airflow/example_dags/tutorial.py for tasks to queue
[2024-10-15T16:20:52.374+0000] {logging_mixin.py:190} INFO - [2024-10-15T16:20:52.374+0000] {dagbag.py:588} INFO - Filling up the DagBag from /home/airflow/.local/lib/python3.12/site-packages/airflow/example_dags/tutorial.py
[2024-10-15T16:20:52.380+0000] {processor.py:925} INFO - DAG(s) 'tutorial' retrieved from /home/airflow/.local/lib/python3.12/site-packages/airflow/example_dags/tutorial.py
[2024-10-15T16:20:52.395+0000] {logging_mixin.py:190} INFO - [2024-10-15T16:20:52.395+0000] {dag.py:3239} INFO - Sync 1 DAGs
[2024-10-15T16:20:52.412+0000] {logging_mixin.py:190} INFO - [2024-10-15T16:20:52.412+0000] {dag.py:4180} INFO - Setting next_dagrun for tutorial to 2024-10-14 00:00:00+00:00, run_after=2024-10-15 00:00:00+00:00
[2024-10-15T16:20:52.425+0000] {processor.py:208} INFO - Processing /home/airflow/.local/lib/python3.12/site-packages/airflow/example_dags/tutorial.py took 0.059 seconds
[2024-10-15T16:21:23.218+0000] {processor.py:186} INFO - Started process (PID=756) to work on /home/airflow/.local/lib/python3.12/site-packages/airflow/example_dags/tutorial.py
[2024-10-15T16:21:23.219+0000] {processor.py:914} INFO - Processing file /home/airflow/.local/lib/python3.12/site-packages/airflow/example_dags/tutorial.py for tasks to queue
[2024-10-15T16:21:23.221+0000] {logging_mixin.py:190} INFO - [2024-10-15T16:21:23.221+0000] {dagbag.py:588} INFO - Filling up the DagBag from /home/airflow/.local/lib/python3.12/site-packages/airflow/example_dags/tutorial.py
[2024-10-15T16:21:23.226+0000] {processor.py:925} INFO - DAG(s) 'tutorial' retrieved from /home/airflow/.local/lib/python3.12/site-packages/airflow/example_dags/tutorial.py
[2024-10-15T16:21:23.241+0000] {logging_mixin.py:190} INFO - [2024-10-15T16:21:23.241+0000] {dag.py:3239} INFO - Sync 1 DAGs
[2024-10-15T16:21:23.260+0000] {logging_mixin.py:190} INFO - [2024-10-15T16:21:23.260+0000] {dag.py:4180} INFO - Setting next_dagrun for tutorial to 2024-10-14 00:00:00+00:00, run_after=2024-10-15 00:00:00+00:00
[2024-10-15T16:21:23.275+0000] {processor.py:208} INFO - Processing /home/airflow/.local/lib/python3.12/site-packages/airflow/example_dags/tutorial.py took 0.064 seconds
[2024-10-15T16:21:54.181+0000] {processor.py:186} INFO - Started process (PID=818) to work on /home/airflow/.local/lib/python3.12/site-packages/airflow/example_dags/tutorial.py
[2024-10-15T16:21:54.181+0000] {processor.py:914} INFO - Processing file /home/airflow/.local/lib/python3.12/site-packages/airflow/example_dags/tutorial.py for tasks to queue
[2024-10-15T16:21:54.197+0000] {logging_mixin.py:190} INFO - [2024-10-15T16:21:54.197+0000] {dagbag.py:588} INFO - Filling up the DagBag from /home/airflow/.local/lib/python3.12/site-packages/airflow/example_dags/tutorial.py
[2024-10-15T16:21:54.204+0000] {processor.py:925} INFO - DAG(s) 'tutorial' retrieved from /home/airflow/.local/lib/python3.12/site-packages/airflow/example_dags/tutorial.py
[2024-10-15T16:21:54.220+0000] {logging_mixin.py:190} INFO - [2024-10-15T16:21:54.219+0000] {dag.py:3239} INFO - Sync 1 DAGs
[2024-10-15T16:21:54.241+0000] {logging_mixin.py:190} INFO - [2024-10-15T16:21:54.240+0000] {dag.py:4180} INFO - Setting next_dagrun for tutorial to 2024-10-14 00:00:00+00:00, run_after=2024-10-15 00:00:00+00:00
[2024-10-15T16:21:54.257+0000] {processor.py:208} INFO - Processing /home/airflow/.local/lib/python3.12/site-packages/airflow/example_dags/tutorial.py took 0.081 seconds
[2024-10-15T16:22:24.531+0000] {processor.py:186} INFO - Started process (PID=880) to work on /home/airflow/.local/lib/python3.12/site-packages/airflow/example_dags/tutorial.py
[2024-10-15T16:22:24.532+0000] {processor.py:914} INFO - Processing file /home/airflow/.local/lib/python3.12/site-packages/airflow/example_dags/tutorial.py for tasks to queue
[2024-10-15T16:22:24.533+0000] {logging_mixin.py:190} INFO - [2024-10-15T16:22:24.533+0000] {dagbag.py:588} INFO - Filling up the DagBag from /home/airflow/.local/lib/python3.12/site-packages/airflow/example_dags/tutorial.py
[2024-10-15T16:22:24.539+0000] {processor.py:925} INFO - DAG(s) 'tutorial' retrieved from /home/airflow/.local/lib/python3.12/site-packages/airflow/example_dags/tutorial.py
[2024-10-15T16:22:24.555+0000] {logging_mixin.py:190} INFO - [2024-10-15T16:22:24.554+0000] {dag.py:3239} INFO - Sync 1 DAGs
[2024-10-15T16:22:24.574+0000] {logging_mixin.py:190} INFO - [2024-10-15T16:22:24.574+0000] {dag.py:4180} INFO - Setting next_dagrun for tutorial to 2024-10-14 00:00:00+00:00, run_after=2024-10-15 00:00:00+00:00
[2024-10-15T16:22:24.588+0000] {processor.py:208} INFO - Processing /home/airflow/.local/lib/python3.12/site-packages/airflow/example_dags/tutorial.py took 0.062 seconds
[2024-10-15T16:22:55.532+0000] {processor.py:186} INFO - Started process (PID=942) to work on /home/airflow/.local/lib/python3.12/site-packages/airflow/example_dags/tutorial.py
[2024-10-15T16:22:55.533+0000] {processor.py:914} INFO - Processing file /home/airflow/.local/lib/python3.12/site-packages/airflow/example_dags/tutorial.py for tasks to queue
[2024-10-15T16:22:55.535+0000] {logging_mixin.py:190} INFO - [2024-10-15T16:22:55.535+0000] {dagbag.py:588} INFO - Filling up the DagBag from /home/airflow/.local/lib/python3.12/site-packages/airflow/example_dags/tutorial.py
[2024-10-15T16:22:55.542+0000] {processor.py:925} INFO - DAG(s) 'tutorial' retrieved from /home/airflow/.local/lib/python3.12/site-packages/airflow/example_dags/tutorial.py
[2024-10-15T16:22:55.556+0000] {logging_mixin.py:190} INFO - [2024-10-15T16:22:55.556+0000] {dag.py:3239} INFO - Sync 1 DAGs
[2024-10-15T16:22:55.578+0000] {logging_mixin.py:190} INFO - [2024-10-15T16:22:55.578+0000] {dag.py:4180} INFO - Setting next_dagrun for tutorial to 2024-10-14 00:00:00+00:00, run_after=2024-10-15 00:00:00+00:00
[2024-10-15T16:22:55.595+0000] {processor.py:208} INFO - Processing /home/airflow/.local/lib/python3.12/site-packages/airflow/example_dags/tutorial.py took 0.068 seconds
[2024-10-15T16:23:26.423+0000] {processor.py:186} INFO - Started process (PID=1004) to work on /home/airflow/.local/lib/python3.12/site-packages/airflow/example_dags/tutorial.py
[2024-10-15T16:23:26.424+0000] {processor.py:914} INFO - Processing file /home/airflow/.local/lib/python3.12/site-packages/airflow/example_dags/tutorial.py for tasks to queue
[2024-10-15T16:23:26.426+0000] {logging_mixin.py:190} INFO - [2024-10-15T16:23:26.425+0000] {dagbag.py:588} INFO - Filling up the DagBag from /home/airflow/.local/lib/python3.12/site-packages/airflow/example_dags/tutorial.py
[2024-10-15T16:23:26.431+0000] {processor.py:925} INFO - DAG(s) 'tutorial' retrieved from /home/airflow/.local/lib/python3.12/site-packages/airflow/example_dags/tutorial.py
[2024-10-15T16:23:26.450+0000] {logging_mixin.py:190} INFO - [2024-10-15T16:23:26.450+0000] {dag.py:3239} INFO - Sync 1 DAGs
[2024-10-15T16:23:26.472+0000] {logging_mixin.py:190} INFO - [2024-10-15T16:23:26.472+0000] {dag.py:4180} INFO - Setting next_dagrun for tutorial to 2024-10-14 00:00:00+00:00, run_after=2024-10-15 00:00:00+00:00
[2024-10-15T16:23:26.488+0000] {processor.py:208} INFO - Processing /home/airflow/.local/lib/python3.12/site-packages/airflow/example_dags/tutorial.py took 0.070 seconds
[2024-10-15T16:23:56.736+0000] {processor.py:186} INFO - Started process (PID=1066) to work on /home/airflow/.local/lib/python3.12/site-packages/airflow/example_dags/tutorial.py
[2024-10-15T16:23:56.737+0000] {processor.py:914} INFO - Processing file /home/airflow/.local/lib/python3.12/site-packages/airflow/example_dags/tutorial.py for tasks to queue
[2024-10-15T16:23:56.739+0000] {logging_mixin.py:190} INFO - [2024-10-15T16:23:56.739+0000] {dagbag.py:588} INFO - Filling up the DagBag from /home/airflow/.local/lib/python3.12/site-packages/airflow/example_dags/tutorial.py
[2024-10-15T16:23:56.747+0000] {processor.py:925} INFO - DAG(s) 'tutorial' retrieved from /home/airflow/.local/lib/python3.12/site-packages/airflow/example_dags/tutorial.py
[2024-10-15T16:23:56.767+0000] {logging_mixin.py:190} INFO - [2024-10-15T16:23:56.766+0000] {dag.py:3239} INFO - Sync 1 DAGs
[2024-10-15T16:23:56.793+0000] {logging_mixin.py:190} INFO - [2024-10-15T16:23:56.793+0000] {dag.py:4180} INFO - Setting next_dagrun for tutorial to 2024-10-14 00:00:00+00:00, run_after=2024-10-15 00:00:00+00:00
[2024-10-15T16:23:56.818+0000] {processor.py:208} INFO - Processing /home/airflow/.local/lib/python3.12/site-packages/airflow/example_dags/tutorial.py took 0.086 seconds
[2024-10-15T16:24:27.054+0000] {processor.py:186} INFO - Started process (PID=1128) to work on /home/airflow/.local/lib/python3.12/site-packages/airflow/example_dags/tutorial.py
[2024-10-15T16:24:27.055+0000] {processor.py:914} INFO - Processing file /home/airflow/.local/lib/python3.12/site-packages/airflow/example_dags/tutorial.py for tasks to queue
[2024-10-15T16:24:27.057+0000] {logging_mixin.py:190} INFO - [2024-10-15T16:24:27.057+0000] {dagbag.py:588} INFO - Filling up the DagBag from /home/airflow/.local/lib/python3.12/site-packages/airflow/example_dags/tutorial.py
[2024-10-15T16:24:27.063+0000] {processor.py:925} INFO - DAG(s) 'tutorial' retrieved from /home/airflow/.local/lib/python3.12/site-packages/airflow/example_dags/tutorial.py
[2024-10-15T16:24:27.077+0000] {logging_mixin.py:190} INFO - [2024-10-15T16:24:27.077+0000] {dag.py:3239} INFO - Sync 1 DAGs
[2024-10-15T16:24:27.097+0000] {logging_mixin.py:190} INFO - [2024-10-15T16:24:27.096+0000] {dag.py:4180} INFO - Setting next_dagrun for tutorial to 2024-10-14 00:00:00+00:00, run_after=2024-10-15 00:00:00+00:00
[2024-10-15T16:24:27.110+0000] {processor.py:208} INFO - Processing /home/airflow/.local/lib/python3.12/site-packages/airflow/example_dags/tutorial.py took 0.060 seconds
[2024-10-15T16:24:57.816+0000] {processor.py:186} INFO - Started process (PID=1190) to work on /home/airflow/.local/lib/python3.12/site-packages/airflow/example_dags/tutorial.py
[2024-10-15T16:24:57.817+0000] {processor.py:914} INFO - Processing file /home/airflow/.local/lib/python3.12/site-packages/airflow/example_dags/tutorial.py for tasks to queue
[2024-10-15T16:24:57.819+0000] {logging_mixin.py:190} INFO - [2024-10-15T16:24:57.819+0000] {dagbag.py:588} INFO - Filling up the DagBag from /home/airflow/.local/lib/python3.12/site-packages/airflow/example_dags/tutorial.py
[2024-10-15T16:24:57.825+0000] {processor.py:925} INFO - DAG(s) 'tutorial' retrieved from /home/airflow/.local/lib/python3.12/site-packages/airflow/example_dags/tutorial.py
[2024-10-15T16:24:57.842+0000] {logging_mixin.py:190} INFO - [2024-10-15T16:24:57.842+0000] {dag.py:3239} INFO - Sync 1 DAGs
[2024-10-15T16:24:57.859+0000] {logging_mixin.py:190} INFO - [2024-10-15T16:24:57.859+0000] {dag.py:4180} INFO - Setting next_dagrun for tutorial to 2024-10-14 00:00:00+00:00, run_after=2024-10-15 00:00:00+00:00
[2024-10-15T16:24:57.873+0000] {processor.py:208} INFO - Processing /home/airflow/.local/lib/python3.12/site-packages/airflow/example_dags/tutorial.py took 0.060 seconds
[2024-10-15T16:25:28.473+0000] {processor.py:186} INFO - Started process (PID=1252) to work on /home/airflow/.local/lib/python3.12/site-packages/airflow/example_dags/tutorial.py
[2024-10-15T16:25:28.473+0000] {processor.py:914} INFO - Processing file /home/airflow/.local/lib/python3.12/site-packages/airflow/example_dags/tutorial.py for tasks to queue
[2024-10-15T16:25:28.475+0000] {logging_mixin.py:190} INFO - [2024-10-15T16:25:28.475+0000] {dagbag.py:588} INFO - Filling up the DagBag from /home/airflow/.local/lib/python3.12/site-packages/airflow/example_dags/tutorial.py
[2024-10-15T16:25:28.480+0000] {processor.py:925} INFO - DAG(s) 'tutorial' retrieved from /home/airflow/.local/lib/python3.12/site-packages/airflow/example_dags/tutorial.py
[2024-10-15T16:25:28.494+0000] {logging_mixin.py:190} INFO - [2024-10-15T16:25:28.494+0000] {dag.py:3239} INFO - Sync 1 DAGs
[2024-10-15T16:25:28.511+0000] {logging_mixin.py:190} INFO - [2024-10-15T16:25:28.510+0000] {dag.py:4180} INFO - Setting next_dagrun for tutorial to 2024-10-14 00:00:00+00:00, run_after=2024-10-15 00:00:00+00:00
[2024-10-15T16:25:28.524+0000] {processor.py:208} INFO - Processing /home/airflow/.local/lib/python3.12/site-packages/airflow/example_dags/tutorial.py took 0.055 seconds
[2024-10-15T16:25:59.252+0000] {processor.py:186} INFO - Started process (PID=1314) to work on /home/airflow/.local/lib/python3.12/site-packages/airflow/example_dags/tutorial.py
[2024-10-15T16:25:59.253+0000] {processor.py:914} INFO - Processing file /home/airflow/.local/lib/python3.12/site-packages/airflow/example_dags/tutorial.py for tasks to queue
[2024-10-15T16:25:59.254+0000] {logging_mixin.py:190} INFO - [2024-10-15T16:25:59.254+0000] {dagbag.py:588} INFO - Filling up the DagBag from /home/airflow/.local/lib/python3.12/site-packages/airflow/example_dags/tutorial.py
[2024-10-15T16:25:59.260+0000] {processor.py:925} INFO - DAG(s) 'tutorial' retrieved from /home/airflow/.local/lib/python3.12/site-packages/airflow/example_dags/tutorial.py
[2024-10-15T16:25:59.275+0000] {logging_mixin.py:190} INFO - [2024-10-15T16:25:59.275+0000] {dag.py:3239} INFO - Sync 1 DAGs
[2024-10-15T16:25:59.291+0000] {logging_mixin.py:190} INFO - [2024-10-15T16:25:59.291+0000] {dag.py:4180} INFO - Setting next_dagrun for tutorial to 2024-10-14 00:00:00+00:00, run_after=2024-10-15 00:00:00+00:00
[2024-10-15T16:25:59.308+0000] {processor.py:208} INFO - Processing /home/airflow/.local/lib/python3.12/site-packages/airflow/example_dags/tutorial.py took 0.060 seconds
[2024-10-15T16:26:29.965+0000] {processor.py:186} INFO - Started process (PID=1376) to work on /home/airflow/.local/lib/python3.12/site-packages/airflow/example_dags/tutorial.py
[2024-10-15T16:26:29.966+0000] {processor.py:914} INFO - Processing file /home/airflow/.local/lib/python3.12/site-packages/airflow/example_dags/tutorial.py for tasks to queue
[2024-10-15T16:26:29.968+0000] {logging_mixin.py:190} INFO - [2024-10-15T16:26:29.967+0000] {dagbag.py:588} INFO - Filling up the DagBag from /home/airflow/.local/lib/python3.12/site-packages/airflow/example_dags/tutorial.py
[2024-10-15T16:26:29.973+0000] {processor.py:925} INFO - DAG(s) 'tutorial' retrieved from /home/airflow/.local/lib/python3.12/site-packages/airflow/example_dags/tutorial.py
[2024-10-15T16:26:29.987+0000] {logging_mixin.py:190} INFO - [2024-10-15T16:26:29.987+0000] {dag.py:3239} INFO - Sync 1 DAGs
[2024-10-15T16:26:30.003+0000] {logging_mixin.py:190} INFO - [2024-10-15T16:26:30.003+0000] {dag.py:4180} INFO - Setting next_dagrun for tutorial to 2024-10-14 00:00:00+00:00, run_after=2024-10-15 00:00:00+00:00
[2024-10-15T16:26:30.017+0000] {processor.py:208} INFO - Processing /home/airflow/.local/lib/python3.12/site-packages/airflow/example_dags/tutorial.py took 0.057 seconds
[2024-10-15T16:27:00.930+0000] {processor.py:186} INFO - Started process (PID=1438) to work on /home/airflow/.local/lib/python3.12/site-packages/airflow/example_dags/tutorial.py
[2024-10-15T16:27:00.930+0000] {processor.py:914} INFO - Processing file /home/airflow/.local/lib/python3.12/site-packages/airflow/example_dags/tutorial.py for tasks to queue
[2024-10-15T16:27:00.932+0000] {logging_mixin.py:190} INFO - [2024-10-15T16:27:00.932+0000] {dagbag.py:588} INFO - Filling up the DagBag from /home/airflow/.local/lib/python3.12/site-packages/airflow/example_dags/tutorial.py
[2024-10-15T16:27:00.938+0000] {processor.py:925} INFO - DAG(s) 'tutorial' retrieved from /home/airflow/.local/lib/python3.12/site-packages/airflow/example_dags/tutorial.py
[2024-10-15T16:27:00.953+0000] {logging_mixin.py:190} INFO - [2024-10-15T16:27:00.952+0000] {dag.py:3239} INFO - Sync 1 DAGs
[2024-10-15T16:27:00.972+0000] {logging_mixin.py:190} INFO - [2024-10-15T16:27:00.972+0000] {dag.py:4180} INFO - Setting next_dagrun for tutorial to 2024-10-14 00:00:00+00:00, run_after=2024-10-15 00:00:00+00:00
[2024-10-15T16:27:00.986+0000] {processor.py:208} INFO - Processing /home/airflow/.local/lib/python3.12/site-packages/airflow/example_dags/tutorial.py took 0.061 seconds
[2024-10-15T16:27:31.078+0000] {processor.py:186} INFO - Started process (PID=1499) to work on /home/airflow/.local/lib/python3.12/site-packages/airflow/example_dags/tutorial.py
[2024-10-15T16:27:31.079+0000] {processor.py:914} INFO - Processing file /home/airflow/.local/lib/python3.12/site-packages/airflow/example_dags/tutorial.py for tasks to queue
[2024-10-15T16:27:31.081+0000] {logging_mixin.py:190} INFO - [2024-10-15T16:27:31.081+0000] {dagbag.py:588} INFO - Filling up the DagBag from /home/airflow/.local/lib/python3.12/site-packages/airflow/example_dags/tutorial.py
[2024-10-15T16:27:31.086+0000] {processor.py:925} INFO - DAG(s) 'tutorial' retrieved from /home/airflow/.local/lib/python3.12/site-packages/airflow/example_dags/tutorial.py
[2024-10-15T16:27:31.099+0000] {logging_mixin.py:190} INFO - [2024-10-15T16:27:31.099+0000] {dag.py:3239} INFO - Sync 1 DAGs
[2024-10-15T16:27:31.115+0000] {logging_mixin.py:190} INFO - [2024-10-15T16:27:31.115+0000] {dag.py:4180} INFO - Setting next_dagrun for tutorial to 2024-10-14 00:00:00+00:00, run_after=2024-10-15 00:00:00+00:00
[2024-10-15T16:27:31.131+0000] {processor.py:208} INFO - Processing /home/airflow/.local/lib/python3.12/site-packages/airflow/example_dags/tutorial.py took 0.057 seconds
[2024-10-15T16:28:01.524+0000] {processor.py:186} INFO - Started process (PID=1562) to work on /home/airflow/.local/lib/python3.12/site-packages/airflow/example_dags/tutorial.py
[2024-10-15T16:28:01.524+0000] {processor.py:914} INFO - Processing file /home/airflow/.local/lib/python3.12/site-packages/airflow/example_dags/tutorial.py for tasks to queue
[2024-10-15T16:28:01.526+0000] {logging_mixin.py:190} INFO - [2024-10-15T16:28:01.526+0000] {dagbag.py:588} INFO - Filling up the DagBag from /home/airflow/.local/lib/python3.12/site-packages/airflow/example_dags/tutorial.py
[2024-10-15T16:28:01.531+0000] {processor.py:925} INFO - DAG(s) 'tutorial' retrieved from /home/airflow/.local/lib/python3.12/site-packages/airflow/example_dags/tutorial.py
[2024-10-15T16:28:01.544+0000] {logging_mixin.py:190} INFO - [2024-10-15T16:28:01.544+0000] {dag.py:3239} INFO - Sync 1 DAGs
[2024-10-15T16:28:01.560+0000] {logging_mixin.py:190} INFO - [2024-10-15T16:28:01.560+0000] {dag.py:4180} INFO - Setting next_dagrun for tutorial to 2024-10-14 00:00:00+00:00, run_after=2024-10-15 00:00:00+00:00
[2024-10-15T16:28:01.572+0000] {processor.py:208} INFO - Processing /home/airflow/.local/lib/python3.12/site-packages/airflow/example_dags/tutorial.py took 0.053 seconds
[2024-10-15T16:28:31.913+0000] {processor.py:186} INFO - Started process (PID=1624) to work on /home/airflow/.local/lib/python3.12/site-packages/airflow/example_dags/tutorial.py
[2024-10-15T16:28:31.914+0000] {processor.py:914} INFO - Processing file /home/airflow/.local/lib/python3.12/site-packages/airflow/example_dags/tutorial.py for tasks to queue
[2024-10-15T16:28:31.916+0000] {logging_mixin.py:190} INFO - [2024-10-15T16:28:31.916+0000] {dagbag.py:588} INFO - Filling up the DagBag from /home/airflow/.local/lib/python3.12/site-packages/airflow/example_dags/tutorial.py
[2024-10-15T16:28:31.921+0000] {processor.py:925} INFO - DAG(s) 'tutorial' retrieved from /home/airflow/.local/lib/python3.12/site-packages/airflow/example_dags/tutorial.py
[2024-10-15T16:28:31.935+0000] {logging_mixin.py:190} INFO - [2024-10-15T16:28:31.935+0000] {dag.py:3239} INFO - Sync 1 DAGs
[2024-10-15T16:28:31.952+0000] {logging_mixin.py:190} INFO - [2024-10-15T16:28:31.952+0000] {dag.py:4180} INFO - Setting next_dagrun for tutorial to 2024-10-14 00:00:00+00:00, run_after=2024-10-15 00:00:00+00:00
[2024-10-15T16:28:32.013+0000] {processor.py:208} INFO - Processing /home/airflow/.local/lib/python3.12/site-packages/airflow/example_dags/tutorial.py took 0.104 seconds
[2024-10-15T16:29:02.095+0000] {processor.py:186} INFO - Started process (PID=1685) to work on /home/airflow/.local/lib/python3.12/site-packages/airflow/example_dags/tutorial.py
[2024-10-15T16:29:02.096+0000] {processor.py:914} INFO - Processing file /home/airflow/.local/lib/python3.12/site-packages/airflow/example_dags/tutorial.py for tasks to queue
[2024-10-15T16:29:02.098+0000] {logging_mixin.py:190} INFO - [2024-10-15T16:29:02.097+0000] {dagbag.py:588} INFO - Filling up the DagBag from /home/airflow/.local/lib/python3.12/site-packages/airflow/example_dags/tutorial.py
[2024-10-15T16:29:02.104+0000] {processor.py:925} INFO - DAG(s) 'tutorial' retrieved from /home/airflow/.local/lib/python3.12/site-packages/airflow/example_dags/tutorial.py
[2024-10-15T16:29:02.118+0000] {logging_mixin.py:190} INFO - [2024-10-15T16:29:02.118+0000] {dag.py:3239} INFO - Sync 1 DAGs
[2024-10-15T16:29:02.134+0000] {logging_mixin.py:190} INFO - [2024-10-15T16:29:02.134+0000] {dag.py:4180} INFO - Setting next_dagrun for tutorial to 2024-10-14 00:00:00+00:00, run_after=2024-10-15 00:00:00+00:00
[2024-10-15T16:29:02.149+0000] {processor.py:208} INFO - Processing /home/airflow/.local/lib/python3.12/site-packages/airflow/example_dags/tutorial.py took 0.059 seconds
[2024-10-15T16:29:32.241+0000] {processor.py:186} INFO - Started process (PID=1747) to work on /home/airflow/.local/lib/python3.12/site-packages/airflow/example_dags/tutorial.py
[2024-10-15T16:29:32.242+0000] {processor.py:914} INFO - Processing file /home/airflow/.local/lib/python3.12/site-packages/airflow/example_dags/tutorial.py for tasks to queue
[2024-10-15T16:29:32.244+0000] {logging_mixin.py:190} INFO - [2024-10-15T16:29:32.243+0000] {dagbag.py:588} INFO - Filling up the DagBag from /home/airflow/.local/lib/python3.12/site-packages/airflow/example_dags/tutorial.py
[2024-10-15T16:29:32.250+0000] {processor.py:925} INFO - DAG(s) 'tutorial' retrieved from /home/airflow/.local/lib/python3.12/site-packages/airflow/example_dags/tutorial.py
[2024-10-15T16:29:32.266+0000] {logging_mixin.py:190} INFO - [2024-10-15T16:29:32.265+0000] {dag.py:3239} INFO - Sync 1 DAGs
[2024-10-15T16:29:32.283+0000] {logging_mixin.py:190} INFO - [2024-10-15T16:29:32.283+0000] {dag.py:4180} INFO - Setting next_dagrun for tutorial to 2024-10-14 00:00:00+00:00, run_after=2024-10-15 00:00:00+00:00
[2024-10-15T16:29:32.299+0000] {processor.py:208} INFO - Processing /home/airflow/.local/lib/python3.12/site-packages/airflow/example_dags/tutorial.py took 0.064 seconds
